[0.564s] Invoking command in '/home/abdelhak/Robotic_ws/build/learning_tf2_py': PYTHONPATH=/home/abdelhak/Robotic_ws/build/learning_tf2_py/prefix_override:/usr/lib/python3/dist-packages/colcon_core/task/python/colcon_distutils_commands:/home/abdelhak/Robotic_ws/install/learning_tf2_py/lib/python3.10/site-packages:${PYTHONPATH} /usr/bin/python3 -W ignore:setup.py install is deprecated setup.py develop --editable --build-directory /home/abdelhak/Robotic_ws/build/learning_tf2_py/build --no-deps symlink_data --force
[0.822s] running develop
[0.822s] /usr/lib/python3/dist-packages/setuptools/command/easy_install.py:158: EasyInstallDeprecationWarning: easy_install command is deprecated. Use build and pip and other standards-based tools.
[0.822s]   warnings.warn(
[0.959s] running egg_info
[0.959s] writing learning_tf2_py.egg-info/PKG-INFO
[0.959s] writing dependency_links to learning_tf2_py.egg-info/dependency_links.txt
[0.960s] writing entry points to learning_tf2_py.egg-info/entry_points.txt
[0.960s] writing requirements to learning_tf2_py.egg-info/requires.txt
[0.960s] writing top-level names to learning_tf2_py.egg-info/top_level.txt
[0.961s] reading manifest file 'learning_tf2_py.egg-info/SOURCES.txt'
[0.962s] writing manifest file 'learning_tf2_py.egg-info/SOURCES.txt'
[0.963s] running build_ext
[0.963s] Creating /home/abdelhak/Robotic_ws/install/learning_tf2_py/lib/python3.10/site-packages/learning-tf2-py.egg-link (link to .)
[0.964s] Installing static_turtle_tf2_broadcaster script to /home/abdelhak/Robotic_ws/install/learning_tf2_py/lib/learning_tf2_py
[0.964s] Installing turtle_tf2_broadcaster script to /home/abdelhak/Robotic_ws/install/learning_tf2_py/lib/learning_tf2_py
[0.965s] Installing turtle_tf2_listener script to /home/abdelhak/Robotic_ws/install/learning_tf2_py/lib/learning_tf2_py
[0.965s] 
[0.965s] Installed /home/abdelhak/Robotic_ws/build/learning_tf2_py
[0.965s] running symlink_data
[0.965s] symbolically linking /home/abdelhak/Robotic_ws/build/learning_tf2_py/resource/learning_tf2_py -> /home/abdelhak/Robotic_ws/install/learning_tf2_py/share/ament_index/resource_index/packages
[0.965s] symbolically linking /home/abdelhak/Robotic_ws/build/learning_tf2_py/package.xml -> /home/abdelhak/Robotic_ws/install/learning_tf2_py/share/learning_tf2_py
[0.965s] symbolically linking /home/abdelhak/Robotic_ws/build/learning_tf2_py/launch/turtle_tf2_demo.launch.py -> /home/abdelhak/Robotic_ws/install/learning_tf2_py/share/learning_tf2_py/launch
[0.983s] Invoked command in '/home/abdelhak/Robotic_ws/build/learning_tf2_py' returned '0': PYTHONPATH=/home/abdelhak/Robotic_ws/build/learning_tf2_py/prefix_override:/usr/lib/python3/dist-packages/colcon_core/task/python/colcon_distutils_commands:/home/abdelhak/Robotic_ws/install/learning_tf2_py/lib/python3.10/site-packages:${PYTHONPATH} /usr/bin/python3 -W ignore:setup.py install is deprecated setup.py develop --editable --build-directory /home/abdelhak/Robotic_ws/build/learning_tf2_py/build --no-deps symlink_data --force
