[0.032s] Invoking command in '/home/abdelhak/Robotic_ws/build/action_tutorials_interfaces': CMAKE_PREFIX_PATH=${CMAKE_PREFIX_PATH}:/home/abdelhak/Robotic_ws/install/py_pubsub:/home/abdelhak/Robotic_ws/install/python_parameters:/home/abdelhak/Robotic_ws/install/py_srvcli:/home/abdelhak/Robotic_ws/install/my_package:/opt/ros/humble /usr/bin/cmake --build /home/abdelhak/Robotic_ws/build/action_tutorials_interfaces -- -j12 -l12
[0.816s] [  9%] Built target action_tutorials_interfaces__rosidl_generator_c
[0.816s] [ 12%] Built target action_tutorials_interfaces__cpp
[0.816s] [ 12%] Built target ament_cmake_python_copy_action_tutorials_interfaces
[0.816s] [ 22%] Built target action_tutorials_interfaces__rosidl_typesupport_fastrtps_c
[0.816s] [ 32%] Built target action_tutorials_interfaces__rosidl_typesupport_c
[0.816s] [ 41%] Built target action_tutorials_interfaces__rosidl_typesupport_introspection_c
[0.816s] [ 51%] Built target action_tutorials_interfaces__rosidl_typesupport_fastrtps_cpp
[0.816s] [ 61%] Built target action_tutorials_interfaces__rosidl_typesupport_introspection_cpp
[0.817s] [ 70%] Built target action_tutorials_interfaces__rosidl_typesupport_cpp
[0.818s] [ 70%] Built target action_tutorials_interfaces
[0.818s] [ 74%] Built target action_tutorials_interfaces__py
[0.818s] [ 80%] Built target action_tutorials_interfaces__rosidl_generator_py
[0.818s] [ 87%] Built target action_tutorials_interfaces__rosidl_typesupport_fastrtps_c__pyext
[0.819s] [ 93%] Built target action_tutorials_interfaces__rosidl_typesupport_c__pyext
[0.819s] [100%] Built target action_tutorials_interfaces__rosidl_typesupport_introspection_c__pyext
[0.820s] running egg_info
[0.820s] writing action_tutorials_interfaces.egg-info/PKG-INFO
[0.821s] writing dependency_links to action_tutorials_interfaces.egg-info/dependency_links.txt
[0.821s] writing top-level names to action_tutorials_interfaces.egg-info/top_level.txt
[0.821s] reading manifest file 'action_tutorials_interfaces.egg-info/SOURCES.txt'
[0.822s] writing manifest file 'action_tutorials_interfaces.egg-info/SOURCES.txt'
[0.822s] [100%] Built target ament_cmake_python_build_action_tutorials_interfaces_egg
[0.826s] Invoked command in '/home/abdelhak/Robotic_ws/build/action_tutorials_interfaces' returned '0': CMAKE_PREFIX_PATH=${CMAKE_PREFIX_PATH}:/home/abdelhak/Robotic_ws/install/py_pubsub:/home/abdelhak/Robotic_ws/install/python_parameters:/home/abdelhak/Robotic_ws/install/py_srvcli:/home/abdelhak/Robotic_ws/install/my_package:/opt/ros/humble /usr/bin/cmake --build /home/abdelhak/Robotic_ws/build/action_tutorials_interfaces -- -j12 -l12
