[0.758s] Invoking command in '/home/abdelhak/Robotic_ws/build/my_package': PYTHONPATH=/home/abdelhak/Robotic_ws/build/my_package/prefix_override:/usr/lib/python3/dist-packages/colcon_core/task/python/colcon_distutils_commands:/home/abdelhak/Robotic_ws/install/my_package/lib/python3.10/site-packages:${PYTHONPATH} /usr/bin/python3 -W ignore:setup.py install is deprecated setup.py develop --uninstall --editable --build-directory /home/abdelhak/Robotic_ws/build/my_package/build
[0.981s] running develop
[0.981s] /usr/lib/python3/dist-packages/setuptools/command/easy_install.py:158: EasyInstallDeprecationWarning: easy_install command is deprecated. Use build and pip and other standards-based tools.
[0.981s]   warnings.warn(
[1.115s] Removing /home/abdelhak/Robotic_ws/install/my_package/lib/python3.10/site-packages/my-package.egg-link (link to .)
[1.138s] Invoked command in '/home/abdelhak/Robotic_ws/build/my_package' returned '0': PYTHONPATH=/home/abdelhak/Robotic_ws/build/my_package/prefix_override:/usr/lib/python3/dist-packages/colcon_core/task/python/colcon_distutils_commands:/home/abdelhak/Robotic_ws/install/my_package/lib/python3.10/site-packages:${PYTHONPATH} /usr/bin/python3 -W ignore:setup.py install is deprecated setup.py develop --uninstall --editable --build-directory /home/abdelhak/Robotic_ws/build/my_package/build
[1.139s] Invoking command in '/home/abdelhak/Robotic_ws/src/my_package': PYTHONPATH=/home/abdelhak/Robotic_ws/build/my_package/prefix_override:/usr/lib/python3/dist-packages/colcon_core/task/python/colcon_distutils_commands:/home/abdelhak/Robotic_ws/install/my_package/lib/python3.10/site-packages:${PYTHONPATH} /usr/bin/python3 -W ignore:setup.py install is deprecated setup.py egg_info --egg-base ../../build/my_package build --build-base /home/abdelhak/Robotic_ws/build/my_package/build install --record /home/abdelhak/Robotic_ws/build/my_package/install.log --single-version-externally-managed install_data --force
[1.368s] running egg_info
[1.369s] writing ../../build/my_package/my_package.egg-info/PKG-INFO
[1.369s] writing dependency_links to ../../build/my_package/my_package.egg-info/dependency_links.txt
[1.369s] writing entry points to ../../build/my_package/my_package.egg-info/entry_points.txt
[1.369s] writing requirements to ../../build/my_package/my_package.egg-info/requires.txt
[1.369s] writing top-level names to ../../build/my_package/my_package.egg-info/top_level.txt
[1.371s] reading manifest file '../../build/my_package/my_package.egg-info/SOURCES.txt'
[1.371s] adding license file 'LICENSE'
[1.372s] writing manifest file '../../build/my_package/my_package.egg-info/SOURCES.txt'
[1.372s] running build
[1.372s] running build_py
[1.372s] running install
[1.373s] running install_lib
[1.373s] creating /home/abdelhak/Robotic_ws/install/my_package/lib/python3.10/site-packages/my_package
[1.374s] copying /home/abdelhak/Robotic_ws/build/my_package/build/lib/my_package/my_node.py -> /home/abdelhak/Robotic_ws/install/my_package/lib/python3.10/site-packages/my_package
[1.374s] copying /home/abdelhak/Robotic_ws/build/my_package/build/lib/my_package/__init__.py -> /home/abdelhak/Robotic_ws/install/my_package/lib/python3.10/site-packages/my_package
[1.374s] byte-compiling /home/abdelhak/Robotic_ws/install/my_package/lib/python3.10/site-packages/my_package/my_node.py to my_node.cpython-310.pyc
[1.375s] byte-compiling /home/abdelhak/Robotic_ws/install/my_package/lib/python3.10/site-packages/my_package/__init__.py to __init__.cpython-310.pyc
[1.375s] running install_data
[1.375s] copying resource/my_package -> /home/abdelhak/Robotic_ws/install/my_package/share/ament_index/resource_index/packages
[1.375s] copying package.xml -> /home/abdelhak/Robotic_ws/install/my_package/share/my_package
[1.375s] running install_egg_info
[1.377s] Copying ../../build/my_package/my_package.egg-info to /home/abdelhak/Robotic_ws/install/my_package/lib/python3.10/site-packages/my_package-0.0.0-py3.10.egg-info
[1.378s] running install_scripts
[1.407s] Installing my_node script to /home/abdelhak/Robotic_ws/install/my_package/lib/my_package
[1.408s] writing list of installed files to '/home/abdelhak/Robotic_ws/build/my_package/install.log'
[1.424s] Invoked command in '/home/abdelhak/Robotic_ws/src/my_package' returned '0': PYTHONPATH=/home/abdelhak/Robotic_ws/build/my_package/prefix_override:/usr/lib/python3/dist-packages/colcon_core/task/python/colcon_distutils_commands:/home/abdelhak/Robotic_ws/install/my_package/lib/python3.10/site-packages:${PYTHONPATH} /usr/bin/python3 -W ignore:setup.py install is deprecated setup.py egg_info --egg-base ../../build/my_package build --build-base /home/abdelhak/Robotic_ws/build/my_package/build install --record /home/abdelhak/Robotic_ws/build/my_package/install.log --single-version-externally-managed install_data --force
