[1.605s] Invoking command in '/home/abdelhak/Robotic_ws/src/my_package': PYTHONPATH=/home/abdelhak/Robotic_ws/build/my_package/prefix_override:/usr/lib/python3/dist-packages/colcon_core/task/python/colcon_distutils_commands:/home/abdelhak/Robotic_ws/install/my_package/lib/python3.10/site-packages:${PYTHONPATH} /usr/bin/python3 -W ignore:setup.py install is deprecated setup.py egg_info --egg-base ../../build/my_package build --build-base /home/abdelhak/Robotic_ws/build/my_package/build install --record /home/abdelhak/Robotic_ws/build/my_package/install.log --single-version-externally-managed install_data
[1.888s] running egg_info
[1.889s] writing ../../build/my_package/my_package.egg-info/PKG-INFO
[1.889s] writing dependency_links to ../../build/my_package/my_package.egg-info/dependency_links.txt
[1.889s] writing entry points to ../../build/my_package/my_package.egg-info/entry_points.txt
[1.890s] writing requirements to ../../build/my_package/my_package.egg-info/requires.txt
[1.890s] writing top-level names to ../../build/my_package/my_package.egg-info/top_level.txt
[1.891s] reading manifest file '../../build/my_package/my_package.egg-info/SOURCES.txt'
[1.891s] adding license file 'LICENSE'
[1.892s] writing manifest file '../../build/my_package/my_package.egg-info/SOURCES.txt'
[1.892s] running build
[1.892s] running build_py
[1.892s] running install
[1.892s] running install_lib
[1.893s] running install_data
[1.894s] running install_egg_info
[1.895s] removing '/home/abdelhak/Robotic_ws/install/my_package/lib/python3.10/site-packages/my_package-0.0.0-py3.10.egg-info' (and everything under it)
[1.895s] Copying ../../build/my_package/my_package.egg-info to /home/abdelhak/Robotic_ws/install/my_package/lib/python3.10/site-packages/my_package-0.0.0-py3.10.egg-info
[1.896s] running install_scripts
[1.916s] Installing my_node script to /home/abdelhak/Robotic_ws/install/my_package/lib/my_package
[1.917s] writing list of installed files to '/home/abdelhak/Robotic_ws/build/my_package/install.log'
[2.010s] Invoked command in '/home/abdelhak/Robotic_ws/src/my_package' returned '0': PYTHONPATH=/home/abdelhak/Robotic_ws/build/my_package/prefix_override:/usr/lib/python3/dist-packages/colcon_core/task/python/colcon_distutils_commands:/home/abdelhak/Robotic_ws/install/my_package/lib/python3.10/site-packages:${PYTHONPATH} /usr/bin/python3 -W ignore:setup.py install is deprecated setup.py egg_info --egg-base ../../build/my_package build --build-base /home/abdelhak/Robotic_ws/build/my_package/build install --record /home/abdelhak/Robotic_ws/build/my_package/install.log --single-version-externally-managed install_data
