[2.010s] Invoking command in '/home/abdelhak/Robotic_ws/src/my_package': PYTHONPATH=/home/abdelhak/Robotic_ws/build/my_package/prefix_override:/usr/lib/python3/dist-packages/colcon_core/task/python/colcon_distutils_commands:/home/abdelhak/Robotic_ws/install/my_package/lib/python3.10/site-packages:${PYTHONPATH} /usr/bin/python3 -W ignore:setup.py install is deprecated setup.py egg_info --egg-base ../../build/my_package build --build-base /home/abdelhak/Robotic_ws/build/my_package/build install --record /home/abdelhak/Robotic_ws/build/my_package/install.log --single-version-externally-managed install_data
[2.291s] running egg_info
[2.291s] writing ../../build/my_package/my_package.egg-info/PKG-INFO
[2.292s] writing dependency_links to ../../build/my_package/my_package.egg-info/dependency_links.txt
[2.292s] writing entry points to ../../build/my_package/my_package.egg-info/entry_points.txt
[2.293s] writing requirements to ../../build/my_package/my_package.egg-info/requires.txt
[2.294s] writing top-level names to ../../build/my_package/my_package.egg-info/top_level.txt
[2.295s] reading manifest file '../../build/my_package/my_package.egg-info/SOURCES.txt'
[2.296s] adding license file 'LICENSE'
[2.297s] writing manifest file '../../build/my_package/my_package.egg-info/SOURCES.txt'
[2.297s] running build
[2.297s] running build_py
[2.297s] running install
[2.298s] running install_lib
[2.300s] running install_data
[2.300s] running install_egg_info
[2.303s] removing '/home/abdelhak/Robotic_ws/install/my_package/lib/python3.10/site-packages/my_package-0.0.0-py3.10.egg-info' (and everything under it)
[2.303s] Copying ../../build/my_package/my_package.egg-info to /home/abdelhak/Robotic_ws/install/my_package/lib/python3.10/site-packages/my_package-0.0.0-py3.10.egg-info
[2.304s] running install_scripts
[2.340s] Installing my_node script to /home/abdelhak/Robotic_ws/install/my_package/lib/my_package
[2.341s] writing list of installed files to '/home/abdelhak/Robotic_ws/build/my_package/install.log'
[2.379s] Invoked command in '/home/abdelhak/Robotic_ws/src/my_package' returned '0': PYTHONPATH=/home/abdelhak/Robotic_ws/build/my_package/prefix_override:/usr/lib/python3/dist-packages/colcon_core/task/python/colcon_distutils_commands:/home/abdelhak/Robotic_ws/install/my_package/lib/python3.10/site-packages:${PYTHONPATH} /usr/bin/python3 -W ignore:setup.py install is deprecated setup.py egg_info --egg-base ../../build/my_package build --build-base /home/abdelhak/Robotic_ws/build/my_package/build install --record /home/abdelhak/Robotic_ws/build/my_package/install.log --single-version-externally-managed install_data
