[1.974s] Invoking command in '/home/abdelhak/Robotic_ws/src/urdf_tuto': PYTHONPATH=/home/abdelhak/Robotic_ws/build/urdf_tuto/prefix_override:/usr/lib/python3/dist-packages/colcon_core/task/python/colcon_distutils_commands:/home/abdelhak/Robotic_ws/install/urdf_tuto/lib/python3.10/site-packages:${PYTHONPATH} /usr/bin/python3 -W ignore:setup.py install is deprecated setup.py egg_info --egg-base ../../build/urdf_tuto build --build-base /home/abdelhak/Robotic_ws/build/urdf_tuto/build install --record /home/abdelhak/Robotic_ws/build/urdf_tuto/install.log --single-version-externally-managed install_data
[2.269s] running egg_info
[2.270s] creating ../../build/urdf_tuto/urdf_tuto.egg-info
[2.270s] writing ../../build/urdf_tuto/urdf_tuto.egg-info/PKG-INFO
[2.270s] writing dependency_links to ../../build/urdf_tuto/urdf_tuto.egg-info/dependency_links.txt
[2.270s] writing entry points to ../../build/urdf_tuto/urdf_tuto.egg-info/entry_points.txt
[2.271s] writing requirements to ../../build/urdf_tuto/urdf_tuto.egg-info/requires.txt
[2.271s] writing top-level names to ../../build/urdf_tuto/urdf_tuto.egg-info/top_level.txt
[2.271s] writing manifest file '../../build/urdf_tuto/urdf_tuto.egg-info/SOURCES.txt'
[2.274s] reading manifest file '../../build/urdf_tuto/urdf_tuto.egg-info/SOURCES.txt'
[2.277s] writing manifest file '../../build/urdf_tuto/urdf_tuto.egg-info/SOURCES.txt'
[2.277s] running build
[2.278s] running build_py
[2.278s] creating /home/abdelhak/Robotic_ws/build/urdf_tuto/build
[2.278s] creating /home/abdelhak/Robotic_ws/build/urdf_tuto/build/lib
[2.278s] creating /home/abdelhak/Robotic_ws/build/urdf_tuto/build/lib/urdf_tuto
[2.278s] copying urdf_tuto/__init__.py -> /home/abdelhak/Robotic_ws/build/urdf_tuto/build/lib/urdf_tuto
[2.278s] running install
[2.279s] running install_lib
[2.279s] creating /home/abdelhak/Robotic_ws/install/urdf_tuto/lib/python3.10/site-packages/urdf_tuto
[2.279s] copying /home/abdelhak/Robotic_ws/build/urdf_tuto/build/lib/urdf_tuto/__init__.py -> /home/abdelhak/Robotic_ws/install/urdf_tuto/lib/python3.10/site-packages/urdf_tuto
[2.279s] byte-compiling /home/abdelhak/Robotic_ws/install/urdf_tuto/lib/python3.10/site-packages/urdf_tuto/__init__.py to __init__.cpython-310.pyc
[2.280s] running install_data
[2.280s] creating /home/abdelhak/Robotic_ws/install/urdf_tuto/share/ament_index
[2.280s] creating /home/abdelhak/Robotic_ws/install/urdf_tuto/share/ament_index/resource_index
[2.280s] creating /home/abdelhak/Robotic_ws/install/urdf_tuto/share/ament_index/resource_index/packages
[2.280s] copying resource/urdf_tuto -> /home/abdelhak/Robotic_ws/install/urdf_tuto/share/ament_index/resource_index/packages
[2.280s] copying package.xml -> /home/abdelhak/Robotic_ws/install/urdf_tuto/share/urdf_tuto
[2.281s] creating /home/abdelhak/Robotic_ws/install/urdf_tuto/share/urdf_tuto/launch
[2.281s] copying launch/robot_launch.py -> /home/abdelhak/Robotic_ws/install/urdf_tuto/share/urdf_tuto/launch
[2.281s] running install_egg_info
[2.283s] Copying ../../build/urdf_tuto/urdf_tuto.egg-info to /home/abdelhak/Robotic_ws/install/urdf_tuto/lib/python3.10/site-packages/urdf_tuto-0.0.0-py3.10.egg-info
[2.284s] running install_scripts
[2.318s] writing list of installed files to '/home/abdelhak/Robotic_ws/build/urdf_tuto/install.log'
[2.352s] Invoked command in '/home/abdelhak/Robotic_ws/src/urdf_tuto' returned '0': PYTHONPATH=/home/abdelhak/Robotic_ws/build/urdf_tuto/prefix_override:/usr/lib/python3/dist-packages/colcon_core/task/python/colcon_distutils_commands:/home/abdelhak/Robotic_ws/install/urdf_tuto/lib/python3.10/site-packages:${PYTHONPATH} /usr/bin/python3 -W ignore:setup.py install is deprecated setup.py egg_info --egg-base ../../build/urdf_tuto build --build-base /home/abdelhak/Robotic_ws/build/urdf_tuto/build install --record /home/abdelhak/Robotic_ws/build/urdf_tuto/install.log --single-version-externally-managed install_data
