[6.820s] Invoking command in '/home/abdelhak/Robotic_ws/src/py_srvcli': PYTHONPATH=/home/abdelhak/Robotic_ws/build/py_srvcli/prefix_override:/usr/lib/python3/dist-packages/colcon_core/task/python/colcon_distutils_commands:/home/abdelhak/Robotic_ws/install/py_srvcli/lib/python3.10/site-packages:${PYTHONPATH} /usr/bin/python3 -W ignore:setup.py install is deprecated setup.py egg_info --egg-base ../../build/py_srvcli build --build-base /home/abdelhak/Robotic_ws/build/py_srvcli/build install --record /home/abdelhak/Robotic_ws/build/py_srvcli/install.log --single-version-externally-managed install_data
[7.087s] running egg_info
[7.088s] writing ../../build/py_srvcli/py_srvcli.egg-info/PKG-INFO
[7.088s] writing dependency_links to ../../build/py_srvcli/py_srvcli.egg-info/dependency_links.txt
[7.088s] writing entry points to ../../build/py_srvcli/py_srvcli.egg-info/entry_points.txt
[7.089s] writing requirements to ../../build/py_srvcli/py_srvcli.egg-info/requires.txt
[7.089s] writing top-level names to ../../build/py_srvcli/py_srvcli.egg-info/top_level.txt
[7.092s] reading manifest file '../../build/py_srvcli/py_srvcli.egg-info/SOURCES.txt'
[7.093s] adding license file 'LICENSE'
[7.094s] writing manifest file '../../build/py_srvcli/py_srvcli.egg-info/SOURCES.txt'
[7.094s] running build
[7.094s] running build_py
[7.096s] running install
[7.096s] running install_lib
[7.099s] running install_data
[7.099s] running install_egg_info
[7.100s] removing '/home/abdelhak/Robotic_ws/install/py_srvcli/lib/python3.10/site-packages/py_srvcli-0.0.0-py3.10.egg-info' (and everything under it)
[7.101s] Copying ../../build/py_srvcli/py_srvcli.egg-info to /home/abdelhak/Robotic_ws/install/py_srvcli/lib/python3.10/site-packages/py_srvcli-0.0.0-py3.10.egg-info
[7.102s] running install_scripts
[7.130s] Installing client script to /home/abdelhak/Robotic_ws/install/py_srvcli/lib/py_srvcli
[7.130s] Installing service script to /home/abdelhak/Robotic_ws/install/py_srvcli/lib/py_srvcli
[7.130s] writing list of installed files to '/home/abdelhak/Robotic_ws/build/py_srvcli/install.log'
[7.177s] Invoked command in '/home/abdelhak/Robotic_ws/src/py_srvcli' returned '0': PYTHONPATH=/home/abdelhak/Robotic_ws/build/py_srvcli/prefix_override:/usr/lib/python3/dist-packages/colcon_core/task/python/colcon_distutils_commands:/home/abdelhak/Robotic_ws/install/py_srvcli/lib/python3.10/site-packages:${PYTHONPATH} /usr/bin/python3 -W ignore:setup.py install is deprecated setup.py egg_info --egg-base ../../build/py_srvcli build --build-base /home/abdelhak/Robotic_ws/build/py_srvcli/build install --record /home/abdelhak/Robotic_ws/build/py_srvcli/install.log --single-version-externally-managed install_data
