running develop
Removing /home/abdelhak/Robotic_ws/install/urdf_tuto/lib/python3.10/site-packages/urdf-tuto.egg-link (link to .)
running egg_info
writing ../../build/urdf_tuto/urdf_tuto.egg-info/PKG-INFO
writing dependency_links to ../../build/urdf_tuto/urdf_tuto.egg-info/dependency_links.txt
writing entry points to ../../build/urdf_tuto/urdf_tuto.egg-info/entry_points.txt
writing requirements to ../../build/urdf_tuto/urdf_tuto.egg-info/requires.txt
writing top-level names to ../../build/urdf_tuto/urdf_tuto.egg-info/top_level.txt
reading manifest file '../../build/urdf_tuto/urdf_tuto.egg-info/SOURCES.txt'
writing manifest file '../../build/urdf_tuto/urdf_tuto.egg-info/SOURCES.txt'
running build
running build_py
running install
running install_lib
creating /home/abdelhak/Robotic_ws/install/urdf_tuto/lib/python3.10/site-packages/urdf_tuto
copying /home/abdelhak/Robotic_ws/build/urdf_tuto/build/lib/urdf_tuto/__init__.py -> /home/abdelhak/Robotic_ws/install/urdf_tuto/lib/python3.10/site-packages/urdf_tuto
byte-compiling /home/abdelhak/Robotic_ws/install/urdf_tuto/lib/python3.10/site-packages/urdf_tuto/__init__.py to __init__.cpython-310.pyc
running install_data
copying resource/urdf_tuto -> /home/abdelhak/Robotic_ws/install/urdf_tuto/share/ament_index/resource_index/packages
copying package.xml -> /home/abdelhak/Robotic_ws/install/urdf_tuto/share/urdf_tuto
copying launch/robot_launch.py -> /home/abdelhak/Robotic_ws/install/urdf_tuto/share/urdf_tuto/launch
running install_egg_info
Copying ../../build/urdf_tuto/urdf_tuto.egg-info to /home/abdelhak/Robotic_ws/install/urdf_tuto/lib/python3.10/site-packages/urdf_tuto-0.0.0-py3.10.egg-info
running install_scripts
writing list of installed files to '/home/abdelhak/Robotic_ws/build/urdf_tuto/install.log'
