[1.998s] Invoking command in '/home/abdelhak/Robotic_ws/build/urdf_tuto': PYTHONPATH=/home/abdelhak/Robotic_ws/build/urdf_tuto/prefix_override:/usr/lib/python3/dist-packages/colcon_core/task/python/colcon_distutils_commands:/home/abdelhak/Robotic_ws/install/urdf_tuto/lib/python3.10/site-packages:${PYTHONPATH} /usr/bin/python3 -W ignore:setup.py install is deprecated setup.py develop --uninstall --editable --build-directory /home/abdelhak/Robotic_ws/build/urdf_tuto/build
[2.297s] running develop
[2.298s] /usr/lib/python3/dist-packages/setuptools/command/easy_install.py:158: EasyInstallDeprecationWarning: easy_install command is deprecated. Use build and pip and other standards-based tools.
[2.298s]   warnings.warn(
[2.519s] Removing /home/abdelhak/Robotic_ws/install/urdf_tuto/lib/python3.10/site-packages/urdf-tuto.egg-link (link to .)
[2.542s] Invoked command in '/home/abdelhak/Robotic_ws/build/urdf_tuto' returned '0': PYTHONPATH=/home/abdelhak/Robotic_ws/build/urdf_tuto/prefix_override:/usr/lib/python3/dist-packages/colcon_core/task/python/colcon_distutils_commands:/home/abdelhak/Robotic_ws/install/urdf_tuto/lib/python3.10/site-packages:${PYTHONPATH} /usr/bin/python3 -W ignore:setup.py install is deprecated setup.py develop --uninstall --editable --build-directory /home/abdelhak/Robotic_ws/build/urdf_tuto/build
[2.545s] Invoking command in '/home/abdelhak/Robotic_ws/src/urdf_tuto': PYTHONPATH=/home/abdelhak/Robotic_ws/build/urdf_tuto/prefix_override:/usr/lib/python3/dist-packages/colcon_core/task/python/colcon_distutils_commands:/home/abdelhak/Robotic_ws/install/urdf_tuto/lib/python3.10/site-packages:${PYTHONPATH} /usr/bin/python3 -W ignore:setup.py install is deprecated setup.py egg_info --egg-base ../../build/urdf_tuto build --build-base /home/abdelhak/Robotic_ws/build/urdf_tuto/build install --record /home/abdelhak/Robotic_ws/build/urdf_tuto/install.log --single-version-externally-managed install_data --force
[2.825s] running egg_info
[2.826s] writing ../../build/urdf_tuto/urdf_tuto.egg-info/PKG-INFO
[2.826s] writing dependency_links to ../../build/urdf_tuto/urdf_tuto.egg-info/dependency_links.txt
[2.826s] writing entry points to ../../build/urdf_tuto/urdf_tuto.egg-info/entry_points.txt
[2.826s] writing requirements to ../../build/urdf_tuto/urdf_tuto.egg-info/requires.txt
[2.827s] writing top-level names to ../../build/urdf_tuto/urdf_tuto.egg-info/top_level.txt
[2.828s] reading manifest file '../../build/urdf_tuto/urdf_tuto.egg-info/SOURCES.txt'
[2.829s] writing manifest file '../../build/urdf_tuto/urdf_tuto.egg-info/SOURCES.txt'
[2.829s] running build
[2.829s] running build_py
[2.829s] running install
[2.830s] running install_lib
[2.830s] creating /home/abdelhak/Robotic_ws/install/urdf_tuto/lib/python3.10/site-packages/urdf_tuto
[2.830s] copying /home/abdelhak/Robotic_ws/build/urdf_tuto/build/lib/urdf_tuto/__init__.py -> /home/abdelhak/Robotic_ws/install/urdf_tuto/lib/python3.10/site-packages/urdf_tuto
[2.831s] byte-compiling /home/abdelhak/Robotic_ws/install/urdf_tuto/lib/python3.10/site-packages/urdf_tuto/__init__.py to __init__.cpython-310.pyc
[2.831s] running install_data
[2.831s] copying resource/urdf_tuto -> /home/abdelhak/Robotic_ws/install/urdf_tuto/share/ament_index/resource_index/packages
[2.831s] copying package.xml -> /home/abdelhak/Robotic_ws/install/urdf_tuto/share/urdf_tuto
[2.831s] copying launch/robot_launch.py -> /home/abdelhak/Robotic_ws/install/urdf_tuto/share/urdf_tuto/launch
[2.831s] running install_egg_info
[2.833s] Copying ../../build/urdf_tuto/urdf_tuto.egg-info to /home/abdelhak/Robotic_ws/install/urdf_tuto/lib/python3.10/site-packages/urdf_tuto-0.0.0-py3.10.egg-info
[2.836s] running install_scripts
[2.855s] writing list of installed files to '/home/abdelhak/Robotic_ws/build/urdf_tuto/install.log'
[2.873s] Invoked command in '/home/abdelhak/Robotic_ws/src/urdf_tuto' returned '0': PYTHONPATH=/home/abdelhak/Robotic_ws/build/urdf_tuto/prefix_override:/usr/lib/python3/dist-packages/colcon_core/task/python/colcon_distutils_commands:/home/abdelhak/Robotic_ws/install/urdf_tuto/lib/python3.10/site-packages:${PYTHONPATH} /usr/bin/python3 -W ignore:setup.py install is deprecated setup.py egg_info --egg-base ../../build/urdf_tuto build --build-base /home/abdelhak/Robotic_ws/build/urdf_tuto/build install --record /home/abdelhak/Robotic_ws/build/urdf_tuto/install.log --single-version-externally-managed install_data --force
