[0.945s] Invoking command in '/home/abdelhak/Robotic_ws/build/py_pubsub': PYTHONPATH=/home/abdelhak/Robotic_ws/build/py_pubsub/prefix_override:/usr/lib/python3/dist-packages/colcon_core/task/python/colcon_distutils_commands:/home/abdelhak/Robotic_ws/install/py_pubsub/lib/python3.10/site-packages:${PYTHONPATH} /usr/bin/python3 -W ignore:setup.py install is deprecated setup.py develop --editable --build-directory /home/abdelhak/Robotic_ws/build/py_pubsub/build --no-deps symlink_data --force
[1.230s] running develop
[1.230s] /usr/lib/python3/dist-packages/setuptools/command/easy_install.py:158: EasyInstallDeprecationWarning: easy_install command is deprecated. Use build and pip and other standards-based tools.
[1.230s]   warnings.warn(
[1.375s] running egg_info
[1.376s] writing py_pubsub.egg-info/PKG-INFO
[1.376s] writing dependency_links to py_pubsub.egg-info/dependency_links.txt
[1.376s] writing entry points to py_pubsub.egg-info/entry_points.txt
[1.376s] writing requirements to py_pubsub.egg-info/requires.txt
[1.376s] writing top-level names to py_pubsub.egg-info/top_level.txt
[1.378s] reading manifest file 'py_pubsub.egg-info/SOURCES.txt'
[1.379s] writing manifest file 'py_pubsub.egg-info/SOURCES.txt'
[1.380s] running build_ext
[1.380s] Creating /home/abdelhak/Robotic_ws/install/py_pubsub/lib/python3.10/site-packages/py-pubsub.egg-link (link to .)
[1.381s] Installing listener script to /home/abdelhak/Robotic_ws/install/py_pubsub/lib/py_pubsub
[1.381s] Installing talker script to /home/abdelhak/Robotic_ws/install/py_pubsub/lib/py_pubsub
[1.381s] 
[1.381s] Installed /home/abdelhak/Robotic_ws/build/py_pubsub
[1.381s] running symlink_data
[1.381s] symbolically linking /home/abdelhak/Robotic_ws/build/py_pubsub/resource/py_pubsub -> /home/abdelhak/Robotic_ws/install/py_pubsub/share/ament_index/resource_index/packages
[1.381s] symbolically linking /home/abdelhak/Robotic_ws/build/py_pubsub/package.xml -> /home/abdelhak/Robotic_ws/install/py_pubsub/share/py_pubsub
[1.405s] Invoked command in '/home/abdelhak/Robotic_ws/build/py_pubsub' returned '0': PYTHONPATH=/home/abdelhak/Robotic_ws/build/py_pubsub/prefix_override:/usr/lib/python3/dist-packages/colcon_core/task/python/colcon_distutils_commands:/home/abdelhak/Robotic_ws/install/py_pubsub/lib/python3.10/site-packages:${PYTHONPATH} /usr/bin/python3 -W ignore:setup.py install is deprecated setup.py develop --editable --build-directory /home/abdelhak/Robotic_ws/build/py_pubsub/build --no-deps symlink_data --force
