[0.613s] Invoking command in '/home/abdelhak/Robotic_ws/src/py_pubsub': PYTHONPATH=/home/abdelhak/Robotic_ws/build/py_pubsub/prefix_override:/usr/lib/python3/dist-packages/colcon_core/task/python/colcon_distutils_commands:/home/abdelhak/Robotic_ws/install/py_pubsub/lib/python3.10/site-packages:${PYTHONPATH} /usr/bin/python3 -W ignore:setup.py install is deprecated setup.py egg_info --egg-base ../../build/py_pubsub build --build-base /home/abdelhak/Robotic_ws/build/py_pubsub/build install --record /home/abdelhak/Robotic_ws/build/py_pubsub/install.log --single-version-externally-managed install_data
[0.856s] running egg_info
[0.857s] writing ../../build/py_pubsub/py_pubsub.egg-info/PKG-INFO
[0.858s] writing dependency_links to ../../build/py_pubsub/py_pubsub.egg-info/dependency_links.txt
[0.858s] writing entry points to ../../build/py_pubsub/py_pubsub.egg-info/entry_points.txt
[0.858s] writing requirements to ../../build/py_pubsub/py_pubsub.egg-info/requires.txt
[0.858s] writing top-level names to ../../build/py_pubsub/py_pubsub.egg-info/top_level.txt
[0.860s] reading manifest file '../../build/py_pubsub/py_pubsub.egg-info/SOURCES.txt'
[0.861s] adding license file 'LICENSE'
[0.861s] writing manifest file '../../build/py_pubsub/py_pubsub.egg-info/SOURCES.txt'
[0.862s] running build
[0.862s] running build_py
[0.862s] running install
[0.862s] running install_lib
[0.864s] running install_data
[0.864s] running install_egg_info
[0.866s] removing '/home/abdelhak/Robotic_ws/install/py_pubsub/lib/python3.10/site-packages/py_pubsub-0.0.0-py3.10.egg-info' (and everything under it)
[0.866s] Copying ../../build/py_pubsub/py_pubsub.egg-info to /home/abdelhak/Robotic_ws/install/py_pubsub/lib/python3.10/site-packages/py_pubsub-0.0.0-py3.10.egg-info
[0.867s] running install_scripts
[0.896s] Installing listener script to /home/abdelhak/Robotic_ws/install/py_pubsub/lib/py_pubsub
[0.896s] Installing talker script to /home/abdelhak/Robotic_ws/install/py_pubsub/lib/py_pubsub
[0.897s] writing list of installed files to '/home/abdelhak/Robotic_ws/build/py_pubsub/install.log'
[0.922s] Invoked command in '/home/abdelhak/Robotic_ws/src/py_pubsub' returned '0': PYTHONPATH=/home/abdelhak/Robotic_ws/build/py_pubsub/prefix_override:/usr/lib/python3/dist-packages/colcon_core/task/python/colcon_distutils_commands:/home/abdelhak/Robotic_ws/install/py_pubsub/lib/python3.10/site-packages:${PYTHONPATH} /usr/bin/python3 -W ignore:setup.py install is deprecated setup.py egg_info --egg-base ../../build/py_pubsub build --build-base /home/abdelhak/Robotic_ws/build/py_pubsub/build install --record /home/abdelhak/Robotic_ws/build/py_pubsub/install.log --single-version-externally-managed install_data
