[1.364s] Invoking command in '/home/abdelhak/Robotic_ws/src/py_srvcli': PYTHONPATH=/home/abdelhak/Robotic_ws/build/py_srvcli/prefix_override:/usr/lib/python3/dist-packages/colcon_core/task/python/colcon_distutils_commands:/home/abdelhak/Robotic_ws/install/py_srvcli/lib/python3.10/site-packages:${PYTHONPATH} /usr/bin/python3 -W ignore:setup.py install is deprecated setup.py egg_info --egg-base ../../build/py_srvcli build --build-base /home/abdelhak/Robotic_ws/build/py_srvcli/build install --record /home/abdelhak/Robotic_ws/build/py_srvcli/install.log --single-version-externally-managed install_data
[1.636s] running egg_info
[1.637s] writing ../../build/py_srvcli/py_srvcli.egg-info/PKG-INFO
[1.637s] writing dependency_links to ../../build/py_srvcli/py_srvcli.egg-info/dependency_links.txt
[1.638s] writing entry points to ../../build/py_srvcli/py_srvcli.egg-info/entry_points.txt
[1.638s] writing requirements to ../../build/py_srvcli/py_srvcli.egg-info/requires.txt
[1.638s] writing top-level names to ../../build/py_srvcli/py_srvcli.egg-info/top_level.txt
[1.639s] reading manifest file '../../build/py_srvcli/py_srvcli.egg-info/SOURCES.txt'
[1.639s] adding license file 'LICENSE'
[1.640s] writing manifest file '../../build/py_srvcli/py_srvcli.egg-info/SOURCES.txt'
[1.640s] running build
[1.640s] running build_py
[1.640s] running install
[1.641s] running install_lib
[1.642s] running install_data
[1.642s] running install_egg_info
[1.644s] removing '/home/abdelhak/Robotic_ws/install/py_srvcli/lib/python3.10/site-packages/py_srvcli-0.0.0-py3.10.egg-info' (and everything under it)
[1.644s] Copying ../../build/py_srvcli/py_srvcli.egg-info to /home/abdelhak/Robotic_ws/install/py_srvcli/lib/python3.10/site-packages/py_srvcli-0.0.0-py3.10.egg-info
[1.645s] running install_scripts
[1.666s] Installing client script to /home/abdelhak/Robotic_ws/install/py_srvcli/lib/py_srvcli
[1.666s] Installing service script to /home/abdelhak/Robotic_ws/install/py_srvcli/lib/py_srvcli
[1.666s] writing list of installed files to '/home/abdelhak/Robotic_ws/build/py_srvcli/install.log'
[1.698s] Invoked command in '/home/abdelhak/Robotic_ws/src/py_srvcli' returned '0': PYTHONPATH=/home/abdelhak/Robotic_ws/build/py_srvcli/prefix_override:/usr/lib/python3/dist-packages/colcon_core/task/python/colcon_distutils_commands:/home/abdelhak/Robotic_ws/install/py_srvcli/lib/python3.10/site-packages:${PYTHONPATH} /usr/bin/python3 -W ignore:setup.py install is deprecated setup.py egg_info --egg-base ../../build/py_srvcli build --build-base /home/abdelhak/Robotic_ws/build/py_srvcli/build install --record /home/abdelhak/Robotic_ws/build/py_srvcli/install.log --single-version-externally-managed install_data
