[0.018s] Invoking command in '/home/abdelhak/Robotic_ws/build/tutorial_interfaces': CMAKE_PREFIX_PATH=${CMAKE_PREFIX_PATH}:/home/abdelhak/Robotic_ws/install/py_srvcli:/home/abdelhak/Robotic_ws/install/py_pubsub:/home/abdelhak/Robotic_ws/install/my_package:/opt/ros/humble /usr/bin/cmake /home/abdelhak/Robotic_ws/src/tutorial_interfaces -DCMAKE_INSTALL_PREFIX=/home/abdelhak/Robotic_ws/install/tutorial_interfaces
[0.239s] -- Found ament_cmake: 1.3.10 (/opt/ros/humble/share/ament_cmake/cmake)
[0.239s] -- Override CMake install command with custom implementation using symlinks instead of copying resources
[0.239s] -- Found geometry_msgs: 4.2.4 (/opt/ros/humble/share/geometry_msgs/cmake)
[0.239s] -- Found rosidl_generator_c: 3.1.5 (/opt/ros/humble/share/rosidl_generator_c/cmake)
[0.239s] -- Found rosidl_adapter: 3.1.5 (/opt/ros/humble/share/rosidl_adapter/cmake)
[0.239s] -- Found rosidl_generator_cpp: 3.1.5 (/opt/ros/humble/share/rosidl_generator_cpp/cmake)
[0.239s] -- Using all available rosidl_typesupport_c: rosidl_typesupport_fastrtps_c;rosidl_typesupport_introspection_c
[0.239s] -- Using all available rosidl_typesupport_cpp: rosidl_typesupport_fastrtps_cpp;rosidl_typesupport_introspection_cpp
[0.239s] -- Found rosidl_default_generators: 1.2.0 (/opt/ros/humble/share/rosidl_default_generators/cmake)
[0.498s] -- Found ament_cmake_ros: 0.10.0 (/opt/ros/humble/share/ament_cmake_ros/cmake)
[0.893s] -- Using all available rosidl_typesupport_c: rosidl_typesupport_fastrtps_c;rosidl_typesupport_introspection_c
[1.046s] -- Using all available rosidl_typesupport_cpp: rosidl_typesupport_fastrtps_cpp;rosidl_typesupport_introspection_cpp
[1.068s] -- Found python_cmake_module: 0.10.0 (/opt/ros/humble/share/python_cmake_module/cmake)
[1.088s] -- Using PYTHON_EXECUTABLE: /usr/bin/python3
[1.088s] -- Using PYTHON_INCLUDE_DIRS: /usr/include/python3.10
[1.089s] -- Using PYTHON_LIBRARIES: /usr/lib/x86_64-linux-gnu/libpython3.10.so
[1.129s] -- Found ament_lint_auto: 0.12.11 (/opt/ros/humble/share/ament_lint_auto/cmake)
[1.141s] -- Added test 'lint_cmake' to check CMake code style
[1.144s] -- Added test 'xmllint' to check XML markup files
[1.147s] -- Configuring done
[1.195s] -- Generating done
[1.199s] -- Build files have been written to: /home/abdelhak/Robotic_ws/build/tutorial_interfaces
[1.207s] Invoked command in '/home/abdelhak/Robotic_ws/build/tutorial_interfaces' returned '0': CMAKE_PREFIX_PATH=${CMAKE_PREFIX_PATH}:/home/abdelhak/Robotic_ws/install/py_srvcli:/home/abdelhak/Robotic_ws/install/py_pubsub:/home/abdelhak/Robotic_ws/install/my_package:/opt/ros/humble /usr/bin/cmake /home/abdelhak/Robotic_ws/src/tutorial_interfaces -DCMAKE_INSTALL_PREFIX=/home/abdelhak/Robotic_ws/install/tutorial_interfaces
[1.209s] Invoking command in '/home/abdelhak/Robotic_ws/build/tutorial_interfaces': CMAKE_PREFIX_PATH=${CMAKE_PREFIX_PATH}:/home/abdelhak/Robotic_ws/install/py_srvcli:/home/abdelhak/Robotic_ws/install/py_pubsub:/home/abdelhak/Robotic_ws/install/my_package:/opt/ros/humble /usr/bin/cmake --build /home/abdelhak/Robotic_ws/build/tutorial_interfaces -- -j12 -l12
[1.244s] [35m[1mConsolidate compiler generated dependencies of target tutorial_interfaces__rosidl_generator_c[0m
[1.252s] [  2%] Built target tutorial_interfaces__cpp
[1.255s] [ 12%] Built target tutorial_interfaces__rosidl_generator_c
[1.260s] [ 12%] Built target ament_cmake_python_symlink_tutorial_interfaces
[1.263s] [35m[1mConsolidate compiler generated dependencies of target tutorial_interfaces__rosidl_typesupport_fastrtps_cpp[0m
[1.263s] [35m[1mConsolidate compiler generated dependencies of target tutorial_interfaces__rosidl_typesupport_cpp[0m
[1.266s] [35m[1mConsolidate compiler generated dependencies of target tutorial_interfaces__rosidl_typesupport_introspection_cpp[0m
[1.267s] [35m[1mConsolidate compiler generated dependencies of target tutorial_interfaces__rosidl_typesupport_fastrtps_c[0m
[1.268s] [35m[1mConsolidate compiler generated dependencies of target tutorial_interfaces__rosidl_typesupport_c[0m
[1.268s] [35m[1mConsolidate compiler generated dependencies of target tutorial_interfaces__rosidl_typesupport_introspection_c[0m
[1.282s] [ 23%] Built target tutorial_interfaces__rosidl_typesupport_c
[1.282s] [ 44%] Built target tutorial_interfaces__rosidl_typesupport_fastrtps_cpp
[1.282s] [ 44%] Built target tutorial_interfaces__rosidl_typesupport_cpp
[1.284s] [ 55%] Built target tutorial_interfaces__rosidl_typesupport_introspection_c
[1.284s] [ 70%] Built target tutorial_interfaces__rosidl_typesupport_fastrtps_c
[1.285s] [ 76%] Built target tutorial_interfaces__rosidl_typesupport_introspection_cpp
[1.302s] [ 76%] Built target tutorial_interfaces
[1.321s] [ 78%] Built target tutorial_interfaces__py
[1.330s] [35m[1mConsolidate compiler generated dependencies of target tutorial_interfaces__rosidl_generator_py[0m
[1.344s] [ 87%] Built target tutorial_interfaces__rosidl_generator_py
[1.353s] [35m[1mConsolidate compiler generated dependencies of target tutorial_interfaces__rosidl_typesupport_introspection_c__pyext[0m
[1.355s] [35m[1mConsolidate compiler generated dependencies of target tutorial_interfaces__rosidl_typesupport_c__pyext[0m
[1.356s] [35m[1mConsolidate compiler generated dependencies of target tutorial_interfaces__rosidl_typesupport_fastrtps_c__pyext[0m
[1.365s] [ 91%] Built target tutorial_interfaces__rosidl_typesupport_introspection_c__pyext
[1.369s] [ 95%] Built target tutorial_interfaces__rosidl_typesupport_fastrtps_c__pyext
[1.370s] [100%] Built target tutorial_interfaces__rosidl_typesupport_c__pyext
[1.517s] running egg_info
[1.518s] writing tutorial_interfaces.egg-info/PKG-INFO
[1.518s] writing dependency_links to tutorial_interfaces.egg-info/dependency_links.txt
[1.518s] writing top-level names to tutorial_interfaces.egg-info/top_level.txt
[1.520s] reading manifest file 'tutorial_interfaces.egg-info/SOURCES.txt'
[1.520s] writing manifest file 'tutorial_interfaces.egg-info/SOURCES.txt'
[1.541s] [100%] Built target ament_cmake_python_build_tutorial_interfaces_egg
[1.552s] Invoked command in '/home/abdelhak/Robotic_ws/build/tutorial_interfaces' returned '0': CMAKE_PREFIX_PATH=${CMAKE_PREFIX_PATH}:/home/abdelhak/Robotic_ws/install/py_srvcli:/home/abdelhak/Robotic_ws/install/py_pubsub:/home/abdelhak/Robotic_ws/install/my_package:/opt/ros/humble /usr/bin/cmake --build /home/abdelhak/Robotic_ws/build/tutorial_interfaces -- -j12 -l12
[1.647s] Invoking command in '/home/abdelhak/Robotic_ws/build/tutorial_interfaces': CMAKE_PREFIX_PATH=${CMAKE_PREFIX_PATH}:/home/abdelhak/Robotic_ws/install/py_srvcli:/home/abdelhak/Robotic_ws/install/py_pubsub:/home/abdelhak/Robotic_ws/install/my_package:/opt/ros/humble /usr/bin/cmake --install /home/abdelhak/Robotic_ws/build/tutorial_interfaces
[1.653s] -- Install configuration: ""
[1.654s] -- Execute custom install script
[1.654s] -- Up-to-date symlink: /home/abdelhak/Robotic_ws/install/tutorial_interfaces/share/ament_index/resource_index/rosidl_interfaces/tutorial_interfaces
[1.655s] -- Up-to-date symlink: /home/abdelhak/Robotic_ws/install/tutorial_interfaces/include/tutorial_interfaces/tutorial_interfaces/msg/detail/num__functions.h
[1.655s] -- Up-to-date symlink: /home/abdelhak/Robotic_ws/install/tutorial_interfaces/include/tutorial_interfaces/tutorial_interfaces/msg/detail/num__struct.h
[1.655s] -- Up-to-date symlink: /home/abdelhak/Robotic_ws/install/tutorial_interfaces/include/tutorial_interfaces/tutorial_interfaces/msg/detail/num__type_support.h
[1.655s] -- Up-to-date symlink: /home/abdelhak/Robotic_ws/install/tutorial_interfaces/include/tutorial_interfaces/tutorial_interfaces/msg/detail/sphere__functions.h
[1.655s] -- Up-to-date symlink: /home/abdelhak/Robotic_ws/install/tutorial_interfaces/include/tutorial_interfaces/tutorial_interfaces/msg/detail/sphere__struct.h
[1.655s] -- Up-to-date symlink: /home/abdelhak/Robotic_ws/install/tutorial_interfaces/include/tutorial_interfaces/tutorial_interfaces/msg/detail/sphere__type_support.h
[1.655s] -- Up-to-date symlink: /home/abdelhak/Robotic_ws/install/tutorial_interfaces/include/tutorial_interfaces/tutorial_interfaces/msg/num.h
[1.655s] -- Up-to-date symlink: /home/abdelhak/Robotic_ws/install/tutorial_interfaces/include/tutorial_interfaces/tutorial_interfaces/msg/rosidl_generator_c__visibility_control.h
[1.655s] -- Up-to-date symlink: /home/abdelhak/Robotic_ws/install/tutorial_interfaces/include/tutorial_interfaces/tutorial_interfaces/msg/sphere.h
[1.656s] -- Up-to-date symlink: /home/abdelhak/Robotic_ws/install/tutorial_interfaces/include/tutorial_interfaces/tutorial_interfaces/srv/add_three_ints.h
[1.656s] -- Up-to-date symlink: /home/abdelhak/Robotic_ws/install/tutorial_interfaces/include/tutorial_interfaces/tutorial_interfaces/srv/detail/add_three_ints__functions.h
[1.656s] -- Up-to-date symlink: /home/abdelhak/Robotic_ws/install/tutorial_interfaces/include/tutorial_interfaces/tutorial_interfaces/srv/detail/add_three_ints__struct.h
[1.656s] -- Up-to-date symlink: /home/abdelhak/Robotic_ws/install/tutorial_interfaces/include/tutorial_interfaces/tutorial_interfaces/srv/detail/add_three_ints__type_support.h
[1.656s] -- Up-to-date symlink: /home/abdelhak/Robotic_ws/install/tutorial_interfaces/share/tutorial_interfaces/environment/library_path.sh
[1.656s] -- Up-to-date symlink: /home/abdelhak/Robotic_ws/install/tutorial_interfaces/share/tutorial_interfaces/environment/library_path.dsv
[1.657s] -- Up-to-date symlink: /home/abdelhak/Robotic_ws/install/tutorial_interfaces/include/tutorial_interfaces/tutorial_interfaces/msg/detail/num__rosidl_typesupport_fastrtps_c.h
[1.657s] -- Up-to-date symlink: /home/abdelhak/Robotic_ws/install/tutorial_interfaces/include/tutorial_interfaces/tutorial_interfaces/msg/detail/sphere__rosidl_typesupport_fastrtps_c.h
[1.657s] -- Up-to-date symlink: /home/abdelhak/Robotic_ws/install/tutorial_interfaces/include/tutorial_interfaces/tutorial_interfaces/msg/rosidl_typesupport_fastrtps_c__visibility_control.h
[1.657s] -- Up-to-date symlink: /home/abdelhak/Robotic_ws/install/tutorial_interfaces/include/tutorial_interfaces/tutorial_interfaces/srv/detail/add_three_ints__rosidl_typesupport_fastrtps_c.h
[1.657s] -- Up-to-date symlink: /home/abdelhak/Robotic_ws/install/tutorial_interfaces/include/tutorial_interfaces/tutorial_interfaces/msg/detail/num__builder.hpp
[1.658s] -- Up-to-date symlink: /home/abdelhak/Robotic_ws/install/tutorial_interfaces/include/tutorial_interfaces/tutorial_interfaces/msg/detail/num__struct.hpp
[1.658s] -- Up-to-date symlink: /home/abdelhak/Robotic_ws/install/tutorial_interfaces/include/tutorial_interfaces/tutorial_interfaces/msg/detail/num__traits.hpp
[1.658s] -- Up-to-date symlink: /home/abdelhak/Robotic_ws/install/tutorial_interfaces/include/tutorial_interfaces/tutorial_interfaces/msg/detail/sphere__builder.hpp
[1.658s] -- Up-to-date symlink: /home/abdelhak/Robotic_ws/install/tutorial_interfaces/include/tutorial_interfaces/tutorial_interfaces/msg/detail/sphere__struct.hpp
[1.658s] -- Up-to-date symlink: /home/abdelhak/Robotic_ws/install/tutorial_interfaces/include/tutorial_interfaces/tutorial_interfaces/msg/detail/sphere__traits.hpp
[1.658s] -- Up-to-date symlink: /home/abdelhak/Robotic_ws/install/tutorial_interfaces/include/tutorial_interfaces/tutorial_interfaces/msg/num.hpp
[1.658s] -- Up-to-date symlink: /home/abdelhak/Robotic_ws/install/tutorial_interfaces/include/tutorial_interfaces/tutorial_interfaces/msg/sphere.hpp
[1.658s] -- Up-to-date symlink: /home/abdelhak/Robotic_ws/install/tutorial_interfaces/include/tutorial_interfaces/tutorial_interfaces/srv/add_three_ints.hpp
[1.658s] -- Up-to-date symlink: /home/abdelhak/Robotic_ws/install/tutorial_interfaces/include/tutorial_interfaces/tutorial_interfaces/srv/detail/add_three_ints__builder.hpp
[1.658s] -- Up-to-date symlink: /home/abdelhak/Robotic_ws/install/tutorial_interfaces/include/tutorial_interfaces/tutorial_interfaces/srv/detail/add_three_ints__struct.hpp
[1.659s] -- Up-to-date symlink: /home/abdelhak/Robotic_ws/install/tutorial_interfaces/include/tutorial_interfaces/tutorial_interfaces/srv/detail/add_three_ints__traits.hpp
[1.659s] -- Up-to-date symlink: /home/abdelhak/Robotic_ws/install/tutorial_interfaces/include/tutorial_interfaces/tutorial_interfaces/msg/detail/num__rosidl_typesupport_fastrtps_cpp.hpp
[1.659s] -- Up-to-date symlink: /home/abdelhak/Robotic_ws/install/tutorial_interfaces/include/tutorial_interfaces/tutorial_interfaces/msg/detail/sphere__rosidl_typesupport_fastrtps_cpp.hpp
[1.659s] -- Up-to-date symlink: /home/abdelhak/Robotic_ws/install/tutorial_interfaces/include/tutorial_interfaces/tutorial_interfaces/msg/rosidl_typesupport_fastrtps_cpp__visibility_control.h
[1.659s] -- Up-to-date symlink: /home/abdelhak/Robotic_ws/install/tutorial_interfaces/include/tutorial_interfaces/tutorial_interfaces/srv/detail/add_three_ints__rosidl_typesupport_fastrtps_cpp.hpp
[1.660s] -- Up-to-date symlink: /home/abdelhak/Robotic_ws/install/tutorial_interfaces/include/tutorial_interfaces/tutorial_interfaces/msg/detail/num__rosidl_typesupport_introspection_c.h
[1.660s] -- Up-to-date symlink: /home/abdelhak/Robotic_ws/install/tutorial_interfaces/include/tutorial_interfaces/tutorial_interfaces/msg/detail/sphere__rosidl_typesupport_introspection_c.h
[1.660s] -- Up-to-date symlink: /home/abdelhak/Robotic_ws/install/tutorial_interfaces/include/tutorial_interfaces/tutorial_interfaces/msg/rosidl_typesupport_introspection_c__visibility_control.h
[1.660s] -- Up-to-date symlink: /home/abdelhak/Robotic_ws/install/tutorial_interfaces/include/tutorial_interfaces/tutorial_interfaces/srv/detail/add_three_ints__rosidl_typesupport_introspection_c.h
[1.660s] -- Up-to-date symlink: /home/abdelhak/Robotic_ws/install/tutorial_interfaces/include/tutorial_interfaces/tutorial_interfaces/msg/detail/num__rosidl_typesupport_introspection_cpp.hpp
[1.661s] -- Up-to-date symlink: /home/abdelhak/Robotic_ws/install/tutorial_interfaces/include/tutorial_interfaces/tutorial_interfaces/msg/detail/sphere__rosidl_typesupport_introspection_cpp.hpp
[1.661s] -- Up-to-date symlink: /home/abdelhak/Robotic_ws/install/tutorial_interfaces/include/tutorial_interfaces/tutorial_interfaces/srv/detail/add_three_ints__rosidl_typesupport_introspection_cpp.hpp
[1.661s] -- Up-to-date symlink: /home/abdelhak/Robotic_ws/install/tutorial_interfaces/share/tutorial_interfaces/environment/pythonpath.sh
[1.661s] -- Up-to-date symlink: /home/abdelhak/Robotic_ws/install/tutorial_interfaces/share/tutorial_interfaces/environment/pythonpath.dsv
[1.661s] -- Up-to-date symlink: /home/abdelhak/Robotic_ws/install/tutorial_interfaces/local/lib/python3.10/dist-packages/tutorial_interfaces-0.0.0-py3.10.egg-info/PKG-INFO
[1.661s] -- Up-to-date symlink: /home/abdelhak/Robotic_ws/install/tutorial_interfaces/local/lib/python3.10/dist-packages/tutorial_interfaces-0.0.0-py3.10.egg-info/SOURCES.txt
[1.661s] -- Up-to-date symlink: /home/abdelhak/Robotic_ws/install/tutorial_interfaces/local/lib/python3.10/dist-packages/tutorial_interfaces-0.0.0-py3.10.egg-info/dependency_links.txt
[1.662s] -- Up-to-date symlink: /home/abdelhak/Robotic_ws/install/tutorial_interfaces/local/lib/python3.10/dist-packages/tutorial_interfaces-0.0.0-py3.10.egg-info/top_level.txt
[1.662s] -- Up-to-date symlink: /home/abdelhak/Robotic_ws/install/tutorial_interfaces/local/lib/python3.10/dist-packages/tutorial_interfaces/__init__.py
[1.662s] -- Up-to-date symlink: /home/abdelhak/Robotic_ws/install/tutorial_interfaces/local/lib/python3.10/dist-packages/tutorial_interfaces/_tutorial_interfaces_s.ep.rosidl_typesupport_c.c
[1.662s] -- Up-to-date symlink: /home/abdelhak/Robotic_ws/install/tutorial_interfaces/local/lib/python3.10/dist-packages/tutorial_interfaces/_tutorial_interfaces_s.ep.rosidl_typesupport_fastrtps_c.c
[1.662s] -- Up-to-date symlink: /home/abdelhak/Robotic_ws/install/tutorial_interfaces/local/lib/python3.10/dist-packages/tutorial_interfaces/_tutorial_interfaces_s.ep.rosidl_typesupport_introspection_c.c
[1.662s] -- Up-to-date symlink: /home/abdelhak/Robotic_ws/install/tutorial_interfaces/local/lib/python3.10/dist-packages/tutorial_interfaces/libtutorial_interfaces__rosidl_generator_py.so
[1.663s] -- Up-to-date symlink: /home/abdelhak/Robotic_ws/install/tutorial_interfaces/local/lib/python3.10/dist-packages/tutorial_interfaces/msg/__init__.py
[1.663s] -- Up-to-date symlink: /home/abdelhak/Robotic_ws/install/tutorial_interfaces/local/lib/python3.10/dist-packages/tutorial_interfaces/msg/_num.py
[1.663s] -- Up-to-date symlink: /home/abdelhak/Robotic_ws/install/tutorial_interfaces/local/lib/python3.10/dist-packages/tutorial_interfaces/msg/_num_s.c
[1.663s] -- Up-to-date symlink: /home/abdelhak/Robotic_ws/install/tutorial_interfaces/local/lib/python3.10/dist-packages/tutorial_interfaces/msg/_sphere.py
[1.663s] -- Up-to-date symlink: /home/abdelhak/Robotic_ws/install/tutorial_interfaces/local/lib/python3.10/dist-packages/tutorial_interfaces/msg/_sphere_s.c
[1.663s] -- Up-to-date symlink: /home/abdelhak/Robotic_ws/install/tutorial_interfaces/local/lib/python3.10/dist-packages/tutorial_interfaces/srv/__init__.py
[1.663s] -- Up-to-date symlink: /home/abdelhak/Robotic_ws/install/tutorial_interfaces/local/lib/python3.10/dist-packages/tutorial_interfaces/srv/_add_three_ints.py
[1.663s] -- Up-to-date symlink: /home/abdelhak/Robotic_ws/install/tutorial_interfaces/local/lib/python3.10/dist-packages/tutorial_interfaces/srv/_add_three_ints_s.c
[1.663s] -- Up-to-date symlink: /home/abdelhak/Robotic_ws/install/tutorial_interfaces/local/lib/python3.10/dist-packages/tutorial_interfaces/tutorial_interfaces_s__rosidl_typesupport_c.cpython-310-x86_64-linux-gnu.so
[1.664s] -- Up-to-date symlink: /home/abdelhak/Robotic_ws/install/tutorial_interfaces/local/lib/python3.10/dist-packages/tutorial_interfaces/tutorial_interfaces_s__rosidl_typesupport_fastrtps_c.cpython-310-x86_64-linux-gnu.so
[1.664s] -- Up-to-date symlink: /home/abdelhak/Robotic_ws/install/tutorial_interfaces/local/lib/python3.10/dist-packages/tutorial_interfaces/tutorial_interfaces_s__rosidl_typesupport_introspection_c.cpython-310-x86_64-linux-gnu.so
[1.664s] -- Up-to-date symlink: /home/abdelhak/Robotic_ws/install/tutorial_interfaces/local/lib/python3.10/dist-packages/tutorial_interfaces/tutorial_interfaces_s__rosidl_typesupport_fastrtps_c.cpython-310-x86_64-linux-gnu.so
[1.664s] -- Up-to-date symlink: /home/abdelhak/Robotic_ws/install/tutorial_interfaces/local/lib/python3.10/dist-packages/tutorial_interfaces/tutorial_interfaces_s__rosidl_typesupport_introspection_c.cpython-310-x86_64-linux-gnu.so
[1.664s] -- Up-to-date symlink: /home/abdelhak/Robotic_ws/install/tutorial_interfaces/local/lib/python3.10/dist-packages/tutorial_interfaces/tutorial_interfaces_s__rosidl_typesupport_c.cpython-310-x86_64-linux-gnu.so
[1.665s] -- Up-to-date symlink: /home/abdelhak/Robotic_ws/install/tutorial_interfaces/share/tutorial_interfaces/msg/Num.idl
[1.665s] -- Up-to-date symlink: /home/abdelhak/Robotic_ws/install/tutorial_interfaces/share/tutorial_interfaces/msg/Sphere.idl
[1.665s] -- Up-to-date symlink: /home/abdelhak/Robotic_ws/install/tutorial_interfaces/share/tutorial_interfaces/srv/AddThreeInts.idl
[1.665s] -- Up-to-date symlink: /home/abdelhak/Robotic_ws/install/tutorial_interfaces/share/tutorial_interfaces/msg/Num.msg
[1.665s] -- Up-to-date symlink: /home/abdelhak/Robotic_ws/install/tutorial_interfaces/share/tutorial_interfaces/msg/Sphere.msg
[1.665s] -- Up-to-date symlink: /home/abdelhak/Robotic_ws/install/tutorial_interfaces/share/tutorial_interfaces/srv/AddThreeInts.srv
[1.665s] -- Up-to-date symlink: /home/abdelhak/Robotic_ws/install/tutorial_interfaces/share/tutorial_interfaces/srv/AddThreeInts_Request.msg
[1.666s] -- Up-to-date symlink: /home/abdelhak/Robotic_ws/install/tutorial_interfaces/share/tutorial_interfaces/srv/AddThreeInts_Response.msg
[1.666s] -- Up-to-date symlink: /home/abdelhak/Robotic_ws/install/tutorial_interfaces/share/ament_index/resource_index/package_run_dependencies/tutorial_interfaces
[1.666s] -- Up-to-date symlink: /home/abdelhak/Robotic_ws/install/tutorial_interfaces/share/ament_index/resource_index/parent_prefix_path/tutorial_interfaces
[1.666s] -- Up-to-date symlink: /home/abdelhak/Robotic_ws/install/tutorial_interfaces/share/tutorial_interfaces/environment/ament_prefix_path.sh
[1.666s] -- Up-to-date symlink: /home/abdelhak/Robotic_ws/install/tutorial_interfaces/share/tutorial_interfaces/environment/ament_prefix_path.dsv
[1.666s] -- Up-to-date symlink: /home/abdelhak/Robotic_ws/install/tutorial_interfaces/share/tutorial_interfaces/environment/path.sh
[1.666s] -- Up-to-date symlink: /home/abdelhak/Robotic_ws/install/tutorial_interfaces/share/tutorial_interfaces/environment/path.dsv
[1.666s] -- Up-to-date symlink: /home/abdelhak/Robotic_ws/install/tutorial_interfaces/share/tutorial_interfaces/local_setup.bash
[1.667s] -- Up-to-date symlink: /home/abdelhak/Robotic_ws/install/tutorial_interfaces/share/tutorial_interfaces/local_setup.sh
[1.667s] -- Up-to-date symlink: /home/abdelhak/Robotic_ws/install/tutorial_interfaces/share/tutorial_interfaces/local_setup.zsh
[1.667s] -- Up-to-date symlink: /home/abdelhak/Robotic_ws/install/tutorial_interfaces/share/tutorial_interfaces/local_setup.dsv
[1.667s] -- Symlinking: /home/abdelhak/Robotic_ws/install/tutorial_interfaces/share/tutorial_interfaces/package.dsv
[1.674s] -- Up-to-date symlink: /home/abdelhak/Robotic_ws/install/tutorial_interfaces/share/ament_index/resource_index/packages/tutorial_interfaces
[1.674s] -- Up-to-date symlink: /home/abdelhak/Robotic_ws/install/tutorial_interfaces/share/tutorial_interfaces/cmake/rosidl_cmake-extras.cmake
[1.675s] -- Up-to-date symlink: /home/abdelhak/Robotic_ws/install/tutorial_interfaces/share/tutorial_interfaces/cmake/ament_cmake_export_dependencies-extras.cmake
[1.675s] -- Up-to-date symlink: /home/abdelhak/Robotic_ws/install/tutorial_interfaces/share/tutorial_interfaces/cmake/ament_cmake_export_include_directories-extras.cmake
[1.675s] -- Up-to-date symlink: /home/abdelhak/Robotic_ws/install/tutorial_interfaces/share/tutorial_interfaces/cmake/ament_cmake_export_libraries-extras.cmake
[1.675s] -- Up-to-date symlink: /home/abdelhak/Robotic_ws/install/tutorial_interfaces/share/tutorial_interfaces/cmake/ament_cmake_export_targets-extras.cmake
[1.675s] -- Up-to-date symlink: /home/abdelhak/Robotic_ws/install/tutorial_interfaces/share/tutorial_interfaces/cmake/rosidl_cmake_export_typesupport_targets-extras.cmake
[1.675s] -- Up-to-date symlink: /home/abdelhak/Robotic_ws/install/tutorial_interfaces/share/tutorial_interfaces/cmake/rosidl_cmake_export_typesupport_libraries-extras.cmake
[1.675s] -- Up-to-date symlink: /home/abdelhak/Robotic_ws/install/tutorial_interfaces/share/tutorial_interfaces/cmake/tutorial_interfacesConfig.cmake
[1.675s] -- Up-to-date symlink: /home/abdelhak/Robotic_ws/install/tutorial_interfaces/share/tutorial_interfaces/cmake/tutorial_interfacesConfig-version.cmake
[1.676s] -- Up-to-date symlink: /home/abdelhak/Robotic_ws/install/tutorial_interfaces/share/tutorial_interfaces/package.xml
[1.676s] -- Up-to-date: /home/abdelhak/Robotic_ws/install/tutorial_interfaces/lib/libtutorial_interfaces__rosidl_generator_c.so
[1.676s] -- Up-to-date: /home/abdelhak/Robotic_ws/install/tutorial_interfaces/lib/libtutorial_interfaces__rosidl_typesupport_fastrtps_c.so
[1.677s] -- Up-to-date: /home/abdelhak/Robotic_ws/install/tutorial_interfaces/lib/libtutorial_interfaces__rosidl_typesupport_fastrtps_cpp.so
[1.677s] -- Up-to-date: /home/abdelhak/Robotic_ws/install/tutorial_interfaces/lib/libtutorial_interfaces__rosidl_typesupport_introspection_c.so
[1.677s] -- Up-to-date: /home/abdelhak/Robotic_ws/install/tutorial_interfaces/lib/libtutorial_interfaces__rosidl_typesupport_c.so
[1.677s] -- Up-to-date: /home/abdelhak/Robotic_ws/install/tutorial_interfaces/lib/libtutorial_interfaces__rosidl_typesupport_introspection_cpp.so
[1.678s] -- Up-to-date: /home/abdelhak/Robotic_ws/install/tutorial_interfaces/lib/libtutorial_interfaces__rosidl_typesupport_cpp.so
[1.708s] Listing '/home/abdelhak/Robotic_ws/install/tutorial_interfaces/local/lib/python3.10/dist-packages/tutorial_interfaces'...
[1.708s] Compiling '/home/abdelhak/Robotic_ws/install/tutorial_interfaces/local/lib/python3.10/dist-packages/tutorial_interfaces/__init__.py'...
[1.708s] Listing '/home/abdelhak/Robotic_ws/install/tutorial_interfaces/local/lib/python3.10/dist-packages/tutorial_interfaces/msg'...
[1.708s] Listing '/home/abdelhak/Robotic_ws/install/tutorial_interfaces/local/lib/python3.10/dist-packages/tutorial_interfaces/srv'...
[1.711s] -- Up-to-date: /home/abdelhak/Robotic_ws/install/tutorial_interfaces/lib/libtutorial_interfaces__rosidl_generator_py.so
[1.712s] -- Up-to-date: /home/abdelhak/Robotic_ws/install/tutorial_interfaces/share/tutorial_interfaces/cmake/export_tutorial_interfaces__rosidl_generator_cExport.cmake
[1.712s] -- Up-to-date: /home/abdelhak/Robotic_ws/install/tutorial_interfaces/share/tutorial_interfaces/cmake/export_tutorial_interfaces__rosidl_generator_cExport-noconfig.cmake
[1.712s] -- Up-to-date: /home/abdelhak/Robotic_ws/install/tutorial_interfaces/share/tutorial_interfaces/cmake/export_tutorial_interfaces__rosidl_typesupport_fastrtps_cExport.cmake
[1.712s] -- Up-to-date: /home/abdelhak/Robotic_ws/install/tutorial_interfaces/share/tutorial_interfaces/cmake/export_tutorial_interfaces__rosidl_typesupport_fastrtps_cExport-noconfig.cmake
[1.712s] -- Up-to-date: /home/abdelhak/Robotic_ws/install/tutorial_interfaces/share/tutorial_interfaces/cmake/export_tutorial_interfaces__rosidl_generator_cppExport.cmake
[1.712s] -- Up-to-date: /home/abdelhak/Robotic_ws/install/tutorial_interfaces/share/tutorial_interfaces/cmake/export_tutorial_interfaces__rosidl_typesupport_fastrtps_cppExport.cmake
[1.712s] -- Up-to-date: /home/abdelhak/Robotic_ws/install/tutorial_interfaces/share/tutorial_interfaces/cmake/export_tutorial_interfaces__rosidl_typesupport_fastrtps_cppExport-noconfig.cmake
[1.713s] -- Up-to-date: /home/abdelhak/Robotic_ws/install/tutorial_interfaces/share/tutorial_interfaces/cmake/tutorial_interfaces__rosidl_typesupport_introspection_cExport.cmake
[1.713s] -- Up-to-date: /home/abdelhak/Robotic_ws/install/tutorial_interfaces/share/tutorial_interfaces/cmake/tutorial_interfaces__rosidl_typesupport_introspection_cExport-noconfig.cmake
[1.713s] -- Up-to-date: /home/abdelhak/Robotic_ws/install/tutorial_interfaces/share/tutorial_interfaces/cmake/tutorial_interfaces__rosidl_typesupport_cExport.cmake
[1.713s] -- Up-to-date: /home/abdelhak/Robotic_ws/install/tutorial_interfaces/share/tutorial_interfaces/cmake/tutorial_interfaces__rosidl_typesupport_cExport-noconfig.cmake
[1.713s] -- Up-to-date: /home/abdelhak/Robotic_ws/install/tutorial_interfaces/share/tutorial_interfaces/cmake/tutorial_interfaces__rosidl_typesupport_introspection_cppExport.cmake
[1.713s] -- Up-to-date: /home/abdelhak/Robotic_ws/install/tutorial_interfaces/share/tutorial_interfaces/cmake/tutorial_interfaces__rosidl_typesupport_introspection_cppExport-noconfig.cmake
[1.713s] -- Up-to-date: /home/abdelhak/Robotic_ws/install/tutorial_interfaces/share/tutorial_interfaces/cmake/tutorial_interfaces__rosidl_typesupport_cppExport.cmake
[1.713s] -- Up-to-date: /home/abdelhak/Robotic_ws/install/tutorial_interfaces/share/tutorial_interfaces/cmake/tutorial_interfaces__rosidl_typesupport_cppExport-noconfig.cmake
[1.713s] -- Up-to-date: /home/abdelhak/Robotic_ws/install/tutorial_interfaces/share/tutorial_interfaces/cmake/export_tutorial_interfaces__rosidl_generator_pyExport.cmake
[1.713s] -- Up-to-date: /home/abdelhak/Robotic_ws/install/tutorial_interfaces/share/tutorial_interfaces/cmake/export_tutorial_interfaces__rosidl_generator_pyExport-noconfig.cmake
[1.715s] Invoked command in '/home/abdelhak/Robotic_ws/build/tutorial_interfaces' returned '0': CMAKE_PREFIX_PATH=${CMAKE_PREFIX_PATH}:/home/abdelhak/Robotic_ws/install/py_srvcli:/home/abdelhak/Robotic_ws/install/py_pubsub:/home/abdelhak/Robotic_ws/install/my_package:/opt/ros/humble /usr/bin/cmake --install /home/abdelhak/Robotic_ws/build/tutorial_interfaces
