[1.011s] Invoking command in '/home/abdelhak/Robotic_ws/src/my_package': PYTHONPATH=/home/abdelhak/Robotic_ws/build/my_package/prefix_override:/usr/lib/python3/dist-packages/colcon_core/task/python/colcon_distutils_commands:/home/abdelhak/Robotic_ws/install/my_package/lib/python3.10/site-packages:${PYTHONPATH} /usr/bin/python3 -W ignore:setup.py install is deprecated setup.py egg_info --egg-base ../../build/my_package build --build-base /home/abdelhak/Robotic_ws/build/my_package/build install --record /home/abdelhak/Robotic_ws/build/my_package/install.log --single-version-externally-managed install_data
[1.228s] running egg_info
[1.229s] creating ../../build/my_package/my_package.egg-info
[1.229s] writing ../../build/my_package/my_package.egg-info/PKG-INFO
[1.229s] writing dependency_links to ../../build/my_package/my_package.egg-info/dependency_links.txt
[1.229s] writing entry points to ../../build/my_package/my_package.egg-info/entry_points.txt
[1.229s] writing requirements to ../../build/my_package/my_package.egg-info/requires.txt
[1.229s] writing top-level names to ../../build/my_package/my_package.egg-info/top_level.txt
[1.230s] writing manifest file '../../build/my_package/my_package.egg-info/SOURCES.txt'
[1.232s] reading manifest file '../../build/my_package/my_package.egg-info/SOURCES.txt'
[1.232s] adding license file 'LICENSE'
[1.233s] writing manifest file '../../build/my_package/my_package.egg-info/SOURCES.txt'
[1.233s] running build
[1.233s] running build_py
[1.233s] creating /home/abdelhak/Robotic_ws/build/my_package/build
[1.233s] creating /home/abdelhak/Robotic_ws/build/my_package/build/lib
[1.233s] creating /home/abdelhak/Robotic_ws/build/my_package/build/lib/my_package
[1.233s] copying my_package/my_node.py -> /home/abdelhak/Robotic_ws/build/my_package/build/lib/my_package
[1.233s] copying my_package/__init__.py -> /home/abdelhak/Robotic_ws/build/my_package/build/lib/my_package
[1.233s] running install
[1.234s] running install_lib
[1.234s] creating /home/abdelhak/Robotic_ws/install/my_package/lib/python3.10/site-packages/my_package
[1.234s] copying /home/abdelhak/Robotic_ws/build/my_package/build/lib/my_package/my_node.py -> /home/abdelhak/Robotic_ws/install/my_package/lib/python3.10/site-packages/my_package
[1.234s] copying /home/abdelhak/Robotic_ws/build/my_package/build/lib/my_package/__init__.py -> /home/abdelhak/Robotic_ws/install/my_package/lib/python3.10/site-packages/my_package
[1.235s] byte-compiling /home/abdelhak/Robotic_ws/install/my_package/lib/python3.10/site-packages/my_package/my_node.py to my_node.cpython-310.pyc
[1.235s] byte-compiling /home/abdelhak/Robotic_ws/install/my_package/lib/python3.10/site-packages/my_package/__init__.py to __init__.cpython-310.pyc
[1.235s] running install_data
[1.235s] creating /home/abdelhak/Robotic_ws/install/my_package/share/ament_index
[1.236s] creating /home/abdelhak/Robotic_ws/install/my_package/share/ament_index/resource_index
[1.236s] creating /home/abdelhak/Robotic_ws/install/my_package/share/ament_index/resource_index/packages
[1.236s] copying resource/my_package -> /home/abdelhak/Robotic_ws/install/my_package/share/ament_index/resource_index/packages
[1.236s] copying package.xml -> /home/abdelhak/Robotic_ws/install/my_package/share/my_package
[1.236s] running install_egg_info
[1.238s] Copying ../../build/my_package/my_package.egg-info to /home/abdelhak/Robotic_ws/install/my_package/lib/python3.10/site-packages/my_package-0.0.0-py3.10.egg-info
[1.239s] running install_scripts
[1.261s] Installing my_node script to /home/abdelhak/Robotic_ws/install/my_package/lib/my_package
[1.262s] writing list of installed files to '/home/abdelhak/Robotic_ws/build/my_package/install.log'
[1.286s] Invoked command in '/home/abdelhak/Robotic_ws/src/my_package' returned '0': PYTHONPATH=/home/abdelhak/Robotic_ws/build/my_package/prefix_override:/usr/lib/python3/dist-packages/colcon_core/task/python/colcon_distutils_commands:/home/abdelhak/Robotic_ws/install/my_package/lib/python3.10/site-packages:${PYTHONPATH} /usr/bin/python3 -W ignore:setup.py install is deprecated setup.py egg_info --egg-base ../../build/my_package build --build-base /home/abdelhak/Robotic_ws/build/my_package/build install --record /home/abdelhak/Robotic_ws/build/my_package/install.log --single-version-externally-managed install_data
