[0.999s] Invoking command in '/home/abdelhak/Robotic_ws/src/py_pubsub': PYTHONPATH=/home/abdelhak/Robotic_ws/build/py_pubsub/prefix_override:/usr/lib/python3/dist-packages/colcon_core/task/python/colcon_distutils_commands:/home/abdelhak/Robotic_ws/install/py_pubsub/lib/python3.10/site-packages:${PYTHONPATH} /usr/bin/python3 -W ignore:setup.py install is deprecated setup.py egg_info --egg-base ../../build/py_pubsub build --build-base /home/abdelhak/Robotic_ws/build/py_pubsub/build install --record /home/abdelhak/Robotic_ws/build/py_pubsub/install.log --single-version-externally-managed install_data
[1.229s] running egg_info
[1.230s] creating ../../build/py_pubsub/py_pubsub.egg-info
[1.230s] writing ../../build/py_pubsub/py_pubsub.egg-info/PKG-INFO
[1.231s] writing dependency_links to ../../build/py_pubsub/py_pubsub.egg-info/dependency_links.txt
[1.231s] writing entry points to ../../build/py_pubsub/py_pubsub.egg-info/entry_points.txt
[1.231s] writing requirements to ../../build/py_pubsub/py_pubsub.egg-info/requires.txt
[1.231s] writing top-level names to ../../build/py_pubsub/py_pubsub.egg-info/top_level.txt
[1.231s] writing manifest file '../../build/py_pubsub/py_pubsub.egg-info/SOURCES.txt'
[1.232s] reading manifest file '../../build/py_pubsub/py_pubsub.egg-info/SOURCES.txt'
[1.232s] adding license file 'LICENSE'
[1.233s] writing manifest file '../../build/py_pubsub/py_pubsub.egg-info/SOURCES.txt'
[1.233s] running build
[1.233s] running build_py
[1.234s] creating /home/abdelhak/Robotic_ws/build/py_pubsub/build
[1.234s] creating /home/abdelhak/Robotic_ws/build/py_pubsub/build/lib
[1.234s] creating /home/abdelhak/Robotic_ws/build/py_pubsub/build/lib/py_pubsub
[1.234s] copying py_pubsub/publisher_member_function.py -> /home/abdelhak/Robotic_ws/build/py_pubsub/build/lib/py_pubsub
[1.234s] copying py_pubsub/subscriber_member_function.py -> /home/abdelhak/Robotic_ws/build/py_pubsub/build/lib/py_pubsub
[1.234s] copying py_pubsub/__init__.py -> /home/abdelhak/Robotic_ws/build/py_pubsub/build/lib/py_pubsub
[1.234s] running install
[1.234s] running install_lib
[1.235s] creating /home/abdelhak/Robotic_ws/install/py_pubsub/lib/python3.10/site-packages/py_pubsub
[1.235s] copying /home/abdelhak/Robotic_ws/build/py_pubsub/build/lib/py_pubsub/publisher_member_function.py -> /home/abdelhak/Robotic_ws/install/py_pubsub/lib/python3.10/site-packages/py_pubsub
[1.235s] copying /home/abdelhak/Robotic_ws/build/py_pubsub/build/lib/py_pubsub/subscriber_member_function.py -> /home/abdelhak/Robotic_ws/install/py_pubsub/lib/python3.10/site-packages/py_pubsub
[1.235s] copying /home/abdelhak/Robotic_ws/build/py_pubsub/build/lib/py_pubsub/__init__.py -> /home/abdelhak/Robotic_ws/install/py_pubsub/lib/python3.10/site-packages/py_pubsub
[1.235s] byte-compiling /home/abdelhak/Robotic_ws/install/py_pubsub/lib/python3.10/site-packages/py_pubsub/publisher_member_function.py to publisher_member_function.cpython-310.pyc
[1.236s] byte-compiling /home/abdelhak/Robotic_ws/install/py_pubsub/lib/python3.10/site-packages/py_pubsub/subscriber_member_function.py to subscriber_member_function.cpython-310.pyc
[1.236s] byte-compiling /home/abdelhak/Robotic_ws/install/py_pubsub/lib/python3.10/site-packages/py_pubsub/__init__.py to __init__.cpython-310.pyc
[1.236s] running install_data
[1.236s] creating /home/abdelhak/Robotic_ws/install/py_pubsub/share/ament_index
[1.236s] creating /home/abdelhak/Robotic_ws/install/py_pubsub/share/ament_index/resource_index
[1.237s] creating /home/abdelhak/Robotic_ws/install/py_pubsub/share/ament_index/resource_index/packages
[1.237s] copying resource/py_pubsub -> /home/abdelhak/Robotic_ws/install/py_pubsub/share/ament_index/resource_index/packages
[1.237s] copying package.xml -> /home/abdelhak/Robotic_ws/install/py_pubsub/share/py_pubsub
[1.237s] running install_egg_info
[1.239s] Copying ../../build/py_pubsub/py_pubsub.egg-info to /home/abdelhak/Robotic_ws/install/py_pubsub/lib/python3.10/site-packages/py_pubsub-0.0.0-py3.10.egg-info
[1.240s] running install_scripts
[1.260s] Installing listener script to /home/abdelhak/Robotic_ws/install/py_pubsub/lib/py_pubsub
[1.260s] Installing talker script to /home/abdelhak/Robotic_ws/install/py_pubsub/lib/py_pubsub
[1.260s] writing list of installed files to '/home/abdelhak/Robotic_ws/build/py_pubsub/install.log'
[1.295s] Invoked command in '/home/abdelhak/Robotic_ws/src/py_pubsub' returned '0': PYTHONPATH=/home/abdelhak/Robotic_ws/build/py_pubsub/prefix_override:/usr/lib/python3/dist-packages/colcon_core/task/python/colcon_distutils_commands:/home/abdelhak/Robotic_ws/install/py_pubsub/lib/python3.10/site-packages:${PYTHONPATH} /usr/bin/python3 -W ignore:setup.py install is deprecated setup.py egg_info --egg-base ../../build/py_pubsub build --build-base /home/abdelhak/Robotic_ws/build/py_pubsub/build install --record /home/abdelhak/Robotic_ws/build/py_pubsub/install.log --single-version-externally-managed install_data
