[0.033s] Invoking command in '/home/abdelhak/Robotic_ws/build/tutorial_interfaces': CMAKE_PREFIX_PATH=${CMAKE_PREFIX_PATH}:/home/abdelhak/Robotic_ws/install/urdf_tuto:/home/abdelhak/Robotic_ws/install/py_pubsub:/home/abdelhak/Robotic_ws/install/python_parameters:/home/abdelhak/Robotic_ws/install/py_srvcli:/home/abdelhak/Robotic_ws/install/my_package:/opt/ros/humble /usr/bin/cmake --build /home/abdelhak/Robotic_ws/build/tutorial_interfaces -- -j12 -l12
[1.650s] [ 10%] Built target tutorial_interfaces__rosidl_generator_c
[1.651s] [ 10%] Built target ament_cmake_python_symlink_tutorial_interfaces
[1.652s] [ 12%] Built target tutorial_interfaces__cpp
[1.653s] [ 23%] Built target tutorial_interfaces__rosidl_typesupport_c
[1.653s] [ 34%] Built target tutorial_interfaces__rosidl_typesupport_fastrtps_c
[1.654s] [ 44%] Built target tutorial_interfaces__rosidl_typesupport_introspection_c
[1.654s] [ 55%] Built target tutorial_interfaces__rosidl_typesupport_introspection_cpp
[1.654s] [ 65%] Built target tutorial_interfaces__rosidl_typesupport_fastrtps_cpp
[1.654s] [ 76%] Built target tutorial_interfaces__rosidl_typesupport_cpp
[1.654s] [ 76%] Built target tutorial_interfaces
[1.654s] [ 78%] Built target tutorial_interfaces__py
[1.654s] [ 87%] Built target tutorial_interfaces__rosidl_generator_py
[1.654s] [ 91%] Built target tutorial_interfaces__rosidl_typesupport_c__pyext
[1.654s] [ 95%] Built target tutorial_interfaces__rosidl_typesupport_fastrtps_c__pyext
[1.654s] [100%] Built target tutorial_interfaces__rosidl_typesupport_introspection_c__pyext
[1.654s] running egg_info
[1.654s] writing tutorial_interfaces.egg-info/PKG-INFO
[1.654s] writing dependency_links to tutorial_interfaces.egg-info/dependency_links.txt
[1.751s] writing top-level names to tutorial_interfaces.egg-info/top_level.txt
[1.753s] reading manifest file 'tutorial_interfaces.egg-info/SOURCES.txt'
[1.768s] writing manifest file 'tutorial_interfaces.egg-info/SOURCES.txt'
[1.798s] [100%] Built target ament_cmake_python_build_tutorial_interfaces_egg
[2.255s] Invoked command in '/home/abdelhak/Robotic_ws/build/tutorial_interfaces' returned '0': CMAKE_PREFIX_PATH=${CMAKE_PREFIX_PATH}:/home/abdelhak/Robotic_ws/install/urdf_tuto:/home/abdelhak/Robotic_ws/install/py_pubsub:/home/abdelhak/Robotic_ws/install/python_parameters:/home/abdelhak/Robotic_ws/install/py_srvcli:/home/abdelhak/Robotic_ws/install/my_package:/opt/ros/humble /usr/bin/cmake --build /home/abdelhak/Robotic_ws/build/tutorial_interfaces -- -j12 -l12
[2.403s] Invoking command in '/home/abdelhak/Robotic_ws/build/tutorial_interfaces': CMAKE_PREFIX_PATH=${CMAKE_PREFIX_PATH}:/home/abdelhak/Robotic_ws/install/urdf_tuto:/home/abdelhak/Robotic_ws/install/py_pubsub:/home/abdelhak/Robotic_ws/install/python_parameters:/home/abdelhak/Robotic_ws/install/py_srvcli:/home/abdelhak/Robotic_ws/install/my_package:/opt/ros/humble /usr/bin/cmake --install /home/abdelhak/Robotic_ws/build/tutorial_interfaces
[2.411s] -- Install configuration: ""
[2.413s] -- Execute custom install script
[2.413s] -- Up-to-date symlink: /home/abdelhak/Robotic_ws/install/tutorial_interfaces/share/ament_index/resource_index/rosidl_interfaces/tutorial_interfaces
[2.414s] -- Up-to-date symlink: /home/abdelhak/Robotic_ws/install/tutorial_interfaces/include/tutorial_interfaces/tutorial_interfaces/msg/detail/num__functions.h
[2.414s] -- Up-to-date symlink: /home/abdelhak/Robotic_ws/install/tutorial_interfaces/include/tutorial_interfaces/tutorial_interfaces/msg/detail/num__struct.h
[2.414s] -- Up-to-date symlink: /home/abdelhak/Robotic_ws/install/tutorial_interfaces/include/tutorial_interfaces/tutorial_interfaces/msg/detail/num__type_support.h
[2.414s] -- Up-to-date symlink: /home/abdelhak/Robotic_ws/install/tutorial_interfaces/include/tutorial_interfaces/tutorial_interfaces/msg/detail/sphere__functions.h
[2.415s] -- Up-to-date symlink: /home/abdelhak/Robotic_ws/install/tutorial_interfaces/include/tutorial_interfaces/tutorial_interfaces/msg/detail/sphere__struct.h
[2.415s] -- Up-to-date symlink: /home/abdelhak/Robotic_ws/install/tutorial_interfaces/include/tutorial_interfaces/tutorial_interfaces/msg/detail/sphere__type_support.h
[2.415s] -- Up-to-date symlink: /home/abdelhak/Robotic_ws/install/tutorial_interfaces/include/tutorial_interfaces/tutorial_interfaces/msg/num.h
[2.415s] -- Up-to-date symlink: /home/abdelhak/Robotic_ws/install/tutorial_interfaces/include/tutorial_interfaces/tutorial_interfaces/msg/rosidl_generator_c__visibility_control.h
[2.415s] -- Up-to-date symlink: /home/abdelhak/Robotic_ws/install/tutorial_interfaces/include/tutorial_interfaces/tutorial_interfaces/msg/sphere.h
[2.415s] -- Up-to-date symlink: /home/abdelhak/Robotic_ws/install/tutorial_interfaces/include/tutorial_interfaces/tutorial_interfaces/srv/add_three_ints.h
[2.415s] -- Up-to-date symlink: /home/abdelhak/Robotic_ws/install/tutorial_interfaces/include/tutorial_interfaces/tutorial_interfaces/srv/detail/add_three_ints__functions.h
[2.416s] -- Up-to-date symlink: /home/abdelhak/Robotic_ws/install/tutorial_interfaces/include/tutorial_interfaces/tutorial_interfaces/srv/detail/add_three_ints__struct.h
[2.416s] -- Up-to-date symlink: /home/abdelhak/Robotic_ws/install/tutorial_interfaces/include/tutorial_interfaces/tutorial_interfaces/srv/detail/add_three_ints__type_support.h
[2.416s] -- Up-to-date symlink: /home/abdelhak/Robotic_ws/install/tutorial_interfaces/share/tutorial_interfaces/environment/library_path.sh
[2.416s] -- Up-to-date symlink: /home/abdelhak/Robotic_ws/install/tutorial_interfaces/share/tutorial_interfaces/environment/library_path.dsv
[2.422s] -- Up-to-date symlink: /home/abdelhak/Robotic_ws/install/tutorial_interfaces/include/tutorial_interfaces/tutorial_interfaces/msg/detail/num__rosidl_typesupport_fastrtps_c.h
[2.422s] -- Up-to-date symlink: /home/abdelhak/Robotic_ws/install/tutorial_interfaces/include/tutorial_interfaces/tutorial_interfaces/msg/detail/sphere__rosidl_typesupport_fastrtps_c.h
[2.423s] -- Up-to-date symlink: /home/abdelhak/Robotic_ws/install/tutorial_interfaces/include/tutorial_interfaces/tutorial_interfaces/msg/rosidl_typesupport_fastrtps_c__visibility_control.h
[2.423s] -- Up-to-date symlink: /home/abdelhak/Robotic_ws/install/tutorial_interfaces/include/tutorial_interfaces/tutorial_interfaces/srv/detail/add_three_ints__rosidl_typesupport_fastrtps_c.h
[2.424s] -- Up-to-date symlink: /home/abdelhak/Robotic_ws/install/tutorial_interfaces/include/tutorial_interfaces/tutorial_interfaces/msg/detail/num__builder.hpp
[2.424s] -- Up-to-date symlink: /home/abdelhak/Robotic_ws/install/tutorial_interfaces/include/tutorial_interfaces/tutorial_interfaces/msg/detail/num__struct.hpp
[2.424s] -- Up-to-date symlink: /home/abdelhak/Robotic_ws/install/tutorial_interfaces/include/tutorial_interfaces/tutorial_interfaces/msg/detail/num__traits.hpp
[2.424s] -- Up-to-date symlink: /home/abdelhak/Robotic_ws/install/tutorial_interfaces/include/tutorial_interfaces/tutorial_interfaces/msg/detail/sphere__builder.hpp
[2.428s] -- Up-to-date symlink: /home/abdelhak/Robotic_ws/install/tutorial_interfaces/include/tutorial_interfaces/tutorial_interfaces/msg/detail/sphere__struct.hpp
[2.433s] -- Up-to-date symlink: /home/abdelhak/Robotic_ws/install/tutorial_interfaces/include/tutorial_interfaces/tutorial_interfaces/msg/detail/sphere__traits.hpp
[2.435s] -- Up-to-date symlink: /home/abdelhak/Robotic_ws/install/tutorial_interfaces/include/tutorial_interfaces/tutorial_interfaces/msg/num.hpp
[2.435s] -- Up-to-date symlink: /home/abdelhak/Robotic_ws/install/tutorial_interfaces/include/tutorial_interfaces/tutorial_interfaces/msg/sphere.hpp
[2.436s] -- Up-to-date symlink: /home/abdelhak/Robotic_ws/install/tutorial_interfaces/include/tutorial_interfaces/tutorial_interfaces/srv/add_three_ints.hpp
[2.437s] -- Up-to-date symlink: /home/abdelhak/Robotic_ws/install/tutorial_interfaces/include/tutorial_interfaces/tutorial_interfaces/srv/detail/add_three_ints__builder.hpp
[2.438s] -- Up-to-date symlink: /home/abdelhak/Robotic_ws/install/tutorial_interfaces/include/tutorial_interfaces/tutorial_interfaces/srv/detail/add_three_ints__struct.hpp
[2.438s] -- Up-to-date symlink: /home/abdelhak/Robotic_ws/install/tutorial_interfaces/include/tutorial_interfaces/tutorial_interfaces/srv/detail/add_three_ints__traits.hpp
[2.439s] -- Up-to-date symlink: /home/abdelhak/Robotic_ws/install/tutorial_interfaces/include/tutorial_interfaces/tutorial_interfaces/msg/detail/num__rosidl_typesupport_fastrtps_cpp.hpp
[2.440s] -- Up-to-date symlink: /home/abdelhak/Robotic_ws/install/tutorial_interfaces/include/tutorial_interfaces/tutorial_interfaces/msg/detail/sphere__rosidl_typesupport_fastrtps_cpp.hpp
[2.441s] -- Up-to-date symlink: /home/abdelhak/Robotic_ws/install/tutorial_interfaces/include/tutorial_interfaces/tutorial_interfaces/msg/rosidl_typesupport_fastrtps_cpp__visibility_control.h
[2.441s] -- Up-to-date symlink: /home/abdelhak/Robotic_ws/install/tutorial_interfaces/include/tutorial_interfaces/tutorial_interfaces/srv/detail/add_three_ints__rosidl_typesupport_fastrtps_cpp.hpp
[2.441s] -- Up-to-date symlink: /home/abdelhak/Robotic_ws/install/tutorial_interfaces/include/tutorial_interfaces/tutorial_interfaces/msg/detail/num__rosidl_typesupport_introspection_c.h
[2.441s] -- Up-to-date symlink: /home/abdelhak/Robotic_ws/install/tutorial_interfaces/include/tutorial_interfaces/tutorial_interfaces/msg/detail/sphere__rosidl_typesupport_introspection_c.h
[2.441s] -- Up-to-date symlink: /home/abdelhak/Robotic_ws/install/tutorial_interfaces/include/tutorial_interfaces/tutorial_interfaces/msg/rosidl_typesupport_introspection_c__visibility_control.h
[2.441s] -- Up-to-date symlink: /home/abdelhak/Robotic_ws/install/tutorial_interfaces/include/tutorial_interfaces/tutorial_interfaces/srv/detail/add_three_ints__rosidl_typesupport_introspection_c.h
[2.445s] -- Up-to-date symlink: /home/abdelhak/Robotic_ws/install/tutorial_interfaces/include/tutorial_interfaces/tutorial_interfaces/msg/detail/num__rosidl_typesupport_introspection_cpp.hpp
[2.445s] -- Up-to-date symlink: /home/abdelhak/Robotic_ws/install/tutorial_interfaces/include/tutorial_interfaces/tutorial_interfaces/msg/detail/sphere__rosidl_typesupport_introspection_cpp.hpp
[2.445s] -- Up-to-date symlink: /home/abdelhak/Robotic_ws/install/tutorial_interfaces/include/tutorial_interfaces/tutorial_interfaces/srv/detail/add_three_ints__rosidl_typesupport_introspection_cpp.hpp
[2.445s] -- Up-to-date symlink: /home/abdelhak/Robotic_ws/install/tutorial_interfaces/share/tutorial_interfaces/environment/pythonpath.sh
[2.445s] -- Up-to-date symlink: /home/abdelhak/Robotic_ws/install/tutorial_interfaces/share/tutorial_interfaces/environment/pythonpath.dsv
[2.445s] -- Up-to-date symlink: /home/abdelhak/Robotic_ws/install/tutorial_interfaces/local/lib/python3.10/dist-packages/tutorial_interfaces-0.0.0-py3.10.egg-info/PKG-INFO
[2.445s] -- Up-to-date symlink: /home/abdelhak/Robotic_ws/install/tutorial_interfaces/local/lib/python3.10/dist-packages/tutorial_interfaces-0.0.0-py3.10.egg-info/SOURCES.txt
[2.446s] -- Up-to-date symlink: /home/abdelhak/Robotic_ws/install/tutorial_interfaces/local/lib/python3.10/dist-packages/tutorial_interfaces-0.0.0-py3.10.egg-info/dependency_links.txt
[2.446s] -- Up-to-date symlink: /home/abdelhak/Robotic_ws/install/tutorial_interfaces/local/lib/python3.10/dist-packages/tutorial_interfaces-0.0.0-py3.10.egg-info/top_level.txt
[2.446s] -- Up-to-date symlink: /home/abdelhak/Robotic_ws/install/tutorial_interfaces/local/lib/python3.10/dist-packages/tutorial_interfaces/__init__.py
[2.446s] -- Up-to-date symlink: /home/abdelhak/Robotic_ws/install/tutorial_interfaces/local/lib/python3.10/dist-packages/tutorial_interfaces/_tutorial_interfaces_s.ep.rosidl_typesupport_c.c
[2.446s] -- Up-to-date symlink: /home/abdelhak/Robotic_ws/install/tutorial_interfaces/local/lib/python3.10/dist-packages/tutorial_interfaces/_tutorial_interfaces_s.ep.rosidl_typesupport_fastrtps_c.c
[2.446s] -- Up-to-date symlink: /home/abdelhak/Robotic_ws/install/tutorial_interfaces/local/lib/python3.10/dist-packages/tutorial_interfaces/_tutorial_interfaces_s.ep.rosidl_typesupport_introspection_c.c
[2.446s] -- Up-to-date symlink: /home/abdelhak/Robotic_ws/install/tutorial_interfaces/local/lib/python3.10/dist-packages/tutorial_interfaces/libtutorial_interfaces__rosidl_generator_py.so
[2.446s] -- Up-to-date symlink: /home/abdelhak/Robotic_ws/install/tutorial_interfaces/local/lib/python3.10/dist-packages/tutorial_interfaces/msg/__init__.py
[2.446s] -- Up-to-date symlink: /home/abdelhak/Robotic_ws/install/tutorial_interfaces/local/lib/python3.10/dist-packages/tutorial_interfaces/msg/_num.py
[2.446s] -- Up-to-date symlink: /home/abdelhak/Robotic_ws/install/tutorial_interfaces/local/lib/python3.10/dist-packages/tutorial_interfaces/msg/_num_s.c
[2.446s] -- Up-to-date symlink: /home/abdelhak/Robotic_ws/install/tutorial_interfaces/local/lib/python3.10/dist-packages/tutorial_interfaces/msg/_sphere.py
[2.446s] -- Up-to-date symlink: /home/abdelhak/Robotic_ws/install/tutorial_interfaces/local/lib/python3.10/dist-packages/tutorial_interfaces/msg/_sphere_s.c
[2.446s] -- Up-to-date symlink: /home/abdelhak/Robotic_ws/install/tutorial_interfaces/local/lib/python3.10/dist-packages/tutorial_interfaces/srv/__init__.py
[2.447s] -- Up-to-date symlink: /home/abdelhak/Robotic_ws/install/tutorial_interfaces/local/lib/python3.10/dist-packages/tutorial_interfaces/srv/_add_three_ints.py
[2.447s] -- Up-to-date symlink: /home/abdelhak/Robotic_ws/install/tutorial_interfaces/local/lib/python3.10/dist-packages/tutorial_interfaces/srv/_add_three_ints_s.c
[2.447s] -- Up-to-date symlink: /home/abdelhak/Robotic_ws/install/tutorial_interfaces/local/lib/python3.10/dist-packages/tutorial_interfaces/tutorial_interfaces_s__rosidl_typesupport_c.cpython-310-x86_64-linux-gnu.so
[2.447s] -- Up-to-date symlink: /home/abdelhak/Robotic_ws/install/tutorial_interfaces/local/lib/python3.10/dist-packages/tutorial_interfaces/tutorial_interfaces_s__rosidl_typesupport_fastrtps_c.cpython-310-x86_64-linux-gnu.so
[2.447s] -- Up-to-date symlink: /home/abdelhak/Robotic_ws/install/tutorial_interfaces/local/lib/python3.10/dist-packages/tutorial_interfaces/tutorial_interfaces_s__rosidl_typesupport_introspection_c.cpython-310-x86_64-linux-gnu.so
[2.447s] -- Up-to-date symlink: /home/abdelhak/Robotic_ws/install/tutorial_interfaces/local/lib/python3.10/dist-packages/tutorial_interfaces/tutorial_interfaces_s__rosidl_typesupport_fastrtps_c.cpython-310-x86_64-linux-gnu.so
[2.447s] -- Up-to-date symlink: /home/abdelhak/Robotic_ws/install/tutorial_interfaces/local/lib/python3.10/dist-packages/tutorial_interfaces/tutorial_interfaces_s__rosidl_typesupport_introspection_c.cpython-310-x86_64-linux-gnu.so
[2.447s] -- Up-to-date symlink: /home/abdelhak/Robotic_ws/install/tutorial_interfaces/local/lib/python3.10/dist-packages/tutorial_interfaces/tutorial_interfaces_s__rosidl_typesupport_c.cpython-310-x86_64-linux-gnu.so
[2.447s] -- Up-to-date symlink: /home/abdelhak/Robotic_ws/install/tutorial_interfaces/share/tutorial_interfaces/msg/Num.idl
[2.447s] -- Up-to-date symlink: /home/abdelhak/Robotic_ws/install/tutorial_interfaces/share/tutorial_interfaces/msg/Sphere.idl
[2.447s] -- Up-to-date symlink: /home/abdelhak/Robotic_ws/install/tutorial_interfaces/share/tutorial_interfaces/srv/AddThreeInts.idl
[2.447s] -- Up-to-date symlink: /home/abdelhak/Robotic_ws/install/tutorial_interfaces/share/tutorial_interfaces/msg/Num.msg
[2.447s] -- Up-to-date symlink: /home/abdelhak/Robotic_ws/install/tutorial_interfaces/share/tutorial_interfaces/msg/Sphere.msg
[2.447s] -- Up-to-date symlink: /home/abdelhak/Robotic_ws/install/tutorial_interfaces/share/tutorial_interfaces/srv/AddThreeInts.srv
[2.447s] -- Up-to-date symlink: /home/abdelhak/Robotic_ws/install/tutorial_interfaces/share/tutorial_interfaces/srv/AddThreeInts_Request.msg
[2.447s] -- Up-to-date symlink: /home/abdelhak/Robotic_ws/install/tutorial_interfaces/share/tutorial_interfaces/srv/AddThreeInts_Response.msg
[2.448s] -- Up-to-date symlink: /home/abdelhak/Robotic_ws/install/tutorial_interfaces/share/ament_index/resource_index/package_run_dependencies/tutorial_interfaces
[2.448s] -- Up-to-date symlink: /home/abdelhak/Robotic_ws/install/tutorial_interfaces/share/ament_index/resource_index/parent_prefix_path/tutorial_interfaces
[2.448s] -- Up-to-date symlink: /home/abdelhak/Robotic_ws/install/tutorial_interfaces/share/tutorial_interfaces/environment/ament_prefix_path.sh
[2.448s] -- Up-to-date symlink: /home/abdelhak/Robotic_ws/install/tutorial_interfaces/share/tutorial_interfaces/environment/ament_prefix_path.dsv
[2.448s] -- Up-to-date symlink: /home/abdelhak/Robotic_ws/install/tutorial_interfaces/share/tutorial_interfaces/environment/path.sh
[2.448s] -- Up-to-date symlink: /home/abdelhak/Robotic_ws/install/tutorial_interfaces/share/tutorial_interfaces/environment/path.dsv
[2.448s] -- Up-to-date symlink: /home/abdelhak/Robotic_ws/install/tutorial_interfaces/share/tutorial_interfaces/local_setup.bash
[2.448s] -- Up-to-date symlink: /home/abdelhak/Robotic_ws/install/tutorial_interfaces/share/tutorial_interfaces/local_setup.sh
[2.448s] -- Up-to-date symlink: /home/abdelhak/Robotic_ws/install/tutorial_interfaces/share/tutorial_interfaces/local_setup.zsh
[2.448s] -- Up-to-date symlink: /home/abdelhak/Robotic_ws/install/tutorial_interfaces/share/tutorial_interfaces/local_setup.dsv
[2.448s] -- Symlinking: /home/abdelhak/Robotic_ws/install/tutorial_interfaces/share/tutorial_interfaces/package.dsv
[2.462s] -- Up-to-date symlink: /home/abdelhak/Robotic_ws/install/tutorial_interfaces/share/ament_index/resource_index/packages/tutorial_interfaces
[2.462s] -- Up-to-date symlink: /home/abdelhak/Robotic_ws/install/tutorial_interfaces/share/tutorial_interfaces/cmake/rosidl_cmake-extras.cmake
[2.462s] -- Up-to-date symlink: /home/abdelhak/Robotic_ws/install/tutorial_interfaces/share/tutorial_interfaces/cmake/ament_cmake_export_dependencies-extras.cmake
[2.462s] -- Up-to-date symlink: /home/abdelhak/Robotic_ws/install/tutorial_interfaces/share/tutorial_interfaces/cmake/ament_cmake_export_include_directories-extras.cmake
[2.463s] -- Up-to-date symlink: /home/abdelhak/Robotic_ws/install/tutorial_interfaces/share/tutorial_interfaces/cmake/ament_cmake_export_libraries-extras.cmake
[2.463s] -- Up-to-date symlink: /home/abdelhak/Robotic_ws/install/tutorial_interfaces/share/tutorial_interfaces/cmake/ament_cmake_export_targets-extras.cmake
[2.463s] -- Up-to-date symlink: /home/abdelhak/Robotic_ws/install/tutorial_interfaces/share/tutorial_interfaces/cmake/rosidl_cmake_export_typesupport_targets-extras.cmake
[2.463s] -- Up-to-date symlink: /home/abdelhak/Robotic_ws/install/tutorial_interfaces/share/tutorial_interfaces/cmake/rosidl_cmake_export_typesupport_libraries-extras.cmake
[2.463s] -- Up-to-date symlink: /home/abdelhak/Robotic_ws/install/tutorial_interfaces/share/tutorial_interfaces/cmake/tutorial_interfacesConfig.cmake
[2.464s] -- Up-to-date symlink: /home/abdelhak/Robotic_ws/install/tutorial_interfaces/share/tutorial_interfaces/cmake/tutorial_interfacesConfig-version.cmake
[2.464s] -- Up-to-date symlink: /home/abdelhak/Robotic_ws/install/tutorial_interfaces/share/tutorial_interfaces/package.xml
[2.464s] -- Up-to-date: /home/abdelhak/Robotic_ws/install/tutorial_interfaces/lib/libtutorial_interfaces__rosidl_generator_c.so
[2.467s] -- Up-to-date: /home/abdelhak/Robotic_ws/install/tutorial_interfaces/lib/libtutorial_interfaces__rosidl_typesupport_fastrtps_c.so
[2.468s] -- Up-to-date: /home/abdelhak/Robotic_ws/install/tutorial_interfaces/lib/libtutorial_interfaces__rosidl_typesupport_fastrtps_cpp.so
[2.469s] -- Up-to-date: /home/abdelhak/Robotic_ws/install/tutorial_interfaces/lib/libtutorial_interfaces__rosidl_typesupport_introspection_c.so
[2.469s] -- Up-to-date: /home/abdelhak/Robotic_ws/install/tutorial_interfaces/lib/libtutorial_interfaces__rosidl_typesupport_c.so
[2.470s] -- Up-to-date: /home/abdelhak/Robotic_ws/install/tutorial_interfaces/lib/libtutorial_interfaces__rosidl_typesupport_introspection_cpp.so
[2.471s] -- Up-to-date: /home/abdelhak/Robotic_ws/install/tutorial_interfaces/lib/libtutorial_interfaces__rosidl_typesupport_cpp.so
[2.537s] Listing '/home/abdelhak/Robotic_ws/install/tutorial_interfaces/local/lib/python3.10/dist-packages/tutorial_interfaces'...
[2.538s] Listing '/home/abdelhak/Robotic_ws/install/tutorial_interfaces/local/lib/python3.10/dist-packages/tutorial_interfaces/msg'...
[2.538s] Listing '/home/abdelhak/Robotic_ws/install/tutorial_interfaces/local/lib/python3.10/dist-packages/tutorial_interfaces/srv'...
[2.545s] -- Up-to-date: /home/abdelhak/Robotic_ws/install/tutorial_interfaces/lib/libtutorial_interfaces__rosidl_generator_py.so
[2.545s] -- Up-to-date: /home/abdelhak/Robotic_ws/install/tutorial_interfaces/share/tutorial_interfaces/cmake/export_tutorial_interfaces__rosidl_generator_cExport.cmake
[2.546s] -- Up-to-date: /home/abdelhak/Robotic_ws/install/tutorial_interfaces/share/tutorial_interfaces/cmake/export_tutorial_interfaces__rosidl_generator_cExport-noconfig.cmake
[2.546s] -- Up-to-date: /home/abdelhak/Robotic_ws/install/tutorial_interfaces/share/tutorial_interfaces/cmake/export_tutorial_interfaces__rosidl_typesupport_fastrtps_cExport.cmake
[2.546s] -- Up-to-date: /home/abdelhak/Robotic_ws/install/tutorial_interfaces/share/tutorial_interfaces/cmake/export_tutorial_interfaces__rosidl_typesupport_fastrtps_cExport-noconfig.cmake
[2.546s] -- Up-to-date: /home/abdelhak/Robotic_ws/install/tutorial_interfaces/share/tutorial_interfaces/cmake/export_tutorial_interfaces__rosidl_generator_cppExport.cmake
[2.546s] -- Up-to-date: /home/abdelhak/Robotic_ws/install/tutorial_interfaces/share/tutorial_interfaces/cmake/export_tutorial_interfaces__rosidl_typesupport_fastrtps_cppExport.cmake
[2.546s] -- Up-to-date: /home/abdelhak/Robotic_ws/install/tutorial_interfaces/share/tutorial_interfaces/cmake/export_tutorial_interfaces__rosidl_typesupport_fastrtps_cppExport-noconfig.cmake
[2.547s] -- Up-to-date: /home/abdelhak/Robotic_ws/install/tutorial_interfaces/share/tutorial_interfaces/cmake/tutorial_interfaces__rosidl_typesupport_introspection_cExport.cmake
[2.547s] -- Up-to-date: /home/abdelhak/Robotic_ws/install/tutorial_interfaces/share/tutorial_interfaces/cmake/tutorial_interfaces__rosidl_typesupport_introspection_cExport-noconfig.cmake
[2.547s] -- Up-to-date: /home/abdelhak/Robotic_ws/install/tutorial_interfaces/share/tutorial_interfaces/cmake/tutorial_interfaces__rosidl_typesupport_cExport.cmake
[2.547s] -- Up-to-date: /home/abdelhak/Robotic_ws/install/tutorial_interfaces/share/tutorial_interfaces/cmake/tutorial_interfaces__rosidl_typesupport_cExport-noconfig.cmake
[2.548s] -- Up-to-date: /home/abdelhak/Robotic_ws/install/tutorial_interfaces/share/tutorial_interfaces/cmake/tutorial_interfaces__rosidl_typesupport_introspection_cppExport.cmake
[2.548s] -- Up-to-date: /home/abdelhak/Robotic_ws/install/tutorial_interfaces/share/tutorial_interfaces/cmake/tutorial_interfaces__rosidl_typesupport_introspection_cppExport-noconfig.cmake
[2.548s] -- Up-to-date: /home/abdelhak/Robotic_ws/install/tutorial_interfaces/share/tutorial_interfaces/cmake/tutorial_interfaces__rosidl_typesupport_cppExport.cmake
[2.548s] -- Up-to-date: /home/abdelhak/Robotic_ws/install/tutorial_interfaces/share/tutorial_interfaces/cmake/tutorial_interfaces__rosidl_typesupport_cppExport-noconfig.cmake
[2.549s] -- Up-to-date: /home/abdelhak/Robotic_ws/install/tutorial_interfaces/share/tutorial_interfaces/cmake/export_tutorial_interfaces__rosidl_generator_pyExport.cmake
[2.549s] -- Up-to-date: /home/abdelhak/Robotic_ws/install/tutorial_interfaces/share/tutorial_interfaces/cmake/export_tutorial_interfaces__rosidl_generator_pyExport-noconfig.cmake
[2.553s] Invoked command in '/home/abdelhak/Robotic_ws/build/tutorial_interfaces' returned '0': CMAKE_PREFIX_PATH=${CMAKE_PREFIX_PATH}:/home/abdelhak/Robotic_ws/install/urdf_tuto:/home/abdelhak/Robotic_ws/install/py_pubsub:/home/abdelhak/Robotic_ws/install/python_parameters:/home/abdelhak/Robotic_ws/install/py_srvcli:/home/abdelhak/Robotic_ws/install/my_package:/opt/ros/humble /usr/bin/cmake --install /home/abdelhak/Robotic_ws/build/tutorial_interfaces
