[0.948s] Invoking command in '/home/abdelhak/Robotic_ws/build/my_package': PYTHONPATH=/home/abdelhak/Robotic_ws/build/my_package/prefix_override:/usr/lib/python3/dist-packages/colcon_core/task/python/colcon_distutils_commands:/home/abdelhak/Robotic_ws/install/my_package/lib/python3.10/site-packages:${PYTHONPATH} /usr/bin/python3 -W ignore:setup.py install is deprecated setup.py develop --editable --build-directory /home/abdelhak/Robotic_ws/build/my_package/build --no-deps symlink_data --force
[1.178s] running develop
[1.178s] /usr/lib/python3/dist-packages/setuptools/command/easy_install.py:158: EasyInstallDeprecationWarning: easy_install command is deprecated. Use build and pip and other standards-based tools.
[1.178s]   warnings.warn(
[1.312s] running egg_info
[1.313s] writing my_package.egg-info/PKG-INFO
[1.313s] writing dependency_links to my_package.egg-info/dependency_links.txt
[1.313s] writing entry points to my_package.egg-info/entry_points.txt
[1.313s] writing requirements to my_package.egg-info/requires.txt
[1.313s] writing top-level names to my_package.egg-info/top_level.txt
[1.315s] reading manifest file 'my_package.egg-info/SOURCES.txt'
[1.315s] writing manifest file 'my_package.egg-info/SOURCES.txt'
[1.316s] running build_ext
[1.317s] Creating /home/abdelhak/Robotic_ws/install/my_package/lib/python3.10/site-packages/my-package.egg-link (link to .)
[1.317s] Installing my_node script to /home/abdelhak/Robotic_ws/install/my_package/lib/my_package
[1.318s] 
[1.318s] Installed /home/abdelhak/Robotic_ws/build/my_package
[1.318s] running symlink_data
[1.318s] symbolically linking /home/abdelhak/Robotic_ws/build/my_package/resource/my_package -> /home/abdelhak/Robotic_ws/install/my_package/share/ament_index/resource_index/packages
[1.318s] symbolically linking /home/abdelhak/Robotic_ws/build/my_package/package.xml -> /home/abdelhak/Robotic_ws/install/my_package/share/my_package
[1.342s] Invoked command in '/home/abdelhak/Robotic_ws/build/my_package' returned '0': PYTHONPATH=/home/abdelhak/Robotic_ws/build/my_package/prefix_override:/usr/lib/python3/dist-packages/colcon_core/task/python/colcon_distutils_commands:/home/abdelhak/Robotic_ws/install/my_package/lib/python3.10/site-packages:${PYTHONPATH} /usr/bin/python3 -W ignore:setup.py install is deprecated setup.py develop --editable --build-directory /home/abdelhak/Robotic_ws/build/my_package/build --no-deps symlink_data --force
