[0.032s] Invoking command in '/home/abdelhak/Robotic_ws/build/tutorial_interfaces': CMAKE_PREFIX_PATH=${CMAKE_PREFIX_PATH}:/home/abdelhak/Robotic_ws/install/py_pubsub:/home/abdelhak/Robotic_ws/install/python_parameters:/home/abdelhak/Robotic_ws/install/py_srvcli:/home/abdelhak/Robotic_ws/install/my_package:/opt/ros/humble /usr/bin/cmake --build /home/abdelhak/Robotic_ws/build/tutorial_interfaces -- -j12 -l12
[0.960s] [  2%] Built target tutorial_interfaces__cpp
[0.960s] [ 12%] Built target tutorial_interfaces__rosidl_generator_c
[0.960s] [ 12%] Built target ament_cmake_python_symlink_tutorial_interfaces
[0.962s] [ 23%] Built target tutorial_interfaces__rosidl_typesupport_cpp
[0.962s] [ 34%] Built target tutorial_interfaces__rosidl_typesupport_introspection_cpp
[0.962s] [ 44%] Built target tutorial_interfaces__rosidl_typesupport_c
[0.962s] [ 55%] Built target tutorial_interfaces__rosidl_typesupport_fastrtps_c
[0.962s] [ 65%] Built target tutorial_interfaces__rosidl_typesupport_introspection_c
[0.962s] [ 76%] Built target tutorial_interfaces__rosidl_typesupport_fastrtps_cpp
[0.962s] [ 76%] Built target tutorial_interfaces
[0.962s] [ 78%] Built target tutorial_interfaces__py
[0.962s] [ 87%] Built target tutorial_interfaces__rosidl_generator_py
[0.962s] [ 91%] Built target tutorial_interfaces__rosidl_typesupport_c__pyext
[0.962s] [ 95%] Built target tutorial_interfaces__rosidl_typesupport_fastrtps_c__pyext
[0.962s] [100%] Built target tutorial_interfaces__rosidl_typesupport_introspection_c__pyext
[0.962s] running egg_info
[0.967s] writing tutorial_interfaces.egg-info/PKG-INFO
[0.967s] writing dependency_links to tutorial_interfaces.egg-info/dependency_links.txt
[0.967s] writing top-level names to tutorial_interfaces.egg-info/top_level.txt
[0.967s] reading manifest file 'tutorial_interfaces.egg-info/SOURCES.txt'
[0.967s] writing manifest file 'tutorial_interfaces.egg-info/SOURCES.txt'
[0.967s] [100%] Built target ament_cmake_python_build_tutorial_interfaces_egg
[1.237s] Invoked command in '/home/abdelhak/Robotic_ws/build/tutorial_interfaces' returned '0': CMAKE_PREFIX_PATH=${CMAKE_PREFIX_PATH}:/home/abdelhak/Robotic_ws/install/py_pubsub:/home/abdelhak/Robotic_ws/install/python_parameters:/home/abdelhak/Robotic_ws/install/py_srvcli:/home/abdelhak/Robotic_ws/install/my_package:/opt/ros/humble /usr/bin/cmake --build /home/abdelhak/Robotic_ws/build/tutorial_interfaces -- -j12 -l12
[1.347s] Invoking command in '/home/abdelhak/Robotic_ws/build/tutorial_interfaces': CMAKE_PREFIX_PATH=${CMAKE_PREFIX_PATH}:/home/abdelhak/Robotic_ws/install/py_pubsub:/home/abdelhak/Robotic_ws/install/python_parameters:/home/abdelhak/Robotic_ws/install/py_srvcli:/home/abdelhak/Robotic_ws/install/my_package:/opt/ros/humble /usr/bin/cmake --install /home/abdelhak/Robotic_ws/build/tutorial_interfaces
[1.356s] -- Install configuration: ""
[1.357s] -- Execute custom install script
[1.357s] -- Up-to-date symlink: /home/abdelhak/Robotic_ws/install/tutorial_interfaces/share/ament_index/resource_index/rosidl_interfaces/tutorial_interfaces
[1.358s] -- Up-to-date symlink: /home/abdelhak/Robotic_ws/install/tutorial_interfaces/include/tutorial_interfaces/tutorial_interfaces/msg/detail/num__functions.h
[1.358s] -- Up-to-date symlink: /home/abdelhak/Robotic_ws/install/tutorial_interfaces/include/tutorial_interfaces/tutorial_interfaces/msg/detail/num__struct.h
[1.359s] -- Up-to-date symlink: /home/abdelhak/Robotic_ws/install/tutorial_interfaces/include/tutorial_interfaces/tutorial_interfaces/msg/detail/num__type_support.h
[1.359s] -- Up-to-date symlink: /home/abdelhak/Robotic_ws/install/tutorial_interfaces/include/tutorial_interfaces/tutorial_interfaces/msg/detail/sphere__functions.h
[1.359s] -- Up-to-date symlink: /home/abdelhak/Robotic_ws/install/tutorial_interfaces/include/tutorial_interfaces/tutorial_interfaces/msg/detail/sphere__struct.h
[1.359s] -- Up-to-date symlink: /home/abdelhak/Robotic_ws/install/tutorial_interfaces/include/tutorial_interfaces/tutorial_interfaces/msg/detail/sphere__type_support.h
[1.359s] -- Up-to-date symlink: /home/abdelhak/Robotic_ws/install/tutorial_interfaces/include/tutorial_interfaces/tutorial_interfaces/msg/num.h
[1.360s] -- Up-to-date symlink: /home/abdelhak/Robotic_ws/install/tutorial_interfaces/include/tutorial_interfaces/tutorial_interfaces/msg/rosidl_generator_c__visibility_control.h
[1.360s] -- Up-to-date symlink: /home/abdelhak/Robotic_ws/install/tutorial_interfaces/include/tutorial_interfaces/tutorial_interfaces/msg/sphere.h
[1.360s] -- Up-to-date symlink: /home/abdelhak/Robotic_ws/install/tutorial_interfaces/include/tutorial_interfaces/tutorial_interfaces/srv/add_three_ints.h
[1.360s] -- Up-to-date symlink: /home/abdelhak/Robotic_ws/install/tutorial_interfaces/include/tutorial_interfaces/tutorial_interfaces/srv/detail/add_three_ints__functions.h
[1.360s] -- Up-to-date symlink: /home/abdelhak/Robotic_ws/install/tutorial_interfaces/include/tutorial_interfaces/tutorial_interfaces/srv/detail/add_three_ints__struct.h
[1.361s] -- Up-to-date symlink: /home/abdelhak/Robotic_ws/install/tutorial_interfaces/include/tutorial_interfaces/tutorial_interfaces/srv/detail/add_three_ints__type_support.h
[1.361s] -- Up-to-date symlink: /home/abdelhak/Robotic_ws/install/tutorial_interfaces/share/tutorial_interfaces/environment/library_path.sh
[1.361s] -- Up-to-date symlink: /home/abdelhak/Robotic_ws/install/tutorial_interfaces/share/tutorial_interfaces/environment/library_path.dsv
[1.362s] -- Up-to-date symlink: /home/abdelhak/Robotic_ws/install/tutorial_interfaces/include/tutorial_interfaces/tutorial_interfaces/msg/detail/num__rosidl_typesupport_fastrtps_c.h
[1.362s] -- Up-to-date symlink: /home/abdelhak/Robotic_ws/install/tutorial_interfaces/include/tutorial_interfaces/tutorial_interfaces/msg/detail/sphere__rosidl_typesupport_fastrtps_c.h
[1.362s] -- Up-to-date symlink: /home/abdelhak/Robotic_ws/install/tutorial_interfaces/include/tutorial_interfaces/tutorial_interfaces/msg/rosidl_typesupport_fastrtps_c__visibility_control.h
[1.362s] -- Up-to-date symlink: /home/abdelhak/Robotic_ws/install/tutorial_interfaces/include/tutorial_interfaces/tutorial_interfaces/srv/detail/add_three_ints__rosidl_typesupport_fastrtps_c.h
[1.363s] -- Up-to-date symlink: /home/abdelhak/Robotic_ws/install/tutorial_interfaces/include/tutorial_interfaces/tutorial_interfaces/msg/detail/num__builder.hpp
[1.363s] -- Up-to-date symlink: /home/abdelhak/Robotic_ws/install/tutorial_interfaces/include/tutorial_interfaces/tutorial_interfaces/msg/detail/num__struct.hpp
[1.363s] -- Up-to-date symlink: /home/abdelhak/Robotic_ws/install/tutorial_interfaces/include/tutorial_interfaces/tutorial_interfaces/msg/detail/num__traits.hpp
[1.363s] -- Up-to-date symlink: /home/abdelhak/Robotic_ws/install/tutorial_interfaces/include/tutorial_interfaces/tutorial_interfaces/msg/detail/sphere__builder.hpp
[1.364s] -- Up-to-date symlink: /home/abdelhak/Robotic_ws/install/tutorial_interfaces/include/tutorial_interfaces/tutorial_interfaces/msg/detail/sphere__struct.hpp
[1.364s] -- Up-to-date symlink: /home/abdelhak/Robotic_ws/install/tutorial_interfaces/include/tutorial_interfaces/tutorial_interfaces/msg/detail/sphere__traits.hpp
[1.364s] -- Up-to-date symlink: /home/abdelhak/Robotic_ws/install/tutorial_interfaces/include/tutorial_interfaces/tutorial_interfaces/msg/num.hpp
[1.364s] -- Up-to-date symlink: /home/abdelhak/Robotic_ws/install/tutorial_interfaces/include/tutorial_interfaces/tutorial_interfaces/msg/sphere.hpp
[1.364s] -- Up-to-date symlink: /home/abdelhak/Robotic_ws/install/tutorial_interfaces/include/tutorial_interfaces/tutorial_interfaces/srv/add_three_ints.hpp
[1.365s] -- Up-to-date symlink: /home/abdelhak/Robotic_ws/install/tutorial_interfaces/include/tutorial_interfaces/tutorial_interfaces/srv/detail/add_three_ints__builder.hpp
[1.365s] -- Up-to-date symlink: /home/abdelhak/Robotic_ws/install/tutorial_interfaces/include/tutorial_interfaces/tutorial_interfaces/srv/detail/add_three_ints__struct.hpp
[1.365s] -- Up-to-date symlink: /home/abdelhak/Robotic_ws/install/tutorial_interfaces/include/tutorial_interfaces/tutorial_interfaces/srv/detail/add_three_ints__traits.hpp
[1.366s] -- Up-to-date symlink: /home/abdelhak/Robotic_ws/install/tutorial_interfaces/include/tutorial_interfaces/tutorial_interfaces/msg/detail/num__rosidl_typesupport_fastrtps_cpp.hpp
[1.366s] -- Up-to-date symlink: /home/abdelhak/Robotic_ws/install/tutorial_interfaces/include/tutorial_interfaces/tutorial_interfaces/msg/detail/sphere__rosidl_typesupport_fastrtps_cpp.hpp
[1.366s] -- Up-to-date symlink: /home/abdelhak/Robotic_ws/install/tutorial_interfaces/include/tutorial_interfaces/tutorial_interfaces/msg/rosidl_typesupport_fastrtps_cpp__visibility_control.h
[1.366s] -- Up-to-date symlink: /home/abdelhak/Robotic_ws/install/tutorial_interfaces/include/tutorial_interfaces/tutorial_interfaces/srv/detail/add_three_ints__rosidl_typesupport_fastrtps_cpp.hpp
[1.367s] -- Up-to-date symlink: /home/abdelhak/Robotic_ws/install/tutorial_interfaces/include/tutorial_interfaces/tutorial_interfaces/msg/detail/num__rosidl_typesupport_introspection_c.h
[1.367s] -- Up-to-date symlink: /home/abdelhak/Robotic_ws/install/tutorial_interfaces/include/tutorial_interfaces/tutorial_interfaces/msg/detail/sphere__rosidl_typesupport_introspection_c.h
[1.367s] -- Up-to-date symlink: /home/abdelhak/Robotic_ws/install/tutorial_interfaces/include/tutorial_interfaces/tutorial_interfaces/msg/rosidl_typesupport_introspection_c__visibility_control.h
[1.368s] -- Up-to-date symlink: /home/abdelhak/Robotic_ws/install/tutorial_interfaces/include/tutorial_interfaces/tutorial_interfaces/srv/detail/add_three_ints__rosidl_typesupport_introspection_c.h
[1.368s] -- Up-to-date symlink: /home/abdelhak/Robotic_ws/install/tutorial_interfaces/include/tutorial_interfaces/tutorial_interfaces/msg/detail/num__rosidl_typesupport_introspection_cpp.hpp
[1.368s] -- Up-to-date symlink: /home/abdelhak/Robotic_ws/install/tutorial_interfaces/include/tutorial_interfaces/tutorial_interfaces/msg/detail/sphere__rosidl_typesupport_introspection_cpp.hpp
[1.369s] -- Up-to-date symlink: /home/abdelhak/Robotic_ws/install/tutorial_interfaces/include/tutorial_interfaces/tutorial_interfaces/srv/detail/add_three_ints__rosidl_typesupport_introspection_cpp.hpp
[1.369s] -- Up-to-date symlink: /home/abdelhak/Robotic_ws/install/tutorial_interfaces/share/tutorial_interfaces/environment/pythonpath.sh
[1.369s] -- Up-to-date symlink: /home/abdelhak/Robotic_ws/install/tutorial_interfaces/share/tutorial_interfaces/environment/pythonpath.dsv
[1.370s] -- Up-to-date symlink: /home/abdelhak/Robotic_ws/install/tutorial_interfaces/local/lib/python3.10/dist-packages/tutorial_interfaces-0.0.0-py3.10.egg-info/PKG-INFO
[1.370s] -- Up-to-date symlink: /home/abdelhak/Robotic_ws/install/tutorial_interfaces/local/lib/python3.10/dist-packages/tutorial_interfaces-0.0.0-py3.10.egg-info/SOURCES.txt
[1.371s] -- Up-to-date symlink: /home/abdelhak/Robotic_ws/install/tutorial_interfaces/local/lib/python3.10/dist-packages/tutorial_interfaces-0.0.0-py3.10.egg-info/dependency_links.txt
[1.371s] -- Up-to-date symlink: /home/abdelhak/Robotic_ws/install/tutorial_interfaces/local/lib/python3.10/dist-packages/tutorial_interfaces-0.0.0-py3.10.egg-info/top_level.txt
[1.373s] -- Up-to-date symlink: /home/abdelhak/Robotic_ws/install/tutorial_interfaces/local/lib/python3.10/dist-packages/tutorial_interfaces/__init__.py
[1.374s] -- Up-to-date symlink: /home/abdelhak/Robotic_ws/install/tutorial_interfaces/local/lib/python3.10/dist-packages/tutorial_interfaces/_tutorial_interfaces_s.ep.rosidl_typesupport_c.c
[1.374s] -- Up-to-date symlink: /home/abdelhak/Robotic_ws/install/tutorial_interfaces/local/lib/python3.10/dist-packages/tutorial_interfaces/_tutorial_interfaces_s.ep.rosidl_typesupport_fastrtps_c.c
[1.375s] -- Up-to-date symlink: /home/abdelhak/Robotic_ws/install/tutorial_interfaces/local/lib/python3.10/dist-packages/tutorial_interfaces/_tutorial_interfaces_s.ep.rosidl_typesupport_introspection_c.c
[1.375s] -- Up-to-date symlink: /home/abdelhak/Robotic_ws/install/tutorial_interfaces/local/lib/python3.10/dist-packages/tutorial_interfaces/libtutorial_interfaces__rosidl_generator_py.so
[1.375s] -- Up-to-date symlink: /home/abdelhak/Robotic_ws/install/tutorial_interfaces/local/lib/python3.10/dist-packages/tutorial_interfaces/msg/__init__.py
[1.375s] -- Up-to-date symlink: /home/abdelhak/Robotic_ws/install/tutorial_interfaces/local/lib/python3.10/dist-packages/tutorial_interfaces/msg/_num.py
[1.376s] -- Up-to-date symlink: /home/abdelhak/Robotic_ws/install/tutorial_interfaces/local/lib/python3.10/dist-packages/tutorial_interfaces/msg/_num_s.c
[1.376s] -- Up-to-date symlink: /home/abdelhak/Robotic_ws/install/tutorial_interfaces/local/lib/python3.10/dist-packages/tutorial_interfaces/msg/_sphere.py
[1.376s] -- Up-to-date symlink: /home/abdelhak/Robotic_ws/install/tutorial_interfaces/local/lib/python3.10/dist-packages/tutorial_interfaces/msg/_sphere_s.c
[1.377s] -- Up-to-date symlink: /home/abdelhak/Robotic_ws/install/tutorial_interfaces/local/lib/python3.10/dist-packages/tutorial_interfaces/srv/__init__.py
[1.377s] -- Up-to-date symlink: /home/abdelhak/Robotic_ws/install/tutorial_interfaces/local/lib/python3.10/dist-packages/tutorial_interfaces/srv/_add_three_ints.py
[1.377s] -- Up-to-date symlink: /home/abdelhak/Robotic_ws/install/tutorial_interfaces/local/lib/python3.10/dist-packages/tutorial_interfaces/srv/_add_three_ints_s.c
[1.377s] -- Up-to-date symlink: /home/abdelhak/Robotic_ws/install/tutorial_interfaces/local/lib/python3.10/dist-packages/tutorial_interfaces/tutorial_interfaces_s__rosidl_typesupport_c.cpython-310-x86_64-linux-gnu.so
[1.378s] -- Up-to-date symlink: /home/abdelhak/Robotic_ws/install/tutorial_interfaces/local/lib/python3.10/dist-packages/tutorial_interfaces/tutorial_interfaces_s__rosidl_typesupport_fastrtps_c.cpython-310-x86_64-linux-gnu.so
[1.378s] -- Up-to-date symlink: /home/abdelhak/Robotic_ws/install/tutorial_interfaces/local/lib/python3.10/dist-packages/tutorial_interfaces/tutorial_interfaces_s__rosidl_typesupport_introspection_c.cpython-310-x86_64-linux-gnu.so
[1.378s] -- Up-to-date symlink: /home/abdelhak/Robotic_ws/install/tutorial_interfaces/local/lib/python3.10/dist-packages/tutorial_interfaces/tutorial_interfaces_s__rosidl_typesupport_fastrtps_c.cpython-310-x86_64-linux-gnu.so
[1.378s] -- Up-to-date symlink: /home/abdelhak/Robotic_ws/install/tutorial_interfaces/local/lib/python3.10/dist-packages/tutorial_interfaces/tutorial_interfaces_s__rosidl_typesupport_introspection_c.cpython-310-x86_64-linux-gnu.so
[1.379s] -- Up-to-date symlink: /home/abdelhak/Robotic_ws/install/tutorial_interfaces/local/lib/python3.10/dist-packages/tutorial_interfaces/tutorial_interfaces_s__rosidl_typesupport_c.cpython-310-x86_64-linux-gnu.so
[1.379s] -- Up-to-date symlink: /home/abdelhak/Robotic_ws/install/tutorial_interfaces/share/tutorial_interfaces/msg/Num.idl
[1.379s] -- Up-to-date symlink: /home/abdelhak/Robotic_ws/install/tutorial_interfaces/share/tutorial_interfaces/msg/Sphere.idl
[1.379s] -- Up-to-date symlink: /home/abdelhak/Robotic_ws/install/tutorial_interfaces/share/tutorial_interfaces/srv/AddThreeInts.idl
[1.381s] -- Up-to-date symlink: /home/abdelhak/Robotic_ws/install/tutorial_interfaces/share/tutorial_interfaces/msg/Num.msg
[1.381s] -- Up-to-date symlink: /home/abdelhak/Robotic_ws/install/tutorial_interfaces/share/tutorial_interfaces/msg/Sphere.msg
[1.381s] -- Up-to-date symlink: /home/abdelhak/Robotic_ws/install/tutorial_interfaces/share/tutorial_interfaces/srv/AddThreeInts.srv
[1.382s] -- Up-to-date symlink: /home/abdelhak/Robotic_ws/install/tutorial_interfaces/share/tutorial_interfaces/srv/AddThreeInts_Request.msg
[1.382s] -- Up-to-date symlink: /home/abdelhak/Robotic_ws/install/tutorial_interfaces/share/tutorial_interfaces/srv/AddThreeInts_Response.msg
[1.382s] -- Up-to-date symlink: /home/abdelhak/Robotic_ws/install/tutorial_interfaces/share/ament_index/resource_index/package_run_dependencies/tutorial_interfaces
[1.383s] -- Up-to-date symlink: /home/abdelhak/Robotic_ws/install/tutorial_interfaces/share/ament_index/resource_index/parent_prefix_path/tutorial_interfaces
[1.386s] -- Up-to-date symlink: /home/abdelhak/Robotic_ws/install/tutorial_interfaces/share/tutorial_interfaces/environment/ament_prefix_path.sh
[1.386s] -- Up-to-date symlink: /home/abdelhak/Robotic_ws/install/tutorial_interfaces/share/tutorial_interfaces/environment/ament_prefix_path.dsv
[1.386s] -- Up-to-date symlink: /home/abdelhak/Robotic_ws/install/tutorial_interfaces/share/tutorial_interfaces/environment/path.sh
[1.386s] -- Up-to-date symlink: /home/abdelhak/Robotic_ws/install/tutorial_interfaces/share/tutorial_interfaces/environment/path.dsv
[1.387s] -- Up-to-date symlink: /home/abdelhak/Robotic_ws/install/tutorial_interfaces/share/tutorial_interfaces/local_setup.bash
[1.387s] -- Up-to-date symlink: /home/abdelhak/Robotic_ws/install/tutorial_interfaces/share/tutorial_interfaces/local_setup.sh
[1.387s] -- Up-to-date symlink: /home/abdelhak/Robotic_ws/install/tutorial_interfaces/share/tutorial_interfaces/local_setup.zsh
[1.387s] -- Up-to-date symlink: /home/abdelhak/Robotic_ws/install/tutorial_interfaces/share/tutorial_interfaces/local_setup.dsv
[1.387s] -- Symlinking: /home/abdelhak/Robotic_ws/install/tutorial_interfaces/share/tutorial_interfaces/package.dsv
[1.396s] -- Up-to-date symlink: /home/abdelhak/Robotic_ws/install/tutorial_interfaces/share/ament_index/resource_index/packages/tutorial_interfaces
[1.396s] -- Up-to-date symlink: /home/abdelhak/Robotic_ws/install/tutorial_interfaces/share/tutorial_interfaces/cmake/rosidl_cmake-extras.cmake
[1.396s] -- Up-to-date symlink: /home/abdelhak/Robotic_ws/install/tutorial_interfaces/share/tutorial_interfaces/cmake/ament_cmake_export_dependencies-extras.cmake
[1.397s] -- Up-to-date symlink: /home/abdelhak/Robotic_ws/install/tutorial_interfaces/share/tutorial_interfaces/cmake/ament_cmake_export_include_directories-extras.cmake
[1.397s] -- Up-to-date symlink: /home/abdelhak/Robotic_ws/install/tutorial_interfaces/share/tutorial_interfaces/cmake/ament_cmake_export_libraries-extras.cmake
[1.398s] -- Up-to-date symlink: /home/abdelhak/Robotic_ws/install/tutorial_interfaces/share/tutorial_interfaces/cmake/ament_cmake_export_targets-extras.cmake
[1.398s] -- Up-to-date symlink: /home/abdelhak/Robotic_ws/install/tutorial_interfaces/share/tutorial_interfaces/cmake/rosidl_cmake_export_typesupport_targets-extras.cmake
[1.398s] -- Up-to-date symlink: /home/abdelhak/Robotic_ws/install/tutorial_interfaces/share/tutorial_interfaces/cmake/rosidl_cmake_export_typesupport_libraries-extras.cmake
[1.399s] -- Up-to-date symlink: /home/abdelhak/Robotic_ws/install/tutorial_interfaces/share/tutorial_interfaces/cmake/tutorial_interfacesConfig.cmake
[1.399s] -- Up-to-date symlink: /home/abdelhak/Robotic_ws/install/tutorial_interfaces/share/tutorial_interfaces/cmake/tutorial_interfacesConfig-version.cmake
[1.399s] -- Up-to-date symlink: /home/abdelhak/Robotic_ws/install/tutorial_interfaces/share/tutorial_interfaces/package.xml
[1.399s] -- Up-to-date: /home/abdelhak/Robotic_ws/install/tutorial_interfaces/lib/libtutorial_interfaces__rosidl_generator_c.so
[1.400s] -- Up-to-date: /home/abdelhak/Robotic_ws/install/tutorial_interfaces/lib/libtutorial_interfaces__rosidl_typesupport_fastrtps_c.so
[1.401s] -- Up-to-date: /home/abdelhak/Robotic_ws/install/tutorial_interfaces/lib/libtutorial_interfaces__rosidl_typesupport_fastrtps_cpp.so
[1.401s] -- Up-to-date: /home/abdelhak/Robotic_ws/install/tutorial_interfaces/lib/libtutorial_interfaces__rosidl_typesupport_introspection_c.so
[1.404s] -- Up-to-date: /home/abdelhak/Robotic_ws/install/tutorial_interfaces/lib/libtutorial_interfaces__rosidl_typesupport_c.so
[1.404s] -- Up-to-date: /home/abdelhak/Robotic_ws/install/tutorial_interfaces/lib/libtutorial_interfaces__rosidl_typesupport_introspection_cpp.so
[1.404s] -- Up-to-date: /home/abdelhak/Robotic_ws/install/tutorial_interfaces/lib/libtutorial_interfaces__rosidl_typesupport_cpp.so
[1.474s] Listing '/home/abdelhak/Robotic_ws/install/tutorial_interfaces/local/lib/python3.10/dist-packages/tutorial_interfaces'...
[1.474s] Listing '/home/abdelhak/Robotic_ws/install/tutorial_interfaces/local/lib/python3.10/dist-packages/tutorial_interfaces/msg'...
[1.474s] Listing '/home/abdelhak/Robotic_ws/install/tutorial_interfaces/local/lib/python3.10/dist-packages/tutorial_interfaces/srv'...
[1.481s] -- Up-to-date: /home/abdelhak/Robotic_ws/install/tutorial_interfaces/lib/libtutorial_interfaces__rosidl_generator_py.so
[1.481s] -- Up-to-date: /home/abdelhak/Robotic_ws/install/tutorial_interfaces/share/tutorial_interfaces/cmake/export_tutorial_interfaces__rosidl_generator_cExport.cmake
[1.482s] -- Up-to-date: /home/abdelhak/Robotic_ws/install/tutorial_interfaces/share/tutorial_interfaces/cmake/export_tutorial_interfaces__rosidl_generator_cExport-noconfig.cmake
[1.482s] -- Up-to-date: /home/abdelhak/Robotic_ws/install/tutorial_interfaces/share/tutorial_interfaces/cmake/export_tutorial_interfaces__rosidl_typesupport_fastrtps_cExport.cmake
[1.482s] -- Up-to-date: /home/abdelhak/Robotic_ws/install/tutorial_interfaces/share/tutorial_interfaces/cmake/export_tutorial_interfaces__rosidl_typesupport_fastrtps_cExport-noconfig.cmake
[1.482s] -- Up-to-date: /home/abdelhak/Robotic_ws/install/tutorial_interfaces/share/tutorial_interfaces/cmake/export_tutorial_interfaces__rosidl_generator_cppExport.cmake
[1.482s] -- Up-to-date: /home/abdelhak/Robotic_ws/install/tutorial_interfaces/share/tutorial_interfaces/cmake/export_tutorial_interfaces__rosidl_typesupport_fastrtps_cppExport.cmake
[1.482s] -- Up-to-date: /home/abdelhak/Robotic_ws/install/tutorial_interfaces/share/tutorial_interfaces/cmake/export_tutorial_interfaces__rosidl_typesupport_fastrtps_cppExport-noconfig.cmake
[1.483s] -- Up-to-date: /home/abdelhak/Robotic_ws/install/tutorial_interfaces/share/tutorial_interfaces/cmake/tutorial_interfaces__rosidl_typesupport_introspection_cExport.cmake
[1.483s] -- Up-to-date: /home/abdelhak/Robotic_ws/install/tutorial_interfaces/share/tutorial_interfaces/cmake/tutorial_interfaces__rosidl_typesupport_introspection_cExport-noconfig.cmake
[1.483s] -- Up-to-date: /home/abdelhak/Robotic_ws/install/tutorial_interfaces/share/tutorial_interfaces/cmake/tutorial_interfaces__rosidl_typesupport_cExport.cmake
[1.483s] -- Up-to-date: /home/abdelhak/Robotic_ws/install/tutorial_interfaces/share/tutorial_interfaces/cmake/tutorial_interfaces__rosidl_typesupport_cExport-noconfig.cmake
[1.483s] -- Up-to-date: /home/abdelhak/Robotic_ws/install/tutorial_interfaces/share/tutorial_interfaces/cmake/tutorial_interfaces__rosidl_typesupport_introspection_cppExport.cmake
[1.484s] -- Up-to-date: /home/abdelhak/Robotic_ws/install/tutorial_interfaces/share/tutorial_interfaces/cmake/tutorial_interfaces__rosidl_typesupport_introspection_cppExport-noconfig.cmake
[1.484s] -- Up-to-date: /home/abdelhak/Robotic_ws/install/tutorial_interfaces/share/tutorial_interfaces/cmake/tutorial_interfaces__rosidl_typesupport_cppExport.cmake
[1.484s] -- Up-to-date: /home/abdelhak/Robotic_ws/install/tutorial_interfaces/share/tutorial_interfaces/cmake/tutorial_interfaces__rosidl_typesupport_cppExport-noconfig.cmake
[1.484s] -- Up-to-date: /home/abdelhak/Robotic_ws/install/tutorial_interfaces/share/tutorial_interfaces/cmake/export_tutorial_interfaces__rosidl_generator_pyExport.cmake
[1.484s] -- Up-to-date: /home/abdelhak/Robotic_ws/install/tutorial_interfaces/share/tutorial_interfaces/cmake/export_tutorial_interfaces__rosidl_generator_pyExport-noconfig.cmake
[1.487s] Invoked command in '/home/abdelhak/Robotic_ws/build/tutorial_interfaces' returned '0': CMAKE_PREFIX_PATH=${CMAKE_PREFIX_PATH}:/home/abdelhak/Robotic_ws/install/py_pubsub:/home/abdelhak/Robotic_ws/install/python_parameters:/home/abdelhak/Robotic_ws/install/py_srvcli:/home/abdelhak/Robotic_ws/install/my_package:/opt/ros/humble /usr/bin/cmake --install /home/abdelhak/Robotic_ws/build/tutorial_interfaces
