[6.824s] Invoking command in '/home/abdelhak/Robotic_ws/src/my_package': PYTHONPATH=/home/abdelhak/Robotic_ws/build/my_package/prefix_override:/usr/lib/python3/dist-packages/colcon_core/task/python/colcon_distutils_commands:/home/abdelhak/Robotic_ws/install/my_package/lib/python3.10/site-packages:${PYTHONPATH} /usr/bin/python3 -W ignore:setup.py install is deprecated setup.py egg_info --egg-base ../../build/my_package build --build-base /home/abdelhak/Robotic_ws/build/my_package/build install --record /home/abdelhak/Robotic_ws/build/my_package/install.log --single-version-externally-managed install_data
[7.120s] running egg_info
[7.121s] writing ../../build/my_package/my_package.egg-info/PKG-INFO
[7.122s] writing dependency_links to ../../build/my_package/my_package.egg-info/dependency_links.txt
[7.122s] writing entry points to ../../build/my_package/my_package.egg-info/entry_points.txt
[7.123s] writing requirements to ../../build/my_package/my_package.egg-info/requires.txt
[7.123s] writing top-level names to ../../build/my_package/my_package.egg-info/top_level.txt
[7.125s] reading manifest file '../../build/my_package/my_package.egg-info/SOURCES.txt'
[7.125s] adding license file 'LICENSE'
[7.126s] writing manifest file '../../build/my_package/my_package.egg-info/SOURCES.txt'
[7.126s] running build
[7.127s] running build_py
[7.127s] running install
[7.127s] running install_lib
[7.129s] running install_data
[7.129s] running install_egg_info
[7.134s] removing '/home/abdelhak/Robotic_ws/install/my_package/lib/python3.10/site-packages/my_package-0.0.0-py3.10.egg-info' (and everything under it)
[7.134s] Copying ../../build/my_package/my_package.egg-info to /home/abdelhak/Robotic_ws/install/my_package/lib/python3.10/site-packages/my_package-0.0.0-py3.10.egg-info
[7.134s] running install_scripts
[7.163s] Installing my_node script to /home/abdelhak/Robotic_ws/install/my_package/lib/my_package
[7.163s] writing list of installed files to '/home/abdelhak/Robotic_ws/build/my_package/install.log'
[7.190s] Invoked command in '/home/abdelhak/Robotic_ws/src/my_package' returned '0': PYTHONPATH=/home/abdelhak/Robotic_ws/build/my_package/prefix_override:/usr/lib/python3/dist-packages/colcon_core/task/python/colcon_distutils_commands:/home/abdelhak/Robotic_ws/install/my_package/lib/python3.10/site-packages:${PYTHONPATH} /usr/bin/python3 -W ignore:setup.py install is deprecated setup.py egg_info --egg-base ../../build/my_package build --build-base /home/abdelhak/Robotic_ws/build/my_package/build install --record /home/abdelhak/Robotic_ws/build/my_package/install.log --single-version-externally-managed install_data
