[0.999s] Invoking command in '/home/abdelhak/Robotic_ws/src/py_srvcli': PYTHONPATH=/home/abdelhak/Robotic_ws/build/py_srvcli/prefix_override:/usr/lib/python3/dist-packages/colcon_core/task/python/colcon_distutils_commands:/home/abdelhak/Robotic_ws/install/py_srvcli/lib/python3.10/site-packages:${PYTHONPATH} /usr/bin/python3 -W ignore:setup.py install is deprecated setup.py egg_info --egg-base ../../build/py_srvcli build --build-base /home/abdelhak/Robotic_ws/build/py_srvcli/build install --record /home/abdelhak/Robotic_ws/build/py_srvcli/install.log --single-version-externally-managed install_data
[1.235s] running egg_info
[1.236s] creating ../../build/py_srvcli/py_srvcli.egg-info
[1.236s] writing ../../build/py_srvcli/py_srvcli.egg-info/PKG-INFO
[1.236s] writing dependency_links to ../../build/py_srvcli/py_srvcli.egg-info/dependency_links.txt
[1.236s] writing entry points to ../../build/py_srvcli/py_srvcli.egg-info/entry_points.txt
[1.237s] writing requirements to ../../build/py_srvcli/py_srvcli.egg-info/requires.txt
[1.237s] writing top-level names to ../../build/py_srvcli/py_srvcli.egg-info/top_level.txt
[1.237s] writing manifest file '../../build/py_srvcli/py_srvcli.egg-info/SOURCES.txt'
[1.238s] reading manifest file '../../build/py_srvcli/py_srvcli.egg-info/SOURCES.txt'
[1.238s] adding license file 'LICENSE'
[1.239s] writing manifest file '../../build/py_srvcli/py_srvcli.egg-info/SOURCES.txt'
[1.239s] running build
[1.239s] running build_py
[1.239s] creating /home/abdelhak/Robotic_ws/build/py_srvcli/build
[1.239s] creating /home/abdelhak/Robotic_ws/build/py_srvcli/build/lib
[1.239s] creating /home/abdelhak/Robotic_ws/build/py_srvcli/build/lib/py_srvcli
[1.239s] copying py_srvcli/service_member_function.py -> /home/abdelhak/Robotic_ws/build/py_srvcli/build/lib/py_srvcli
[1.239s] copying py_srvcli/client_member_function.py -> /home/abdelhak/Robotic_ws/build/py_srvcli/build/lib/py_srvcli
[1.240s] copying py_srvcli/__init__.py -> /home/abdelhak/Robotic_ws/build/py_srvcli/build/lib/py_srvcli
[1.240s] running install
[1.240s] running install_lib
[1.240s] creating /home/abdelhak/Robotic_ws/install/py_srvcli/lib/python3.10/site-packages/py_srvcli
[1.240s] copying /home/abdelhak/Robotic_ws/build/py_srvcli/build/lib/py_srvcli/service_member_function.py -> /home/abdelhak/Robotic_ws/install/py_srvcli/lib/python3.10/site-packages/py_srvcli
[1.240s] copying /home/abdelhak/Robotic_ws/build/py_srvcli/build/lib/py_srvcli/client_member_function.py -> /home/abdelhak/Robotic_ws/install/py_srvcli/lib/python3.10/site-packages/py_srvcli
[1.241s] copying /home/abdelhak/Robotic_ws/build/py_srvcli/build/lib/py_srvcli/__init__.py -> /home/abdelhak/Robotic_ws/install/py_srvcli/lib/python3.10/site-packages/py_srvcli
[1.241s] byte-compiling /home/abdelhak/Robotic_ws/install/py_srvcli/lib/python3.10/site-packages/py_srvcli/service_member_function.py to service_member_function.cpython-310.pyc
[1.241s] byte-compiling /home/abdelhak/Robotic_ws/install/py_srvcli/lib/python3.10/site-packages/py_srvcli/client_member_function.py to client_member_function.cpython-310.pyc
[1.242s] byte-compiling /home/abdelhak/Robotic_ws/install/py_srvcli/lib/python3.10/site-packages/py_srvcli/__init__.py to __init__.cpython-310.pyc
[1.242s] running install_data
[1.242s] creating /home/abdelhak/Robotic_ws/install/py_srvcli/share/ament_index
[1.242s] creating /home/abdelhak/Robotic_ws/install/py_srvcli/share/ament_index/resource_index
[1.242s] creating /home/abdelhak/Robotic_ws/install/py_srvcli/share/ament_index/resource_index/packages
[1.242s] copying resource/py_srvcli -> /home/abdelhak/Robotic_ws/install/py_srvcli/share/ament_index/resource_index/packages
[1.243s] copying package.xml -> /home/abdelhak/Robotic_ws/install/py_srvcli/share/py_srvcli
[1.243s] running install_egg_info
[1.244s] Copying ../../build/py_srvcli/py_srvcli.egg-info to /home/abdelhak/Robotic_ws/install/py_srvcli/lib/python3.10/site-packages/py_srvcli-0.0.0-py3.10.egg-info
[1.245s] running install_scripts
[1.264s] Installing client script to /home/abdelhak/Robotic_ws/install/py_srvcli/lib/py_srvcli
[1.264s] Installing service script to /home/abdelhak/Robotic_ws/install/py_srvcli/lib/py_srvcli
[1.264s] writing list of installed files to '/home/abdelhak/Robotic_ws/build/py_srvcli/install.log'
[1.299s] Invoked command in '/home/abdelhak/Robotic_ws/src/py_srvcli' returned '0': PYTHONPATH=/home/abdelhak/Robotic_ws/build/py_srvcli/prefix_override:/usr/lib/python3/dist-packages/colcon_core/task/python/colcon_distutils_commands:/home/abdelhak/Robotic_ws/install/py_srvcli/lib/python3.10/site-packages:${PYTHONPATH} /usr/bin/python3 -W ignore:setup.py install is deprecated setup.py egg_info --egg-base ../../build/py_srvcli build --build-base /home/abdelhak/Robotic_ws/build/py_srvcli/build install --record /home/abdelhak/Robotic_ws/build/py_srvcli/install.log --single-version-externally-managed install_data
