[0.637s] Invoking command in '/home/abdelhak/Robotic_ws/build/urdf_tuto': PYTHONPATH=/home/abdelhak/Robotic_ws/build/urdf_tuto/prefix_override:/usr/lib/python3/dist-packages/colcon_core/task/python/colcon_distutils_commands:/home/abdelhak/Robotic_ws/install/urdf_tuto/lib/python3.10/site-packages:${PYTHONPATH} /usr/bin/python3 -W ignore:setup.py install is deprecated setup.py develop --editable --build-directory /home/abdelhak/Robotic_ws/build/urdf_tuto/build --no-deps symlink_data --force
[0.920s] running develop
[0.921s] /usr/lib/python3/dist-packages/setuptools/command/easy_install.py:158: EasyInstallDeprecationWarning: easy_install command is deprecated. Use build and pip and other standards-based tools.
[0.921s]   warnings.warn(
[1.085s] running egg_info
[1.085s] writing urdf_tuto.egg-info/PKG-INFO
[1.085s] writing dependency_links to urdf_tuto.egg-info/dependency_links.txt
[1.085s] writing entry points to urdf_tuto.egg-info/entry_points.txt
[1.086s] writing requirements to urdf_tuto.egg-info/requires.txt
[1.086s] writing top-level names to urdf_tuto.egg-info/top_level.txt
[1.087s] reading manifest file 'urdf_tuto.egg-info/SOURCES.txt'
[1.088s] writing manifest file 'urdf_tuto.egg-info/SOURCES.txt'
[1.089s] running build_ext
[1.089s] Creating /home/abdelhak/Robotic_ws/install/urdf_tuto/lib/python3.10/site-packages/urdf-tuto.egg-link (link to .)
[1.089s] 
[1.090s] Installed /home/abdelhak/Robotic_ws/build/urdf_tuto
[1.090s] running symlink_data
[1.090s] symbolically linking /home/abdelhak/Robotic_ws/build/urdf_tuto/resource/urdf_tuto -> /home/abdelhak/Robotic_ws/install/urdf_tuto/share/ament_index/resource_index/packages
[1.090s] symbolically linking /home/abdelhak/Robotic_ws/build/urdf_tuto/package.xml -> /home/abdelhak/Robotic_ws/install/urdf_tuto/share/urdf_tuto
[1.090s] symbolically linking /home/abdelhak/Robotic_ws/build/urdf_tuto/launch/robot_launch.py -> /home/abdelhak/Robotic_ws/install/urdf_tuto/share/urdf_tuto/launch
[1.108s] Invoked command in '/home/abdelhak/Robotic_ws/build/urdf_tuto' returned '0': PYTHONPATH=/home/abdelhak/Robotic_ws/build/urdf_tuto/prefix_override:/usr/lib/python3/dist-packages/colcon_core/task/python/colcon_distutils_commands:/home/abdelhak/Robotic_ws/install/urdf_tuto/lib/python3.10/site-packages:${PYTHONPATH} /usr/bin/python3 -W ignore:setup.py install is deprecated setup.py develop --editable --build-directory /home/abdelhak/Robotic_ws/build/urdf_tuto/build --no-deps symlink_data --force
