[0.947s] Invoking command in '/home/abdelhak/Robotic_ws/build/py_srvcli': PYTHONPATH=/home/abdelhak/Robotic_ws/build/py_srvcli/prefix_override:/usr/lib/python3/dist-packages/colcon_core/task/python/colcon_distutils_commands:/home/abdelhak/Robotic_ws/install/py_srvcli/lib/python3.10/site-packages:${PYTHONPATH} /usr/bin/python3 -W ignore:setup.py install is deprecated setup.py develop --editable --build-directory /home/abdelhak/Robotic_ws/build/py_srvcli/build --no-deps symlink_data --force
[1.183s] running develop
[1.183s] /usr/lib/python3/dist-packages/setuptools/command/easy_install.py:158: EasyInstallDeprecationWarning: easy_install command is deprecated. Use build and pip and other standards-based tools.
[1.184s]   warnings.warn(
[1.324s] running egg_info
[1.324s] writing py_srvcli.egg-info/PKG-INFO
[1.324s] writing dependency_links to py_srvcli.egg-info/dependency_links.txt
[1.324s] writing entry points to py_srvcli.egg-info/entry_points.txt
[1.324s] writing requirements to py_srvcli.egg-info/requires.txt
[1.324s] writing top-level names to py_srvcli.egg-info/top_level.txt
[1.326s] reading manifest file 'py_srvcli.egg-info/SOURCES.txt'
[1.327s] writing manifest file 'py_srvcli.egg-info/SOURCES.txt'
[1.328s] running build_ext
[1.328s] Creating /home/abdelhak/Robotic_ws/install/py_srvcli/lib/python3.10/site-packages/py-srvcli.egg-link (link to .)
[1.329s] Installing client script to /home/abdelhak/Robotic_ws/install/py_srvcli/lib/py_srvcli
[1.329s] Installing service script to /home/abdelhak/Robotic_ws/install/py_srvcli/lib/py_srvcli
[1.329s] 
[1.329s] Installed /home/abdelhak/Robotic_ws/build/py_srvcli
[1.329s] running symlink_data
[1.330s] symbolically linking /home/abdelhak/Robotic_ws/build/py_srvcli/resource/py_srvcli -> /home/abdelhak/Robotic_ws/install/py_srvcli/share/ament_index/resource_index/packages
[1.330s] symbolically linking /home/abdelhak/Robotic_ws/build/py_srvcli/package.xml -> /home/abdelhak/Robotic_ws/install/py_srvcli/share/py_srvcli
[1.353s] Invoked command in '/home/abdelhak/Robotic_ws/build/py_srvcli' returned '0': PYTHONPATH=/home/abdelhak/Robotic_ws/build/py_srvcli/prefix_override:/usr/lib/python3/dist-packages/colcon_core/task/python/colcon_distutils_commands:/home/abdelhak/Robotic_ws/install/py_srvcli/lib/python3.10/site-packages:${PYTHONPATH} /usr/bin/python3 -W ignore:setup.py install is deprecated setup.py develop --editable --build-directory /home/abdelhak/Robotic_ws/build/py_srvcli/build --no-deps symlink_data --force
