[0.595s] Invoking command in '/home/abdelhak/Robotic_ws/build/py_pubsub': PYTHONPATH=/home/abdelhak/Robotic_ws/build/py_pubsub/prefix_override:/usr/lib/python3/dist-packages/colcon_core/task/python/colcon_distutils_commands:/home/abdelhak/Robotic_ws/install/py_pubsub/lib/python3.10/site-packages:${PYTHONPATH} /usr/bin/python3 -W ignore:setup.py install is deprecated setup.py develop --uninstall --editable --build-directory /home/abdelhak/Robotic_ws/build/py_pubsub/build
[0.822s] running develop
[0.822s] /usr/lib/python3/dist-packages/setuptools/command/easy_install.py:158: EasyInstallDeprecationWarning: easy_install command is deprecated. Use build and pip and other standards-based tools.
[0.822s]   warnings.warn(
[0.952s] Removing /home/abdelhak/Robotic_ws/install/py_pubsub/lib/python3.10/site-packages/py-pubsub.egg-link (link to .)
[0.972s] Invoked command in '/home/abdelhak/Robotic_ws/build/py_pubsub' returned '0': PYTHONPATH=/home/abdelhak/Robotic_ws/build/py_pubsub/prefix_override:/usr/lib/python3/dist-packages/colcon_core/task/python/colcon_distutils_commands:/home/abdelhak/Robotic_ws/install/py_pubsub/lib/python3.10/site-packages:${PYTHONPATH} /usr/bin/python3 -W ignore:setup.py install is deprecated setup.py develop --uninstall --editable --build-directory /home/abdelhak/Robotic_ws/build/py_pubsub/build
[0.973s] Invoking command in '/home/abdelhak/Robotic_ws/src/py_pubsub': PYTHONPATH=/home/abdelhak/Robotic_ws/build/py_pubsub/prefix_override:/usr/lib/python3/dist-packages/colcon_core/task/python/colcon_distutils_commands:/home/abdelhak/Robotic_ws/install/py_pubsub/lib/python3.10/site-packages:${PYTHONPATH} /usr/bin/python3 -W ignore:setup.py install is deprecated setup.py egg_info --egg-base ../../build/py_pubsub build --build-base /home/abdelhak/Robotic_ws/build/py_pubsub/build install --record /home/abdelhak/Robotic_ws/build/py_pubsub/install.log --single-version-externally-managed install_data --force
[1.173s] running egg_info
[1.173s] writing ../../build/py_pubsub/py_pubsub.egg-info/PKG-INFO
[1.174s] writing dependency_links to ../../build/py_pubsub/py_pubsub.egg-info/dependency_links.txt
[1.174s] writing entry points to ../../build/py_pubsub/py_pubsub.egg-info/entry_points.txt
[1.174s] writing requirements to ../../build/py_pubsub/py_pubsub.egg-info/requires.txt
[1.174s] writing top-level names to ../../build/py_pubsub/py_pubsub.egg-info/top_level.txt
[1.176s] reading manifest file '../../build/py_pubsub/py_pubsub.egg-info/SOURCES.txt'
[1.176s] adding license file 'LICENSE'
[1.177s] writing manifest file '../../build/py_pubsub/py_pubsub.egg-info/SOURCES.txt'
[1.177s] running build
[1.177s] running build_py
[1.177s] copying py_pubsub/publisher_member_function.py -> /home/abdelhak/Robotic_ws/build/py_pubsub/build/lib/py_pubsub
[1.178s] running install
[1.178s] running install_lib
[1.178s] creating /home/abdelhak/Robotic_ws/install/py_pubsub/lib/python3.10/site-packages/py_pubsub
[1.179s] copying /home/abdelhak/Robotic_ws/build/py_pubsub/build/lib/py_pubsub/publisher_member_function.py -> /home/abdelhak/Robotic_ws/install/py_pubsub/lib/python3.10/site-packages/py_pubsub
[1.179s] copying /home/abdelhak/Robotic_ws/build/py_pubsub/build/lib/py_pubsub/subscriber_member_function.py -> /home/abdelhak/Robotic_ws/install/py_pubsub/lib/python3.10/site-packages/py_pubsub
[1.179s] copying /home/abdelhak/Robotic_ws/build/py_pubsub/build/lib/py_pubsub/__init__.py -> /home/abdelhak/Robotic_ws/install/py_pubsub/lib/python3.10/site-packages/py_pubsub
[1.180s] byte-compiling /home/abdelhak/Robotic_ws/install/py_pubsub/lib/python3.10/site-packages/py_pubsub/publisher_member_function.py to publisher_member_function.cpython-310.pyc
[1.180s] byte-compiling /home/abdelhak/Robotic_ws/install/py_pubsub/lib/python3.10/site-packages/py_pubsub/subscriber_member_function.py to subscriber_member_function.cpython-310.pyc
[1.180s] byte-compiling /home/abdelhak/Robotic_ws/install/py_pubsub/lib/python3.10/site-packages/py_pubsub/__init__.py to __init__.cpython-310.pyc
[1.181s] running install_data
[1.181s] copying resource/py_pubsub -> /home/abdelhak/Robotic_ws/install/py_pubsub/share/ament_index/resource_index/packages
[1.181s] copying package.xml -> /home/abdelhak/Robotic_ws/install/py_pubsub/share/py_pubsub
[1.181s] running install_egg_info
[1.183s] Copying ../../build/py_pubsub/py_pubsub.egg-info to /home/abdelhak/Robotic_ws/install/py_pubsub/lib/python3.10/site-packages/py_pubsub-0.0.0-py3.10.egg-info
[1.184s] running install_scripts
[1.201s] Installing listener script to /home/abdelhak/Robotic_ws/install/py_pubsub/lib/py_pubsub
[1.201s] Installing talker script to /home/abdelhak/Robotic_ws/install/py_pubsub/lib/py_pubsub
[1.201s] writing list of installed files to '/home/abdelhak/Robotic_ws/build/py_pubsub/install.log'
[1.218s] Invoked command in '/home/abdelhak/Robotic_ws/src/py_pubsub' returned '0': PYTHONPATH=/home/abdelhak/Robotic_ws/build/py_pubsub/prefix_override:/usr/lib/python3/dist-packages/colcon_core/task/python/colcon_distutils_commands:/home/abdelhak/Robotic_ws/install/py_pubsub/lib/python3.10/site-packages:${PYTHONPATH} /usr/bin/python3 -W ignore:setup.py install is deprecated setup.py egg_info --egg-base ../../build/py_pubsub build --build-base /home/abdelhak/Robotic_ws/build/py_pubsub/build install --record /home/abdelhak/Robotic_ws/build/py_pubsub/install.log --single-version-externally-managed install_data --force
