[0.029s] Invoking command in '/home/abdelhak/Robotic_ws/build/action_tutorials_interfaces': CMAKE_PREFIX_PATH=${CMAKE_PREFIX_PATH}:/home/abdelhak/Robotic_ws/install/py_pubsub:/home/abdelhak/Robotic_ws/install/python_parameters:/home/abdelhak/Robotic_ws/install/py_srvcli:/home/abdelhak/Robotic_ws/install/my_package:/opt/ros/humble /usr/bin/cmake --build /home/abdelhak/Robotic_ws/build/action_tutorials_interfaces -- -j12 -l12
[0.962s] [  3%] Built target action_tutorials_interfaces__cpp
[0.962s] [  3%] Built target ament_cmake_python_copy_action_tutorials_interfaces
[0.962s] [ 12%] Built target action_tutorials_interfaces__rosidl_generator_c
[0.962s] [ 22%] Built target action_tutorials_interfaces__rosidl_typesupport_fastrtps_cpp
[0.962s] [ 32%] Built target action_tutorials_interfaces__rosidl_typesupport_cpp
[0.962s] [ 41%] Built target action_tutorials_interfaces__rosidl_typesupport_introspection_cpp
[0.962s] [ 51%] Built target action_tutorials_interfaces__rosidl_typesupport_c
[0.962s] [ 61%] Built target action_tutorials_interfaces__rosidl_typesupport_introspection_c
[0.962s] [ 70%] Built target action_tutorials_interfaces__rosidl_typesupport_fastrtps_c
[0.962s] [ 70%] Built target action_tutorials_interfaces
[0.962s] [ 74%] Built target action_tutorials_interfaces__py
[0.962s] [ 80%] Built target action_tutorials_interfaces__rosidl_generator_py
[0.962s] [ 87%] Built target action_tutorials_interfaces__rosidl_typesupport_introspection_c__pyext
[0.962s] [ 93%] Built target action_tutorials_interfaces__rosidl_typesupport_fastrtps_c__pyext
[0.963s] [100%] Built target action_tutorials_interfaces__rosidl_typesupport_c__pyext
[0.963s] running egg_info
[0.963s] writing action_tutorials_interfaces.egg-info/PKG-INFO
[0.963s] writing dependency_links to action_tutorials_interfaces.egg-info/dependency_links.txt
[0.963s] writing top-level names to action_tutorials_interfaces.egg-info/top_level.txt
[0.963s] reading manifest file 'action_tutorials_interfaces.egg-info/SOURCES.txt'
[0.963s] writing manifest file 'action_tutorials_interfaces.egg-info/SOURCES.txt'
[0.963s] [100%] Built target ament_cmake_python_build_action_tutorials_interfaces_egg
[1.229s] Invoked command in '/home/abdelhak/Robotic_ws/build/action_tutorials_interfaces' returned '0': CMAKE_PREFIX_PATH=${CMAKE_PREFIX_PATH}:/home/abdelhak/Robotic_ws/install/py_pubsub:/home/abdelhak/Robotic_ws/install/python_parameters:/home/abdelhak/Robotic_ws/install/py_srvcli:/home/abdelhak/Robotic_ws/install/my_package:/opt/ros/humble /usr/bin/cmake --build /home/abdelhak/Robotic_ws/build/action_tutorials_interfaces -- -j12 -l12
[1.303s] Invoking command in '/home/abdelhak/Robotic_ws/build/action_tutorials_interfaces': CMAKE_PREFIX_PATH=${CMAKE_PREFIX_PATH}:/home/abdelhak/Robotic_ws/install/py_pubsub:/home/abdelhak/Robotic_ws/install/python_parameters:/home/abdelhak/Robotic_ws/install/py_srvcli:/home/abdelhak/Robotic_ws/install/my_package:/opt/ros/humble /usr/bin/cmake --install /home/abdelhak/Robotic_ws/build/action_tutorials_interfaces
[1.313s] -- Install configuration: ""
[1.313s] -- Up-to-date: /home/abdelhak/Robotic_ws/install/action_tutorials_interfaces/share/ament_index/resource_index/rosidl_interfaces/action_tutorials_interfaces
[1.313s] -- Up-to-date: /home/abdelhak/Robotic_ws/install/action_tutorials_interfaces/include/action_tutorials_interfaces/action_tutorials_interfaces
[1.313s] -- Up-to-date: /home/abdelhak/Robotic_ws/install/action_tutorials_interfaces/include/action_tutorials_interfaces/action_tutorials_interfaces/msg
[1.314s] -- Up-to-date: /home/abdelhak/Robotic_ws/install/action_tutorials_interfaces/include/action_tutorials_interfaces/action_tutorials_interfaces/msg/rosidl_generator_c__visibility_control.h
[1.314s] -- Up-to-date: /home/abdelhak/Robotic_ws/install/action_tutorials_interfaces/include/action_tutorials_interfaces/action_tutorials_interfaces/action
[1.314s] -- Up-to-date: /home/abdelhak/Robotic_ws/install/action_tutorials_interfaces/include/action_tutorials_interfaces/action_tutorials_interfaces/action/fibonacci.h
[1.314s] -- Up-to-date: /home/abdelhak/Robotic_ws/install/action_tutorials_interfaces/include/action_tutorials_interfaces/action_tutorials_interfaces/action/detail
[1.314s] -- Up-to-date: /home/abdelhak/Robotic_ws/install/action_tutorials_interfaces/include/action_tutorials_interfaces/action_tutorials_interfaces/action/detail/fibonacci__struct.h
[1.314s] -- Up-to-date: /home/abdelhak/Robotic_ws/install/action_tutorials_interfaces/include/action_tutorials_interfaces/action_tutorials_interfaces/action/detail/fibonacci__type_support.h
[1.315s] -- Up-to-date: /home/abdelhak/Robotic_ws/install/action_tutorials_interfaces/include/action_tutorials_interfaces/action_tutorials_interfaces/action/detail/fibonacci__functions.c
[1.315s] -- Up-to-date: /home/abdelhak/Robotic_ws/install/action_tutorials_interfaces/include/action_tutorials_interfaces/action_tutorials_interfaces/action/detail/fibonacci__functions.h
[1.315s] -- Up-to-date: /home/abdelhak/Robotic_ws/install/action_tutorials_interfaces/share/action_tutorials_interfaces/environment/library_path.sh
[1.315s] -- Up-to-date: /home/abdelhak/Robotic_ws/install/action_tutorials_interfaces/share/action_tutorials_interfaces/environment/library_path.dsv
[1.315s] -- Up-to-date: /home/abdelhak/Robotic_ws/install/action_tutorials_interfaces/lib/libaction_tutorials_interfaces__rosidl_generator_c.so
[1.315s] -- Up-to-date: /home/abdelhak/Robotic_ws/install/action_tutorials_interfaces/include/action_tutorials_interfaces/action_tutorials_interfaces
[1.316s] -- Up-to-date: /home/abdelhak/Robotic_ws/install/action_tutorials_interfaces/include/action_tutorials_interfaces/action_tutorials_interfaces/msg
[1.316s] -- Up-to-date: /home/abdelhak/Robotic_ws/install/action_tutorials_interfaces/include/action_tutorials_interfaces/action_tutorials_interfaces/msg/rosidl_typesupport_fastrtps_c__visibility_control.h
[1.316s] -- Up-to-date: /home/abdelhak/Robotic_ws/install/action_tutorials_interfaces/include/action_tutorials_interfaces/action_tutorials_interfaces/action
[1.316s] -- Up-to-date: /home/abdelhak/Robotic_ws/install/action_tutorials_interfaces/include/action_tutorials_interfaces/action_tutorials_interfaces/action/detail
[1.316s] -- Up-to-date: /home/abdelhak/Robotic_ws/install/action_tutorials_interfaces/include/action_tutorials_interfaces/action_tutorials_interfaces/action/detail/fibonacci__rosidl_typesupport_fastrtps_c.h
[1.317s] -- Up-to-date: /home/abdelhak/Robotic_ws/install/action_tutorials_interfaces/lib/libaction_tutorials_interfaces__rosidl_typesupport_fastrtps_c.so
[1.317s] -- Up-to-date: /home/abdelhak/Robotic_ws/install/action_tutorials_interfaces/include/action_tutorials_interfaces/action_tutorials_interfaces
[1.317s] -- Up-to-date: /home/abdelhak/Robotic_ws/install/action_tutorials_interfaces/include/action_tutorials_interfaces/action_tutorials_interfaces/msg
[1.317s] -- Up-to-date: /home/abdelhak/Robotic_ws/install/action_tutorials_interfaces/include/action_tutorials_interfaces/action_tutorials_interfaces/msg/rosidl_typesupport_introspection_c__visibility_control.h
[1.317s] -- Up-to-date: /home/abdelhak/Robotic_ws/install/action_tutorials_interfaces/include/action_tutorials_interfaces/action_tutorials_interfaces/action
[1.317s] -- Up-to-date: /home/abdelhak/Robotic_ws/install/action_tutorials_interfaces/include/action_tutorials_interfaces/action_tutorials_interfaces/action/detail
[1.317s] -- Up-to-date: /home/abdelhak/Robotic_ws/install/action_tutorials_interfaces/include/action_tutorials_interfaces/action_tutorials_interfaces/action/detail/fibonacci__type_support.c
[1.318s] -- Up-to-date: /home/abdelhak/Robotic_ws/install/action_tutorials_interfaces/include/action_tutorials_interfaces/action_tutorials_interfaces/action/detail/fibonacci__rosidl_typesupport_introspection_c.h
[1.318s] -- Up-to-date: /home/abdelhak/Robotic_ws/install/action_tutorials_interfaces/lib/libaction_tutorials_interfaces__rosidl_typesupport_introspection_c.so
[1.318s] -- Up-to-date: /home/abdelhak/Robotic_ws/install/action_tutorials_interfaces/lib/libaction_tutorials_interfaces__rosidl_typesupport_c.so
[1.318s] -- Up-to-date: /home/abdelhak/Robotic_ws/install/action_tutorials_interfaces/include/action_tutorials_interfaces/action_tutorials_interfaces
[1.318s] -- Up-to-date: /home/abdelhak/Robotic_ws/install/action_tutorials_interfaces/include/action_tutorials_interfaces/action_tutorials_interfaces/action
[1.318s] -- Up-to-date: /home/abdelhak/Robotic_ws/install/action_tutorials_interfaces/include/action_tutorials_interfaces/action_tutorials_interfaces/action/detail
[1.319s] -- Up-to-date: /home/abdelhak/Robotic_ws/install/action_tutorials_interfaces/include/action_tutorials_interfaces/action_tutorials_interfaces/action/detail/fibonacci__traits.hpp
[1.319s] -- Up-to-date: /home/abdelhak/Robotic_ws/install/action_tutorials_interfaces/include/action_tutorials_interfaces/action_tutorials_interfaces/action/detail/fibonacci__builder.hpp
[1.319s] -- Up-to-date: /home/abdelhak/Robotic_ws/install/action_tutorials_interfaces/include/action_tutorials_interfaces/action_tutorials_interfaces/action/detail/fibonacci__struct.hpp
[1.319s] -- Up-to-date: /home/abdelhak/Robotic_ws/install/action_tutorials_interfaces/include/action_tutorials_interfaces/action_tutorials_interfaces/action/fibonacci.hpp
[1.319s] -- Up-to-date: /home/abdelhak/Robotic_ws/install/action_tutorials_interfaces/include/action_tutorials_interfaces/action_tutorials_interfaces
[1.319s] -- Up-to-date: /home/abdelhak/Robotic_ws/install/action_tutorials_interfaces/include/action_tutorials_interfaces/action_tutorials_interfaces/msg
[1.320s] -- Up-to-date: /home/abdelhak/Robotic_ws/install/action_tutorials_interfaces/include/action_tutorials_interfaces/action_tutorials_interfaces/msg/rosidl_typesupport_fastrtps_cpp__visibility_control.h
[1.320s] -- Up-to-date: /home/abdelhak/Robotic_ws/install/action_tutorials_interfaces/include/action_tutorials_interfaces/action_tutorials_interfaces/action
[1.320s] -- Up-to-date: /home/abdelhak/Robotic_ws/install/action_tutorials_interfaces/include/action_tutorials_interfaces/action_tutorials_interfaces/action/detail
[1.320s] -- Up-to-date: /home/abdelhak/Robotic_ws/install/action_tutorials_interfaces/include/action_tutorials_interfaces/action_tutorials_interfaces/action/detail/fibonacci__rosidl_typesupport_fastrtps_cpp.hpp
[1.320s] -- Up-to-date: /home/abdelhak/Robotic_ws/install/action_tutorials_interfaces/include/action_tutorials_interfaces/action_tutorials_interfaces/action/detail/dds_fastrtps
[1.320s] -- Up-to-date: /home/abdelhak/Robotic_ws/install/action_tutorials_interfaces/lib/libaction_tutorials_interfaces__rosidl_typesupport_fastrtps_cpp.so
[1.320s] -- Up-to-date: /home/abdelhak/Robotic_ws/install/action_tutorials_interfaces/include/action_tutorials_interfaces/action_tutorials_interfaces
[1.321s] -- Up-to-date: /home/abdelhak/Robotic_ws/install/action_tutorials_interfaces/include/action_tutorials_interfaces/action_tutorials_interfaces/action
[1.321s] -- Up-to-date: /home/abdelhak/Robotic_ws/install/action_tutorials_interfaces/include/action_tutorials_interfaces/action_tutorials_interfaces/action/detail
[1.321s] -- Up-to-date: /home/abdelhak/Robotic_ws/install/action_tutorials_interfaces/include/action_tutorials_interfaces/action_tutorials_interfaces/action/detail/fibonacci__rosidl_typesupport_introspection_cpp.hpp
[1.321s] -- Up-to-date: /home/abdelhak/Robotic_ws/install/action_tutorials_interfaces/include/action_tutorials_interfaces/action_tutorials_interfaces/action/detail/fibonacci__type_support.cpp
[1.321s] -- Up-to-date: /home/abdelhak/Robotic_ws/install/action_tutorials_interfaces/lib/libaction_tutorials_interfaces__rosidl_typesupport_introspection_cpp.so
[1.321s] -- Up-to-date: /home/abdelhak/Robotic_ws/install/action_tutorials_interfaces/lib/libaction_tutorials_interfaces__rosidl_typesupport_cpp.so
[1.321s] -- Up-to-date: /home/abdelhak/Robotic_ws/install/action_tutorials_interfaces/share/action_tutorials_interfaces/environment/pythonpath.sh
[1.322s] -- Up-to-date: /home/abdelhak/Robotic_ws/install/action_tutorials_interfaces/share/action_tutorials_interfaces/environment/pythonpath.dsv
[1.322s] -- Up-to-date: /home/abdelhak/Robotic_ws/install/action_tutorials_interfaces/local/lib/python3.10/dist-packages/action_tutorials_interfaces-0.0.0-py3.10.egg-info
[1.322s] -- Installing: /home/abdelhak/Robotic_ws/install/action_tutorials_interfaces/local/lib/python3.10/dist-packages/action_tutorials_interfaces-0.0.0-py3.10.egg-info/dependency_links.txt
[1.322s] -- Installing: /home/abdelhak/Robotic_ws/install/action_tutorials_interfaces/local/lib/python3.10/dist-packages/action_tutorials_interfaces-0.0.0-py3.10.egg-info/SOURCES.txt
[1.322s] -- Installing: /home/abdelhak/Robotic_ws/install/action_tutorials_interfaces/local/lib/python3.10/dist-packages/action_tutorials_interfaces-0.0.0-py3.10.egg-info/top_level.txt
[1.322s] -- Installing: /home/abdelhak/Robotic_ws/install/action_tutorials_interfaces/local/lib/python3.10/dist-packages/action_tutorials_interfaces-0.0.0-py3.10.egg-info/PKG-INFO
[1.322s] -- Up-to-date: /home/abdelhak/Robotic_ws/install/action_tutorials_interfaces/local/lib/python3.10/dist-packages/action_tutorials_interfaces
[1.322s] -- Up-to-date: /home/abdelhak/Robotic_ws/install/action_tutorials_interfaces/local/lib/python3.10/dist-packages/action_tutorials_interfaces/_action_tutorials_interfaces_s.ep.rosidl_typesupport_c.c
[1.323s] -- Up-to-date: /home/abdelhak/Robotic_ws/install/action_tutorials_interfaces/local/lib/python3.10/dist-packages/action_tutorials_interfaces/libaction_tutorials_interfaces__rosidl_generator_py.so
[1.323s] -- Up-to-date: /home/abdelhak/Robotic_ws/install/action_tutorials_interfaces/local/lib/python3.10/dist-packages/action_tutorials_interfaces/_action_tutorials_interfaces_s.ep.rosidl_typesupport_fastrtps_c.c
[1.323s] -- Up-to-date: /home/abdelhak/Robotic_ws/install/action_tutorials_interfaces/local/lib/python3.10/dist-packages/action_tutorials_interfaces/_action_tutorials_interfaces_s.ep.rosidl_typesupport_introspection_c.c
[1.323s] -- Up-to-date: /home/abdelhak/Robotic_ws/install/action_tutorials_interfaces/local/lib/python3.10/dist-packages/action_tutorials_interfaces/action_tutorials_interfaces_s__rosidl_typesupport_c.cpython-310-x86_64-linux-gnu.so
[1.323s] -- Up-to-date: /home/abdelhak/Robotic_ws/install/action_tutorials_interfaces/local/lib/python3.10/dist-packages/action_tutorials_interfaces/action_tutorials_interfaces_s__rosidl_typesupport_fastrtps_c.cpython-310-x86_64-linux-gnu.so
[1.323s] -- Up-to-date: /home/abdelhak/Robotic_ws/install/action_tutorials_interfaces/local/lib/python3.10/dist-packages/action_tutorials_interfaces/action
[1.323s] -- Up-to-date: /home/abdelhak/Robotic_ws/install/action_tutorials_interfaces/local/lib/python3.10/dist-packages/action_tutorials_interfaces/action/_fibonacci_s.c
[1.323s] -- Up-to-date: /home/abdelhak/Robotic_ws/install/action_tutorials_interfaces/local/lib/python3.10/dist-packages/action_tutorials_interfaces/action/__init__.py
[1.324s] -- Up-to-date: /home/abdelhak/Robotic_ws/install/action_tutorials_interfaces/local/lib/python3.10/dist-packages/action_tutorials_interfaces/action/_fibonacci.py
[1.324s] -- Up-to-date: /home/abdelhak/Robotic_ws/install/action_tutorials_interfaces/local/lib/python3.10/dist-packages/action_tutorials_interfaces/__init__.py
[1.324s] -- Up-to-date: /home/abdelhak/Robotic_ws/install/action_tutorials_interfaces/local/lib/python3.10/dist-packages/action_tutorials_interfaces/action_tutorials_interfaces_s__rosidl_typesupport_introspection_c.cpython-310-x86_64-linux-gnu.so
[1.448s] Listing '/home/abdelhak/Robotic_ws/install/action_tutorials_interfaces/local/lib/python3.10/dist-packages/action_tutorials_interfaces'...
[1.448s] Listing '/home/abdelhak/Robotic_ws/install/action_tutorials_interfaces/local/lib/python3.10/dist-packages/action_tutorials_interfaces/action'...
[1.513s] -- Up-to-date: /home/abdelhak/Robotic_ws/install/action_tutorials_interfaces/local/lib/python3.10/dist-packages/action_tutorials_interfaces/action_tutorials_interfaces_s__rosidl_typesupport_fastrtps_c.cpython-310-x86_64-linux-gnu.so
[1.514s] -- Up-to-date: /home/abdelhak/Robotic_ws/install/action_tutorials_interfaces/local/lib/python3.10/dist-packages/action_tutorials_interfaces/action_tutorials_interfaces_s__rosidl_typesupport_introspection_c.cpython-310-x86_64-linux-gnu.so
[1.514s] -- Up-to-date: /home/abdelhak/Robotic_ws/install/action_tutorials_interfaces/local/lib/python3.10/dist-packages/action_tutorials_interfaces/action_tutorials_interfaces_s__rosidl_typesupport_c.cpython-310-x86_64-linux-gnu.so
[1.515s] -- Up-to-date: /home/abdelhak/Robotic_ws/install/action_tutorials_interfaces/lib/libaction_tutorials_interfaces__rosidl_generator_py.so
[1.515s] -- Up-to-date: /home/abdelhak/Robotic_ws/install/action_tutorials_interfaces/share/action_tutorials_interfaces/action/Fibonacci.idl
[1.515s] -- Up-to-date: /home/abdelhak/Robotic_ws/install/action_tutorials_interfaces/share/action_tutorials_interfaces/action/Fibonacci.action
[1.515s] -- Up-to-date: /home/abdelhak/Robotic_ws/install/action_tutorials_interfaces/share/ament_index/resource_index/package_run_dependencies/action_tutorials_interfaces
[1.516s] -- Up-to-date: /home/abdelhak/Robotic_ws/install/action_tutorials_interfaces/share/ament_index/resource_index/parent_prefix_path/action_tutorials_interfaces
[1.516s] -- Up-to-date: /home/abdelhak/Robotic_ws/install/action_tutorials_interfaces/share/action_tutorials_interfaces/environment/ament_prefix_path.sh
[1.516s] -- Up-to-date: /home/abdelhak/Robotic_ws/install/action_tutorials_interfaces/share/action_tutorials_interfaces/environment/ament_prefix_path.dsv
[1.516s] -- Up-to-date: /home/abdelhak/Robotic_ws/install/action_tutorials_interfaces/share/action_tutorials_interfaces/environment/path.sh
[1.516s] -- Up-to-date: /home/abdelhak/Robotic_ws/install/action_tutorials_interfaces/share/action_tutorials_interfaces/environment/path.dsv
[1.516s] -- Up-to-date: /home/abdelhak/Robotic_ws/install/action_tutorials_interfaces/share/action_tutorials_interfaces/local_setup.bash
[1.516s] -- Up-to-date: /home/abdelhak/Robotic_ws/install/action_tutorials_interfaces/share/action_tutorials_interfaces/local_setup.sh
[1.516s] -- Up-to-date: /home/abdelhak/Robotic_ws/install/action_tutorials_interfaces/share/action_tutorials_interfaces/local_setup.zsh
[1.516s] -- Up-to-date: /home/abdelhak/Robotic_ws/install/action_tutorials_interfaces/share/action_tutorials_interfaces/local_setup.dsv
[1.517s] -- Installing: /home/abdelhak/Robotic_ws/install/action_tutorials_interfaces/share/action_tutorials_interfaces/package.dsv
[1.517s] -- Up-to-date: /home/abdelhak/Robotic_ws/install/action_tutorials_interfaces/share/ament_index/resource_index/packages/action_tutorials_interfaces
[1.517s] -- Up-to-date: /home/abdelhak/Robotic_ws/install/action_tutorials_interfaces/share/action_tutorials_interfaces/cmake/export_action_tutorials_interfaces__rosidl_generator_cExport.cmake
[1.517s] -- Up-to-date: /home/abdelhak/Robotic_ws/install/action_tutorials_interfaces/share/action_tutorials_interfaces/cmake/export_action_tutorials_interfaces__rosidl_generator_cExport-noconfig.cmake
[1.517s] -- Up-to-date: /home/abdelhak/Robotic_ws/install/action_tutorials_interfaces/share/action_tutorials_interfaces/cmake/export_action_tutorials_interfaces__rosidl_typesupport_fastrtps_cExport.cmake
[1.517s] -- Up-to-date: /home/abdelhak/Robotic_ws/install/action_tutorials_interfaces/share/action_tutorials_interfaces/cmake/export_action_tutorials_interfaces__rosidl_typesupport_fastrtps_cExport-noconfig.cmake
[1.517s] -- Up-to-date: /home/abdelhak/Robotic_ws/install/action_tutorials_interfaces/share/action_tutorials_interfaces/cmake/action_tutorials_interfaces__rosidl_typesupport_introspection_cExport.cmake
[1.517s] -- Up-to-date: /home/abdelhak/Robotic_ws/install/action_tutorials_interfaces/share/action_tutorials_interfaces/cmake/action_tutorials_interfaces__rosidl_typesupport_introspection_cExport-noconfig.cmake
[1.518s] -- Up-to-date: /home/abdelhak/Robotic_ws/install/action_tutorials_interfaces/share/action_tutorials_interfaces/cmake/action_tutorials_interfaces__rosidl_typesupport_cExport.cmake
[1.518s] -- Up-to-date: /home/abdelhak/Robotic_ws/install/action_tutorials_interfaces/share/action_tutorials_interfaces/cmake/action_tutorials_interfaces__rosidl_typesupport_cExport-noconfig.cmake
[1.518s] -- Up-to-date: /home/abdelhak/Robotic_ws/install/action_tutorials_interfaces/share/action_tutorials_interfaces/cmake/export_action_tutorials_interfaces__rosidl_generator_cppExport.cmake
[1.518s] -- Up-to-date: /home/abdelhak/Robotic_ws/install/action_tutorials_interfaces/share/action_tutorials_interfaces/cmake/export_action_tutorials_interfaces__rosidl_typesupport_fastrtps_cppExport.cmake
[1.518s] -- Up-to-date: /home/abdelhak/Robotic_ws/install/action_tutorials_interfaces/share/action_tutorials_interfaces/cmake/export_action_tutorials_interfaces__rosidl_typesupport_fastrtps_cppExport-noconfig.cmake
[1.518s] -- Up-to-date: /home/abdelhak/Robotic_ws/install/action_tutorials_interfaces/share/action_tutorials_interfaces/cmake/action_tutorials_interfaces__rosidl_typesupport_introspection_cppExport.cmake
[1.519s] -- Up-to-date: /home/abdelhak/Robotic_ws/install/action_tutorials_interfaces/share/action_tutorials_interfaces/cmake/action_tutorials_interfaces__rosidl_typesupport_introspection_cppExport-noconfig.cmake
[1.519s] -- Up-to-date: /home/abdelhak/Robotic_ws/install/action_tutorials_interfaces/share/action_tutorials_interfaces/cmake/action_tutorials_interfaces__rosidl_typesupport_cppExport.cmake
[1.519s] -- Up-to-date: /home/abdelhak/Robotic_ws/install/action_tutorials_interfaces/share/action_tutorials_interfaces/cmake/action_tutorials_interfaces__rosidl_typesupport_cppExport-noconfig.cmake
[1.521s] -- Up-to-date: /home/abdelhak/Robotic_ws/install/action_tutorials_interfaces/share/action_tutorials_interfaces/cmake/export_action_tutorials_interfaces__rosidl_generator_pyExport.cmake
[1.521s] -- Up-to-date: /home/abdelhak/Robotic_ws/install/action_tutorials_interfaces/share/action_tutorials_interfaces/cmake/export_action_tutorials_interfaces__rosidl_generator_pyExport-noconfig.cmake
[1.521s] -- Up-to-date: /home/abdelhak/Robotic_ws/install/action_tutorials_interfaces/share/action_tutorials_interfaces/cmake/rosidl_cmake-extras.cmake
[1.521s] -- Up-to-date: /home/abdelhak/Robotic_ws/install/action_tutorials_interfaces/share/action_tutorials_interfaces/cmake/ament_cmake_export_dependencies-extras.cmake
[1.521s] -- Up-to-date: /home/abdelhak/Robotic_ws/install/action_tutorials_interfaces/share/action_tutorials_interfaces/cmake/ament_cmake_export_include_directories-extras.cmake
[1.522s] -- Up-to-date: /home/abdelhak/Robotic_ws/install/action_tutorials_interfaces/share/action_tutorials_interfaces/cmake/ament_cmake_export_libraries-extras.cmake
[1.522s] -- Up-to-date: /home/abdelhak/Robotic_ws/install/action_tutorials_interfaces/share/action_tutorials_interfaces/cmake/ament_cmake_export_targets-extras.cmake
[1.522s] -- Up-to-date: /home/abdelhak/Robotic_ws/install/action_tutorials_interfaces/share/action_tutorials_interfaces/cmake/rosidl_cmake_export_typesupport_targets-extras.cmake
[1.522s] -- Up-to-date: /home/abdelhak/Robotic_ws/install/action_tutorials_interfaces/share/action_tutorials_interfaces/cmake/rosidl_cmake_export_typesupport_libraries-extras.cmake
[1.522s] -- Up-to-date: /home/abdelhak/Robotic_ws/install/action_tutorials_interfaces/share/action_tutorials_interfaces/cmake/action_tutorials_interfacesConfig.cmake
[1.523s] -- Up-to-date: /home/abdelhak/Robotic_ws/install/action_tutorials_interfaces/share/action_tutorials_interfaces/cmake/action_tutorials_interfacesConfig-version.cmake
[1.527s] -- Up-to-date: /home/abdelhak/Robotic_ws/install/action_tutorials_interfaces/share/action_tutorials_interfaces/package.xml
[1.527s] Invoked command in '/home/abdelhak/Robotic_ws/build/action_tutorials_interfaces' returned '0': CMAKE_PREFIX_PATH=${CMAKE_PREFIX_PATH}:/home/abdelhak/Robotic_ws/install/py_pubsub:/home/abdelhak/Robotic_ws/install/python_parameters:/home/abdelhak/Robotic_ws/install/py_srvcli:/home/abdelhak/Robotic_ws/install/my_package:/opt/ros/humble /usr/bin/cmake --install /home/abdelhak/Robotic_ws/build/action_tutorials_interfaces
