[1.833s] Invoking command in '/home/abdelhak/Robotic_ws/src/learning_tf2_py': PYTHONPATH=/home/abdelhak/Robotic_ws/build/learning_tf2_py/prefix_override:/usr/lib/python3/dist-packages/colcon_core/task/python/colcon_distutils_commands:/home/abdelhak/Robotic_ws/install/learning_tf2_py/lib/python3.10/site-packages:${PYTHONPATH} /usr/bin/python3 -W ignore:setup.py install is deprecated setup.py egg_info --egg-base ../../build/learning_tf2_py build --build-base /home/abdelhak/Robotic_ws/build/learning_tf2_py/build install --record /home/abdelhak/Robotic_ws/build/learning_tf2_py/install.log --single-version-externally-managed install_data
[2.053s] running egg_info
[2.054s] writing ../../build/learning_tf2_py/learning_tf2_py.egg-info/PKG-INFO
[2.054s] writing dependency_links to ../../build/learning_tf2_py/learning_tf2_py.egg-info/dependency_links.txt
[2.054s] writing entry points to ../../build/learning_tf2_py/learning_tf2_py.egg-info/entry_points.txt
[2.054s] writing requirements to ../../build/learning_tf2_py/learning_tf2_py.egg-info/requires.txt
[2.054s] writing top-level names to ../../build/learning_tf2_py/learning_tf2_py.egg-info/top_level.txt
[2.056s] reading manifest file '../../build/learning_tf2_py/learning_tf2_py.egg-info/SOURCES.txt'
[2.056s] adding license file 'LICENSE'
[2.057s] writing manifest file '../../build/learning_tf2_py/learning_tf2_py.egg-info/SOURCES.txt'
[2.057s] running build
[2.057s] running build_py
[2.057s] running install
[2.058s] running install_lib
[2.059s] running install_data
[2.059s] running install_egg_info
[2.061s] removing '/home/abdelhak/Robotic_ws/install/learning_tf2_py/lib/python3.10/site-packages/learning_tf2_py-0.0.0-py3.10.egg-info' (and everything under it)
[2.061s] Copying ../../build/learning_tf2_py/learning_tf2_py.egg-info to /home/abdelhak/Robotic_ws/install/learning_tf2_py/lib/python3.10/site-packages/learning_tf2_py-0.0.0-py3.10.egg-info
[2.062s] running install_scripts
[2.081s] Installing static_turtle_tf2_broadcaster script to /home/abdelhak/Robotic_ws/install/learning_tf2_py/lib/learning_tf2_py
[2.081s] Installing turtle_tf2_broadcaster script to /home/abdelhak/Robotic_ws/install/learning_tf2_py/lib/learning_tf2_py
[2.081s] Installing turtle_tf2_listener script to /home/abdelhak/Robotic_ws/install/learning_tf2_py/lib/learning_tf2_py
[2.082s] writing list of installed files to '/home/abdelhak/Robotic_ws/build/learning_tf2_py/install.log'
[2.112s] Invoked command in '/home/abdelhak/Robotic_ws/src/learning_tf2_py' returned '0': PYTHONPATH=/home/abdelhak/Robotic_ws/build/learning_tf2_py/prefix_override:/usr/lib/python3/dist-packages/colcon_core/task/python/colcon_distutils_commands:/home/abdelhak/Robotic_ws/install/learning_tf2_py/lib/python3.10/site-packages:${PYTHONPATH} /usr/bin/python3 -W ignore:setup.py install is deprecated setup.py egg_info --egg-base ../../build/learning_tf2_py build --build-base /home/abdelhak/Robotic_ws/build/learning_tf2_py/build install --record /home/abdelhak/Robotic_ws/build/learning_tf2_py/install.log --single-version-externally-managed install_data
