[1.992s] Invoking command in '/home/abdelhak/Robotic_ws/src/python_parameters': PYTHONPATH=/home/abdelhak/Robotic_ws/build/python_parameters/prefix_override:/usr/lib/python3/dist-packages/colcon_core/task/python/colcon_distutils_commands:/home/abdelhak/Robotic_ws/install/python_parameters/lib/python3.10/site-packages:${PYTHONPATH} /usr/bin/python3 -W ignore:setup.py install is deprecated setup.py egg_info --egg-base ../../build/python_parameters build --build-base /home/abdelhak/Robotic_ws/build/python_parameters/build install --record /home/abdelhak/Robotic_ws/build/python_parameters/install.log --single-version-externally-managed install_data
[2.261s] running egg_info
[2.261s] writing ../../build/python_parameters/python_parameters.egg-info/PKG-INFO
[2.261s] writing dependency_links to ../../build/python_parameters/python_parameters.egg-info/dependency_links.txt
[2.262s] writing entry points to ../../build/python_parameters/python_parameters.egg-info/entry_points.txt
[2.262s] writing requirements to ../../build/python_parameters/python_parameters.egg-info/requires.txt
[2.262s] writing top-level names to ../../build/python_parameters/python_parameters.egg-info/top_level.txt
[2.264s] reading manifest file '../../build/python_parameters/python_parameters.egg-info/SOURCES.txt'
[2.264s] adding license file 'LICENSE'
[2.266s] writing manifest file '../../build/python_parameters/python_parameters.egg-info/SOURCES.txt'
[2.266s] running build
[2.266s] running build_py
[2.266s] running install
[2.266s] running install_lib
[2.267s] running install_data
[2.267s] running install_egg_info
[2.270s] removing '/home/abdelhak/Robotic_ws/install/python_parameters/lib/python3.10/site-packages/python_parameters-0.0.0-py3.10.egg-info' (and everything under it)
[2.271s] Copying ../../build/python_parameters/python_parameters.egg-info to /home/abdelhak/Robotic_ws/install/python_parameters/lib/python3.10/site-packages/python_parameters-0.0.0-py3.10.egg-info
[2.271s] running install_scripts
[2.301s] Installing minimal_param_node script to /home/abdelhak/Robotic_ws/install/python_parameters/lib/python_parameters
[2.301s] writing list of installed files to '/home/abdelhak/Robotic_ws/build/python_parameters/install.log'
[2.332s] Invoked command in '/home/abdelhak/Robotic_ws/src/python_parameters' returned '0': PYTHONPATH=/home/abdelhak/Robotic_ws/build/python_parameters/prefix_override:/usr/lib/python3/dist-packages/colcon_core/task/python/colcon_distutils_commands:/home/abdelhak/Robotic_ws/install/python_parameters/lib/python3.10/site-packages:${PYTHONPATH} /usr/bin/python3 -W ignore:setup.py install is deprecated setup.py egg_info --egg-base ../../build/python_parameters build --build-base /home/abdelhak/Robotic_ws/build/python_parameters/build install --record /home/abdelhak/Robotic_ws/build/python_parameters/install.log --single-version-externally-managed install_data
