[1.992s] Invoking command in '/home/abdelhak/Robotic_ws/src/urdf_tuto': PYTHONPATH=/home/abdelhak/Robotic_ws/build/urdf_tuto/prefix_override:/usr/lib/python3/dist-packages/colcon_core/task/python/colcon_distutils_commands:/home/abdelhak/Robotic_ws/install/urdf_tuto/lib/python3.10/site-packages:${PYTHONPATH} /usr/bin/python3 -W ignore:setup.py install is deprecated setup.py egg_info --egg-base ../../build/urdf_tuto build --build-base /home/abdelhak/Robotic_ws/build/urdf_tuto/build install --record /home/abdelhak/Robotic_ws/build/urdf_tuto/install.log --single-version-externally-managed install_data
[2.253s] running egg_info
[2.254s] writing ../../build/urdf_tuto/urdf_tuto.egg-info/PKG-INFO
[2.254s] writing dependency_links to ../../build/urdf_tuto/urdf_tuto.egg-info/dependency_links.txt
[2.254s] writing entry points to ../../build/urdf_tuto/urdf_tuto.egg-info/entry_points.txt
[2.254s] writing requirements to ../../build/urdf_tuto/urdf_tuto.egg-info/requires.txt
[2.254s] writing top-level names to ../../build/urdf_tuto/urdf_tuto.egg-info/top_level.txt
[2.256s] reading manifest file '../../build/urdf_tuto/urdf_tuto.egg-info/SOURCES.txt'
[2.256s] writing manifest file '../../build/urdf_tuto/urdf_tuto.egg-info/SOURCES.txt'
[2.256s] running build
[2.256s] running build_py
[2.256s] running install
[2.257s] running install_lib
[2.258s] running install_data
[2.258s] copying launch/robot_launch.py -> /home/abdelhak/Robotic_ws/install/urdf_tuto/share/urdf_tuto/launch
[2.259s] running install_egg_info
[2.261s] removing '/home/abdelhak/Robotic_ws/install/urdf_tuto/lib/python3.10/site-packages/urdf_tuto-0.0.0-py3.10.egg-info' (and everything under it)
[2.261s] Copying ../../build/urdf_tuto/urdf_tuto.egg-info to /home/abdelhak/Robotic_ws/install/urdf_tuto/lib/python3.10/site-packages/urdf_tuto-0.0.0-py3.10.egg-info
[2.262s] running install_scripts
[2.288s] writing list of installed files to '/home/abdelhak/Robotic_ws/build/urdf_tuto/install.log'
[2.317s] Invoked command in '/home/abdelhak/Robotic_ws/src/urdf_tuto' returned '0': PYTHONPATH=/home/abdelhak/Robotic_ws/build/urdf_tuto/prefix_override:/usr/lib/python3/dist-packages/colcon_core/task/python/colcon_distutils_commands:/home/abdelhak/Robotic_ws/install/urdf_tuto/lib/python3.10/site-packages:${PYTHONPATH} /usr/bin/python3 -W ignore:setup.py install is deprecated setup.py egg_info --egg-base ../../build/urdf_tuto build --build-base /home/abdelhak/Robotic_ws/build/urdf_tuto/build install --record /home/abdelhak/Robotic_ws/build/urdf_tuto/install.log --single-version-externally-managed install_data
