[0.487s] Invoking command in '/home/abdelhak/Robotic_ws/src/learning_tf2_py': PYTHONPATH=/home/abdelhak/Robotic_ws/build/learning_tf2_py/prefix_override:/usr/lib/python3/dist-packages/colcon_core/task/python/colcon_distutils_commands:/home/abdelhak/Robotic_ws/install/learning_tf2_py/lib/python3.10/site-packages:${PYTHONPATH} /usr/bin/python3 -W ignore:setup.py install is deprecated setup.py egg_info --egg-base ../../build/learning_tf2_py build --build-base /home/abdelhak/Robotic_ws/build/learning_tf2_py/build install --record /home/abdelhak/Robotic_ws/build/learning_tf2_py/install.log --single-version-externally-managed install_data
[0.688s] running egg_info
[0.688s] writing ../../build/learning_tf2_py/learning_tf2_py.egg-info/PKG-INFO
[0.688s] writing dependency_links to ../../build/learning_tf2_py/learning_tf2_py.egg-info/dependency_links.txt
[0.689s] writing entry points to ../../build/learning_tf2_py/learning_tf2_py.egg-info/entry_points.txt
[0.689s] writing requirements to ../../build/learning_tf2_py/learning_tf2_py.egg-info/requires.txt
[0.689s] writing top-level names to ../../build/learning_tf2_py/learning_tf2_py.egg-info/top_level.txt
[0.690s] reading manifest file '../../build/learning_tf2_py/learning_tf2_py.egg-info/SOURCES.txt'
[0.690s] adding license file 'LICENSE'
[0.691s] writing manifest file '../../build/learning_tf2_py/learning_tf2_py.egg-info/SOURCES.txt'
[0.691s] running build
[0.691s] running build_py
[0.691s] copying learning_tf2_py/turtle_tf2_listener.py -> /home/abdelhak/Robotic_ws/build/learning_tf2_py/build/lib/learning_tf2_py
[0.691s] running install
[0.692s] running install_lib
[0.692s] copying /home/abdelhak/Robotic_ws/build/learning_tf2_py/build/lib/learning_tf2_py/turtle_tf2_listener.py -> /home/abdelhak/Robotic_ws/install/learning_tf2_py/lib/python3.10/site-packages/learning_tf2_py
[0.693s] byte-compiling /home/abdelhak/Robotic_ws/install/learning_tf2_py/lib/python3.10/site-packages/learning_tf2_py/turtle_tf2_listener.py to turtle_tf2_listener.cpython-310.pyc
[0.693s] running install_data
[0.694s] running install_egg_info
[0.695s] removing '/home/abdelhak/Robotic_ws/install/learning_tf2_py/lib/python3.10/site-packages/learning_tf2_py-0.0.0-py3.10.egg-info' (and everything under it)
[0.695s] Copying ../../build/learning_tf2_py/learning_tf2_py.egg-info to /home/abdelhak/Robotic_ws/install/learning_tf2_py/lib/python3.10/site-packages/learning_tf2_py-0.0.0-py3.10.egg-info
[0.696s] running install_scripts
[0.713s] Installing static_turtle_tf2_broadcaster script to /home/abdelhak/Robotic_ws/install/learning_tf2_py/lib/learning_tf2_py
[0.713s] Installing turtle_tf2_broadcaster script to /home/abdelhak/Robotic_ws/install/learning_tf2_py/lib/learning_tf2_py
[0.713s] Installing turtle_tf2_listener script to /home/abdelhak/Robotic_ws/install/learning_tf2_py/lib/learning_tf2_py
[0.713s] writing list of installed files to '/home/abdelhak/Robotic_ws/build/learning_tf2_py/install.log'
[0.728s] Invoked command in '/home/abdelhak/Robotic_ws/src/learning_tf2_py' returned '0': PYTHONPATH=/home/abdelhak/Robotic_ws/build/learning_tf2_py/prefix_override:/usr/lib/python3/dist-packages/colcon_core/task/python/colcon_distutils_commands:/home/abdelhak/Robotic_ws/install/learning_tf2_py/lib/python3.10/site-packages:${PYTHONPATH} /usr/bin/python3 -W ignore:setup.py install is deprecated setup.py egg_info --egg-base ../../build/learning_tf2_py build --build-base /home/abdelhak/Robotic_ws/build/learning_tf2_py/build install --record /home/abdelhak/Robotic_ws/build/learning_tf2_py/install.log --single-version-externally-managed install_data
