[0.619s] Invoking command in '/home/abdelhak/Robotic_ws/src/urdf_tuto': PYTHONPATH=/home/abdelhak/Robotic_ws/build/urdf_tuto/prefix_override:/usr/lib/python3/dist-packages/colcon_core/task/python/colcon_distutils_commands:/home/abdelhak/Robotic_ws/install/urdf_tuto/lib/python3.10/site-packages:${PYTHONPATH} /usr/bin/python3 -W ignore:setup.py install is deprecated setup.py egg_info --egg-base ../../build/urdf_tuto build --build-base /home/abdelhak/Robotic_ws/build/urdf_tuto/build install --record /home/abdelhak/Robotic_ws/build/urdf_tuto/install.log --single-version-externally-managed install_data
[0.869s] running egg_info
[0.870s] writing ../../build/urdf_tuto/urdf_tuto.egg-info/PKG-INFO
[0.870s] writing dependency_links to ../../build/urdf_tuto/urdf_tuto.egg-info/dependency_links.txt
[0.871s] writing entry points to ../../build/urdf_tuto/urdf_tuto.egg-info/entry_points.txt
[0.871s] writing requirements to ../../build/urdf_tuto/urdf_tuto.egg-info/requires.txt
[0.871s] writing top-level names to ../../build/urdf_tuto/urdf_tuto.egg-info/top_level.txt
[0.874s] reading manifest file '../../build/urdf_tuto/urdf_tuto.egg-info/SOURCES.txt'
[0.876s] writing manifest file '../../build/urdf_tuto/urdf_tuto.egg-info/SOURCES.txt'
[0.876s] running build
[0.876s] running build_py
[0.877s] running install
[0.877s] running install_lib
[0.879s] running install_data
[0.880s] copying launch/robot_launch.py -> /home/abdelhak/Robotic_ws/install/urdf_tuto/share/urdf_tuto/launch
[0.880s] running install_egg_info
[0.883s] removing '/home/abdelhak/Robotic_ws/install/urdf_tuto/lib/python3.10/site-packages/urdf_tuto-0.0.0-py3.10.egg-info' (and everything under it)
[0.884s] Copying ../../build/urdf_tuto/urdf_tuto.egg-info to /home/abdelhak/Robotic_ws/install/urdf_tuto/lib/python3.10/site-packages/urdf_tuto-0.0.0-py3.10.egg-info
[0.885s] running install_scripts
[0.915s] writing list of installed files to '/home/abdelhak/Robotic_ws/build/urdf_tuto/install.log'
[0.943s] Invoked command in '/home/abdelhak/Robotic_ws/src/urdf_tuto' returned '0': PYTHONPATH=/home/abdelhak/Robotic_ws/build/urdf_tuto/prefix_override:/usr/lib/python3/dist-packages/colcon_core/task/python/colcon_distutils_commands:/home/abdelhak/Robotic_ws/install/urdf_tuto/lib/python3.10/site-packages:${PYTHONPATH} /usr/bin/python3 -W ignore:setup.py install is deprecated setup.py egg_info --egg-base ../../build/urdf_tuto build --build-base /home/abdelhak/Robotic_ws/build/urdf_tuto/build install --record /home/abdelhak/Robotic_ws/build/urdf_tuto/install.log --single-version-externally-managed install_data
