[0.034s] Invoking command in '/home/abdelhak/Robotic_ws/build/tutorial_interfaces': CMAKE_PREFIX_PATH=${CMAKE_PREFIX_PATH}:/home/abdelhak/Robotic_ws/install/urdf_tuto:/home/abdelhak/Robotic_ws/install/py_pubsub:/home/abdelhak/Robotic_ws/install/python_parameters:/home/abdelhak/Robotic_ws/install/py_srvcli:/home/abdelhak/Robotic_ws/install/my_package:/home/abdelhak/Robotic_ws/install/learning_tf2_py:/opt/ros/humble /usr/bin/cmake /home/abdelhak/Robotic_ws/src/tutorial_interfaces -DAMENT_CMAKE_SYMLINK_INSTALL=1 -DCMAKE_INSTALL_PREFIX=/home/abdelhak/Robotic_ws/install/tutorial_interfaces
[1.030s] -- Found ament_cmake: 1.3.10 (/opt/ros/humble/share/ament_cmake/cmake)
[1.030s] -- Override CMake install command with custom implementation using symlinks instead of copying resources
[1.030s] -- Found geometry_msgs: 4.2.4 (/opt/ros/humble/share/geometry_msgs/cmake)
[1.030s] -- Found rosidl_generator_c: 3.1.5 (/opt/ros/humble/share/rosidl_generator_c/cmake)
[1.031s] -- Found rosidl_adapter: 3.1.5 (/opt/ros/humble/share/rosidl_adapter/cmake)
[1.031s] -- Found rosidl_generator_cpp: 3.1.5 (/opt/ros/humble/share/rosidl_generator_cpp/cmake)
[1.031s] -- Using all available rosidl_typesupport_c: rosidl_typesupport_fastrtps_c;rosidl_typesupport_introspection_c
[1.031s] -- Using all available rosidl_typesupport_cpp: rosidl_typesupport_fastrtps_cpp;rosidl_typesupport_introspection_cpp
[1.031s] -- Found rosidl_default_generators: 1.2.0 (/opt/ros/humble/share/rosidl_default_generators/cmake)
[1.031s] -- Found ament_cmake_ros: 0.10.0 (/opt/ros/humble/share/ament_cmake_ros/cmake)
[1.031s] -- Using all available rosidl_typesupport_c: rosidl_typesupport_fastrtps_c;rosidl_typesupport_introspection_c
[1.246s] -- Using all available rosidl_typesupport_cpp: rosidl_typesupport_fastrtps_cpp;rosidl_typesupport_introspection_cpp
[1.269s] -- Found python_cmake_module: 0.10.0 (/opt/ros/humble/share/python_cmake_module/cmake)
[1.291s] -- Using PYTHON_EXECUTABLE: /usr/bin/python3
[1.291s] -- Using PYTHON_INCLUDE_DIRS: /usr/include/python3.10
[1.291s] -- Using PYTHON_LIBRARIES: /usr/lib/x86_64-linux-gnu/libpython3.10.so
[1.332s] -- Found ament_lint_auto: 0.12.11 (/opt/ros/humble/share/ament_lint_auto/cmake)
[1.349s] -- Added test 'lint_cmake' to check CMake code style
[1.350s] -- Added test 'xmllint' to check XML markup files
[1.355s] -- Configuring done
[1.404s] -- Generating done
[1.409s] -- Build files have been written to: /home/abdelhak/Robotic_ws/build/tutorial_interfaces
[1.420s] Invoked command in '/home/abdelhak/Robotic_ws/build/tutorial_interfaces' returned '0': CMAKE_PREFIX_PATH=${CMAKE_PREFIX_PATH}:/home/abdelhak/Robotic_ws/install/urdf_tuto:/home/abdelhak/Robotic_ws/install/py_pubsub:/home/abdelhak/Robotic_ws/install/python_parameters:/home/abdelhak/Robotic_ws/install/py_srvcli:/home/abdelhak/Robotic_ws/install/my_package:/home/abdelhak/Robotic_ws/install/learning_tf2_py:/opt/ros/humble /usr/bin/cmake /home/abdelhak/Robotic_ws/src/tutorial_interfaces -DAMENT_CMAKE_SYMLINK_INSTALL=1 -DCMAKE_INSTALL_PREFIX=/home/abdelhak/Robotic_ws/install/tutorial_interfaces
[1.422s] Invoking command in '/home/abdelhak/Robotic_ws/build/tutorial_interfaces': CMAKE_PREFIX_PATH=${CMAKE_PREFIX_PATH}:/home/abdelhak/Robotic_ws/install/urdf_tuto:/home/abdelhak/Robotic_ws/install/py_pubsub:/home/abdelhak/Robotic_ws/install/python_parameters:/home/abdelhak/Robotic_ws/install/py_srvcli:/home/abdelhak/Robotic_ws/install/my_package:/home/abdelhak/Robotic_ws/install/learning_tf2_py:/opt/ros/humble /usr/bin/cmake --build /home/abdelhak/Robotic_ws/build/tutorial_interfaces -- -j12 -l12
[1.475s] [35m[1mConsolidate compiler generated dependencies of target tutorial_interfaces__rosidl_generator_c[0m
[1.483s] [  2%] Built target tutorial_interfaces__cpp
[1.487s] [ 12%] Built target tutorial_interfaces__rosidl_generator_c
[1.495s] [ 12%] Built target ament_cmake_python_symlink_tutorial_interfaces
[1.497s] [35m[1mConsolidate compiler generated dependencies of target tutorial_interfaces__rosidl_typesupport_fastrtps_cpp[0m
[1.497s] [35m[1mConsolidate compiler generated dependencies of target tutorial_interfaces__rosidl_typesupport_cpp[0m
[1.497s] [35m[1mConsolidate compiler generated dependencies of target tutorial_interfaces__rosidl_typesupport_introspection_cpp[0m
[1.502s] [35m[1mConsolidate compiler generated dependencies of target tutorial_interfaces__rosidl_typesupport_c[0m
[1.502s] [35m[1mConsolidate compiler generated dependencies of target tutorial_interfaces__rosidl_typesupport_fastrtps_c[0m
[1.505s] [35m[1mConsolidate compiler generated dependencies of target tutorial_interfaces__rosidl_typesupport_introspection_c[0m
[1.517s] [ 38%] Built target tutorial_interfaces__rosidl_typesupport_introspection_cpp
[1.517s] [ 38%] Built target tutorial_interfaces__rosidl_typesupport_cpp
[1.517s] [ 44%] Built target tutorial_interfaces__rosidl_typesupport_c
[1.520s] [ 55%] Built target tutorial_interfaces__rosidl_typesupport_fastrtps_cpp
[1.522s] [ 65%] Built target tutorial_interfaces__rosidl_typesupport_fastrtps_c
[1.524s] [ 76%] Built target tutorial_interfaces__rosidl_typesupport_introspection_c
[1.544s] [ 76%] Built target tutorial_interfaces
[1.565s] [ 78%] Built target tutorial_interfaces__py
[1.579s] [35m[1mConsolidate compiler generated dependencies of target tutorial_interfaces__rosidl_generator_py[0m
[1.591s] [ 87%] Built target tutorial_interfaces__rosidl_generator_py
[1.605s] [35m[1mConsolidate compiler generated dependencies of target tutorial_interfaces__rosidl_typesupport_fastrtps_c__pyext[0m
[1.605s] [35m[1mConsolidate compiler generated dependencies of target tutorial_interfaces__rosidl_typesupport_introspection_c__pyext[0m
[1.605s] [35m[1mConsolidate compiler generated dependencies of target tutorial_interfaces__rosidl_typesupport_c__pyext[0m
[1.621s] [100%] Built target tutorial_interfaces__rosidl_typesupport_introspection_c__pyext
[1.622s] [100%] Built target tutorial_interfaces__rosidl_typesupport_fastrtps_c__pyext
[1.622s] [100%] Built target tutorial_interfaces__rosidl_typesupport_c__pyext
[1.760s] running egg_info
[1.761s] writing tutorial_interfaces.egg-info/PKG-INFO
[1.762s] writing dependency_links to tutorial_interfaces.egg-info/dependency_links.txt
[1.762s] writing top-level names to tutorial_interfaces.egg-info/top_level.txt
[1.764s] reading manifest file 'tutorial_interfaces.egg-info/SOURCES.txt'
[1.764s] writing manifest file 'tutorial_interfaces.egg-info/SOURCES.txt'
[1.790s] [100%] Built target ament_cmake_python_build_tutorial_interfaces_egg
