[0.109s] DEBUG:colcon:Command line arguments: ['/usr/bin/colcon', 'build']
[0.109s] DEBUG:colcon:Parsed command line arguments: Namespace(log_base=None, log_level=None, verb_name='build', build_base='build', install_base='install', merge_install=False, symlink_install=False, test_result_base=None, continue_on_error=False, executor='parallel', parallel_workers=12, event_handlers=None, ignore_user_meta=False, metas=['./colcon.meta'], base_paths=['.'], packages_ignore=None, packages_ignore_regex=None, paths=None, packages_up_to=None, packages_up_to_regex=None, packages_above=None, packages_above_and_dependencies=None, packages_above_depth=None, packages_select_by_dep=None, packages_skip_by_dep=None, packages_skip_up_to=None, packages_select_build_failed=False, packages_skip_build_finished=False, packages_select_test_failures=False, packages_skip_test_passed=False, packages_select=None, packages_skip=None, packages_select_regex=None, packages_skip_regex=None, packages_start=None, packages_end=None, allow_overriding=[], cmake_args=None, cmake_target=None, cmake_target_skip_unavailable=False, cmake_clean_cache=False, cmake_clean_first=False, cmake_force_configure=False, ament_cmake_args=None, catkin_cmake_args=None, catkin_skip_building_tests=False, verb_parser=<colcon_defaults.argument_parser.defaults.DefaultArgumentsDecorator object at 0x72277db2d0c0>, verb_extension=<colcon_core.verb.build.BuildVerb object at 0x72277db2cc70>, main=<bound method BuildVerb.main of <colcon_core.verb.build.BuildVerb object at 0x72277db2cc70>>)
[0.287s] Level 1:colcon.colcon_core.package_discovery:discover_packages(colcon_meta) check parameters
[0.287s] Level 1:colcon.colcon_core.package_discovery:discover_packages(recursive) check parameters
[0.287s] Level 1:colcon.colcon_core.package_discovery:discover_packages(ignore) check parameters
[0.287s] Level 1:colcon.colcon_core.package_discovery:discover_packages(path) check parameters
[0.287s] Level 1:colcon.colcon_core.package_discovery:discover_packages(colcon_meta) discover
[0.288s] Level 1:colcon.colcon_core.package_discovery:discover_packages(recursive) discover
[0.288s] INFO:colcon.colcon_core.package_discovery:Crawling recursively for packages in '/home/abdelhak/Robotic_ws'
[0.288s] Level 1:colcon.colcon_core.package_identification:_identify(.) by extensions ['ignore', 'ignore_ament_install']
[0.288s] Level 1:colcon.colcon_core.package_identification:_identify(.) by extension 'ignore'
[0.288s] Level 1:colcon.colcon_core.package_identification:_identify(.) by extension 'ignore_ament_install'
[0.288s] Level 1:colcon.colcon_core.package_identification:_identify(.) by extensions ['colcon_pkg']
[0.288s] Level 1:colcon.colcon_core.package_identification:_identify(.) by extension 'colcon_pkg'
[0.288s] Level 1:colcon.colcon_core.package_identification:_identify(.) by extensions ['colcon_meta']
[0.288s] Level 1:colcon.colcon_core.package_identification:_identify(.) by extension 'colcon_meta'
[0.288s] Level 1:colcon.colcon_core.package_identification:_identify(.) by extensions ['ros']
[0.288s] Level 1:colcon.colcon_core.package_identification:_identify(.) by extension 'ros'
[0.301s] Level 1:colcon.colcon_core.package_identification:_identify(.) by extensions ['cmake', 'python']
[0.301s] Level 1:colcon.colcon_core.package_identification:_identify(.) by extension 'cmake'
[0.301s] Level 1:colcon.colcon_core.package_identification:_identify(.) by extension 'python'
[0.301s] Level 1:colcon.colcon_core.package_identification:_identify(.) by extensions ['python_setup_py']
[0.301s] Level 1:colcon.colcon_core.package_identification:_identify(.) by extension 'python_setup_py'
[0.302s] Level 1:colcon.colcon_core.package_identification:_identify(build) by extensions ['ignore', 'ignore_ament_install']
[0.302s] Level 1:colcon.colcon_core.package_identification:_identify(build) by extension 'ignore'
[0.302s] Level 1:colcon.colcon_core.package_identification:_identify(build) ignored
[0.302s] Level 1:colcon.colcon_core.package_identification:_identify(install) by extensions ['ignore', 'ignore_ament_install']
[0.302s] Level 1:colcon.colcon_core.package_identification:_identify(install) by extension 'ignore'
[0.302s] Level 1:colcon.colcon_core.package_identification:_identify(install) ignored
[0.302s] Level 1:colcon.colcon_core.package_identification:_identify(log) by extensions ['ignore', 'ignore_ament_install']
[0.302s] Level 1:colcon.colcon_core.package_identification:_identify(log) by extension 'ignore'
[0.302s] Level 1:colcon.colcon_core.package_identification:_identify(log) ignored
[0.302s] Level 1:colcon.colcon_core.package_identification:_identify(src) by extensions ['ignore', 'ignore_ament_install']
[0.302s] Level 1:colcon.colcon_core.package_identification:_identify(src) by extension 'ignore'
[0.302s] Level 1:colcon.colcon_core.package_identification:_identify(src) by extension 'ignore_ament_install'
[0.303s] Level 1:colcon.colcon_core.package_identification:_identify(src) by extensions ['colcon_pkg']
[0.303s] Level 1:colcon.colcon_core.package_identification:_identify(src) by extension 'colcon_pkg'
[0.303s] Level 1:colcon.colcon_core.package_identification:_identify(src) by extensions ['colcon_meta']
[0.303s] Level 1:colcon.colcon_core.package_identification:_identify(src) by extension 'colcon_meta'
[0.303s] Level 1:colcon.colcon_core.package_identification:_identify(src) by extensions ['ros']
[0.303s] Level 1:colcon.colcon_core.package_identification:_identify(src) by extension 'ros'
[0.303s] Level 1:colcon.colcon_core.package_identification:_identify(src) by extensions ['cmake', 'python']
[0.303s] Level 1:colcon.colcon_core.package_identification:_identify(src) by extension 'cmake'
[0.303s] Level 1:colcon.colcon_core.package_identification:_identify(src) by extension 'python'
[0.303s] Level 1:colcon.colcon_core.package_identification:_identify(src) by extensions ['python_setup_py']
[0.303s] Level 1:colcon.colcon_core.package_identification:_identify(src) by extension 'python_setup_py'
[0.303s] Level 1:colcon.colcon_core.package_identification:_identify(src/action_tutorials_interfaces) by extensions ['ignore', 'ignore_ament_install']
[0.303s] Level 1:colcon.colcon_core.package_identification:_identify(src/action_tutorials_interfaces) by extension 'ignore'
[0.303s] Level 1:colcon.colcon_core.package_identification:_identify(src/action_tutorials_interfaces) by extension 'ignore_ament_install'
[0.303s] Level 1:colcon.colcon_core.package_identification:_identify(src/action_tutorials_interfaces) by extensions ['colcon_pkg']
[0.303s] Level 1:colcon.colcon_core.package_identification:_identify(src/action_tutorials_interfaces) by extension 'colcon_pkg'
[0.303s] Level 1:colcon.colcon_core.package_identification:_identify(src/action_tutorials_interfaces) by extensions ['colcon_meta']
[0.303s] Level 1:colcon.colcon_core.package_identification:_identify(src/action_tutorials_interfaces) by extension 'colcon_meta'
[0.303s] Level 1:colcon.colcon_core.package_identification:_identify(src/action_tutorials_interfaces) by extensions ['ros']
[0.303s] Level 1:colcon.colcon_core.package_identification:_identify(src/action_tutorials_interfaces) by extension 'ros'
[0.306s] DEBUG:colcon.colcon_core.package_identification:Package 'src/action_tutorials_interfaces' with type 'ros.ament_cmake' and name 'action_tutorials_interfaces'
[0.306s] Level 1:colcon.colcon_core.package_identification:_identify(src/examples) by extensions ['ignore', 'ignore_ament_install']
[0.306s] Level 1:colcon.colcon_core.package_identification:_identify(src/examples) by extension 'ignore'
[0.306s] Level 1:colcon.colcon_core.package_identification:_identify(src/examples) ignored
[0.306s] Level 1:colcon.colcon_core.package_identification:_identify(src/my_package) by extensions ['ignore', 'ignore_ament_install']
[0.306s] Level 1:colcon.colcon_core.package_identification:_identify(src/my_package) by extension 'ignore'
[0.306s] Level 1:colcon.colcon_core.package_identification:_identify(src/my_package) by extension 'ignore_ament_install'
[0.306s] Level 1:colcon.colcon_core.package_identification:_identify(src/my_package) by extensions ['colcon_pkg']
[0.306s] Level 1:colcon.colcon_core.package_identification:_identify(src/my_package) by extension 'colcon_pkg'
[0.306s] Level 1:colcon.colcon_core.package_identification:_identify(src/my_package) by extensions ['colcon_meta']
[0.306s] Level 1:colcon.colcon_core.package_identification:_identify(src/my_package) by extension 'colcon_meta'
[0.306s] Level 1:colcon.colcon_core.package_identification:_identify(src/my_package) by extensions ['ros']
[0.306s] Level 1:colcon.colcon_core.package_identification:_identify(src/my_package) by extension 'ros'
[0.307s] DEBUG:colcon.colcon_core.package_identification:Package 'src/my_package' with type 'ros.ament_python' and name 'my_package'
[0.307s] Level 1:colcon.colcon_core.package_identification:_identify(src/py_pubsub) by extensions ['ignore', 'ignore_ament_install']
[0.307s] Level 1:colcon.colcon_core.package_identification:_identify(src/py_pubsub) by extension 'ignore'
[0.307s] Level 1:colcon.colcon_core.package_identification:_identify(src/py_pubsub) by extension 'ignore_ament_install'
[0.307s] Level 1:colcon.colcon_core.package_identification:_identify(src/py_pubsub) by extensions ['colcon_pkg']
[0.307s] Level 1:colcon.colcon_core.package_identification:_identify(src/py_pubsub) by extension 'colcon_pkg'
[0.307s] Level 1:colcon.colcon_core.package_identification:_identify(src/py_pubsub) by extensions ['colcon_meta']
[0.307s] Level 1:colcon.colcon_core.package_identification:_identify(src/py_pubsub) by extension 'colcon_meta'
[0.307s] Level 1:colcon.colcon_core.package_identification:_identify(src/py_pubsub) by extensions ['ros']
[0.307s] Level 1:colcon.colcon_core.package_identification:_identify(src/py_pubsub) by extension 'ros'
[0.308s] DEBUG:colcon.colcon_core.package_identification:Package 'src/py_pubsub' with type 'ros.ament_python' and name 'py_pubsub'
[0.308s] Level 1:colcon.colcon_core.package_identification:_identify(src/py_srvcli) by extensions ['ignore', 'ignore_ament_install']
[0.308s] Level 1:colcon.colcon_core.package_identification:_identify(src/py_srvcli) by extension 'ignore'
[0.308s] Level 1:colcon.colcon_core.package_identification:_identify(src/py_srvcli) by extension 'ignore_ament_install'
[0.308s] Level 1:colcon.colcon_core.package_identification:_identify(src/py_srvcli) by extensions ['colcon_pkg']
[0.308s] Level 1:colcon.colcon_core.package_identification:_identify(src/py_srvcli) by extension 'colcon_pkg'
[0.309s] Level 1:colcon.colcon_core.package_identification:_identify(src/py_srvcli) by extensions ['colcon_meta']
[0.309s] Level 1:colcon.colcon_core.package_identification:_identify(src/py_srvcli) by extension 'colcon_meta'
[0.309s] Level 1:colcon.colcon_core.package_identification:_identify(src/py_srvcli) by extensions ['ros']
[0.309s] Level 1:colcon.colcon_core.package_identification:_identify(src/py_srvcli) by extension 'ros'
[0.310s] DEBUG:colcon.colcon_core.package_identification:Package 'src/py_srvcli' with type 'ros.ament_python' and name 'py_srvcli'
[0.310s] Level 1:colcon.colcon_core.package_identification:_identify(src/python_parameters) by extensions ['ignore', 'ignore_ament_install']
[0.310s] Level 1:colcon.colcon_core.package_identification:_identify(src/python_parameters) by extension 'ignore'
[0.310s] Level 1:colcon.colcon_core.package_identification:_identify(src/python_parameters) by extension 'ignore_ament_install'
[0.310s] Level 1:colcon.colcon_core.package_identification:_identify(src/python_parameters) by extensions ['colcon_pkg']
[0.310s] Level 1:colcon.colcon_core.package_identification:_identify(src/python_parameters) by extension 'colcon_pkg'
[0.311s] Level 1:colcon.colcon_core.package_identification:_identify(src/python_parameters) by extensions ['colcon_meta']
[0.311s] Level 1:colcon.colcon_core.package_identification:_identify(src/python_parameters) by extension 'colcon_meta'
[0.311s] Level 1:colcon.colcon_core.package_identification:_identify(src/python_parameters) by extensions ['ros']
[0.311s] Level 1:colcon.colcon_core.package_identification:_identify(src/python_parameters) by extension 'ros'
[0.311s] DEBUG:colcon.colcon_core.package_identification:Package 'src/python_parameters' with type 'ros.ament_python' and name 'python_parameters'
[0.311s] Level 1:colcon.colcon_core.package_identification:_identify(src/ros_tutorials) by extensions ['ignore', 'ignore_ament_install']
[0.311s] Level 1:colcon.colcon_core.package_identification:_identify(src/ros_tutorials) by extension 'ignore'
[0.311s] Level 1:colcon.colcon_core.package_identification:_identify(src/ros_tutorials) ignored
[0.311s] Level 1:colcon.colcon_core.package_identification:_identify(src/tutorial_interfaces) by extensions ['ignore', 'ignore_ament_install']
[0.311s] Level 1:colcon.colcon_core.package_identification:_identify(src/tutorial_interfaces) by extension 'ignore'
[0.311s] Level 1:colcon.colcon_core.package_identification:_identify(src/tutorial_interfaces) by extension 'ignore_ament_install'
[0.312s] Level 1:colcon.colcon_core.package_identification:_identify(src/tutorial_interfaces) by extensions ['colcon_pkg']
[0.312s] Level 1:colcon.colcon_core.package_identification:_identify(src/tutorial_interfaces) by extension 'colcon_pkg'
[0.312s] Level 1:colcon.colcon_core.package_identification:_identify(src/tutorial_interfaces) by extensions ['colcon_meta']
[0.312s] Level 1:colcon.colcon_core.package_identification:_identify(src/tutorial_interfaces) by extension 'colcon_meta'
[0.312s] Level 1:colcon.colcon_core.package_identification:_identify(src/tutorial_interfaces) by extensions ['ros']
[0.312s] Level 1:colcon.colcon_core.package_identification:_identify(src/tutorial_interfaces) by extension 'ros'
[0.312s] DEBUG:colcon.colcon_core.package_identification:Package 'src/tutorial_interfaces' with type 'ros.ament_cmake' and name 'tutorial_interfaces'
[0.312s] Level 1:colcon.colcon_core.package_identification:_identify(src/urdf_tuto) by extensions ['ignore', 'ignore_ament_install']
[0.312s] Level 1:colcon.colcon_core.package_identification:_identify(src/urdf_tuto) by extension 'ignore'
[0.313s] Level 1:colcon.colcon_core.package_identification:_identify(src/urdf_tuto) by extension 'ignore_ament_install'
[0.313s] Level 1:colcon.colcon_core.package_identification:_identify(src/urdf_tuto) by extensions ['colcon_pkg']
[0.313s] Level 1:colcon.colcon_core.package_identification:_identify(src/urdf_tuto) by extension 'colcon_pkg'
[0.313s] Level 1:colcon.colcon_core.package_identification:_identify(src/urdf_tuto) by extensions ['colcon_meta']
[0.313s] Level 1:colcon.colcon_core.package_identification:_identify(src/urdf_tuto) by extension 'colcon_meta'
[0.313s] Level 1:colcon.colcon_core.package_identification:_identify(src/urdf_tuto) by extensions ['ros']
[0.313s] Level 1:colcon.colcon_core.package_identification:_identify(src/urdf_tuto) by extension 'ros'
[0.313s] DEBUG:colcon.colcon_core.package_identification:Package 'src/urdf_tuto' with type 'ros.ament_python' and name 'urdf_tuto'
[0.313s] Level 1:colcon.colcon_core.package_discovery:discover_packages(recursive) using defaults
[0.313s] Level 1:colcon.colcon_core.package_discovery:discover_packages(ignore) discover
[0.313s] Level 1:colcon.colcon_core.package_discovery:discover_packages(ignore) using defaults
[0.313s] Level 1:colcon.colcon_core.package_discovery:discover_packages(path) discover
[0.313s] Level 1:colcon.colcon_core.package_discovery:discover_packages(path) using defaults
[0.347s] Level 1:colcon.colcon_core.package_discovery:discover_packages(prefix_path) check parameters
[0.347s] Level 1:colcon.colcon_core.package_discovery:discover_packages(prefix_path) discover
[0.349s] DEBUG:colcon.colcon_installed_package_information.package_discovery:Found 8 installed packages in /home/abdelhak/Robotic_ws/install
[0.350s] DEBUG:colcon.colcon_installed_package_information.package_discovery:Found 275 installed packages in /opt/ros/humble
[0.352s] Level 1:colcon.colcon_core.package_discovery:discover_packages(prefix_path) using defaults
[0.400s] WARNING:colcon.colcon_core.package_selection:Some selected packages are already built in one or more underlay workspaces:
	'action_tutorials_interfaces' is in: /home/abdelhak/Robotic_ws/install/action_tutorials_interfaces, /opt/ros/humble
If a package in a merged underlay workspace is overridden and it installs headers, then all packages in the overlay must sort their include directories by workspace order. Failure to do so may result in build failures or undefined behavior at run time.
If the overridden package is used by another package in any underlay, then the overriding package in the overlay must be API and ABI compatible or undefined behavior at run time may occur.

If you understand the risks and want to override a package anyways, add the following to the command line:
	--allow-overriding action_tutorials_interfaces

This may be promoted to an error in a future release of colcon-override-check.
[0.400s] Level 5:colcon.colcon_core.verb:set package 'action_tutorials_interfaces' build argument 'cmake_args' from command line to 'None'
[0.400s] Level 5:colcon.colcon_core.verb:set package 'action_tutorials_interfaces' build argument 'cmake_target' from command line to 'None'
[0.400s] Level 5:colcon.colcon_core.verb:set package 'action_tutorials_interfaces' build argument 'cmake_target_skip_unavailable' from command line to 'False'
[0.400s] Level 5:colcon.colcon_core.verb:set package 'action_tutorials_interfaces' build argument 'cmake_clean_cache' from command line to 'False'
[0.401s] Level 5:colcon.colcon_core.verb:set package 'action_tutorials_interfaces' build argument 'cmake_clean_first' from command line to 'False'
[0.401s] Level 5:colcon.colcon_core.verb:set package 'action_tutorials_interfaces' build argument 'cmake_force_configure' from command line to 'False'
[0.401s] Level 5:colcon.colcon_core.verb:set package 'action_tutorials_interfaces' build argument 'ament_cmake_args' from command line to 'None'
[0.401s] Level 5:colcon.colcon_core.verb:set package 'action_tutorials_interfaces' build argument 'catkin_cmake_args' from command line to 'None'
[0.401s] Level 5:colcon.colcon_core.verb:set package 'action_tutorials_interfaces' build argument 'catkin_skip_building_tests' from command line to 'False'
[0.401s] DEBUG:colcon.colcon_core.verb:Building package 'action_tutorials_interfaces' with the following arguments: {'ament_cmake_args': None, 'build_base': '/home/abdelhak/Robotic_ws/build/action_tutorials_interfaces', 'catkin_cmake_args': None, 'catkin_skip_building_tests': False, 'cmake_args': None, 'cmake_clean_cache': False, 'cmake_clean_first': False, 'cmake_force_configure': False, 'cmake_target': None, 'cmake_target_skip_unavailable': False, 'install_base': '/home/abdelhak/Robotic_ws/install/action_tutorials_interfaces', 'merge_install': False, 'path': '/home/abdelhak/Robotic_ws/src/action_tutorials_interfaces', 'symlink_install': False, 'test_result_base': None}
[0.401s] Level 5:colcon.colcon_core.verb:set package 'my_package' build argument 'cmake_args' from command line to 'None'
[0.401s] Level 5:colcon.colcon_core.verb:set package 'my_package' build argument 'cmake_target' from command line to 'None'
[0.401s] Level 5:colcon.colcon_core.verb:set package 'my_package' build argument 'cmake_target_skip_unavailable' from command line to 'False'
[0.401s] Level 5:colcon.colcon_core.verb:set package 'my_package' build argument 'cmake_clean_cache' from command line to 'False'
[0.401s] Level 5:colcon.colcon_core.verb:set package 'my_package' build argument 'cmake_clean_first' from command line to 'False'
[0.401s] Level 5:colcon.colcon_core.verb:set package 'my_package' build argument 'cmake_force_configure' from command line to 'False'
[0.401s] Level 5:colcon.colcon_core.verb:set package 'my_package' build argument 'ament_cmake_args' from command line to 'None'
[0.401s] Level 5:colcon.colcon_core.verb:set package 'my_package' build argument 'catkin_cmake_args' from command line to 'None'
[0.401s] Level 5:colcon.colcon_core.verb:set package 'my_package' build argument 'catkin_skip_building_tests' from command line to 'False'
[0.401s] DEBUG:colcon.colcon_core.verb:Building package 'my_package' with the following arguments: {'ament_cmake_args': None, 'build_base': '/home/abdelhak/Robotic_ws/build/my_package', 'catkin_cmake_args': None, 'catkin_skip_building_tests': False, 'cmake_args': None, 'cmake_clean_cache': False, 'cmake_clean_first': False, 'cmake_force_configure': False, 'cmake_target': None, 'cmake_target_skip_unavailable': False, 'install_base': '/home/abdelhak/Robotic_ws/install/my_package', 'merge_install': False, 'path': '/home/abdelhak/Robotic_ws/src/my_package', 'symlink_install': False, 'test_result_base': None}
[0.402s] Level 5:colcon.colcon_core.verb:set package 'py_srvcli' build argument 'cmake_args' from command line to 'None'
[0.402s] Level 5:colcon.colcon_core.verb:set package 'py_srvcli' build argument 'cmake_target' from command line to 'None'
[0.402s] Level 5:colcon.colcon_core.verb:set package 'py_srvcli' build argument 'cmake_target_skip_unavailable' from command line to 'False'
[0.402s] Level 5:colcon.colcon_core.verb:set package 'py_srvcli' build argument 'cmake_clean_cache' from command line to 'False'
[0.402s] Level 5:colcon.colcon_core.verb:set package 'py_srvcli' build argument 'cmake_clean_first' from command line to 'False'
[0.402s] Level 5:colcon.colcon_core.verb:set package 'py_srvcli' build argument 'cmake_force_configure' from command line to 'False'
[0.402s] Level 5:colcon.colcon_core.verb:set package 'py_srvcli' build argument 'ament_cmake_args' from command line to 'None'
[0.402s] Level 5:colcon.colcon_core.verb:set package 'py_srvcli' build argument 'catkin_cmake_args' from command line to 'None'
[0.402s] Level 5:colcon.colcon_core.verb:set package 'py_srvcli' build argument 'catkin_skip_building_tests' from command line to 'False'
[0.402s] DEBUG:colcon.colcon_core.verb:Building package 'py_srvcli' with the following arguments: {'ament_cmake_args': None, 'build_base': '/home/abdelhak/Robotic_ws/build/py_srvcli', 'catkin_cmake_args': None, 'catkin_skip_building_tests': False, 'cmake_args': None, 'cmake_clean_cache': False, 'cmake_clean_first': False, 'cmake_force_configure': False, 'cmake_target': None, 'cmake_target_skip_unavailable': False, 'install_base': '/home/abdelhak/Robotic_ws/install/py_srvcli', 'merge_install': False, 'path': '/home/abdelhak/Robotic_ws/src/py_srvcli', 'symlink_install': False, 'test_result_base': None}
[0.402s] Level 5:colcon.colcon_core.verb:set package 'python_parameters' build argument 'cmake_args' from command line to 'None'
[0.402s] Level 5:colcon.colcon_core.verb:set package 'python_parameters' build argument 'cmake_target' from command line to 'None'
[0.402s] Level 5:colcon.colcon_core.verb:set package 'python_parameters' build argument 'cmake_target_skip_unavailable' from command line to 'False'
[0.402s] Level 5:colcon.colcon_core.verb:set package 'python_parameters' build argument 'cmake_clean_cache' from command line to 'False'
[0.402s] Level 5:colcon.colcon_core.verb:set package 'python_parameters' build argument 'cmake_clean_first' from command line to 'False'
[0.402s] Level 5:colcon.colcon_core.verb:set package 'python_parameters' build argument 'cmake_force_configure' from command line to 'False'
[0.402s] Level 5:colcon.colcon_core.verb:set package 'python_parameters' build argument 'ament_cmake_args' from command line to 'None'
[0.402s] Level 5:colcon.colcon_core.verb:set package 'python_parameters' build argument 'catkin_cmake_args' from command line to 'None'
[0.403s] Level 5:colcon.colcon_core.verb:set package 'python_parameters' build argument 'catkin_skip_building_tests' from command line to 'False'
[0.403s] DEBUG:colcon.colcon_core.verb:Building package 'python_parameters' with the following arguments: {'ament_cmake_args': None, 'build_base': '/home/abdelhak/Robotic_ws/build/python_parameters', 'catkin_cmake_args': None, 'catkin_skip_building_tests': False, 'cmake_args': None, 'cmake_clean_cache': False, 'cmake_clean_first': False, 'cmake_force_configure': False, 'cmake_target': None, 'cmake_target_skip_unavailable': False, 'install_base': '/home/abdelhak/Robotic_ws/install/python_parameters', 'merge_install': False, 'path': '/home/abdelhak/Robotic_ws/src/python_parameters', 'symlink_install': False, 'test_result_base': None}
[0.403s] Level 5:colcon.colcon_core.verb:set package 'tutorial_interfaces' build argument 'cmake_args' from command line to 'None'
[0.403s] Level 5:colcon.colcon_core.verb:set package 'tutorial_interfaces' build argument 'cmake_target' from command line to 'None'
[0.403s] Level 5:colcon.colcon_core.verb:set package 'tutorial_interfaces' build argument 'cmake_target_skip_unavailable' from command line to 'False'
[0.403s] Level 5:colcon.colcon_core.verb:set package 'tutorial_interfaces' build argument 'cmake_clean_cache' from command line to 'False'
[0.403s] Level 5:colcon.colcon_core.verb:set package 'tutorial_interfaces' build argument 'cmake_clean_first' from command line to 'False'
[0.403s] Level 5:colcon.colcon_core.verb:set package 'tutorial_interfaces' build argument 'cmake_force_configure' from command line to 'False'
[0.403s] Level 5:colcon.colcon_core.verb:set package 'tutorial_interfaces' build argument 'ament_cmake_args' from command line to 'None'
[0.403s] Level 5:colcon.colcon_core.verb:set package 'tutorial_interfaces' build argument 'catkin_cmake_args' from command line to 'None'
[0.403s] Level 5:colcon.colcon_core.verb:set package 'tutorial_interfaces' build argument 'catkin_skip_building_tests' from command line to 'False'
[0.403s] DEBUG:colcon.colcon_core.verb:Building package 'tutorial_interfaces' with the following arguments: {'ament_cmake_args': None, 'build_base': '/home/abdelhak/Robotic_ws/build/tutorial_interfaces', 'catkin_cmake_args': None, 'catkin_skip_building_tests': False, 'cmake_args': None, 'cmake_clean_cache': False, 'cmake_clean_first': False, 'cmake_force_configure': False, 'cmake_target': None, 'cmake_target_skip_unavailable': False, 'install_base': '/home/abdelhak/Robotic_ws/install/tutorial_interfaces', 'merge_install': False, 'path': '/home/abdelhak/Robotic_ws/src/tutorial_interfaces', 'symlink_install': False, 'test_result_base': None}
[0.403s] Level 5:colcon.colcon_core.verb:set package 'urdf_tuto' build argument 'cmake_args' from command line to 'None'
[0.403s] Level 5:colcon.colcon_core.verb:set package 'urdf_tuto' build argument 'cmake_target' from command line to 'None'
[0.403s] Level 5:colcon.colcon_core.verb:set package 'urdf_tuto' build argument 'cmake_target_skip_unavailable' from command line to 'False'
[0.403s] Level 5:colcon.colcon_core.verb:set package 'urdf_tuto' build argument 'cmake_clean_cache' from command line to 'False'
[0.403s] Level 5:colcon.colcon_core.verb:set package 'urdf_tuto' build argument 'cmake_clean_first' from command line to 'False'
[0.403s] Level 5:colcon.colcon_core.verb:set package 'urdf_tuto' build argument 'cmake_force_configure' from command line to 'False'
[0.403s] Level 5:colcon.colcon_core.verb:set package 'urdf_tuto' build argument 'ament_cmake_args' from command line to 'None'
[0.403s] Level 5:colcon.colcon_core.verb:set package 'urdf_tuto' build argument 'catkin_cmake_args' from command line to 'None'
[0.404s] Level 5:colcon.colcon_core.verb:set package 'urdf_tuto' build argument 'catkin_skip_building_tests' from command line to 'False'
[0.404s] DEBUG:colcon.colcon_core.verb:Building package 'urdf_tuto' with the following arguments: {'ament_cmake_args': None, 'build_base': '/home/abdelhak/Robotic_ws/build/urdf_tuto', 'catkin_cmake_args': None, 'catkin_skip_building_tests': False, 'cmake_args': None, 'cmake_clean_cache': False, 'cmake_clean_first': False, 'cmake_force_configure': False, 'cmake_target': None, 'cmake_target_skip_unavailable': False, 'install_base': '/home/abdelhak/Robotic_ws/install/urdf_tuto', 'merge_install': False, 'path': '/home/abdelhak/Robotic_ws/src/urdf_tuto', 'symlink_install': False, 'test_result_base': None}
[0.404s] Level 5:colcon.colcon_core.verb:set package 'py_pubsub' build argument 'cmake_args' from command line to 'None'
[0.404s] Level 5:colcon.colcon_core.verb:set package 'py_pubsub' build argument 'cmake_target' from command line to 'None'
[0.404s] Level 5:colcon.colcon_core.verb:set package 'py_pubsub' build argument 'cmake_target_skip_unavailable' from command line to 'False'
[0.404s] Level 5:colcon.colcon_core.verb:set package 'py_pubsub' build argument 'cmake_clean_cache' from command line to 'False'
[0.404s] Level 5:colcon.colcon_core.verb:set package 'py_pubsub' build argument 'cmake_clean_first' from command line to 'False'
[0.404s] Level 5:colcon.colcon_core.verb:set package 'py_pubsub' build argument 'cmake_force_configure' from command line to 'False'
[0.404s] Level 5:colcon.colcon_core.verb:set package 'py_pubsub' build argument 'ament_cmake_args' from command line to 'None'
[0.404s] Level 5:colcon.colcon_core.verb:set package 'py_pubsub' build argument 'catkin_cmake_args' from command line to 'None'
[0.404s] Level 5:colcon.colcon_core.verb:set package 'py_pubsub' build argument 'catkin_skip_building_tests' from command line to 'False'
[0.404s] DEBUG:colcon.colcon_core.verb:Building package 'py_pubsub' with the following arguments: {'ament_cmake_args': None, 'build_base': '/home/abdelhak/Robotic_ws/build/py_pubsub', 'catkin_cmake_args': None, 'catkin_skip_building_tests': False, 'cmake_args': None, 'cmake_clean_cache': False, 'cmake_clean_first': False, 'cmake_force_configure': False, 'cmake_target': None, 'cmake_target_skip_unavailable': False, 'install_base': '/home/abdelhak/Robotic_ws/install/py_pubsub', 'merge_install': False, 'path': '/home/abdelhak/Robotic_ws/src/py_pubsub', 'symlink_install': False, 'test_result_base': None}
[0.404s] INFO:colcon.colcon_core.executor:Executing jobs using 'parallel' executor
[0.406s] DEBUG:colcon.colcon_parallel_executor.executor.parallel:run_until_complete
[0.407s] INFO:colcon.colcon_ros.task.ament_cmake.build:Building ROS package in '/home/abdelhak/Robotic_ws/src/tutorial_interfaces' with build type 'ament_cmake'
[0.407s] INFO:colcon.colcon_cmake.task.cmake.build:Building CMake package in '/home/abdelhak/Robotic_ws/src/tutorial_interfaces'
[0.411s] INFO:colcon.colcon_core.plugin_system:Skipping extension 'colcon_core.shell.bat': Not used on non-Windows systems
[0.411s] INFO:colcon.colcon_core.shell:Skip shell extension 'powershell' for command environment: Not usable outside of PowerShell
[0.411s] DEBUG:colcon.colcon_core.shell:Skip shell extension 'dsv' for command environment
[0.414s] INFO:colcon.colcon_ros.task.ament_cmake.build:Building ROS package in '/home/abdelhak/Robotic_ws/src/action_tutorials_interfaces' with build type 'ament_cmake'
[0.414s] INFO:colcon.colcon_cmake.task.cmake.build:Building CMake package in '/home/abdelhak/Robotic_ws/src/action_tutorials_interfaces'
[0.415s] INFO:colcon.colcon_core.shell:Skip shell extension 'powershell' for command environment: Not usable outside of PowerShell
[0.415s] DEBUG:colcon.colcon_core.shell:Skip shell extension 'dsv' for command environment
[0.418s] INFO:colcon.colcon_ros.task.ament_python.build:Building ROS package in '/home/abdelhak/Robotic_ws/src/my_package' with build type 'ament_python'
[0.418s] Level 1:colcon.colcon_core.shell:create_environment_hook('my_package', 'ament_prefix_path')
[0.418s] INFO:colcon.colcon_core.shell:Creating environment hook '/home/abdelhak/Robotic_ws/install/my_package/share/my_package/hook/ament_prefix_path.ps1'
[0.419s] INFO:colcon.colcon_core.shell:Creating environment descriptor '/home/abdelhak/Robotic_ws/install/my_package/share/my_package/hook/ament_prefix_path.dsv'
[0.419s] INFO:colcon.colcon_core.shell:Creating environment hook '/home/abdelhak/Robotic_ws/install/my_package/share/my_package/hook/ament_prefix_path.sh'
[0.420s] INFO:colcon.colcon_core.shell:Skip shell extension 'powershell' for command environment: Not usable outside of PowerShell
[0.420s] DEBUG:colcon.colcon_core.shell:Skip shell extension 'dsv' for command environment
[0.422s] INFO:colcon.colcon_ros.task.ament_python.build:Building ROS package in '/home/abdelhak/Robotic_ws/src/py_srvcli' with build type 'ament_python'
[0.423s] Level 1:colcon.colcon_core.shell:create_environment_hook('py_srvcli', 'ament_prefix_path')
[0.423s] INFO:colcon.colcon_core.shell:Creating environment hook '/home/abdelhak/Robotic_ws/install/py_srvcli/share/py_srvcli/hook/ament_prefix_path.ps1'
[0.423s] INFO:colcon.colcon_core.shell:Creating environment descriptor '/home/abdelhak/Robotic_ws/install/py_srvcli/share/py_srvcli/hook/ament_prefix_path.dsv'
[0.424s] INFO:colcon.colcon_core.shell:Creating environment hook '/home/abdelhak/Robotic_ws/install/py_srvcli/share/py_srvcli/hook/ament_prefix_path.sh'
[0.424s] INFO:colcon.colcon_core.shell:Skip shell extension 'powershell' for command environment: Not usable outside of PowerShell
[0.424s] DEBUG:colcon.colcon_core.shell:Skip shell extension 'dsv' for command environment
[0.427s] INFO:colcon.colcon_ros.task.ament_python.build:Building ROS package in '/home/abdelhak/Robotic_ws/src/python_parameters' with build type 'ament_python'
[0.427s] Level 1:colcon.colcon_core.shell:create_environment_hook('python_parameters', 'ament_prefix_path')
[0.427s] INFO:colcon.colcon_core.shell:Creating environment hook '/home/abdelhak/Robotic_ws/install/python_parameters/share/python_parameters/hook/ament_prefix_path.ps1'
[0.428s] INFO:colcon.colcon_core.shell:Creating environment descriptor '/home/abdelhak/Robotic_ws/install/python_parameters/share/python_parameters/hook/ament_prefix_path.dsv'
[0.428s] INFO:colcon.colcon_core.shell:Creating environment hook '/home/abdelhak/Robotic_ws/install/python_parameters/share/python_parameters/hook/ament_prefix_path.sh'
[0.429s] INFO:colcon.colcon_core.shell:Skip shell extension 'powershell' for command environment: Not usable outside of PowerShell
[0.429s] DEBUG:colcon.colcon_core.shell:Skip shell extension 'dsv' for command environment
[0.431s] INFO:colcon.colcon_ros.task.ament_python.build:Building ROS package in '/home/abdelhak/Robotic_ws/src/urdf_tuto' with build type 'ament_python'
[0.432s] Level 1:colcon.colcon_core.shell:create_environment_hook('urdf_tuto', 'ament_prefix_path')
[0.432s] INFO:colcon.colcon_core.shell:Creating environment hook '/home/abdelhak/Robotic_ws/install/urdf_tuto/share/urdf_tuto/hook/ament_prefix_path.ps1'
[0.432s] INFO:colcon.colcon_core.shell:Creating environment descriptor '/home/abdelhak/Robotic_ws/install/urdf_tuto/share/urdf_tuto/hook/ament_prefix_path.dsv'
[0.432s] INFO:colcon.colcon_core.shell:Creating environment hook '/home/abdelhak/Robotic_ws/install/urdf_tuto/share/urdf_tuto/hook/ament_prefix_path.sh'
[0.433s] INFO:colcon.colcon_core.shell:Skip shell extension 'powershell' for command environment: Not usable outside of PowerShell
[0.433s] DEBUG:colcon.colcon_core.shell:Skip shell extension 'dsv' for command environment
[0.443s] DEBUG:colcon.colcon_core.event_handler.log_command:Invoking command in '/home/abdelhak/Robotic_ws/build/tutorial_interfaces': CMAKE_PREFIX_PATH=${CMAKE_PREFIX_PATH}:/home/abdelhak/Robotic_ws/install/urdf_tuto:/home/abdelhak/Robotic_ws/install/py_pubsub:/home/abdelhak/Robotic_ws/install/python_parameters:/home/abdelhak/Robotic_ws/install/py_srvcli:/home/abdelhak/Robotic_ws/install/my_package:/opt/ros/humble /usr/bin/cmake --build /home/abdelhak/Robotic_ws/build/tutorial_interfaces -- -j12 -l12
[0.447s] DEBUG:colcon.colcon_core.event_handler.log_command:Invoking command in '/home/abdelhak/Robotic_ws/build/action_tutorials_interfaces': CMAKE_PREFIX_PATH=${CMAKE_PREFIX_PATH}:/home/abdelhak/Robotic_ws/install/urdf_tuto:/home/abdelhak/Robotic_ws/install/py_pubsub:/home/abdelhak/Robotic_ws/install/python_parameters:/home/abdelhak/Robotic_ws/install/py_srvcli:/home/abdelhak/Robotic_ws/install/my_package:/opt/ros/humble /usr/bin/cmake --build /home/abdelhak/Robotic_ws/build/action_tutorials_interfaces -- -j12 -l12
[0.828s] INFO:colcon.colcon_core.task.python.build:Building Python package in '/home/abdelhak/Robotic_ws/src/my_package'
[0.829s] INFO:colcon.colcon_core.shell:Skip shell extension 'powershell' for command environment: Not usable outside of PowerShell
[0.829s] DEBUG:colcon.colcon_core.shell:Skip shell extension 'dsv' for command environment
[1.119s] INFO:colcon.colcon_core.task.python.build:Building Python package in '/home/abdelhak/Robotic_ws/src/py_srvcli'
[1.120s] INFO:colcon.colcon_core.shell:Skip shell extension 'powershell' for command environment: Not usable outside of PowerShell
[1.120s] DEBUG:colcon.colcon_core.shell:Skip shell extension 'dsv' for command environment
[1.389s] INFO:colcon.colcon_core.task.python.build:Building Python package in '/home/abdelhak/Robotic_ws/src/python_parameters'
[1.390s] INFO:colcon.colcon_core.shell:Skip shell extension 'powershell' for command environment: Not usable outside of PowerShell
[1.390s] DEBUG:colcon.colcon_core.shell:Skip shell extension 'dsv' for command environment
[1.659s] INFO:colcon.colcon_core.task.python.build:Building Python package in '/home/abdelhak/Robotic_ws/src/urdf_tuto'
[1.659s] INFO:colcon.colcon_core.shell:Skip shell extension 'powershell' for command environment: Not usable outside of PowerShell
[1.659s] DEBUG:colcon.colcon_core.shell:Skip shell extension 'dsv' for command environment
[1.664s] DEBUG:colcon.colcon_core.event_handler.log_command:Invoked command in '/home/abdelhak/Robotic_ws/build/action_tutorials_interfaces' returned '0': CMAKE_PREFIX_PATH=${CMAKE_PREFIX_PATH}:/home/abdelhak/Robotic_ws/install/urdf_tuto:/home/abdelhak/Robotic_ws/install/py_pubsub:/home/abdelhak/Robotic_ws/install/python_parameters:/home/abdelhak/Robotic_ws/install/py_srvcli:/home/abdelhak/Robotic_ws/install/my_package:/opt/ros/humble /usr/bin/cmake --build /home/abdelhak/Robotic_ws/build/action_tutorials_interfaces -- -j12 -l12
[1.666s] DEBUG:colcon.colcon_core.event_handler.log_command:Invoked command in '/home/abdelhak/Robotic_ws/build/tutorial_interfaces' returned '0': CMAKE_PREFIX_PATH=${CMAKE_PREFIX_PATH}:/home/abdelhak/Robotic_ws/install/urdf_tuto:/home/abdelhak/Robotic_ws/install/py_pubsub:/home/abdelhak/Robotic_ws/install/python_parameters:/home/abdelhak/Robotic_ws/install/py_srvcli:/home/abdelhak/Robotic_ws/install/my_package:/opt/ros/humble /usr/bin/cmake --build /home/abdelhak/Robotic_ws/build/tutorial_interfaces -- -j12 -l12
[1.752s] DEBUG:colcon.colcon_core.event_handler.log_command:Invoking command in '/home/abdelhak/Robotic_ws/build/action_tutorials_interfaces': CMAKE_PREFIX_PATH=${CMAKE_PREFIX_PATH}:/home/abdelhak/Robotic_ws/install/urdf_tuto:/home/abdelhak/Robotic_ws/install/py_pubsub:/home/abdelhak/Robotic_ws/install/python_parameters:/home/abdelhak/Robotic_ws/install/py_srvcli:/home/abdelhak/Robotic_ws/install/my_package:/opt/ros/humble /usr/bin/cmake --install /home/abdelhak/Robotic_ws/build/action_tutorials_interfaces
[1.837s] DEBUG:colcon.colcon_core.event_handler.log_command:Invoking command in '/home/abdelhak/Robotic_ws/build/tutorial_interfaces': CMAKE_PREFIX_PATH=${CMAKE_PREFIX_PATH}:/home/abdelhak/Robotic_ws/install/urdf_tuto:/home/abdelhak/Robotic_ws/install/py_pubsub:/home/abdelhak/Robotic_ws/install/python_parameters:/home/abdelhak/Robotic_ws/install/py_srvcli:/home/abdelhak/Robotic_ws/install/my_package:/opt/ros/humble /usr/bin/cmake --install /home/abdelhak/Robotic_ws/build/tutorial_interfaces
[1.839s] Level 1:colcon.colcon_core.environment:create_environment_scripts_only(action_tutorials_interfaces)
[1.842s] DEBUG:colcon.colcon_core.event_handler.log_command:Invoked command in '/home/abdelhak/Robotic_ws/build/action_tutorials_interfaces' returned '0': CMAKE_PREFIX_PATH=${CMAKE_PREFIX_PATH}:/home/abdelhak/Robotic_ws/install/urdf_tuto:/home/abdelhak/Robotic_ws/install/py_pubsub:/home/abdelhak/Robotic_ws/install/python_parameters:/home/abdelhak/Robotic_ws/install/py_srvcli:/home/abdelhak/Robotic_ws/install/my_package:/opt/ros/humble /usr/bin/cmake --install /home/abdelhak/Robotic_ws/build/action_tutorials_interfaces
[1.846s] Level 1:colcon.colcon_core.environment:checking '/home/abdelhak/Robotic_ws/install/action_tutorials_interfaces' for CMake module files
[1.848s] Level 1:colcon.colcon_core.environment:checking '/home/abdelhak/Robotic_ws/install/action_tutorials_interfaces' for CMake config files
[1.849s] Level 1:colcon.colcon_core.shell:create_environment_hook('action_tutorials_interfaces', 'cmake_prefix_path')
[1.849s] INFO:colcon.colcon_core.shell:Creating environment hook '/home/abdelhak/Robotic_ws/install/action_tutorials_interfaces/share/action_tutorials_interfaces/hook/cmake_prefix_path.ps1'
[1.850s] INFO:colcon.colcon_core.shell:Creating environment descriptor '/home/abdelhak/Robotic_ws/install/action_tutorials_interfaces/share/action_tutorials_interfaces/hook/cmake_prefix_path.dsv'
[1.851s] INFO:colcon.colcon_core.shell:Creating environment hook '/home/abdelhak/Robotic_ws/install/action_tutorials_interfaces/share/action_tutorials_interfaces/hook/cmake_prefix_path.sh'
[1.853s] Level 1:colcon.colcon_core.environment:checking '/home/abdelhak/Robotic_ws/install/action_tutorials_interfaces/lib'
[1.854s] Level 1:colcon.colcon_core.shell:create_environment_hook('action_tutorials_interfaces', 'ld_library_path_lib')
[1.854s] INFO:colcon.colcon_core.shell:Creating environment hook '/home/abdelhak/Robotic_ws/install/action_tutorials_interfaces/share/action_tutorials_interfaces/hook/ld_library_path_lib.ps1'
[1.855s] INFO:colcon.colcon_core.shell:Creating environment descriptor '/home/abdelhak/Robotic_ws/install/action_tutorials_interfaces/share/action_tutorials_interfaces/hook/ld_library_path_lib.dsv'
[1.856s] INFO:colcon.colcon_core.shell:Creating environment hook '/home/abdelhak/Robotic_ws/install/action_tutorials_interfaces/share/action_tutorials_interfaces/hook/ld_library_path_lib.sh'
[1.857s] Level 1:colcon.colcon_core.environment:checking '/home/abdelhak/Robotic_ws/install/action_tutorials_interfaces/bin'
[1.857s] Level 1:colcon.colcon_core.environment:checking '/home/abdelhak/Robotic_ws/install/action_tutorials_interfaces/lib/pkgconfig/action_tutorials_interfaces.pc'
[1.857s] Level 1:colcon.colcon_core.environment:checking '/home/abdelhak/Robotic_ws/install/action_tutorials_interfaces/lib/python3.10/site-packages'
[1.858s] Level 1:colcon.colcon_core.environment:checking '/home/abdelhak/Robotic_ws/install/action_tutorials_interfaces/bin'
[1.858s] INFO:colcon.colcon_core.shell:Creating package script '/home/abdelhak/Robotic_ws/install/action_tutorials_interfaces/share/action_tutorials_interfaces/package.ps1'
[1.860s] INFO:colcon.colcon_core.shell:Creating package descriptor '/home/abdelhak/Robotic_ws/install/action_tutorials_interfaces/share/action_tutorials_interfaces/package.dsv'
[1.861s] INFO:colcon.colcon_core.shell:Creating package script '/home/abdelhak/Robotic_ws/install/action_tutorials_interfaces/share/action_tutorials_interfaces/package.sh'
[1.864s] INFO:colcon.colcon_core.shell:Creating package script '/home/abdelhak/Robotic_ws/install/action_tutorials_interfaces/share/action_tutorials_interfaces/package.bash'
[1.867s] INFO:colcon.colcon_core.shell:Creating package script '/home/abdelhak/Robotic_ws/install/action_tutorials_interfaces/share/action_tutorials_interfaces/package.zsh'
[1.870s] Level 1:colcon.colcon_core.environment:create_file_with_runtime_dependencies(/home/abdelhak/Robotic_ws/install/action_tutorials_interfaces/share/colcon-core/packages/action_tutorials_interfaces)
[1.950s] Level 1:colcon.colcon_core.environment:create_environment_scripts_only(tutorial_interfaces)
[1.951s] Level 1:colcon.colcon_core.environment:checking '/home/abdelhak/Robotic_ws/install/tutorial_interfaces' for CMake module files
[1.951s] DEBUG:colcon.colcon_core.event_handler.log_command:Invoked command in '/home/abdelhak/Robotic_ws/build/tutorial_interfaces' returned '0': CMAKE_PREFIX_PATH=${CMAKE_PREFIX_PATH}:/home/abdelhak/Robotic_ws/install/urdf_tuto:/home/abdelhak/Robotic_ws/install/py_pubsub:/home/abdelhak/Robotic_ws/install/python_parameters:/home/abdelhak/Robotic_ws/install/py_srvcli:/home/abdelhak/Robotic_ws/install/my_package:/opt/ros/humble /usr/bin/cmake --install /home/abdelhak/Robotic_ws/build/tutorial_interfaces
[1.952s] Level 1:colcon.colcon_core.environment:checking '/home/abdelhak/Robotic_ws/install/tutorial_interfaces' for CMake config files
[1.953s] Level 1:colcon.colcon_core.shell:create_environment_hook('tutorial_interfaces', 'cmake_prefix_path')
[1.954s] INFO:colcon.colcon_core.shell:Creating environment hook '/home/abdelhak/Robotic_ws/install/tutorial_interfaces/share/tutorial_interfaces/hook/cmake_prefix_path.ps1'
[1.954s] INFO:colcon.colcon_core.shell:Creating environment descriptor '/home/abdelhak/Robotic_ws/install/tutorial_interfaces/share/tutorial_interfaces/hook/cmake_prefix_path.dsv'
[1.955s] INFO:colcon.colcon_core.shell:Creating environment hook '/home/abdelhak/Robotic_ws/install/tutorial_interfaces/share/tutorial_interfaces/hook/cmake_prefix_path.sh'
[1.956s] Level 1:colcon.colcon_core.environment:checking '/home/abdelhak/Robotic_ws/install/tutorial_interfaces/lib'
[1.956s] Level 1:colcon.colcon_core.shell:create_environment_hook('tutorial_interfaces', 'ld_library_path_lib')
[1.956s] INFO:colcon.colcon_core.shell:Creating environment hook '/home/abdelhak/Robotic_ws/install/tutorial_interfaces/share/tutorial_interfaces/hook/ld_library_path_lib.ps1'
[1.957s] INFO:colcon.colcon_core.shell:Creating environment descriptor '/home/abdelhak/Robotic_ws/install/tutorial_interfaces/share/tutorial_interfaces/hook/ld_library_path_lib.dsv'
[1.957s] INFO:colcon.colcon_core.shell:Creating environment hook '/home/abdelhak/Robotic_ws/install/tutorial_interfaces/share/tutorial_interfaces/hook/ld_library_path_lib.sh'
[1.957s] Level 1:colcon.colcon_core.environment:checking '/home/abdelhak/Robotic_ws/install/tutorial_interfaces/bin'
[1.957s] Level 1:colcon.colcon_core.environment:checking '/home/abdelhak/Robotic_ws/install/tutorial_interfaces/lib/pkgconfig/tutorial_interfaces.pc'
[1.958s] Level 1:colcon.colcon_core.environment:checking '/home/abdelhak/Robotic_ws/install/tutorial_interfaces/lib/python3.10/site-packages'
[1.958s] Level 1:colcon.colcon_core.environment:checking '/home/abdelhak/Robotic_ws/install/tutorial_interfaces/bin'
[1.958s] INFO:colcon.colcon_core.shell:Creating package script '/home/abdelhak/Robotic_ws/install/tutorial_interfaces/share/tutorial_interfaces/package.ps1'
[1.959s] INFO:colcon.colcon_core.shell:Creating package descriptor '/home/abdelhak/Robotic_ws/install/tutorial_interfaces/share/tutorial_interfaces/package.dsv'
[1.959s] INFO:colcon.colcon_core.shell:Creating package script '/home/abdelhak/Robotic_ws/install/tutorial_interfaces/share/tutorial_interfaces/package.sh'
[1.960s] INFO:colcon.colcon_core.shell:Creating package script '/home/abdelhak/Robotic_ws/install/tutorial_interfaces/share/tutorial_interfaces/package.bash'
[1.960s] INFO:colcon.colcon_core.shell:Creating package script '/home/abdelhak/Robotic_ws/install/tutorial_interfaces/share/tutorial_interfaces/package.zsh'
[1.960s] Level 1:colcon.colcon_core.environment:create_file_with_runtime_dependencies(/home/abdelhak/Robotic_ws/install/tutorial_interfaces/share/colcon-core/packages/tutorial_interfaces)
[1.972s] Level 1:colcon.colcon_core.environment:create_environment_scripts_only(action_tutorials_interfaces)
[1.973s] Level 1:colcon.colcon_core.environment:checking '/home/abdelhak/Robotic_ws/install/action_tutorials_interfaces' for CMake module files
[1.974s] Level 1:colcon.colcon_core.environment:checking '/home/abdelhak/Robotic_ws/install/action_tutorials_interfaces' for CMake config files
[1.974s] Level 1:colcon.colcon_core.shell:create_environment_hook('action_tutorials_interfaces', 'cmake_prefix_path')
[1.975s] INFO:colcon.colcon_core.shell:Creating environment hook '/home/abdelhak/Robotic_ws/install/action_tutorials_interfaces/share/action_tutorials_interfaces/hook/cmake_prefix_path.ps1'
[1.976s] INFO:colcon.colcon_core.shell:Creating environment descriptor '/home/abdelhak/Robotic_ws/install/action_tutorials_interfaces/share/action_tutorials_interfaces/hook/cmake_prefix_path.dsv'
[1.976s] INFO:colcon.colcon_core.shell:Creating environment hook '/home/abdelhak/Robotic_ws/install/action_tutorials_interfaces/share/action_tutorials_interfaces/hook/cmake_prefix_path.sh'
[1.977s] Level 1:colcon.colcon_core.environment:checking '/home/abdelhak/Robotic_ws/install/action_tutorials_interfaces/lib'
[1.977s] Level 1:colcon.colcon_core.shell:create_environment_hook('action_tutorials_interfaces', 'ld_library_path_lib')
[1.977s] INFO:colcon.colcon_core.shell:Creating environment hook '/home/abdelhak/Robotic_ws/install/action_tutorials_interfaces/share/action_tutorials_interfaces/hook/ld_library_path_lib.ps1'
[1.978s] INFO:colcon.colcon_core.shell:Creating environment descriptor '/home/abdelhak/Robotic_ws/install/action_tutorials_interfaces/share/action_tutorials_interfaces/hook/ld_library_path_lib.dsv'
[1.978s] INFO:colcon.colcon_core.shell:Creating environment hook '/home/abdelhak/Robotic_ws/install/action_tutorials_interfaces/share/action_tutorials_interfaces/hook/ld_library_path_lib.sh'
[1.979s] Level 1:colcon.colcon_core.environment:checking '/home/abdelhak/Robotic_ws/install/action_tutorials_interfaces/bin'
[1.979s] Level 1:colcon.colcon_core.environment:checking '/home/abdelhak/Robotic_ws/install/action_tutorials_interfaces/lib/pkgconfig/action_tutorials_interfaces.pc'
[1.979s] Level 1:colcon.colcon_core.environment:checking '/home/abdelhak/Robotic_ws/install/action_tutorials_interfaces/lib/python3.10/site-packages'
[1.980s] Level 1:colcon.colcon_core.environment:checking '/home/abdelhak/Robotic_ws/install/action_tutorials_interfaces/bin'
[1.980s] INFO:colcon.colcon_core.shell:Creating package script '/home/abdelhak/Robotic_ws/install/action_tutorials_interfaces/share/action_tutorials_interfaces/package.ps1'
[1.981s] INFO:colcon.colcon_core.shell:Creating package descriptor '/home/abdelhak/Robotic_ws/install/action_tutorials_interfaces/share/action_tutorials_interfaces/package.dsv'
[1.982s] INFO:colcon.colcon_core.shell:Creating package script '/home/abdelhak/Robotic_ws/install/action_tutorials_interfaces/share/action_tutorials_interfaces/package.sh'
[1.983s] INFO:colcon.colcon_core.shell:Creating package script '/home/abdelhak/Robotic_ws/install/action_tutorials_interfaces/share/action_tutorials_interfaces/package.bash'
[1.983s] INFO:colcon.colcon_core.shell:Creating package script '/home/abdelhak/Robotic_ws/install/action_tutorials_interfaces/share/action_tutorials_interfaces/package.zsh'
[1.985s] Level 1:colcon.colcon_core.environment:create_file_with_runtime_dependencies(/home/abdelhak/Robotic_ws/install/action_tutorials_interfaces/share/colcon-core/packages/action_tutorials_interfaces)
[2.092s] Level 1:colcon.colcon_core.environment:create_environment_scripts_only(tutorial_interfaces)
[2.092s] Level 1:colcon.colcon_core.environment:checking '/home/abdelhak/Robotic_ws/install/tutorial_interfaces' for CMake module files
[2.093s] Level 1:colcon.colcon_core.environment:checking '/home/abdelhak/Robotic_ws/install/tutorial_interfaces' for CMake config files
[2.093s] Level 1:colcon.colcon_core.shell:create_environment_hook('tutorial_interfaces', 'cmake_prefix_path')
[2.094s] INFO:colcon.colcon_core.shell:Creating environment hook '/home/abdelhak/Robotic_ws/install/tutorial_interfaces/share/tutorial_interfaces/hook/cmake_prefix_path.ps1'
[2.094s] INFO:colcon.colcon_core.shell:Creating environment descriptor '/home/abdelhak/Robotic_ws/install/tutorial_interfaces/share/tutorial_interfaces/hook/cmake_prefix_path.dsv'
[2.094s] INFO:colcon.colcon_core.shell:Creating environment hook '/home/abdelhak/Robotic_ws/install/tutorial_interfaces/share/tutorial_interfaces/hook/cmake_prefix_path.sh'
[2.095s] Level 1:colcon.colcon_core.environment:checking '/home/abdelhak/Robotic_ws/install/tutorial_interfaces/lib'
[2.095s] Level 1:colcon.colcon_core.shell:create_environment_hook('tutorial_interfaces', 'ld_library_path_lib')
[2.095s] INFO:colcon.colcon_core.shell:Creating environment hook '/home/abdelhak/Robotic_ws/install/tutorial_interfaces/share/tutorial_interfaces/hook/ld_library_path_lib.ps1'
[2.096s] INFO:colcon.colcon_core.shell:Creating environment descriptor '/home/abdelhak/Robotic_ws/install/tutorial_interfaces/share/tutorial_interfaces/hook/ld_library_path_lib.dsv'
[2.096s] INFO:colcon.colcon_core.shell:Creating environment hook '/home/abdelhak/Robotic_ws/install/tutorial_interfaces/share/tutorial_interfaces/hook/ld_library_path_lib.sh'
[2.097s] Level 1:colcon.colcon_core.environment:checking '/home/abdelhak/Robotic_ws/install/tutorial_interfaces/bin'
[2.097s] Level 1:colcon.colcon_core.environment:checking '/home/abdelhak/Robotic_ws/install/tutorial_interfaces/lib/pkgconfig/tutorial_interfaces.pc'
[2.097s] Level 1:colcon.colcon_core.environment:checking '/home/abdelhak/Robotic_ws/install/tutorial_interfaces/lib/python3.10/site-packages'
[2.097s] Level 1:colcon.colcon_core.environment:checking '/home/abdelhak/Robotic_ws/install/tutorial_interfaces/bin'
[2.098s] INFO:colcon.colcon_core.shell:Creating package script '/home/abdelhak/Robotic_ws/install/tutorial_interfaces/share/tutorial_interfaces/package.ps1'
[2.099s] INFO:colcon.colcon_core.shell:Creating package descriptor '/home/abdelhak/Robotic_ws/install/tutorial_interfaces/share/tutorial_interfaces/package.dsv'
[2.099s] INFO:colcon.colcon_core.shell:Creating package script '/home/abdelhak/Robotic_ws/install/tutorial_interfaces/share/tutorial_interfaces/package.sh'
[2.100s] INFO:colcon.colcon_core.shell:Creating package script '/home/abdelhak/Robotic_ws/install/tutorial_interfaces/share/tutorial_interfaces/package.bash'
[2.100s] INFO:colcon.colcon_core.shell:Creating package script '/home/abdelhak/Robotic_ws/install/tutorial_interfaces/share/tutorial_interfaces/package.zsh'
[2.101s] Level 1:colcon.colcon_core.environment:create_file_with_runtime_dependencies(/home/abdelhak/Robotic_ws/install/tutorial_interfaces/share/colcon-core/packages/tutorial_interfaces)
[2.101s] INFO:colcon.colcon_ros.task.ament_python.build:Building ROS package in '/home/abdelhak/Robotic_ws/src/py_pubsub' with build type 'ament_python'
[2.101s] Level 1:colcon.colcon_core.shell:create_environment_hook('py_pubsub', 'ament_prefix_path')
[2.102s] INFO:colcon.colcon_core.shell:Creating environment hook '/home/abdelhak/Robotic_ws/install/py_pubsub/share/py_pubsub/hook/ament_prefix_path.ps1'
[2.102s] INFO:colcon.colcon_core.shell:Creating environment descriptor '/home/abdelhak/Robotic_ws/install/py_pubsub/share/py_pubsub/hook/ament_prefix_path.dsv'
[2.103s] INFO:colcon.colcon_core.shell:Creating environment hook '/home/abdelhak/Robotic_ws/install/py_pubsub/share/py_pubsub/hook/ament_prefix_path.sh'
[2.104s] INFO:colcon.colcon_core.shell:Skip shell extension 'powershell' for command environment: Not usable outside of PowerShell
[2.104s] DEBUG:colcon.colcon_core.shell:Skip shell extension 'dsv' for command environment
[2.411s] INFO:colcon.colcon_core.task.python.build:Building Python package in '/home/abdelhak/Robotic_ws/src/py_pubsub'
[2.411s] INFO:colcon.colcon_core.shell:Skip shell extension 'powershell' for command environment: Not usable outside of PowerShell
[2.411s] DEBUG:colcon.colcon_core.shell:Skip shell extension 'dsv' for command environment
[2.421s] DEBUG:colcon.colcon_core.event_handler.log_command:Invoking command in '/home/abdelhak/Robotic_ws/src/python_parameters': PYTHONPATH=/home/abdelhak/Robotic_ws/build/python_parameters/prefix_override:/usr/lib/python3/dist-packages/colcon_core/task/python/colcon_distutils_commands:/home/abdelhak/Robotic_ws/install/python_parameters/lib/python3.10/site-packages:${PYTHONPATH} /usr/bin/python3 -W ignore:setup.py install is deprecated setup.py egg_info --egg-base ../../build/python_parameters build --build-base /home/abdelhak/Robotic_ws/build/python_parameters/build install --record /home/abdelhak/Robotic_ws/build/python_parameters/install.log --single-version-externally-managed install_data
[2.426s] DEBUG:colcon.colcon_core.event_handler.log_command:Invoking command in '/home/abdelhak/Robotic_ws/src/py_srvcli': PYTHONPATH=/home/abdelhak/Robotic_ws/build/py_srvcli/prefix_override:/usr/lib/python3/dist-packages/colcon_core/task/python/colcon_distutils_commands:/home/abdelhak/Robotic_ws/install/py_srvcli/lib/python3.10/site-packages:${PYTHONPATH} /usr/bin/python3 -W ignore:setup.py install is deprecated setup.py egg_info --egg-base ../../build/py_srvcli build --build-base /home/abdelhak/Robotic_ws/build/py_srvcli/build install --record /home/abdelhak/Robotic_ws/build/py_srvcli/install.log --single-version-externally-managed install_data
[2.428s] DEBUG:colcon.colcon_core.event_handler.log_command:Invoking command in '/home/abdelhak/Robotic_ws/src/my_package': PYTHONPATH=/home/abdelhak/Robotic_ws/build/my_package/prefix_override:/usr/lib/python3/dist-packages/colcon_core/task/python/colcon_distutils_commands:/home/abdelhak/Robotic_ws/install/my_package/lib/python3.10/site-packages:${PYTHONPATH} /usr/bin/python3 -W ignore:setup.py install is deprecated setup.py egg_info --egg-base ../../build/my_package build --build-base /home/abdelhak/Robotic_ws/build/my_package/build install --record /home/abdelhak/Robotic_ws/build/my_package/install.log --single-version-externally-managed install_data
[2.429s] DEBUG:colcon.colcon_core.event_handler.log_command:Invoking command in '/home/abdelhak/Robotic_ws/build/urdf_tuto': PYTHONPATH=/home/abdelhak/Robotic_ws/build/urdf_tuto/prefix_override:/usr/lib/python3/dist-packages/colcon_core/task/python/colcon_distutils_commands:/home/abdelhak/Robotic_ws/install/urdf_tuto/lib/python3.10/site-packages:${PYTHONPATH} /usr/bin/python3 -W ignore:setup.py install is deprecated setup.py develop --uninstall --editable --build-directory /home/abdelhak/Robotic_ws/build/urdf_tuto/build
[2.764s] Level 1:colcon.colcon_core.environment:checking '/home/abdelhak/Robotic_ws/install/py_srvcli' for CMake module files
[2.765s] DEBUG:colcon.colcon_core.event_handler.log_command:Invoked command in '/home/abdelhak/Robotic_ws/src/py_srvcli' returned '0': PYTHONPATH=/home/abdelhak/Robotic_ws/build/py_srvcli/prefix_override:/usr/lib/python3/dist-packages/colcon_core/task/python/colcon_distutils_commands:/home/abdelhak/Robotic_ws/install/py_srvcli/lib/python3.10/site-packages:${PYTHONPATH} /usr/bin/python3 -W ignore:setup.py install is deprecated setup.py egg_info --egg-base ../../build/py_srvcli build --build-base /home/abdelhak/Robotic_ws/build/py_srvcli/build install --record /home/abdelhak/Robotic_ws/build/py_srvcli/install.log --single-version-externally-managed install_data
[2.765s] Level 1:colcon.colcon_core.environment:checking '/home/abdelhak/Robotic_ws/install/py_srvcli' for CMake config files
[2.766s] Level 1:colcon.colcon_core.environment:checking '/home/abdelhak/Robotic_ws/install/py_srvcli/lib'
[2.766s] Level 1:colcon.colcon_core.environment:checking '/home/abdelhak/Robotic_ws/install/py_srvcli/bin'
[2.766s] Level 1:colcon.colcon_core.environment:checking '/home/abdelhak/Robotic_ws/install/py_srvcli/lib/pkgconfig/py_srvcli.pc'
[2.767s] Level 1:colcon.colcon_core.environment:checking '/home/abdelhak/Robotic_ws/install/py_srvcli/lib/python3.10/site-packages'
[2.767s] Level 1:colcon.colcon_core.shell:create_environment_hook('py_srvcli', 'pythonpath')
[2.767s] INFO:colcon.colcon_core.shell:Creating environment hook '/home/abdelhak/Robotic_ws/install/py_srvcli/share/py_srvcli/hook/pythonpath.ps1'
[2.768s] INFO:colcon.colcon_core.shell:Creating environment descriptor '/home/abdelhak/Robotic_ws/install/py_srvcli/share/py_srvcli/hook/pythonpath.dsv'
[2.768s] INFO:colcon.colcon_core.shell:Creating environment hook '/home/abdelhak/Robotic_ws/install/py_srvcli/share/py_srvcli/hook/pythonpath.sh'
[2.771s] Level 1:colcon.colcon_core.environment:checking '/home/abdelhak/Robotic_ws/install/py_srvcli/bin'
[2.771s] Level 1:colcon.colcon_core.environment:create_environment_scripts_only(py_srvcli)
[2.772s] INFO:colcon.colcon_core.shell:Creating package script '/home/abdelhak/Robotic_ws/install/py_srvcli/share/py_srvcli/package.ps1'
[2.775s] INFO:colcon.colcon_core.shell:Creating package descriptor '/home/abdelhak/Robotic_ws/install/py_srvcli/share/py_srvcli/package.dsv'
[2.775s] INFO:colcon.colcon_core.shell:Creating package script '/home/abdelhak/Robotic_ws/install/py_srvcli/share/py_srvcli/package.sh'
[2.776s] INFO:colcon.colcon_core.shell:Creating package script '/home/abdelhak/Robotic_ws/install/py_srvcli/share/py_srvcli/package.bash'
[2.776s] INFO:colcon.colcon_core.shell:Creating package script '/home/abdelhak/Robotic_ws/install/py_srvcli/share/py_srvcli/package.zsh'
[2.777s] Level 1:colcon.colcon_core.environment:create_file_with_runtime_dependencies(/home/abdelhak/Robotic_ws/install/py_srvcli/share/colcon-core/packages/py_srvcli)
[2.796s] Level 1:colcon.colcon_core.environment:checking '/home/abdelhak/Robotic_ws/install/my_package' for CMake module files
[2.797s] DEBUG:colcon.colcon_core.event_handler.log_command:Invoked command in '/home/abdelhak/Robotic_ws/src/my_package' returned '0': PYTHONPATH=/home/abdelhak/Robotic_ws/build/my_package/prefix_override:/usr/lib/python3/dist-packages/colcon_core/task/python/colcon_distutils_commands:/home/abdelhak/Robotic_ws/install/my_package/lib/python3.10/site-packages:${PYTHONPATH} /usr/bin/python3 -W ignore:setup.py install is deprecated setup.py egg_info --egg-base ../../build/my_package build --build-base /home/abdelhak/Robotic_ws/build/my_package/build install --record /home/abdelhak/Robotic_ws/build/my_package/install.log --single-version-externally-managed install_data
[2.797s] Level 1:colcon.colcon_core.environment:checking '/home/abdelhak/Robotic_ws/install/my_package' for CMake config files
[2.798s] Level 1:colcon.colcon_core.environment:checking '/home/abdelhak/Robotic_ws/install/my_package/lib'
[2.798s] Level 1:colcon.colcon_core.environment:checking '/home/abdelhak/Robotic_ws/install/my_package/bin'
[2.798s] Level 1:colcon.colcon_core.environment:checking '/home/abdelhak/Robotic_ws/install/my_package/lib/pkgconfig/my_package.pc'
[2.799s] Level 1:colcon.colcon_core.environment:checking '/home/abdelhak/Robotic_ws/install/my_package/lib/python3.10/site-packages'
[2.799s] Level 1:colcon.colcon_core.shell:create_environment_hook('my_package', 'pythonpath')
[2.799s] INFO:colcon.colcon_core.shell:Creating environment hook '/home/abdelhak/Robotic_ws/install/my_package/share/my_package/hook/pythonpath.ps1'
[2.800s] INFO:colcon.colcon_core.shell:Creating environment descriptor '/home/abdelhak/Robotic_ws/install/my_package/share/my_package/hook/pythonpath.dsv'
[2.800s] INFO:colcon.colcon_core.shell:Creating environment hook '/home/abdelhak/Robotic_ws/install/my_package/share/my_package/hook/pythonpath.sh'
[2.801s] Level 1:colcon.colcon_core.environment:checking '/home/abdelhak/Robotic_ws/install/my_package/bin'
[2.801s] Level 1:colcon.colcon_core.environment:create_environment_scripts_only(my_package)
[2.802s] INFO:colcon.colcon_core.shell:Creating package script '/home/abdelhak/Robotic_ws/install/my_package/share/my_package/package.ps1'
[2.802s] INFO:colcon.colcon_core.shell:Creating package descriptor '/home/abdelhak/Robotic_ws/install/my_package/share/my_package/package.dsv'
[2.804s] INFO:colcon.colcon_core.shell:Creating package script '/home/abdelhak/Robotic_ws/install/my_package/share/my_package/package.sh'
[2.805s] INFO:colcon.colcon_core.shell:Creating package script '/home/abdelhak/Robotic_ws/install/my_package/share/my_package/package.bash'
[2.806s] INFO:colcon.colcon_core.shell:Creating package script '/home/abdelhak/Robotic_ws/install/my_package/share/my_package/package.zsh'
[2.807s] Level 1:colcon.colcon_core.environment:create_file_with_runtime_dependencies(/home/abdelhak/Robotic_ws/install/my_package/share/colcon-core/packages/my_package)
[2.818s] Level 1:colcon.colcon_core.environment:checking '/home/abdelhak/Robotic_ws/install/python_parameters' for CMake module files
[2.819s] DEBUG:colcon.colcon_core.event_handler.log_command:Invoked command in '/home/abdelhak/Robotic_ws/src/python_parameters' returned '0': PYTHONPATH=/home/abdelhak/Robotic_ws/build/python_parameters/prefix_override:/usr/lib/python3/dist-packages/colcon_core/task/python/colcon_distutils_commands:/home/abdelhak/Robotic_ws/install/python_parameters/lib/python3.10/site-packages:${PYTHONPATH} /usr/bin/python3 -W ignore:setup.py install is deprecated setup.py egg_info --egg-base ../../build/python_parameters build --build-base /home/abdelhak/Robotic_ws/build/python_parameters/build install --record /home/abdelhak/Robotic_ws/build/python_parameters/install.log --single-version-externally-managed install_data
[2.819s] Level 1:colcon.colcon_core.environment:checking '/home/abdelhak/Robotic_ws/install/python_parameters' for CMake config files
[2.820s] Level 1:colcon.colcon_core.environment:checking '/home/abdelhak/Robotic_ws/install/python_parameters/lib'
[2.820s] Level 1:colcon.colcon_core.environment:checking '/home/abdelhak/Robotic_ws/install/python_parameters/bin'
[2.820s] Level 1:colcon.colcon_core.environment:checking '/home/abdelhak/Robotic_ws/install/python_parameters/lib/pkgconfig/python_parameters.pc'
[2.820s] Level 1:colcon.colcon_core.environment:checking '/home/abdelhak/Robotic_ws/install/python_parameters/lib/python3.10/site-packages'
[2.820s] Level 1:colcon.colcon_core.shell:create_environment_hook('python_parameters', 'pythonpath')
[2.820s] INFO:colcon.colcon_core.shell:Creating environment hook '/home/abdelhak/Robotic_ws/install/python_parameters/share/python_parameters/hook/pythonpath.ps1'
[2.821s] INFO:colcon.colcon_core.shell:Creating environment descriptor '/home/abdelhak/Robotic_ws/install/python_parameters/share/python_parameters/hook/pythonpath.dsv'
[2.821s] INFO:colcon.colcon_core.shell:Creating environment hook '/home/abdelhak/Robotic_ws/install/python_parameters/share/python_parameters/hook/pythonpath.sh'
[2.822s] Level 1:colcon.colcon_core.environment:checking '/home/abdelhak/Robotic_ws/install/python_parameters/bin'
[2.822s] Level 1:colcon.colcon_core.environment:create_environment_scripts_only(python_parameters)
[2.823s] INFO:colcon.colcon_core.shell:Creating package script '/home/abdelhak/Robotic_ws/install/python_parameters/share/python_parameters/package.ps1'
[2.823s] INFO:colcon.colcon_core.shell:Creating package descriptor '/home/abdelhak/Robotic_ws/install/python_parameters/share/python_parameters/package.dsv'
[2.824s] INFO:colcon.colcon_core.shell:Creating package script '/home/abdelhak/Robotic_ws/install/python_parameters/share/python_parameters/package.sh'
[2.824s] INFO:colcon.colcon_core.shell:Creating package script '/home/abdelhak/Robotic_ws/install/python_parameters/share/python_parameters/package.bash'
[2.825s] INFO:colcon.colcon_core.shell:Creating package script '/home/abdelhak/Robotic_ws/install/python_parameters/share/python_parameters/package.zsh'
[2.825s] Level 1:colcon.colcon_core.environment:create_file_with_runtime_dependencies(/home/abdelhak/Robotic_ws/install/python_parameters/share/colcon-core/packages/python_parameters)
[2.838s] DEBUG:colcon.colcon_core.event_handler.log_command:Invoking command in '/home/abdelhak/Robotic_ws/src/py_pubsub': PYTHONPATH=/home/abdelhak/Robotic_ws/build/py_pubsub/prefix_override:/usr/lib/python3/dist-packages/colcon_core/task/python/colcon_distutils_commands:/home/abdelhak/Robotic_ws/install/py_pubsub/lib/python3.10/site-packages:${PYTHONPATH} /usr/bin/python3 -W ignore:setup.py install is deprecated setup.py egg_info --egg-base ../../build/py_pubsub build --build-base /home/abdelhak/Robotic_ws/build/py_pubsub/build install --record /home/abdelhak/Robotic_ws/build/py_pubsub/install.log --single-version-externally-managed install_data
[2.974s] DEBUG:colcon.colcon_core.event_handler.log_command:Invoked command in '/home/abdelhak/Robotic_ws/build/urdf_tuto' returned '0': PYTHONPATH=/home/abdelhak/Robotic_ws/build/urdf_tuto/prefix_override:/usr/lib/python3/dist-packages/colcon_core/task/python/colcon_distutils_commands:/home/abdelhak/Robotic_ws/install/urdf_tuto/lib/python3.10/site-packages:${PYTHONPATH} /usr/bin/python3 -W ignore:setup.py install is deprecated setup.py develop --uninstall --editable --build-directory /home/abdelhak/Robotic_ws/build/urdf_tuto/build
[2.976s] DEBUG:colcon.colcon_core.event_handler.log_command:Invoking command in '/home/abdelhak/Robotic_ws/src/urdf_tuto': PYTHONPATH=/home/abdelhak/Robotic_ws/build/urdf_tuto/prefix_override:/usr/lib/python3/dist-packages/colcon_core/task/python/colcon_distutils_commands:/home/abdelhak/Robotic_ws/install/urdf_tuto/lib/python3.10/site-packages:${PYTHONPATH} /usr/bin/python3 -W ignore:setup.py install is deprecated setup.py egg_info --egg-base ../../build/urdf_tuto build --build-base /home/abdelhak/Robotic_ws/build/urdf_tuto/build install --record /home/abdelhak/Robotic_ws/build/urdf_tuto/install.log --single-version-externally-managed install_data --force
[3.198s] Level 1:colcon.colcon_core.environment:checking '/home/abdelhak/Robotic_ws/install/py_pubsub' for CMake module files
[3.198s] DEBUG:colcon.colcon_core.event_handler.log_command:Invoked command in '/home/abdelhak/Robotic_ws/src/py_pubsub' returned '0': PYTHONPATH=/home/abdelhak/Robotic_ws/build/py_pubsub/prefix_override:/usr/lib/python3/dist-packages/colcon_core/task/python/colcon_distutils_commands:/home/abdelhak/Robotic_ws/install/py_pubsub/lib/python3.10/site-packages:${PYTHONPATH} /usr/bin/python3 -W ignore:setup.py install is deprecated setup.py egg_info --egg-base ../../build/py_pubsub build --build-base /home/abdelhak/Robotic_ws/build/py_pubsub/build install --record /home/abdelhak/Robotic_ws/build/py_pubsub/install.log --single-version-externally-managed install_data
[3.199s] Level 1:colcon.colcon_core.environment:checking '/home/abdelhak/Robotic_ws/install/py_pubsub' for CMake config files
[3.199s] Level 1:colcon.colcon_core.environment:checking '/home/abdelhak/Robotic_ws/install/py_pubsub/lib'
[3.199s] Level 1:colcon.colcon_core.environment:checking '/home/abdelhak/Robotic_ws/install/py_pubsub/bin'
[3.199s] Level 1:colcon.colcon_core.environment:checking '/home/abdelhak/Robotic_ws/install/py_pubsub/lib/pkgconfig/py_pubsub.pc'
[3.199s] Level 1:colcon.colcon_core.environment:checking '/home/abdelhak/Robotic_ws/install/py_pubsub/lib/python3.10/site-packages'
[3.199s] Level 1:colcon.colcon_core.shell:create_environment_hook('py_pubsub', 'pythonpath')
[3.200s] INFO:colcon.colcon_core.shell:Creating environment hook '/home/abdelhak/Robotic_ws/install/py_pubsub/share/py_pubsub/hook/pythonpath.ps1'
[3.200s] INFO:colcon.colcon_core.shell:Creating environment descriptor '/home/abdelhak/Robotic_ws/install/py_pubsub/share/py_pubsub/hook/pythonpath.dsv'
[3.200s] INFO:colcon.colcon_core.shell:Creating environment hook '/home/abdelhak/Robotic_ws/install/py_pubsub/share/py_pubsub/hook/pythonpath.sh'
[3.201s] Level 1:colcon.colcon_core.environment:checking '/home/abdelhak/Robotic_ws/install/py_pubsub/bin'
[3.201s] Level 1:colcon.colcon_core.environment:create_environment_scripts_only(py_pubsub)
[3.201s] INFO:colcon.colcon_core.shell:Creating package script '/home/abdelhak/Robotic_ws/install/py_pubsub/share/py_pubsub/package.ps1'
[3.202s] INFO:colcon.colcon_core.shell:Creating package descriptor '/home/abdelhak/Robotic_ws/install/py_pubsub/share/py_pubsub/package.dsv'
[3.202s] INFO:colcon.colcon_core.shell:Creating package script '/home/abdelhak/Robotic_ws/install/py_pubsub/share/py_pubsub/package.sh'
[3.202s] INFO:colcon.colcon_core.shell:Creating package script '/home/abdelhak/Robotic_ws/install/py_pubsub/share/py_pubsub/package.bash'
[3.203s] INFO:colcon.colcon_core.shell:Creating package script '/home/abdelhak/Robotic_ws/install/py_pubsub/share/py_pubsub/package.zsh'
[3.203s] Level 1:colcon.colcon_core.environment:create_file_with_runtime_dependencies(/home/abdelhak/Robotic_ws/install/py_pubsub/share/colcon-core/packages/py_pubsub)
[3.304s] Level 1:colcon.colcon_core.environment:checking '/home/abdelhak/Robotic_ws/install/urdf_tuto' for CMake module files
[3.304s] DEBUG:colcon.colcon_core.event_handler.log_command:Invoked command in '/home/abdelhak/Robotic_ws/src/urdf_tuto' returned '0': PYTHONPATH=/home/abdelhak/Robotic_ws/build/urdf_tuto/prefix_override:/usr/lib/python3/dist-packages/colcon_core/task/python/colcon_distutils_commands:/home/abdelhak/Robotic_ws/install/urdf_tuto/lib/python3.10/site-packages:${PYTHONPATH} /usr/bin/python3 -W ignore:setup.py install is deprecated setup.py egg_info --egg-base ../../build/urdf_tuto build --build-base /home/abdelhak/Robotic_ws/build/urdf_tuto/build install --record /home/abdelhak/Robotic_ws/build/urdf_tuto/install.log --single-version-externally-managed install_data --force
[3.305s] Level 1:colcon.colcon_core.environment:checking '/home/abdelhak/Robotic_ws/install/urdf_tuto' for CMake config files
[3.306s] Level 1:colcon.colcon_core.environment:checking '/home/abdelhak/Robotic_ws/install/urdf_tuto/lib'
[3.307s] Level 1:colcon.colcon_core.environment:checking '/home/abdelhak/Robotic_ws/install/urdf_tuto/bin'
[3.307s] Level 1:colcon.colcon_core.environment:checking '/home/abdelhak/Robotic_ws/install/urdf_tuto/lib/pkgconfig/urdf_tuto.pc'
[3.307s] Level 1:colcon.colcon_core.environment:checking '/home/abdelhak/Robotic_ws/install/urdf_tuto/lib/python3.10/site-packages'
[3.307s] Level 1:colcon.colcon_core.shell:create_environment_hook('urdf_tuto', 'pythonpath')
[3.307s] INFO:colcon.colcon_core.shell:Creating environment hook '/home/abdelhak/Robotic_ws/install/urdf_tuto/share/urdf_tuto/hook/pythonpath.ps1'
[3.308s] INFO:colcon.colcon_core.shell:Creating environment descriptor '/home/abdelhak/Robotic_ws/install/urdf_tuto/share/urdf_tuto/hook/pythonpath.dsv'
[3.309s] INFO:colcon.colcon_core.shell:Creating environment hook '/home/abdelhak/Robotic_ws/install/urdf_tuto/share/urdf_tuto/hook/pythonpath.sh'
[3.313s] Level 1:colcon.colcon_core.environment:checking '/home/abdelhak/Robotic_ws/install/urdf_tuto/bin'
[3.313s] Level 1:colcon.colcon_core.environment:create_environment_scripts_only(urdf_tuto)
[3.313s] INFO:colcon.colcon_core.shell:Creating package script '/home/abdelhak/Robotic_ws/install/urdf_tuto/share/urdf_tuto/package.ps1'
[3.314s] INFO:colcon.colcon_core.shell:Creating package descriptor '/home/abdelhak/Robotic_ws/install/urdf_tuto/share/urdf_tuto/package.dsv'
[3.315s] INFO:colcon.colcon_core.shell:Creating package script '/home/abdelhak/Robotic_ws/install/urdf_tuto/share/urdf_tuto/package.sh'
[3.315s] INFO:colcon.colcon_core.shell:Creating package script '/home/abdelhak/Robotic_ws/install/urdf_tuto/share/urdf_tuto/package.bash'
[3.316s] INFO:colcon.colcon_core.shell:Creating package script '/home/abdelhak/Robotic_ws/install/urdf_tuto/share/urdf_tuto/package.zsh'
[3.316s] Level 1:colcon.colcon_core.environment:create_file_with_runtime_dependencies(/home/abdelhak/Robotic_ws/install/urdf_tuto/share/colcon-core/packages/urdf_tuto)
[3.316s] DEBUG:colcon.colcon_parallel_executor.executor.parallel:closing loop
[3.317s] DEBUG:colcon.colcon_parallel_executor.executor.parallel:loop closed
[3.317s] DEBUG:colcon.colcon_parallel_executor.executor.parallel:run_until_complete finished with '0'
[3.318s] DEBUG:colcon.colcon_core.event_reactor:joining thread
[3.334s] INFO:colcon.colcon_core.plugin_system:Skipping extension 'colcon_notification.desktop_notification.terminal_notifier': Not used on non-Darwin systems
[3.335s] INFO:colcon.colcon_core.plugin_system:Skipping extension 'colcon_notification.desktop_notification.win32': Not used on non-Windows systems
[3.335s] INFO:colcon.colcon_notification.desktop_notification:Sending desktop notification using 'notify2'
[3.346s] DEBUG:colcon.colcon_core.event_reactor:joined thread
[3.347s] INFO:colcon.colcon_core.shell:Creating prefix script '/home/abdelhak/Robotic_ws/install/local_setup.ps1'
[3.358s] INFO:colcon.colcon_core.shell:Creating prefix util module '/home/abdelhak/Robotic_ws/install/_local_setup_util_ps1.py'
[3.361s] INFO:colcon.colcon_core.shell:Creating prefix chain script '/home/abdelhak/Robotic_ws/install/setup.ps1'
[3.363s] INFO:colcon.colcon_core.shell:Creating prefix script '/home/abdelhak/Robotic_ws/install/local_setup.sh'
[3.363s] INFO:colcon.colcon_core.shell:Creating prefix util module '/home/abdelhak/Robotic_ws/install/_local_setup_util_sh.py'
[3.365s] INFO:colcon.colcon_core.shell:Creating prefix chain script '/home/abdelhak/Robotic_ws/install/setup.sh'
[3.367s] INFO:colcon.colcon_core.shell:Creating prefix script '/home/abdelhak/Robotic_ws/install/local_setup.bash'
[3.369s] INFO:colcon.colcon_core.shell:Creating prefix chain script '/home/abdelhak/Robotic_ws/install/setup.bash'
[3.371s] INFO:colcon.colcon_core.shell:Creating prefix script '/home/abdelhak/Robotic_ws/install/local_setup.zsh'
[3.373s] INFO:colcon.colcon_core.shell:Creating prefix chain script '/home/abdelhak/Robotic_ws/install/setup.zsh'
