[0.088s] DEBUG:colcon:Command line arguments: ['/usr/bin/colcon', 'build']
[0.088s] DEBUG:colcon:Parsed command line arguments: Namespace(log_base=None, log_level=None, verb_name='build', build_base='build', install_base='install', merge_install=False, symlink_install=False, test_result_base=None, continue_on_error=False, executor='parallel', parallel_workers=12, event_handlers=None, ignore_user_meta=False, metas=['./colcon.meta'], base_paths=['.'], packages_ignore=None, packages_ignore_regex=None, paths=None, packages_up_to=None, packages_up_to_regex=None, packages_above=None, packages_above_and_dependencies=None, packages_above_depth=None, packages_select_by_dep=None, packages_skip_by_dep=None, packages_skip_up_to=None, packages_select_build_failed=False, packages_skip_build_finished=False, packages_select_test_failures=False, packages_skip_test_passed=False, packages_select=None, packages_skip=None, packages_select_regex=None, packages_skip_regex=None, packages_start=None, packages_end=None, allow_overriding=[], cmake_args=None, cmake_target=None, cmake_target_skip_unavailable=False, cmake_clean_cache=False, cmake_clean_first=False, cmake_force_configure=False, ament_cmake_args=None, catkin_cmake_args=None, catkin_skip_building_tests=False, verb_parser=<colcon_defaults.argument_parser.defaults.DefaultArgumentsDecorator object at 0x7d32ca92cbe0>, verb_extension=<colcon_core.verb.build.BuildVerb object at 0x7d32ca92c790>, main=<bound method BuildVerb.main of <colcon_core.verb.build.BuildVerb object at 0x7d32ca92c790>>)
[0.223s] Level 1:colcon.colcon_core.package_discovery:discover_packages(colcon_meta) check parameters
[0.223s] Level 1:colcon.colcon_core.package_discovery:discover_packages(recursive) check parameters
[0.223s] Level 1:colcon.colcon_core.package_discovery:discover_packages(ignore) check parameters
[0.223s] Level 1:colcon.colcon_core.package_discovery:discover_packages(path) check parameters
[0.223s] Level 1:colcon.colcon_core.package_discovery:discover_packages(colcon_meta) discover
[0.223s] Level 1:colcon.colcon_core.package_discovery:discover_packages(recursive) discover
[0.223s] INFO:colcon.colcon_core.package_discovery:Crawling recursively for packages in '/home/abdelhak/Robotic_ws'
[0.223s] Level 1:colcon.colcon_core.package_identification:_identify(.) by extensions ['ignore', 'ignore_ament_install']
[0.223s] Level 1:colcon.colcon_core.package_identification:_identify(.) by extension 'ignore'
[0.223s] Level 1:colcon.colcon_core.package_identification:_identify(.) by extension 'ignore_ament_install'
[0.224s] Level 1:colcon.colcon_core.package_identification:_identify(.) by extensions ['colcon_pkg']
[0.224s] Level 1:colcon.colcon_core.package_identification:_identify(.) by extension 'colcon_pkg'
[0.224s] Level 1:colcon.colcon_core.package_identification:_identify(.) by extensions ['colcon_meta']
[0.224s] Level 1:colcon.colcon_core.package_identification:_identify(.) by extension 'colcon_meta'
[0.224s] Level 1:colcon.colcon_core.package_identification:_identify(.) by extensions ['ros']
[0.224s] Level 1:colcon.colcon_core.package_identification:_identify(.) by extension 'ros'
[0.234s] Level 1:colcon.colcon_core.package_identification:_identify(.) by extensions ['cmake', 'python']
[0.234s] Level 1:colcon.colcon_core.package_identification:_identify(.) by extension 'cmake'
[0.234s] Level 1:colcon.colcon_core.package_identification:_identify(.) by extension 'python'
[0.234s] Level 1:colcon.colcon_core.package_identification:_identify(.) by extensions ['python_setup_py']
[0.234s] Level 1:colcon.colcon_core.package_identification:_identify(.) by extension 'python_setup_py'
[0.234s] Level 1:colcon.colcon_core.package_identification:_identify(build) by extensions ['ignore', 'ignore_ament_install']
[0.234s] Level 1:colcon.colcon_core.package_identification:_identify(build) by extension 'ignore'
[0.234s] Level 1:colcon.colcon_core.package_identification:_identify(build) ignored
[0.234s] Level 1:colcon.colcon_core.package_identification:_identify(install) by extensions ['ignore', 'ignore_ament_install']
[0.234s] Level 1:colcon.colcon_core.package_identification:_identify(install) by extension 'ignore'
[0.234s] Level 1:colcon.colcon_core.package_identification:_identify(install) ignored
[0.234s] Level 1:colcon.colcon_core.package_identification:_identify(log) by extensions ['ignore', 'ignore_ament_install']
[0.235s] Level 1:colcon.colcon_core.package_identification:_identify(log) by extension 'ignore'
[0.235s] Level 1:colcon.colcon_core.package_identification:_identify(log) ignored
[0.235s] Level 1:colcon.colcon_core.package_identification:_identify(src) by extensions ['ignore', 'ignore_ament_install']
[0.235s] Level 1:colcon.colcon_core.package_identification:_identify(src) by extension 'ignore'
[0.235s] Level 1:colcon.colcon_core.package_identification:_identify(src) by extension 'ignore_ament_install'
[0.235s] Level 1:colcon.colcon_core.package_identification:_identify(src) by extensions ['colcon_pkg']
[0.235s] Level 1:colcon.colcon_core.package_identification:_identify(src) by extension 'colcon_pkg'
[0.235s] Level 1:colcon.colcon_core.package_identification:_identify(src) by extensions ['colcon_meta']
[0.235s] Level 1:colcon.colcon_core.package_identification:_identify(src) by extension 'colcon_meta'
[0.235s] Level 1:colcon.colcon_core.package_identification:_identify(src) by extensions ['ros']
[0.235s] Level 1:colcon.colcon_core.package_identification:_identify(src) by extension 'ros'
[0.235s] Level 1:colcon.colcon_core.package_identification:_identify(src) by extensions ['cmake', 'python']
[0.235s] Level 1:colcon.colcon_core.package_identification:_identify(src) by extension 'cmake'
[0.235s] Level 1:colcon.colcon_core.package_identification:_identify(src) by extension 'python'
[0.235s] Level 1:colcon.colcon_core.package_identification:_identify(src) by extensions ['python_setup_py']
[0.235s] Level 1:colcon.colcon_core.package_identification:_identify(src) by extension 'python_setup_py'
[0.236s] Level 1:colcon.colcon_core.package_identification:_identify(src/examples) by extensions ['ignore', 'ignore_ament_install']
[0.236s] Level 1:colcon.colcon_core.package_identification:_identify(src/examples) by extension 'ignore'
[0.236s] Level 1:colcon.colcon_core.package_identification:_identify(src/examples) ignored
[0.236s] Level 1:colcon.colcon_core.package_identification:_identify(src/my_package) by extensions ['ignore', 'ignore_ament_install']
[0.236s] Level 1:colcon.colcon_core.package_identification:_identify(src/my_package) by extension 'ignore'
[0.236s] Level 1:colcon.colcon_core.package_identification:_identify(src/my_package) by extension 'ignore_ament_install'
[0.236s] Level 1:colcon.colcon_core.package_identification:_identify(src/my_package) by extensions ['colcon_pkg']
[0.236s] Level 1:colcon.colcon_core.package_identification:_identify(src/my_package) by extension 'colcon_pkg'
[0.236s] Level 1:colcon.colcon_core.package_identification:_identify(src/my_package) by extensions ['colcon_meta']
[0.236s] Level 1:colcon.colcon_core.package_identification:_identify(src/my_package) by extension 'colcon_meta'
[0.236s] Level 1:colcon.colcon_core.package_identification:_identify(src/my_package) by extensions ['ros']
[0.236s] Level 1:colcon.colcon_core.package_identification:_identify(src/my_package) by extension 'ros'
[0.239s] DEBUG:colcon.colcon_core.package_identification:Package 'src/my_package' with type 'ros.ament_python' and name 'my_package'
[0.239s] Level 1:colcon.colcon_core.package_identification:_identify(src/py_pubsub) by extensions ['ignore', 'ignore_ament_install']
[0.239s] Level 1:colcon.colcon_core.package_identification:_identify(src/py_pubsub) by extension 'ignore'
[0.239s] Level 1:colcon.colcon_core.package_identification:_identify(src/py_pubsub) by extension 'ignore_ament_install'
[0.239s] Level 1:colcon.colcon_core.package_identification:_identify(src/py_pubsub) by extensions ['colcon_pkg']
[0.239s] Level 1:colcon.colcon_core.package_identification:_identify(src/py_pubsub) by extension 'colcon_pkg'
[0.239s] Level 1:colcon.colcon_core.package_identification:_identify(src/py_pubsub) by extensions ['colcon_meta']
[0.239s] Level 1:colcon.colcon_core.package_identification:_identify(src/py_pubsub) by extension 'colcon_meta'
[0.239s] Level 1:colcon.colcon_core.package_identification:_identify(src/py_pubsub) by extensions ['ros']
[0.239s] Level 1:colcon.colcon_core.package_identification:_identify(src/py_pubsub) by extension 'ros'
[0.240s] DEBUG:colcon.colcon_core.package_identification:Package 'src/py_pubsub' with type 'ros.ament_python' and name 'py_pubsub'
[0.240s] Level 1:colcon.colcon_core.package_identification:_identify(src/py_srvcli) by extensions ['ignore', 'ignore_ament_install']
[0.240s] Level 1:colcon.colcon_core.package_identification:_identify(src/py_srvcli) by extension 'ignore'
[0.240s] Level 1:colcon.colcon_core.package_identification:_identify(src/py_srvcli) by extension 'ignore_ament_install'
[0.240s] Level 1:colcon.colcon_core.package_identification:_identify(src/py_srvcli) by extensions ['colcon_pkg']
[0.240s] Level 1:colcon.colcon_core.package_identification:_identify(src/py_srvcli) by extension 'colcon_pkg'
[0.240s] Level 1:colcon.colcon_core.package_identification:_identify(src/py_srvcli) by extensions ['colcon_meta']
[0.240s] Level 1:colcon.colcon_core.package_identification:_identify(src/py_srvcli) by extension 'colcon_meta'
[0.240s] Level 1:colcon.colcon_core.package_identification:_identify(src/py_srvcli) by extensions ['ros']
[0.240s] Level 1:colcon.colcon_core.package_identification:_identify(src/py_srvcli) by extension 'ros'
[0.241s] DEBUG:colcon.colcon_core.package_identification:Package 'src/py_srvcli' with type 'ros.ament_python' and name 'py_srvcli'
[0.241s] Level 1:colcon.colcon_core.package_identification:_identify(src/ros_tutorials) by extensions ['ignore', 'ignore_ament_install']
[0.241s] Level 1:colcon.colcon_core.package_identification:_identify(src/ros_tutorials) by extension 'ignore'
[0.241s] Level 1:colcon.colcon_core.package_identification:_identify(src/ros_tutorials) ignored
[0.241s] Level 1:colcon.colcon_core.package_identification:_identify(src/tutorial_interfaces) by extensions ['ignore', 'ignore_ament_install']
[0.241s] Level 1:colcon.colcon_core.package_identification:_identify(src/tutorial_interfaces) by extension 'ignore'
[0.241s] Level 1:colcon.colcon_core.package_identification:_identify(src/tutorial_interfaces) by extension 'ignore_ament_install'
[0.242s] Level 1:colcon.colcon_core.package_identification:_identify(src/tutorial_interfaces) by extensions ['colcon_pkg']
[0.242s] Level 1:colcon.colcon_core.package_identification:_identify(src/tutorial_interfaces) by extension 'colcon_pkg'
[0.242s] Level 1:colcon.colcon_core.package_identification:_identify(src/tutorial_interfaces) by extensions ['colcon_meta']
[0.242s] Level 1:colcon.colcon_core.package_identification:_identify(src/tutorial_interfaces) by extension 'colcon_meta'
[0.242s] Level 1:colcon.colcon_core.package_identification:_identify(src/tutorial_interfaces) by extensions ['ros']
[0.242s] Level 1:colcon.colcon_core.package_identification:_identify(src/tutorial_interfaces) by extension 'ros'
[0.243s] DEBUG:colcon.colcon_core.package_identification:Package 'src/tutorial_interfaces' with type 'ros.ament_cmake' and name 'tutorial_interfaces'
[0.243s] Level 1:colcon.colcon_core.package_discovery:discover_packages(recursive) using defaults
[0.243s] Level 1:colcon.colcon_core.package_discovery:discover_packages(ignore) discover
[0.243s] Level 1:colcon.colcon_core.package_discovery:discover_packages(ignore) using defaults
[0.243s] Level 1:colcon.colcon_core.package_discovery:discover_packages(path) discover
[0.243s] Level 1:colcon.colcon_core.package_discovery:discover_packages(path) using defaults
[0.259s] Level 1:colcon.colcon_core.package_discovery:discover_packages(prefix_path) check parameters
[0.259s] Level 1:colcon.colcon_core.package_discovery:discover_packages(prefix_path) discover
[0.261s] DEBUG:colcon.colcon_installed_package_information.package_discovery:Found 4 installed packages in /home/abdelhak/Robotic_ws/install
[0.262s] DEBUG:colcon.colcon_installed_package_information.package_discovery:Found 270 installed packages in /opt/ros/humble
[0.263s] Level 1:colcon.colcon_core.package_discovery:discover_packages(prefix_path) using defaults
[0.300s] Level 5:colcon.colcon_core.verb:set package 'my_package' build argument 'cmake_args' from command line to 'None'
[0.300s] Level 5:colcon.colcon_core.verb:set package 'my_package' build argument 'cmake_target' from command line to 'None'
[0.300s] Level 5:colcon.colcon_core.verb:set package 'my_package' build argument 'cmake_target_skip_unavailable' from command line to 'False'
[0.300s] Level 5:colcon.colcon_core.verb:set package 'my_package' build argument 'cmake_clean_cache' from command line to 'False'
[0.300s] Level 5:colcon.colcon_core.verb:set package 'my_package' build argument 'cmake_clean_first' from command line to 'False'
[0.300s] Level 5:colcon.colcon_core.verb:set package 'my_package' build argument 'cmake_force_configure' from command line to 'False'
[0.300s] Level 5:colcon.colcon_core.verb:set package 'my_package' build argument 'ament_cmake_args' from command line to 'None'
[0.300s] Level 5:colcon.colcon_core.verb:set package 'my_package' build argument 'catkin_cmake_args' from command line to 'None'
[0.300s] Level 5:colcon.colcon_core.verb:set package 'my_package' build argument 'catkin_skip_building_tests' from command line to 'False'
[0.300s] DEBUG:colcon.colcon_core.verb:Building package 'my_package' with the following arguments: {'ament_cmake_args': None, 'build_base': '/home/abdelhak/Robotic_ws/build/my_package', 'catkin_cmake_args': None, 'catkin_skip_building_tests': False, 'cmake_args': None, 'cmake_clean_cache': False, 'cmake_clean_first': False, 'cmake_force_configure': False, 'cmake_target': None, 'cmake_target_skip_unavailable': False, 'install_base': '/home/abdelhak/Robotic_ws/install/my_package', 'merge_install': False, 'path': '/home/abdelhak/Robotic_ws/src/my_package', 'symlink_install': False, 'test_result_base': None}
[0.300s] Level 5:colcon.colcon_core.verb:set package 'py_srvcli' build argument 'cmake_args' from command line to 'None'
[0.300s] Level 5:colcon.colcon_core.verb:set package 'py_srvcli' build argument 'cmake_target' from command line to 'None'
[0.300s] Level 5:colcon.colcon_core.verb:set package 'py_srvcli' build argument 'cmake_target_skip_unavailable' from command line to 'False'
[0.300s] Level 5:colcon.colcon_core.verb:set package 'py_srvcli' build argument 'cmake_clean_cache' from command line to 'False'
[0.301s] Level 5:colcon.colcon_core.verb:set package 'py_srvcli' build argument 'cmake_clean_first' from command line to 'False'
[0.301s] Level 5:colcon.colcon_core.verb:set package 'py_srvcli' build argument 'cmake_force_configure' from command line to 'False'
[0.301s] Level 5:colcon.colcon_core.verb:set package 'py_srvcli' build argument 'ament_cmake_args' from command line to 'None'
[0.301s] Level 5:colcon.colcon_core.verb:set package 'py_srvcli' build argument 'catkin_cmake_args' from command line to 'None'
[0.301s] Level 5:colcon.colcon_core.verb:set package 'py_srvcli' build argument 'catkin_skip_building_tests' from command line to 'False'
[0.301s] DEBUG:colcon.colcon_core.verb:Building package 'py_srvcli' with the following arguments: {'ament_cmake_args': None, 'build_base': '/home/abdelhak/Robotic_ws/build/py_srvcli', 'catkin_cmake_args': None, 'catkin_skip_building_tests': False, 'cmake_args': None, 'cmake_clean_cache': False, 'cmake_clean_first': False, 'cmake_force_configure': False, 'cmake_target': None, 'cmake_target_skip_unavailable': False, 'install_base': '/home/abdelhak/Robotic_ws/install/py_srvcli', 'merge_install': False, 'path': '/home/abdelhak/Robotic_ws/src/py_srvcli', 'symlink_install': False, 'test_result_base': None}
[0.301s] Level 5:colcon.colcon_core.verb:set package 'tutorial_interfaces' build argument 'cmake_args' from command line to 'None'
[0.301s] Level 5:colcon.colcon_core.verb:set package 'tutorial_interfaces' build argument 'cmake_target' from command line to 'None'
[0.301s] Level 5:colcon.colcon_core.verb:set package 'tutorial_interfaces' build argument 'cmake_target_skip_unavailable' from command line to 'False'
[0.301s] Level 5:colcon.colcon_core.verb:set package 'tutorial_interfaces' build argument 'cmake_clean_cache' from command line to 'False'
[0.301s] Level 5:colcon.colcon_core.verb:set package 'tutorial_interfaces' build argument 'cmake_clean_first' from command line to 'False'
[0.301s] Level 5:colcon.colcon_core.verb:set package 'tutorial_interfaces' build argument 'cmake_force_configure' from command line to 'False'
[0.301s] Level 5:colcon.colcon_core.verb:set package 'tutorial_interfaces' build argument 'ament_cmake_args' from command line to 'None'
[0.301s] Level 5:colcon.colcon_core.verb:set package 'tutorial_interfaces' build argument 'catkin_cmake_args' from command line to 'None'
[0.301s] Level 5:colcon.colcon_core.verb:set package 'tutorial_interfaces' build argument 'catkin_skip_building_tests' from command line to 'False'
[0.301s] DEBUG:colcon.colcon_core.verb:Building package 'tutorial_interfaces' with the following arguments: {'ament_cmake_args': None, 'build_base': '/home/abdelhak/Robotic_ws/build/tutorial_interfaces', 'catkin_cmake_args': None, 'catkin_skip_building_tests': False, 'cmake_args': None, 'cmake_clean_cache': False, 'cmake_clean_first': False, 'cmake_force_configure': False, 'cmake_target': None, 'cmake_target_skip_unavailable': False, 'install_base': '/home/abdelhak/Robotic_ws/install/tutorial_interfaces', 'merge_install': False, 'path': '/home/abdelhak/Robotic_ws/src/tutorial_interfaces', 'symlink_install': False, 'test_result_base': None}
[0.302s] Level 5:colcon.colcon_core.verb:set package 'py_pubsub' build argument 'cmake_args' from command line to 'None'
[0.302s] Level 5:colcon.colcon_core.verb:set package 'py_pubsub' build argument 'cmake_target' from command line to 'None'
[0.302s] Level 5:colcon.colcon_core.verb:set package 'py_pubsub' build argument 'cmake_target_skip_unavailable' from command line to 'False'
[0.302s] Level 5:colcon.colcon_core.verb:set package 'py_pubsub' build argument 'cmake_clean_cache' from command line to 'False'
[0.302s] Level 5:colcon.colcon_core.verb:set package 'py_pubsub' build argument 'cmake_clean_first' from command line to 'False'
[0.302s] Level 5:colcon.colcon_core.verb:set package 'py_pubsub' build argument 'cmake_force_configure' from command line to 'False'
[0.302s] Level 5:colcon.colcon_core.verb:set package 'py_pubsub' build argument 'ament_cmake_args' from command line to 'None'
[0.302s] Level 5:colcon.colcon_core.verb:set package 'py_pubsub' build argument 'catkin_cmake_args' from command line to 'None'
[0.302s] Level 5:colcon.colcon_core.verb:set package 'py_pubsub' build argument 'catkin_skip_building_tests' from command line to 'False'
[0.302s] DEBUG:colcon.colcon_core.verb:Building package 'py_pubsub' with the following arguments: {'ament_cmake_args': None, 'build_base': '/home/abdelhak/Robotic_ws/build/py_pubsub', 'catkin_cmake_args': None, 'catkin_skip_building_tests': False, 'cmake_args': None, 'cmake_clean_cache': False, 'cmake_clean_first': False, 'cmake_force_configure': False, 'cmake_target': None, 'cmake_target_skip_unavailable': False, 'install_base': '/home/abdelhak/Robotic_ws/install/py_pubsub', 'merge_install': False, 'path': '/home/abdelhak/Robotic_ws/src/py_pubsub', 'symlink_install': False, 'test_result_base': None}
[0.302s] INFO:colcon.colcon_core.executor:Executing jobs using 'parallel' executor
[0.303s] DEBUG:colcon.colcon_parallel_executor.executor.parallel:run_until_complete
[0.303s] INFO:colcon.colcon_ros.task.ament_cmake.build:Building ROS package in '/home/abdelhak/Robotic_ws/src/tutorial_interfaces' with build type 'ament_cmake'
[0.303s] INFO:colcon.colcon_cmake.task.cmake.build:Building CMake package in '/home/abdelhak/Robotic_ws/src/tutorial_interfaces'
[0.305s] INFO:colcon.colcon_core.plugin_system:Skipping extension 'colcon_core.shell.bat': Not used on non-Windows systems
[0.305s] INFO:colcon.colcon_core.shell:Skip shell extension 'powershell' for command environment: Not usable outside of PowerShell
[0.306s] DEBUG:colcon.colcon_core.shell:Skip shell extension 'dsv' for command environment
[0.309s] INFO:colcon.colcon_ros.task.ament_python.build:Building ROS package in '/home/abdelhak/Robotic_ws/src/my_package' with build type 'ament_python'
[0.309s] Level 1:colcon.colcon_core.shell:create_environment_hook('my_package', 'ament_prefix_path')
[0.309s] INFO:colcon.colcon_core.shell:Creating environment hook '/home/abdelhak/Robotic_ws/install/my_package/share/my_package/hook/ament_prefix_path.ps1'
[0.310s] INFO:colcon.colcon_core.shell:Creating environment descriptor '/home/abdelhak/Robotic_ws/install/my_package/share/my_package/hook/ament_prefix_path.dsv'
[0.310s] INFO:colcon.colcon_core.shell:Creating environment hook '/home/abdelhak/Robotic_ws/install/my_package/share/my_package/hook/ament_prefix_path.sh'
[0.311s] INFO:colcon.colcon_core.shell:Skip shell extension 'powershell' for command environment: Not usable outside of PowerShell
[0.311s] DEBUG:colcon.colcon_core.shell:Skip shell extension 'dsv' for command environment
[0.314s] INFO:colcon.colcon_ros.task.ament_python.build:Building ROS package in '/home/abdelhak/Robotic_ws/src/py_srvcli' with build type 'ament_python'
[0.314s] Level 1:colcon.colcon_core.shell:create_environment_hook('py_srvcli', 'ament_prefix_path')
[0.314s] INFO:colcon.colcon_core.shell:Creating environment hook '/home/abdelhak/Robotic_ws/install/py_srvcli/share/py_srvcli/hook/ament_prefix_path.ps1'
[0.315s] INFO:colcon.colcon_core.shell:Creating environment descriptor '/home/abdelhak/Robotic_ws/install/py_srvcli/share/py_srvcli/hook/ament_prefix_path.dsv'
[0.315s] INFO:colcon.colcon_core.shell:Creating environment hook '/home/abdelhak/Robotic_ws/install/py_srvcli/share/py_srvcli/hook/ament_prefix_path.sh'
[0.316s] INFO:colcon.colcon_core.shell:Skip shell extension 'powershell' for command environment: Not usable outside of PowerShell
[0.316s] DEBUG:colcon.colcon_core.shell:Skip shell extension 'dsv' for command environment
[0.322s] DEBUG:colcon.colcon_core.event_handler.log_command:Invoking command in '/home/abdelhak/Robotic_ws/build/tutorial_interfaces': CMAKE_PREFIX_PATH=${CMAKE_PREFIX_PATH}:/home/abdelhak/Robotic_ws/install/py_srvcli:/home/abdelhak/Robotic_ws/install/py_pubsub:/home/abdelhak/Robotic_ws/install/my_package:/opt/ros/humble /usr/bin/cmake /home/abdelhak/Robotic_ws/src/tutorial_interfaces -DCMAKE_INSTALL_PREFIX=/home/abdelhak/Robotic_ws/install/tutorial_interfaces
[0.537s] INFO:colcon.colcon_core.task.python.build:Building Python package in '/home/abdelhak/Robotic_ws/src/my_package'
[0.538s] INFO:colcon.colcon_core.shell:Skip shell extension 'powershell' for command environment: Not usable outside of PowerShell
[0.538s] DEBUG:colcon.colcon_core.shell:Skip shell extension 'dsv' for command environment
[0.762s] INFO:colcon.colcon_core.task.python.build:Building Python package in '/home/abdelhak/Robotic_ws/src/py_srvcli'
[0.763s] INFO:colcon.colcon_core.shell:Skip shell extension 'powershell' for command environment: Not usable outside of PowerShell
[0.763s] DEBUG:colcon.colcon_core.shell:Skip shell extension 'dsv' for command environment
[1.054s] DEBUG:colcon.colcon_core.event_handler.log_command:Invoking command in '/home/abdelhak/Robotic_ws/build/py_srvcli': PYTHONPATH=/home/abdelhak/Robotic_ws/build/py_srvcli/prefix_override:/usr/lib/python3/dist-packages/colcon_core/task/python/colcon_distutils_commands:/home/abdelhak/Robotic_ws/install/py_srvcli/lib/python3.10/site-packages:${PYTHONPATH} /usr/bin/python3 -W ignore:setup.py install is deprecated setup.py develop --uninstall --editable --build-directory /home/abdelhak/Robotic_ws/build/py_srvcli/build
[1.067s] DEBUG:colcon.colcon_core.event_handler.log_command:Invoking command in '/home/abdelhak/Robotic_ws/build/my_package': PYTHONPATH=/home/abdelhak/Robotic_ws/build/my_package/prefix_override:/usr/lib/python3/dist-packages/colcon_core/task/python/colcon_distutils_commands:/home/abdelhak/Robotic_ws/install/my_package/lib/python3.10/site-packages:${PYTHONPATH} /usr/bin/python3 -W ignore:setup.py install is deprecated setup.py develop --uninstall --editable --build-directory /home/abdelhak/Robotic_ws/build/my_package/build
[1.432s] DEBUG:colcon.colcon_core.event_handler.log_command:Invoked command in '/home/abdelhak/Robotic_ws/build/py_srvcli' returned '0': PYTHONPATH=/home/abdelhak/Robotic_ws/build/py_srvcli/prefix_override:/usr/lib/python3/dist-packages/colcon_core/task/python/colcon_distutils_commands:/home/abdelhak/Robotic_ws/install/py_srvcli/lib/python3.10/site-packages:${PYTHONPATH} /usr/bin/python3 -W ignore:setup.py install is deprecated setup.py develop --uninstall --editable --build-directory /home/abdelhak/Robotic_ws/build/py_srvcli/build
[1.433s] DEBUG:colcon.colcon_core.event_handler.log_command:Invoking command in '/home/abdelhak/Robotic_ws/src/py_srvcli': PYTHONPATH=/home/abdelhak/Robotic_ws/build/py_srvcli/prefix_override:/usr/lib/python3/dist-packages/colcon_core/task/python/colcon_distutils_commands:/home/abdelhak/Robotic_ws/install/py_srvcli/lib/python3.10/site-packages:${PYTHONPATH} /usr/bin/python3 -W ignore:setup.py install is deprecated setup.py egg_info --egg-base ../../build/py_srvcli build --build-base /home/abdelhak/Robotic_ws/build/py_srvcli/build install --record /home/abdelhak/Robotic_ws/build/py_srvcli/install.log --single-version-externally-managed install_data --force
[1.447s] DEBUG:colcon.colcon_core.event_handler.log_command:Invoked command in '/home/abdelhak/Robotic_ws/build/my_package' returned '0': PYTHONPATH=/home/abdelhak/Robotic_ws/build/my_package/prefix_override:/usr/lib/python3/dist-packages/colcon_core/task/python/colcon_distutils_commands:/home/abdelhak/Robotic_ws/install/my_package/lib/python3.10/site-packages:${PYTHONPATH} /usr/bin/python3 -W ignore:setup.py install is deprecated setup.py develop --uninstall --editable --build-directory /home/abdelhak/Robotic_ws/build/my_package/build
[1.449s] DEBUG:colcon.colcon_core.event_handler.log_command:Invoking command in '/home/abdelhak/Robotic_ws/src/my_package': PYTHONPATH=/home/abdelhak/Robotic_ws/build/my_package/prefix_override:/usr/lib/python3/dist-packages/colcon_core/task/python/colcon_distutils_commands:/home/abdelhak/Robotic_ws/install/my_package/lib/python3.10/site-packages:${PYTHONPATH} /usr/bin/python3 -W ignore:setup.py install is deprecated setup.py egg_info --egg-base ../../build/my_package build --build-base /home/abdelhak/Robotic_ws/build/my_package/build install --record /home/abdelhak/Robotic_ws/build/my_package/install.log --single-version-externally-managed install_data --force
[1.511s] DEBUG:colcon.colcon_core.event_handler.log_command:Invoked command in '/home/abdelhak/Robotic_ws/build/tutorial_interfaces' returned '0': CMAKE_PREFIX_PATH=${CMAKE_PREFIX_PATH}:/home/abdelhak/Robotic_ws/install/py_srvcli:/home/abdelhak/Robotic_ws/install/py_pubsub:/home/abdelhak/Robotic_ws/install/my_package:/opt/ros/humble /usr/bin/cmake /home/abdelhak/Robotic_ws/src/tutorial_interfaces -DCMAKE_INSTALL_PREFIX=/home/abdelhak/Robotic_ws/install/tutorial_interfaces
[1.512s] DEBUG:colcon.colcon_core.event_handler.log_command:Invoking command in '/home/abdelhak/Robotic_ws/build/tutorial_interfaces': CMAKE_PREFIX_PATH=${CMAKE_PREFIX_PATH}:/home/abdelhak/Robotic_ws/install/py_srvcli:/home/abdelhak/Robotic_ws/install/py_pubsub:/home/abdelhak/Robotic_ws/install/my_package:/opt/ros/humble /usr/bin/cmake --build /home/abdelhak/Robotic_ws/build/tutorial_interfaces -- -j12 -l12
[1.704s] DEBUG:colcon.colcon_core.event_handler.log_command:Invoked command in '/home/abdelhak/Robotic_ws/src/py_srvcli' returned '0': PYTHONPATH=/home/abdelhak/Robotic_ws/build/py_srvcli/prefix_override:/usr/lib/python3/dist-packages/colcon_core/task/python/colcon_distutils_commands:/home/abdelhak/Robotic_ws/install/py_srvcli/lib/python3.10/site-packages:${PYTHONPATH} /usr/bin/python3 -W ignore:setup.py install is deprecated setup.py egg_info --egg-base ../../build/py_srvcli build --build-base /home/abdelhak/Robotic_ws/build/py_srvcli/build install --record /home/abdelhak/Robotic_ws/build/py_srvcli/install.log --single-version-externally-managed install_data --force
[1.708s] Level 1:colcon.colcon_core.environment:checking '/home/abdelhak/Robotic_ws/install/py_srvcli' for CMake module files
[1.708s] Level 1:colcon.colcon_core.environment:checking '/home/abdelhak/Robotic_ws/install/py_srvcli' for CMake config files
[1.709s] Level 1:colcon.colcon_core.environment:checking '/home/abdelhak/Robotic_ws/install/py_srvcli/lib'
[1.710s] Level 1:colcon.colcon_core.environment:checking '/home/abdelhak/Robotic_ws/install/py_srvcli/bin'
[1.710s] Level 1:colcon.colcon_core.environment:checking '/home/abdelhak/Robotic_ws/install/py_srvcli/lib/pkgconfig/py_srvcli.pc'
[1.710s] Level 1:colcon.colcon_core.environment:checking '/home/abdelhak/Robotic_ws/install/py_srvcli/lib/python3.10/site-packages'
[1.710s] Level 1:colcon.colcon_core.shell:create_environment_hook('py_srvcli', 'pythonpath')
[1.710s] INFO:colcon.colcon_core.shell:Creating environment hook '/home/abdelhak/Robotic_ws/install/py_srvcli/share/py_srvcli/hook/pythonpath.ps1'
[1.711s] INFO:colcon.colcon_core.shell:Creating environment descriptor '/home/abdelhak/Robotic_ws/install/py_srvcli/share/py_srvcli/hook/pythonpath.dsv'
[1.711s] INFO:colcon.colcon_core.shell:Creating environment hook '/home/abdelhak/Robotic_ws/install/py_srvcli/share/py_srvcli/hook/pythonpath.sh'
[1.712s] Level 1:colcon.colcon_core.environment:checking '/home/abdelhak/Robotic_ws/install/py_srvcli/bin'
[1.712s] Level 1:colcon.colcon_core.environment:create_environment_scripts_only(py_srvcli)
[1.713s] INFO:colcon.colcon_core.shell:Creating package script '/home/abdelhak/Robotic_ws/install/py_srvcli/share/py_srvcli/package.ps1'
[1.714s] INFO:colcon.colcon_core.shell:Creating package descriptor '/home/abdelhak/Robotic_ws/install/py_srvcli/share/py_srvcli/package.dsv'
[1.714s] INFO:colcon.colcon_core.shell:Creating package script '/home/abdelhak/Robotic_ws/install/py_srvcli/share/py_srvcli/package.sh'
[1.715s] INFO:colcon.colcon_core.shell:Creating package script '/home/abdelhak/Robotic_ws/install/py_srvcli/share/py_srvcli/package.bash'
[1.717s] INFO:colcon.colcon_core.shell:Creating package script '/home/abdelhak/Robotic_ws/install/py_srvcli/share/py_srvcli/package.zsh'
[1.718s] Level 1:colcon.colcon_core.environment:create_file_with_runtime_dependencies(/home/abdelhak/Robotic_ws/install/py_srvcli/share/colcon-core/packages/py_srvcli)
[1.733s] Level 1:colcon.colcon_core.environment:checking '/home/abdelhak/Robotic_ws/install/my_package' for CMake module files
[1.734s] DEBUG:colcon.colcon_core.event_handler.log_command:Invoked command in '/home/abdelhak/Robotic_ws/src/my_package' returned '0': PYTHONPATH=/home/abdelhak/Robotic_ws/build/my_package/prefix_override:/usr/lib/python3/dist-packages/colcon_core/task/python/colcon_distutils_commands:/home/abdelhak/Robotic_ws/install/my_package/lib/python3.10/site-packages:${PYTHONPATH} /usr/bin/python3 -W ignore:setup.py install is deprecated setup.py egg_info --egg-base ../../build/my_package build --build-base /home/abdelhak/Robotic_ws/build/my_package/build install --record /home/abdelhak/Robotic_ws/build/my_package/install.log --single-version-externally-managed install_data --force
[1.734s] Level 1:colcon.colcon_core.environment:checking '/home/abdelhak/Robotic_ws/install/my_package' for CMake config files
[1.735s] Level 1:colcon.colcon_core.environment:checking '/home/abdelhak/Robotic_ws/install/my_package/lib'
[1.735s] Level 1:colcon.colcon_core.environment:checking '/home/abdelhak/Robotic_ws/install/my_package/bin'
[1.735s] Level 1:colcon.colcon_core.environment:checking '/home/abdelhak/Robotic_ws/install/my_package/lib/pkgconfig/my_package.pc'
[1.735s] Level 1:colcon.colcon_core.environment:checking '/home/abdelhak/Robotic_ws/install/my_package/lib/python3.10/site-packages'
[1.735s] Level 1:colcon.colcon_core.shell:create_environment_hook('my_package', 'pythonpath')
[1.735s] INFO:colcon.colcon_core.shell:Creating environment hook '/home/abdelhak/Robotic_ws/install/my_package/share/my_package/hook/pythonpath.ps1'
[1.736s] INFO:colcon.colcon_core.shell:Creating environment descriptor '/home/abdelhak/Robotic_ws/install/my_package/share/my_package/hook/pythonpath.dsv'
[1.736s] INFO:colcon.colcon_core.shell:Creating environment hook '/home/abdelhak/Robotic_ws/install/my_package/share/my_package/hook/pythonpath.sh'
[1.737s] Level 1:colcon.colcon_core.environment:checking '/home/abdelhak/Robotic_ws/install/my_package/bin'
[1.737s] Level 1:colcon.colcon_core.environment:create_environment_scripts_only(my_package)
[1.737s] INFO:colcon.colcon_core.shell:Creating package script '/home/abdelhak/Robotic_ws/install/my_package/share/my_package/package.ps1'
[1.738s] INFO:colcon.colcon_core.shell:Creating package descriptor '/home/abdelhak/Robotic_ws/install/my_package/share/my_package/package.dsv'
[1.739s] INFO:colcon.colcon_core.shell:Creating package script '/home/abdelhak/Robotic_ws/install/my_package/share/my_package/package.sh'
[1.739s] INFO:colcon.colcon_core.shell:Creating package script '/home/abdelhak/Robotic_ws/install/my_package/share/my_package/package.bash'
[1.739s] INFO:colcon.colcon_core.shell:Creating package script '/home/abdelhak/Robotic_ws/install/my_package/share/my_package/package.zsh'
[1.740s] Level 1:colcon.colcon_core.environment:create_file_with_runtime_dependencies(/home/abdelhak/Robotic_ws/install/my_package/share/colcon-core/packages/my_package)
[1.856s] DEBUG:colcon.colcon_core.event_handler.log_command:Invoked command in '/home/abdelhak/Robotic_ws/build/tutorial_interfaces' returned '0': CMAKE_PREFIX_PATH=${CMAKE_PREFIX_PATH}:/home/abdelhak/Robotic_ws/install/py_srvcli:/home/abdelhak/Robotic_ws/install/py_pubsub:/home/abdelhak/Robotic_ws/install/my_package:/opt/ros/humble /usr/bin/cmake --build /home/abdelhak/Robotic_ws/build/tutorial_interfaces -- -j12 -l12
[1.951s] DEBUG:colcon.colcon_core.event_handler.log_command:Invoking command in '/home/abdelhak/Robotic_ws/build/tutorial_interfaces': CMAKE_PREFIX_PATH=${CMAKE_PREFIX_PATH}:/home/abdelhak/Robotic_ws/install/py_srvcli:/home/abdelhak/Robotic_ws/install/py_pubsub:/home/abdelhak/Robotic_ws/install/my_package:/opt/ros/humble /usr/bin/cmake --install /home/abdelhak/Robotic_ws/build/tutorial_interfaces
[2.018s] Level 1:colcon.colcon_core.environment:create_environment_scripts_only(tutorial_interfaces)
[2.019s] Level 1:colcon.colcon_core.environment:checking '/home/abdelhak/Robotic_ws/install/tutorial_interfaces' for CMake module files
[2.019s] DEBUG:colcon.colcon_core.event_handler.log_command:Invoked command in '/home/abdelhak/Robotic_ws/build/tutorial_interfaces' returned '0': CMAKE_PREFIX_PATH=${CMAKE_PREFIX_PATH}:/home/abdelhak/Robotic_ws/install/py_srvcli:/home/abdelhak/Robotic_ws/install/py_pubsub:/home/abdelhak/Robotic_ws/install/my_package:/opt/ros/humble /usr/bin/cmake --install /home/abdelhak/Robotic_ws/build/tutorial_interfaces
[2.020s] Level 1:colcon.colcon_core.environment:checking '/home/abdelhak/Robotic_ws/install/tutorial_interfaces' for CMake config files
[2.020s] Level 1:colcon.colcon_core.shell:create_environment_hook('tutorial_interfaces', 'cmake_prefix_path')
[2.021s] INFO:colcon.colcon_core.shell:Creating environment hook '/home/abdelhak/Robotic_ws/install/tutorial_interfaces/share/tutorial_interfaces/hook/cmake_prefix_path.ps1'
[2.021s] INFO:colcon.colcon_core.shell:Creating environment descriptor '/home/abdelhak/Robotic_ws/install/tutorial_interfaces/share/tutorial_interfaces/hook/cmake_prefix_path.dsv'
[2.022s] INFO:colcon.colcon_core.shell:Creating environment hook '/home/abdelhak/Robotic_ws/install/tutorial_interfaces/share/tutorial_interfaces/hook/cmake_prefix_path.sh'
[2.022s] Level 1:colcon.colcon_core.environment:checking '/home/abdelhak/Robotic_ws/install/tutorial_interfaces/lib'
[2.022s] Level 1:colcon.colcon_core.shell:create_environment_hook('tutorial_interfaces', 'ld_library_path_lib')
[2.023s] INFO:colcon.colcon_core.shell:Creating environment hook '/home/abdelhak/Robotic_ws/install/tutorial_interfaces/share/tutorial_interfaces/hook/ld_library_path_lib.ps1'
[2.023s] INFO:colcon.colcon_core.shell:Creating environment descriptor '/home/abdelhak/Robotic_ws/install/tutorial_interfaces/share/tutorial_interfaces/hook/ld_library_path_lib.dsv'
[2.023s] INFO:colcon.colcon_core.shell:Creating environment hook '/home/abdelhak/Robotic_ws/install/tutorial_interfaces/share/tutorial_interfaces/hook/ld_library_path_lib.sh'
[2.024s] Level 1:colcon.colcon_core.environment:checking '/home/abdelhak/Robotic_ws/install/tutorial_interfaces/bin'
[2.024s] Level 1:colcon.colcon_core.environment:checking '/home/abdelhak/Robotic_ws/install/tutorial_interfaces/lib/pkgconfig/tutorial_interfaces.pc'
[2.024s] Level 1:colcon.colcon_core.environment:checking '/home/abdelhak/Robotic_ws/install/tutorial_interfaces/lib/python3.10/site-packages'
[2.025s] Level 1:colcon.colcon_core.environment:checking '/home/abdelhak/Robotic_ws/install/tutorial_interfaces/bin'
[2.025s] INFO:colcon.colcon_core.shell:Creating package script '/home/abdelhak/Robotic_ws/install/tutorial_interfaces/share/tutorial_interfaces/package.ps1'
[2.026s] INFO:colcon.colcon_core.shell:Creating package descriptor '/home/abdelhak/Robotic_ws/install/tutorial_interfaces/share/tutorial_interfaces/package.dsv'
[2.026s] INFO:colcon.colcon_core.shell:Creating package script '/home/abdelhak/Robotic_ws/install/tutorial_interfaces/share/tutorial_interfaces/package.sh'
[2.027s] INFO:colcon.colcon_core.shell:Creating package script '/home/abdelhak/Robotic_ws/install/tutorial_interfaces/share/tutorial_interfaces/package.bash'
[2.027s] INFO:colcon.colcon_core.shell:Creating package script '/home/abdelhak/Robotic_ws/install/tutorial_interfaces/share/tutorial_interfaces/package.zsh'
[2.027s] Level 1:colcon.colcon_core.environment:create_file_with_runtime_dependencies(/home/abdelhak/Robotic_ws/install/tutorial_interfaces/share/colcon-core/packages/tutorial_interfaces)
[2.114s] Level 1:colcon.colcon_core.environment:create_environment_scripts_only(tutorial_interfaces)
[2.115s] Level 1:colcon.colcon_core.environment:checking '/home/abdelhak/Robotic_ws/install/tutorial_interfaces' for CMake module files
[2.116s] Level 1:colcon.colcon_core.environment:checking '/home/abdelhak/Robotic_ws/install/tutorial_interfaces' for CMake config files
[2.116s] Level 1:colcon.colcon_core.shell:create_environment_hook('tutorial_interfaces', 'cmake_prefix_path')
[2.117s] INFO:colcon.colcon_core.shell:Creating environment hook '/home/abdelhak/Robotic_ws/install/tutorial_interfaces/share/tutorial_interfaces/hook/cmake_prefix_path.ps1'
[2.117s] INFO:colcon.colcon_core.shell:Creating environment descriptor '/home/abdelhak/Robotic_ws/install/tutorial_interfaces/share/tutorial_interfaces/hook/cmake_prefix_path.dsv'
[2.118s] INFO:colcon.colcon_core.shell:Creating environment hook '/home/abdelhak/Robotic_ws/install/tutorial_interfaces/share/tutorial_interfaces/hook/cmake_prefix_path.sh'
[2.118s] Level 1:colcon.colcon_core.environment:checking '/home/abdelhak/Robotic_ws/install/tutorial_interfaces/lib'
[2.118s] Level 1:colcon.colcon_core.shell:create_environment_hook('tutorial_interfaces', 'ld_library_path_lib')
[2.119s] INFO:colcon.colcon_core.shell:Creating environment hook '/home/abdelhak/Robotic_ws/install/tutorial_interfaces/share/tutorial_interfaces/hook/ld_library_path_lib.ps1'
[2.119s] INFO:colcon.colcon_core.shell:Creating environment descriptor '/home/abdelhak/Robotic_ws/install/tutorial_interfaces/share/tutorial_interfaces/hook/ld_library_path_lib.dsv'
[2.119s] INFO:colcon.colcon_core.shell:Creating environment hook '/home/abdelhak/Robotic_ws/install/tutorial_interfaces/share/tutorial_interfaces/hook/ld_library_path_lib.sh'
[2.120s] Level 1:colcon.colcon_core.environment:checking '/home/abdelhak/Robotic_ws/install/tutorial_interfaces/bin'
[2.120s] Level 1:colcon.colcon_core.environment:checking '/home/abdelhak/Robotic_ws/install/tutorial_interfaces/lib/pkgconfig/tutorial_interfaces.pc'
[2.120s] Level 1:colcon.colcon_core.environment:checking '/home/abdelhak/Robotic_ws/install/tutorial_interfaces/lib/python3.10/site-packages'
[2.120s] Level 1:colcon.colcon_core.environment:checking '/home/abdelhak/Robotic_ws/install/tutorial_interfaces/bin'
[2.121s] INFO:colcon.colcon_core.shell:Creating package script '/home/abdelhak/Robotic_ws/install/tutorial_interfaces/share/tutorial_interfaces/package.ps1'
[2.122s] INFO:colcon.colcon_core.shell:Creating package descriptor '/home/abdelhak/Robotic_ws/install/tutorial_interfaces/share/tutorial_interfaces/package.dsv'
[2.122s] INFO:colcon.colcon_core.shell:Creating package script '/home/abdelhak/Robotic_ws/install/tutorial_interfaces/share/tutorial_interfaces/package.sh'
[2.123s] INFO:colcon.colcon_core.shell:Creating package script '/home/abdelhak/Robotic_ws/install/tutorial_interfaces/share/tutorial_interfaces/package.bash'
[2.123s] INFO:colcon.colcon_core.shell:Creating package script '/home/abdelhak/Robotic_ws/install/tutorial_interfaces/share/tutorial_interfaces/package.zsh'
[2.124s] Level 1:colcon.colcon_core.environment:create_file_with_runtime_dependencies(/home/abdelhak/Robotic_ws/install/tutorial_interfaces/share/colcon-core/packages/tutorial_interfaces)
[2.124s] INFO:colcon.colcon_ros.task.ament_python.build:Building ROS package in '/home/abdelhak/Robotic_ws/src/py_pubsub' with build type 'ament_python'
[2.124s] Level 1:colcon.colcon_core.shell:create_environment_hook('py_pubsub', 'ament_prefix_path')
[2.125s] INFO:colcon.colcon_core.shell:Creating environment hook '/home/abdelhak/Robotic_ws/install/py_pubsub/share/py_pubsub/hook/ament_prefix_path.ps1'
[2.125s] INFO:colcon.colcon_core.shell:Creating environment descriptor '/home/abdelhak/Robotic_ws/install/py_pubsub/share/py_pubsub/hook/ament_prefix_path.dsv'
[2.126s] INFO:colcon.colcon_core.shell:Creating environment hook '/home/abdelhak/Robotic_ws/install/py_pubsub/share/py_pubsub/hook/ament_prefix_path.sh'
[2.127s] INFO:colcon.colcon_core.shell:Skip shell extension 'powershell' for command environment: Not usable outside of PowerShell
[2.127s] DEBUG:colcon.colcon_core.shell:Skip shell extension 'dsv' for command environment
[2.381s] INFO:colcon.colcon_core.task.python.build:Building Python package in '/home/abdelhak/Robotic_ws/src/py_pubsub'
[2.382s] INFO:colcon.colcon_core.shell:Skip shell extension 'powershell' for command environment: Not usable outside of PowerShell
[2.382s] DEBUG:colcon.colcon_core.shell:Skip shell extension 'dsv' for command environment
[2.720s] DEBUG:colcon.colcon_core.event_handler.log_command:Invoking command in '/home/abdelhak/Robotic_ws/build/py_pubsub': PYTHONPATH=/home/abdelhak/Robotic_ws/build/py_pubsub/prefix_override:/usr/lib/python3/dist-packages/colcon_core/task/python/colcon_distutils_commands:/home/abdelhak/Robotic_ws/install/py_pubsub/lib/python3.10/site-packages:${PYTHONPATH} /usr/bin/python3 -W ignore:setup.py install is deprecated setup.py develop --uninstall --editable --build-directory /home/abdelhak/Robotic_ws/build/py_pubsub/build
[3.098s] DEBUG:colcon.colcon_core.event_handler.log_command:Invoked command in '/home/abdelhak/Robotic_ws/build/py_pubsub' returned '0': PYTHONPATH=/home/abdelhak/Robotic_ws/build/py_pubsub/prefix_override:/usr/lib/python3/dist-packages/colcon_core/task/python/colcon_distutils_commands:/home/abdelhak/Robotic_ws/install/py_pubsub/lib/python3.10/site-packages:${PYTHONPATH} /usr/bin/python3 -W ignore:setup.py install is deprecated setup.py develop --uninstall --editable --build-directory /home/abdelhak/Robotic_ws/build/py_pubsub/build
[3.099s] DEBUG:colcon.colcon_core.event_handler.log_command:Invoking command in '/home/abdelhak/Robotic_ws/src/py_pubsub': PYTHONPATH=/home/abdelhak/Robotic_ws/build/py_pubsub/prefix_override:/usr/lib/python3/dist-packages/colcon_core/task/python/colcon_distutils_commands:/home/abdelhak/Robotic_ws/install/py_pubsub/lib/python3.10/site-packages:${PYTHONPATH} /usr/bin/python3 -W ignore:setup.py install is deprecated setup.py egg_info --egg-base ../../build/py_pubsub build --build-base /home/abdelhak/Robotic_ws/build/py_pubsub/build install --record /home/abdelhak/Robotic_ws/build/py_pubsub/install.log --single-version-externally-managed install_data --force
[3.344s] Level 1:colcon.colcon_core.environment:checking '/home/abdelhak/Robotic_ws/install/py_pubsub' for CMake module files
[3.344s] DEBUG:colcon.colcon_core.event_handler.log_command:Invoked command in '/home/abdelhak/Robotic_ws/src/py_pubsub' returned '0': PYTHONPATH=/home/abdelhak/Robotic_ws/build/py_pubsub/prefix_override:/usr/lib/python3/dist-packages/colcon_core/task/python/colcon_distutils_commands:/home/abdelhak/Robotic_ws/install/py_pubsub/lib/python3.10/site-packages:${PYTHONPATH} /usr/bin/python3 -W ignore:setup.py install is deprecated setup.py egg_info --egg-base ../../build/py_pubsub build --build-base /home/abdelhak/Robotic_ws/build/py_pubsub/build install --record /home/abdelhak/Robotic_ws/build/py_pubsub/install.log --single-version-externally-managed install_data --force
[3.344s] Level 1:colcon.colcon_core.environment:checking '/home/abdelhak/Robotic_ws/install/py_pubsub' for CMake config files
[3.345s] Level 1:colcon.colcon_core.environment:checking '/home/abdelhak/Robotic_ws/install/py_pubsub/lib'
[3.345s] Level 1:colcon.colcon_core.environment:checking '/home/abdelhak/Robotic_ws/install/py_pubsub/bin'
[3.345s] Level 1:colcon.colcon_core.environment:checking '/home/abdelhak/Robotic_ws/install/py_pubsub/lib/pkgconfig/py_pubsub.pc'
[3.345s] Level 1:colcon.colcon_core.environment:checking '/home/abdelhak/Robotic_ws/install/py_pubsub/lib/python3.10/site-packages'
[3.345s] Level 1:colcon.colcon_core.shell:create_environment_hook('py_pubsub', 'pythonpath')
[3.345s] INFO:colcon.colcon_core.shell:Creating environment hook '/home/abdelhak/Robotic_ws/install/py_pubsub/share/py_pubsub/hook/pythonpath.ps1'
[3.346s] INFO:colcon.colcon_core.shell:Creating environment descriptor '/home/abdelhak/Robotic_ws/install/py_pubsub/share/py_pubsub/hook/pythonpath.dsv'
[3.346s] INFO:colcon.colcon_core.shell:Creating environment hook '/home/abdelhak/Robotic_ws/install/py_pubsub/share/py_pubsub/hook/pythonpath.sh'
[3.347s] Level 1:colcon.colcon_core.environment:checking '/home/abdelhak/Robotic_ws/install/py_pubsub/bin'
[3.347s] Level 1:colcon.colcon_core.environment:create_environment_scripts_only(py_pubsub)
[3.347s] INFO:colcon.colcon_core.shell:Creating package script '/home/abdelhak/Robotic_ws/install/py_pubsub/share/py_pubsub/package.ps1'
[3.347s] INFO:colcon.colcon_core.shell:Creating package descriptor '/home/abdelhak/Robotic_ws/install/py_pubsub/share/py_pubsub/package.dsv'
[3.348s] INFO:colcon.colcon_core.shell:Creating package script '/home/abdelhak/Robotic_ws/install/py_pubsub/share/py_pubsub/package.sh'
[3.348s] INFO:colcon.colcon_core.shell:Creating package script '/home/abdelhak/Robotic_ws/install/py_pubsub/share/py_pubsub/package.bash'
[3.348s] INFO:colcon.colcon_core.shell:Creating package script '/home/abdelhak/Robotic_ws/install/py_pubsub/share/py_pubsub/package.zsh'
[3.349s] Level 1:colcon.colcon_core.environment:create_file_with_runtime_dependencies(/home/abdelhak/Robotic_ws/install/py_pubsub/share/colcon-core/packages/py_pubsub)
[3.349s] DEBUG:colcon.colcon_parallel_executor.executor.parallel:closing loop
[3.349s] DEBUG:colcon.colcon_parallel_executor.executor.parallel:loop closed
[3.349s] DEBUG:colcon.colcon_parallel_executor.executor.parallel:run_until_complete finished with '0'
[3.349s] DEBUG:colcon.colcon_core.event_reactor:joining thread
[3.354s] INFO:colcon.colcon_core.plugin_system:Skipping extension 'colcon_notification.desktop_notification.terminal_notifier': Not used on non-Darwin systems
[3.354s] INFO:colcon.colcon_core.plugin_system:Skipping extension 'colcon_notification.desktop_notification.win32': Not used on non-Windows systems
[3.354s] INFO:colcon.colcon_notification.desktop_notification:Sending desktop notification using 'notify2'
[3.364s] DEBUG:colcon.colcon_core.event_reactor:joined thread
[3.364s] INFO:colcon.colcon_core.shell:Creating prefix script '/home/abdelhak/Robotic_ws/install/local_setup.ps1'
[3.365s] INFO:colcon.colcon_core.shell:Creating prefix util module '/home/abdelhak/Robotic_ws/install/_local_setup_util_ps1.py'
[3.366s] INFO:colcon.colcon_core.shell:Creating prefix chain script '/home/abdelhak/Robotic_ws/install/setup.ps1'
[3.367s] INFO:colcon.colcon_core.shell:Creating prefix script '/home/abdelhak/Robotic_ws/install/local_setup.sh'
[3.368s] INFO:colcon.colcon_core.shell:Creating prefix util module '/home/abdelhak/Robotic_ws/install/_local_setup_util_sh.py'
[3.368s] INFO:colcon.colcon_core.shell:Creating prefix chain script '/home/abdelhak/Robotic_ws/install/setup.sh'
[3.369s] INFO:colcon.colcon_core.shell:Creating prefix script '/home/abdelhak/Robotic_ws/install/local_setup.bash'
[3.370s] INFO:colcon.colcon_core.shell:Creating prefix chain script '/home/abdelhak/Robotic_ws/install/setup.bash'
[3.371s] INFO:colcon.colcon_core.shell:Creating prefix script '/home/abdelhak/Robotic_ws/install/local_setup.zsh'
[3.371s] INFO:colcon.colcon_core.shell:Creating prefix chain script '/home/abdelhak/Robotic_ws/install/setup.zsh'
