[0.669s] Invoking command in '/home/abdelhak/Robotic_ws/build/tutorial_interfaces': CMAKE_PREFIX_PATH=${CMAKE_PREFIX_PATH}:/home/abdelhak/Robotic_ws/install/py_srvcli:/home/abdelhak/Robotic_ws/install/py_pubsub:/home/abdelhak/Robotic_ws/install/my_package:/opt/ros/humble /usr/bin/cmake /home/abdelhak/Robotic_ws/src/tutorial_interfaces -DCMAKE_INSTALL_PREFIX=/home/abdelhak/Robotic_ws/install/tutorial_interfaces
[0.717s] -- The C compiler identification is GNU 11.4.0
[0.767s] -- The CXX compiler identification is GNU 11.4.0
[0.773s] -- Detecting C compiler ABI info
[0.837s] -- Detecting C compiler ABI info - done
[0.845s] -- Check for working C compiler: /usr/bin/cc - skipped
[0.845s] -- Detecting C compile features
[0.846s] -- Detecting C compile features - done
[0.849s] -- Detecting CXX compiler ABI info
[0.928s] -- Detecting CXX compiler ABI info - done
[0.936s] -- Check for working CXX compiler: /usr/bin/c++ - skipped
[0.936s] -- Detecting CXX compile features
[0.937s] -- Detecting CXX compile features - done
[0.940s] -- Found ament_cmake: 1.3.10 (/opt/ros/humble/share/ament_cmake/cmake)
[1.093s] -- Found Python3: /usr/bin/python3 (found version "3.10.12") found components: Interpreter 
[1.173s] -- Found geometry_msgs: 4.2.4 (/opt/ros/humble/share/geometry_msgs/cmake)
[1.207s] -- Found rosidl_generator_c: 3.1.5 (/opt/ros/humble/share/rosidl_generator_c/cmake)
[1.213s] -- Found rosidl_adapter: 3.1.5 (/opt/ros/humble/share/rosidl_adapter/cmake)
[1.222s] -- Found rosidl_generator_cpp: 3.1.5 (/opt/ros/humble/share/rosidl_generator_cpp/cmake)
[1.235s] -- Using all available rosidl_typesupport_c: rosidl_typesupport_fastrtps_c;rosidl_typesupport_introspection_c
[1.251s] -- Using all available rosidl_typesupport_cpp: rosidl_typesupport_fastrtps_cpp;rosidl_typesupport_introspection_cpp
[1.292s] -- Found rosidl_default_generators: 1.2.0 (/opt/ros/humble/share/rosidl_default_generators/cmake)
[1.578s] -- Found ament_cmake_ros: 0.10.0 (/opt/ros/humble/share/ament_cmake_ros/cmake)
[1.949s] -- Using all available rosidl_typesupport_c: rosidl_typesupport_fastrtps_c;rosidl_typesupport_introspection_c
[2.092s] -- Using all available rosidl_typesupport_cpp: rosidl_typesupport_fastrtps_cpp;rosidl_typesupport_introspection_cpp
[2.111s] -- Found PythonInterp: /usr/bin/python3 (found suitable version "3.10.12", minimum required is "3.6") 
[2.113s] -- Found python_cmake_module: 0.10.0 (/opt/ros/humble/share/python_cmake_module/cmake)
[2.135s] -- Found PythonLibs: /usr/lib/x86_64-linux-gnu/libpython3.10.so (found suitable version "3.10.12", minimum required is "3.5") 
[2.135s] -- Using PYTHON_EXECUTABLE: /usr/bin/python3
[2.135s] -- Using PYTHON_INCLUDE_DIRS: /usr/include/python3.10
[2.135s] -- Using PYTHON_LIBRARIES: /usr/lib/x86_64-linux-gnu/libpython3.10.so
[2.153s] -- Found PythonExtra: .so  
[2.206s] -- Found ament_lint_auto: 0.12.11 (/opt/ros/humble/share/ament_lint_auto/cmake)
[2.223s] -- Added test 'lint_cmake' to check CMake code style
[2.224s] -- Added test 'xmllint' to check XML markup files
[2.227s] -- Configuring done
[2.260s] -- Generating done
[2.263s] -- Build files have been written to: /home/abdelhak/Robotic_ws/build/tutorial_interfaces
[2.271s] Invoked command in '/home/abdelhak/Robotic_ws/build/tutorial_interfaces' returned '0': CMAKE_PREFIX_PATH=${CMAKE_PREFIX_PATH}:/home/abdelhak/Robotic_ws/install/py_srvcli:/home/abdelhak/Robotic_ws/install/py_pubsub:/home/abdelhak/Robotic_ws/install/my_package:/opt/ros/humble /usr/bin/cmake /home/abdelhak/Robotic_ws/src/tutorial_interfaces -DCMAKE_INSTALL_PREFIX=/home/abdelhak/Robotic_ws/install/tutorial_interfaces
[2.271s] Invoking command in '/home/abdelhak/Robotic_ws/build/tutorial_interfaces': CMAKE_PREFIX_PATH=${CMAKE_PREFIX_PATH}:/home/abdelhak/Robotic_ws/install/py_srvcli:/home/abdelhak/Robotic_ws/install/py_pubsub:/home/abdelhak/Robotic_ws/install/my_package:/opt/ros/humble /usr/bin/cmake --build /home/abdelhak/Robotic_ws/build/tutorial_interfaces -- -j12 -l12
[2.304s] [  2%] [34m[1mGenerating C code for ROS interfaces[0m
[2.313s] [  4%] [34m[1mGenerating C++ code for ROS interfaces[0m
[2.320s] [  4%] Built target ament_cmake_python_copy_tutorial_interfaces
[2.572s] running egg_info
[2.573s] creating tutorial_interfaces.egg-info
[2.573s] writing tutorial_interfaces.egg-info/PKG-INFO
[2.573s] writing dependency_links to tutorial_interfaces.egg-info/dependency_links.txt
[2.573s] writing top-level names to tutorial_interfaces.egg-info/top_level.txt
[2.573s] writing manifest file 'tutorial_interfaces.egg-info/SOURCES.txt'
[2.575s] reading manifest file 'tutorial_interfaces.egg-info/SOURCES.txt'
[2.575s] writing manifest file 'tutorial_interfaces.egg-info/SOURCES.txt'
[2.599s] [  4%] Built target ament_cmake_python_build_tutorial_interfaces_egg
[2.705s] [  4%] Built target tutorial_interfaces__cpp
[2.715s] [  6%] [34m[1mGenerating C++ type support dispatch for ROS interfaces[0m
[2.715s] [ 10%] [34m[1mGenerating C++ type support for eProsima Fast-RTPS[0m
[2.715s] [ 10%] [34m[1mGenerating C++ introspection for ROS interfaces[0m
[2.722s] [ 17%] [32mBuilding C object CMakeFiles/tutorial_interfaces__rosidl_generator_c.dir/rosidl_generator_c/tutorial_interfaces/srv/detail/add_three_ints__functions.c.o[0m
[2.722s] [ 17%] [32mBuilding C object CMakeFiles/tutorial_interfaces__rosidl_generator_c.dir/rosidl_generator_c/tutorial_interfaces/msg/detail/sphere__functions.c.o[0m
[2.722s] [ 17%] [32mBuilding C object CMakeFiles/tutorial_interfaces__rosidl_generator_c.dir/rosidl_generator_c/tutorial_interfaces/msg/detail/num__functions.c.o[0m
[2.789s] [ 19%] [32m[1mLinking C shared library libtutorial_interfaces__rosidl_generator_c.so[0m
[2.829s] [ 19%] Built target tutorial_interfaces__rosidl_generator_c
[2.838s] [ 25%] [34m[1mGenerating C introspection for ROS interfaces[0m
[2.838s] [ 25%] [34m[1mGenerating C type support for eProsima Fast-RTPS[0m
[2.838s] [ 25%] [34m[1mGenerating C type support dispatch for ROS interfaces[0m
[2.990s] [ 27%] [32mBuilding CXX object CMakeFiles/tutorial_interfaces__rosidl_typesupport_cpp.dir/rosidl_typesupport_cpp/tutorial_interfaces/msg/num__type_support.cpp.o[0m
[2.992s] [ 31%] [32mBuilding CXX object CMakeFiles/tutorial_interfaces__rosidl_typesupport_cpp.dir/rosidl_typesupport_cpp/tutorial_interfaces/msg/sphere__type_support.cpp.o[0m
[2.992s] [ 31%] [32mBuilding CXX object CMakeFiles/tutorial_interfaces__rosidl_typesupport_cpp.dir/rosidl_typesupport_cpp/tutorial_interfaces/srv/add_three_ints__type_support.cpp.o[0m
[3.049s] [ 34%] [32mBuilding CXX object CMakeFiles/tutorial_interfaces__rosidl_typesupport_introspection_cpp.dir/rosidl_typesupport_introspection_cpp/tutorial_interfaces/msg/detail/num__type_support.cpp.o[0m
[3.049s] [ 38%] [32mBuilding CXX object CMakeFiles/tutorial_interfaces__rosidl_typesupport_introspection_cpp.dir/rosidl_typesupport_introspection_cpp/tutorial_interfaces/msg/detail/sphere__type_support.cpp.o[0m
[3.050s] [ 38%] [32mBuilding CXX object CMakeFiles/tutorial_interfaces__rosidl_typesupport_introspection_cpp.dir/rosidl_typesupport_introspection_cpp/tutorial_interfaces/srv/detail/add_three_ints__type_support.cpp.o[0m
[3.141s] [ 40%] [32mBuilding CXX object CMakeFiles/tutorial_interfaces__rosidl_typesupport_fastrtps_cpp.dir/rosidl_typesupport_fastrtps_cpp/tutorial_interfaces/msg/detail/dds_fastrtps/num__type_support.cpp.o[0m
[3.141s] [ 44%] [32mBuilding CXX object CMakeFiles/tutorial_interfaces__rosidl_typesupport_fastrtps_cpp.dir/rosidl_typesupport_fastrtps_cpp/tutorial_interfaces/srv/detail/dds_fastrtps/add_three_ints__type_support.cpp.o[0m
[3.142s] [ 44%] [32mBuilding CXX object CMakeFiles/tutorial_interfaces__rosidl_typesupport_fastrtps_cpp.dir/rosidl_typesupport_fastrtps_cpp/tutorial_interfaces/msg/detail/dds_fastrtps/sphere__type_support.cpp.o[0m
[3.205s] [ 46%] [32mBuilding CXX object CMakeFiles/tutorial_interfaces__rosidl_typesupport_c.dir/rosidl_typesupport_c/tutorial_interfaces/msg/num__type_support.cpp.o[0m
[3.249s] [ 48%] [32mBuilding CXX object CMakeFiles/tutorial_interfaces__rosidl_typesupport_c.dir/rosidl_typesupport_c/tutorial_interfaces/msg/sphere__type_support.cpp.o[0m
[3.269s] [ 51%] [32mBuilding CXX object CMakeFiles/tutorial_interfaces__rosidl_typesupport_fastrtps_c.dir/rosidl_typesupport_fastrtps_c/tutorial_interfaces/msg/detail/num__type_support_c.cpp.o[0m
[3.286s] [ 53%] [32mBuilding C object CMakeFiles/tutorial_interfaces__rosidl_typesupport_introspection_c.dir/rosidl_typesupport_introspection_c/tutorial_interfaces/msg/detail/num__type_support.c.o[0m
[3.292s] [ 55%] [32mBuilding CXX object CMakeFiles/tutorial_interfaces__rosidl_typesupport_c.dir/rosidl_typesupport_c/tutorial_interfaces/srv/add_three_ints__type_support.cpp.o[0m
[3.337s] [ 57%] [32mBuilding C object CMakeFiles/tutorial_interfaces__rosidl_typesupport_introspection_c.dir/rosidl_typesupport_introspection_c/tutorial_interfaces/msg/detail/sphere__type_support.c.o[0m
[3.338s] [ 59%] [32m[1mLinking CXX shared library libtutorial_interfaces__rosidl_typesupport_c.so[0m
[3.388s] [ 61%] [32mBuilding C object CMakeFiles/tutorial_interfaces__rosidl_typesupport_introspection_c.dir/rosidl_typesupport_introspection_c/tutorial_interfaces/srv/detail/add_three_ints__type_support.c.o[0m
[3.399s] [ 61%] Built target tutorial_interfaces__rosidl_typesupport_c
[3.403s] [ 63%] [32mBuilding CXX object CMakeFiles/tutorial_interfaces__rosidl_typesupport_fastrtps_c.dir/rosidl_typesupport_fastrtps_c/tutorial_interfaces/msg/detail/sphere__type_support_c.cpp.o[0m
[3.409s] [ 65%] [32mBuilding CXX object CMakeFiles/tutorial_interfaces__rosidl_typesupport_fastrtps_c.dir/rosidl_typesupport_fastrtps_c/tutorial_interfaces/srv/detail/add_three_ints__type_support_c.cpp.o[0m
[3.413s] [ 68%] [32m[1mLinking CXX shared library libtutorial_interfaces__rosidl_typesupport_cpp.so[0m
[3.447s] [ 70%] [32m[1mLinking C shared library libtutorial_interfaces__rosidl_typesupport_introspection_c.so[0m
[3.481s] [ 70%] Built target tutorial_interfaces__rosidl_typesupport_cpp
[3.493s] [ 70%] Built target tutorial_interfaces__rosidl_typesupport_introspection_c
[3.635s] [ 72%] [32m[1mLinking CXX shared library libtutorial_interfaces__rosidl_typesupport_introspection_cpp.so[0m
[3.697s] [ 72%] Built target tutorial_interfaces__rosidl_typesupport_introspection_cpp
[3.734s] [ 74%] [32m[1mLinking CXX shared library libtutorial_interfaces__rosidl_typesupport_fastrtps_cpp.so[0m
[3.790s] [ 76%] [32m[1mLinking CXX shared library libtutorial_interfaces__rosidl_typesupport_fastrtps_c.so[0m
[3.803s] [ 76%] Built target tutorial_interfaces__rosidl_typesupport_fastrtps_cpp
[3.854s] [ 76%] Built target tutorial_interfaces__rosidl_typesupport_fastrtps_c
[3.870s] [ 76%] Built target tutorial_interfaces
[3.887s] [ 78%] [34m[1mGenerating Python code for ROS interfaces[0m
[4.319s] [ 78%] Built target tutorial_interfaces__py
[4.336s] [ 82%] [32mBuilding C object CMakeFiles/tutorial_interfaces__rosidl_generator_py.dir/rosidl_generator_py/tutorial_interfaces/msg/_sphere_s.c.o[0m
[4.336s] [ 82%] [32mBuilding C object CMakeFiles/tutorial_interfaces__rosidl_generator_py.dir/rosidl_generator_py/tutorial_interfaces/msg/_num_s.c.o[0m
[4.336s] [ 85%] [32mBuilding C object CMakeFiles/tutorial_interfaces__rosidl_generator_py.dir/rosidl_generator_py/tutorial_interfaces/srv/_add_three_ints_s.c.o[0m
[4.430s] [ 87%] [32m[1mLinking C shared library rosidl_generator_py/tutorial_interfaces/libtutorial_interfaces__rosidl_generator_py.so[0m
[4.467s] [ 87%] Built target tutorial_interfaces__rosidl_generator_py
[4.485s] [ 93%] [32mBuilding C object CMakeFiles/tutorial_interfaces__rosidl_typesupport_fastrtps_c__pyext.dir/rosidl_generator_py/tutorial_interfaces/_tutorial_interfaces_s.ep.rosidl_typesupport_fastrtps_c.c.o[0m
[4.485s] [ 93%] [32mBuilding C object CMakeFiles/tutorial_interfaces__rosidl_typesupport_introspection_c__pyext.dir/rosidl_generator_py/tutorial_interfaces/_tutorial_interfaces_s.ep.rosidl_typesupport_introspection_c.c.o[0m
[4.485s] [ 93%] [32mBuilding C object CMakeFiles/tutorial_interfaces__rosidl_typesupport_c__pyext.dir/rosidl_generator_py/tutorial_interfaces/_tutorial_interfaces_s.ep.rosidl_typesupport_c.c.o[0m
[4.583s] [100%] [32m[1mLinking C shared library rosidl_generator_py/tutorial_interfaces/tutorial_interfaces_s__rosidl_typesupport_c.cpython-310-x86_64-linux-gnu.so[0m
[4.583s] [100%] [32m[1mLinking C shared library rosidl_generator_py/tutorial_interfaces/tutorial_interfaces_s__rosidl_typesupport_fastrtps_c.cpython-310-x86_64-linux-gnu.so[0m
[4.583s] [100%] [32m[1mLinking C shared library rosidl_generator_py/tutorial_interfaces/tutorial_interfaces_s__rosidl_typesupport_introspection_c.cpython-310-x86_64-linux-gnu.so[0m
[4.620s] [100%] Built target tutorial_interfaces__rosidl_typesupport_introspection_c__pyext
[4.620s] [100%] Built target tutorial_interfaces__rosidl_typesupport_fastrtps_c__pyext
[4.620s] [100%] Built target tutorial_interfaces__rosidl_typesupport_c__pyext
[4.631s] Invoked command in '/home/abdelhak/Robotic_ws/build/tutorial_interfaces' returned '0': CMAKE_PREFIX_PATH=${CMAKE_PREFIX_PATH}:/home/abdelhak/Robotic_ws/install/py_srvcli:/home/abdelhak/Robotic_ws/install/py_pubsub:/home/abdelhak/Robotic_ws/install/my_package:/opt/ros/humble /usr/bin/cmake --build /home/abdelhak/Robotic_ws/build/tutorial_interfaces -- -j12 -l12
[4.727s] Invoking command in '/home/abdelhak/Robotic_ws/build/tutorial_interfaces': CMAKE_PREFIX_PATH=${CMAKE_PREFIX_PATH}:/home/abdelhak/Robotic_ws/install/py_srvcli:/home/abdelhak/Robotic_ws/install/py_pubsub:/home/abdelhak/Robotic_ws/install/my_package:/opt/ros/humble /usr/bin/cmake --install /home/abdelhak/Robotic_ws/build/tutorial_interfaces
[4.734s] -- Install configuration: ""
[4.734s] -- Installing: /home/abdelhak/Robotic_ws/install/tutorial_interfaces/share/ament_index/resource_index/rosidl_interfaces/tutorial_interfaces
[4.734s] -- Installing: /home/abdelhak/Robotic_ws/install/tutorial_interfaces/include/tutorial_interfaces/tutorial_interfaces
[4.734s] -- Installing: /home/abdelhak/Robotic_ws/install/tutorial_interfaces/include/tutorial_interfaces/tutorial_interfaces/srv
[4.734s] -- Installing: /home/abdelhak/Robotic_ws/install/tutorial_interfaces/include/tutorial_interfaces/tutorial_interfaces/srv/detail
[4.734s] -- Installing: /home/abdelhak/Robotic_ws/install/tutorial_interfaces/include/tutorial_interfaces/tutorial_interfaces/srv/detail/add_three_ints__functions.c
[4.735s] -- Installing: /home/abdelhak/Robotic_ws/install/tutorial_interfaces/include/tutorial_interfaces/tutorial_interfaces/srv/detail/add_three_ints__type_support.h
[4.735s] -- Installing: /home/abdelhak/Robotic_ws/install/tutorial_interfaces/include/tutorial_interfaces/tutorial_interfaces/srv/detail/add_three_ints__functions.h
[4.735s] -- Installing: /home/abdelhak/Robotic_ws/install/tutorial_interfaces/include/tutorial_interfaces/tutorial_interfaces/srv/detail/add_three_ints__struct.h
[4.735s] -- Installing: /home/abdelhak/Robotic_ws/install/tutorial_interfaces/include/tutorial_interfaces/tutorial_interfaces/srv/add_three_ints.h
[4.735s] -- Installing: /home/abdelhak/Robotic_ws/install/tutorial_interfaces/include/tutorial_interfaces/tutorial_interfaces/msg
[4.735s] -- Installing: /home/abdelhak/Robotic_ws/install/tutorial_interfaces/include/tutorial_interfaces/tutorial_interfaces/msg/num.h
[4.735s] -- Installing: /home/abdelhak/Robotic_ws/install/tutorial_interfaces/include/tutorial_interfaces/tutorial_interfaces/msg/rosidl_generator_c__visibility_control.h
[4.735s] -- Installing: /home/abdelhak/Robotic_ws/install/tutorial_interfaces/include/tutorial_interfaces/tutorial_interfaces/msg/detail
[4.735s] -- Installing: /home/abdelhak/Robotic_ws/install/tutorial_interfaces/include/tutorial_interfaces/tutorial_interfaces/msg/detail/sphere__type_support.h
[4.735s] -- Installing: /home/abdelhak/Robotic_ws/install/tutorial_interfaces/include/tutorial_interfaces/tutorial_interfaces/msg/detail/num__type_support.h
[4.736s] -- Installing: /home/abdelhak/Robotic_ws/install/tutorial_interfaces/include/tutorial_interfaces/tutorial_interfaces/msg/detail/sphere__struct.h
[4.736s] -- Installing: /home/abdelhak/Robotic_ws/install/tutorial_interfaces/include/tutorial_interfaces/tutorial_interfaces/msg/detail/num__functions.h
[4.736s] -- Installing: /home/abdelhak/Robotic_ws/install/tutorial_interfaces/include/tutorial_interfaces/tutorial_interfaces/msg/detail/sphere__functions.c
[4.736s] -- Installing: /home/abdelhak/Robotic_ws/install/tutorial_interfaces/include/tutorial_interfaces/tutorial_interfaces/msg/detail/sphere__functions.h
[4.736s] -- Installing: /home/abdelhak/Robotic_ws/install/tutorial_interfaces/include/tutorial_interfaces/tutorial_interfaces/msg/detail/num__struct.h
[4.736s] -- Installing: /home/abdelhak/Robotic_ws/install/tutorial_interfaces/include/tutorial_interfaces/tutorial_interfaces/msg/detail/num__functions.c
[4.736s] -- Installing: /home/abdelhak/Robotic_ws/install/tutorial_interfaces/include/tutorial_interfaces/tutorial_interfaces/msg/sphere.h
[4.736s] -- Installing: /home/abdelhak/Robotic_ws/install/tutorial_interfaces/share/tutorial_interfaces/environment/library_path.sh
[4.737s] -- Installing: /home/abdelhak/Robotic_ws/install/tutorial_interfaces/share/tutorial_interfaces/environment/library_path.dsv
[4.737s] -- Installing: /home/abdelhak/Robotic_ws/install/tutorial_interfaces/lib/libtutorial_interfaces__rosidl_generator_c.so
[4.737s] -- Set runtime path of "/home/abdelhak/Robotic_ws/install/tutorial_interfaces/lib/libtutorial_interfaces__rosidl_generator_c.so" to ""
[4.737s] -- Up-to-date: /home/abdelhak/Robotic_ws/install/tutorial_interfaces/include/tutorial_interfaces/tutorial_interfaces
[4.738s] -- Up-to-date: /home/abdelhak/Robotic_ws/install/tutorial_interfaces/include/tutorial_interfaces/tutorial_interfaces/srv
[4.738s] -- Up-to-date: /home/abdelhak/Robotic_ws/install/tutorial_interfaces/include/tutorial_interfaces/tutorial_interfaces/srv/detail
[4.738s] -- Installing: /home/abdelhak/Robotic_ws/install/tutorial_interfaces/include/tutorial_interfaces/tutorial_interfaces/srv/detail/add_three_ints__rosidl_typesupport_fastrtps_c.h
[4.738s] -- Up-to-date: /home/abdelhak/Robotic_ws/install/tutorial_interfaces/include/tutorial_interfaces/tutorial_interfaces/msg
[4.738s] -- Up-to-date: /home/abdelhak/Robotic_ws/install/tutorial_interfaces/include/tutorial_interfaces/tutorial_interfaces/msg/detail
[4.738s] -- Installing: /home/abdelhak/Robotic_ws/install/tutorial_interfaces/include/tutorial_interfaces/tutorial_interfaces/msg/detail/sphere__rosidl_typesupport_fastrtps_c.h
[4.738s] -- Installing: /home/abdelhak/Robotic_ws/install/tutorial_interfaces/include/tutorial_interfaces/tutorial_interfaces/msg/detail/num__rosidl_typesupport_fastrtps_c.h
[4.738s] -- Installing: /home/abdelhak/Robotic_ws/install/tutorial_interfaces/include/tutorial_interfaces/tutorial_interfaces/msg/rosidl_typesupport_fastrtps_c__visibility_control.h
[4.738s] -- Installing: /home/abdelhak/Robotic_ws/install/tutorial_interfaces/lib/libtutorial_interfaces__rosidl_typesupport_fastrtps_c.so
[4.739s] -- Set runtime path of "/home/abdelhak/Robotic_ws/install/tutorial_interfaces/lib/libtutorial_interfaces__rosidl_typesupport_fastrtps_c.so" to ""
[4.739s] -- Up-to-date: /home/abdelhak/Robotic_ws/install/tutorial_interfaces/include/tutorial_interfaces/tutorial_interfaces
[4.739s] -- Up-to-date: /home/abdelhak/Robotic_ws/install/tutorial_interfaces/include/tutorial_interfaces/tutorial_interfaces/srv
[4.739s] -- Up-to-date: /home/abdelhak/Robotic_ws/install/tutorial_interfaces/include/tutorial_interfaces/tutorial_interfaces/srv/detail
[4.739s] -- Installing: /home/abdelhak/Robotic_ws/install/tutorial_interfaces/include/tutorial_interfaces/tutorial_interfaces/srv/detail/add_three_ints__traits.hpp
[4.739s] -- Installing: /home/abdelhak/Robotic_ws/install/tutorial_interfaces/include/tutorial_interfaces/tutorial_interfaces/srv/detail/add_three_ints__builder.hpp
[4.739s] -- Installing: /home/abdelhak/Robotic_ws/install/tutorial_interfaces/include/tutorial_interfaces/tutorial_interfaces/srv/detail/add_three_ints__struct.hpp
[4.739s] -- Installing: /home/abdelhak/Robotic_ws/install/tutorial_interfaces/include/tutorial_interfaces/tutorial_interfaces/srv/add_three_ints.hpp
[4.739s] -- Up-to-date: /home/abdelhak/Robotic_ws/install/tutorial_interfaces/include/tutorial_interfaces/tutorial_interfaces/msg
[4.740s] -- Installing: /home/abdelhak/Robotic_ws/install/tutorial_interfaces/include/tutorial_interfaces/tutorial_interfaces/msg/sphere.hpp
[4.740s] -- Installing: /home/abdelhak/Robotic_ws/install/tutorial_interfaces/include/tutorial_interfaces/tutorial_interfaces/msg/num.hpp
[4.740s] -- Up-to-date: /home/abdelhak/Robotic_ws/install/tutorial_interfaces/include/tutorial_interfaces/tutorial_interfaces/msg/detail
[4.740s] -- Installing: /home/abdelhak/Robotic_ws/install/tutorial_interfaces/include/tutorial_interfaces/tutorial_interfaces/msg/detail/num__struct.hpp
[4.740s] -- Installing: /home/abdelhak/Robotic_ws/install/tutorial_interfaces/include/tutorial_interfaces/tutorial_interfaces/msg/detail/num__traits.hpp
[4.740s] -- Installing: /home/abdelhak/Robotic_ws/install/tutorial_interfaces/include/tutorial_interfaces/tutorial_interfaces/msg/detail/sphere__traits.hpp
[4.740s] -- Installing: /home/abdelhak/Robotic_ws/install/tutorial_interfaces/include/tutorial_interfaces/tutorial_interfaces/msg/detail/sphere__struct.hpp
[4.740s] -- Installing: /home/abdelhak/Robotic_ws/install/tutorial_interfaces/include/tutorial_interfaces/tutorial_interfaces/msg/detail/num__builder.hpp
[4.740s] -- Installing: /home/abdelhak/Robotic_ws/install/tutorial_interfaces/include/tutorial_interfaces/tutorial_interfaces/msg/detail/sphere__builder.hpp
[4.740s] -- Up-to-date: /home/abdelhak/Robotic_ws/install/tutorial_interfaces/include/tutorial_interfaces/tutorial_interfaces
[4.741s] -- Up-to-date: /home/abdelhak/Robotic_ws/install/tutorial_interfaces/include/tutorial_interfaces/tutorial_interfaces/srv
[4.741s] -- Up-to-date: /home/abdelhak/Robotic_ws/install/tutorial_interfaces/include/tutorial_interfaces/tutorial_interfaces/srv/detail
[4.741s] -- Installing: /home/abdelhak/Robotic_ws/install/tutorial_interfaces/include/tutorial_interfaces/tutorial_interfaces/srv/detail/add_three_ints__rosidl_typesupport_fastrtps_cpp.hpp
[4.741s] -- Installing: /home/abdelhak/Robotic_ws/install/tutorial_interfaces/include/tutorial_interfaces/tutorial_interfaces/srv/detail/dds_fastrtps
[4.741s] -- Up-to-date: /home/abdelhak/Robotic_ws/install/tutorial_interfaces/include/tutorial_interfaces/tutorial_interfaces/msg
[4.741s] -- Installing: /home/abdelhak/Robotic_ws/install/tutorial_interfaces/include/tutorial_interfaces/tutorial_interfaces/msg/rosidl_typesupport_fastrtps_cpp__visibility_control.h
[4.741s] -- Up-to-date: /home/abdelhak/Robotic_ws/install/tutorial_interfaces/include/tutorial_interfaces/tutorial_interfaces/msg/detail
[4.741s] -- Installing: /home/abdelhak/Robotic_ws/install/tutorial_interfaces/include/tutorial_interfaces/tutorial_interfaces/msg/detail/sphere__rosidl_typesupport_fastrtps_cpp.hpp
[4.741s] -- Installing: /home/abdelhak/Robotic_ws/install/tutorial_interfaces/include/tutorial_interfaces/tutorial_interfaces/msg/detail/num__rosidl_typesupport_fastrtps_cpp.hpp
[4.741s] -- Installing: /home/abdelhak/Robotic_ws/install/tutorial_interfaces/include/tutorial_interfaces/tutorial_interfaces/msg/detail/dds_fastrtps
[4.741s] -- Installing: /home/abdelhak/Robotic_ws/install/tutorial_interfaces/lib/libtutorial_interfaces__rosidl_typesupport_fastrtps_cpp.so
[4.742s] -- Set runtime path of "/home/abdelhak/Robotic_ws/install/tutorial_interfaces/lib/libtutorial_interfaces__rosidl_typesupport_fastrtps_cpp.so" to ""
[4.742s] -- Up-to-date: /home/abdelhak/Robotic_ws/install/tutorial_interfaces/include/tutorial_interfaces/tutorial_interfaces
[4.742s] -- Up-to-date: /home/abdelhak/Robotic_ws/install/tutorial_interfaces/include/tutorial_interfaces/tutorial_interfaces/srv
[4.742s] -- Up-to-date: /home/abdelhak/Robotic_ws/install/tutorial_interfaces/include/tutorial_interfaces/tutorial_interfaces/srv/detail
[4.742s] -- Installing: /home/abdelhak/Robotic_ws/install/tutorial_interfaces/include/tutorial_interfaces/tutorial_interfaces/srv/detail/add_three_ints__type_support.c
[4.743s] -- Installing: /home/abdelhak/Robotic_ws/install/tutorial_interfaces/include/tutorial_interfaces/tutorial_interfaces/srv/detail/add_three_ints__rosidl_typesupport_introspection_c.h
[4.743s] -- Up-to-date: /home/abdelhak/Robotic_ws/install/tutorial_interfaces/include/tutorial_interfaces/tutorial_interfaces/msg
[4.743s] -- Up-to-date: /home/abdelhak/Robotic_ws/install/tutorial_interfaces/include/tutorial_interfaces/tutorial_interfaces/msg/detail
[4.743s] -- Installing: /home/abdelhak/Robotic_ws/install/tutorial_interfaces/include/tutorial_interfaces/tutorial_interfaces/msg/detail/num__rosidl_typesupport_introspection_c.h
[4.743s] -- Installing: /home/abdelhak/Robotic_ws/install/tutorial_interfaces/include/tutorial_interfaces/tutorial_interfaces/msg/detail/sphere__type_support.c
[4.743s] -- Installing: /home/abdelhak/Robotic_ws/install/tutorial_interfaces/include/tutorial_interfaces/tutorial_interfaces/msg/detail/num__type_support.c
[4.743s] -- Installing: /home/abdelhak/Robotic_ws/install/tutorial_interfaces/include/tutorial_interfaces/tutorial_interfaces/msg/detail/sphere__rosidl_typesupport_introspection_c.h
[4.743s] -- Installing: /home/abdelhak/Robotic_ws/install/tutorial_interfaces/include/tutorial_interfaces/tutorial_interfaces/msg/rosidl_typesupport_introspection_c__visibility_control.h
[4.743s] -- Installing: /home/abdelhak/Robotic_ws/install/tutorial_interfaces/lib/libtutorial_interfaces__rosidl_typesupport_introspection_c.so
[4.744s] -- Set runtime path of "/home/abdelhak/Robotic_ws/install/tutorial_interfaces/lib/libtutorial_interfaces__rosidl_typesupport_introspection_c.so" to ""
[4.744s] -- Installing: /home/abdelhak/Robotic_ws/install/tutorial_interfaces/lib/libtutorial_interfaces__rosidl_typesupport_c.so
[4.744s] -- Set runtime path of "/home/abdelhak/Robotic_ws/install/tutorial_interfaces/lib/libtutorial_interfaces__rosidl_typesupport_c.so" to ""
[4.744s] -- Up-to-date: /home/abdelhak/Robotic_ws/install/tutorial_interfaces/include/tutorial_interfaces/tutorial_interfaces
[4.744s] -- Up-to-date: /home/abdelhak/Robotic_ws/install/tutorial_interfaces/include/tutorial_interfaces/tutorial_interfaces/srv
[4.744s] -- Up-to-date: /home/abdelhak/Robotic_ws/install/tutorial_interfaces/include/tutorial_interfaces/tutorial_interfaces/srv/detail
[4.744s] -- Installing: /home/abdelhak/Robotic_ws/install/tutorial_interfaces/include/tutorial_interfaces/tutorial_interfaces/srv/detail/add_three_ints__type_support.cpp
[4.744s] -- Installing: /home/abdelhak/Robotic_ws/install/tutorial_interfaces/include/tutorial_interfaces/tutorial_interfaces/srv/detail/add_three_ints__rosidl_typesupport_introspection_cpp.hpp
[4.745s] -- Up-to-date: /home/abdelhak/Robotic_ws/install/tutorial_interfaces/include/tutorial_interfaces/tutorial_interfaces/msg
[4.745s] -- Up-to-date: /home/abdelhak/Robotic_ws/install/tutorial_interfaces/include/tutorial_interfaces/tutorial_interfaces/msg/detail
[4.745s] -- Installing: /home/abdelhak/Robotic_ws/install/tutorial_interfaces/include/tutorial_interfaces/tutorial_interfaces/msg/detail/num__rosidl_typesupport_introspection_cpp.hpp
[4.745s] -- Installing: /home/abdelhak/Robotic_ws/install/tutorial_interfaces/include/tutorial_interfaces/tutorial_interfaces/msg/detail/sphere__rosidl_typesupport_introspection_cpp.hpp
[4.745s] -- Installing: /home/abdelhak/Robotic_ws/install/tutorial_interfaces/include/tutorial_interfaces/tutorial_interfaces/msg/detail/num__type_support.cpp
[4.745s] -- Installing: /home/abdelhak/Robotic_ws/install/tutorial_interfaces/include/tutorial_interfaces/tutorial_interfaces/msg/detail/sphere__type_support.cpp
[4.745s] -- Installing: /home/abdelhak/Robotic_ws/install/tutorial_interfaces/lib/libtutorial_interfaces__rosidl_typesupport_introspection_cpp.so
[4.746s] -- Set runtime path of "/home/abdelhak/Robotic_ws/install/tutorial_interfaces/lib/libtutorial_interfaces__rosidl_typesupport_introspection_cpp.so" to ""
[4.746s] -- Installing: /home/abdelhak/Robotic_ws/install/tutorial_interfaces/lib/libtutorial_interfaces__rosidl_typesupport_cpp.so
[4.746s] -- Set runtime path of "/home/abdelhak/Robotic_ws/install/tutorial_interfaces/lib/libtutorial_interfaces__rosidl_typesupport_cpp.so" to ""
[4.746s] -- Installing: /home/abdelhak/Robotic_ws/install/tutorial_interfaces/share/tutorial_interfaces/environment/pythonpath.sh
[4.746s] -- Installing: /home/abdelhak/Robotic_ws/install/tutorial_interfaces/share/tutorial_interfaces/environment/pythonpath.dsv
[4.747s] -- Installing: /home/abdelhak/Robotic_ws/install/tutorial_interfaces/local/lib/python3.10/dist-packages/tutorial_interfaces-0.0.0-py3.10.egg-info
[4.747s] -- Installing: /home/abdelhak/Robotic_ws/install/tutorial_interfaces/local/lib/python3.10/dist-packages/tutorial_interfaces-0.0.0-py3.10.egg-info/dependency_links.txt
[4.747s] -- Installing: /home/abdelhak/Robotic_ws/install/tutorial_interfaces/local/lib/python3.10/dist-packages/tutorial_interfaces-0.0.0-py3.10.egg-info/SOURCES.txt
[4.747s] -- Installing: /home/abdelhak/Robotic_ws/install/tutorial_interfaces/local/lib/python3.10/dist-packages/tutorial_interfaces-0.0.0-py3.10.egg-info/top_level.txt
[4.747s] -- Installing: /home/abdelhak/Robotic_ws/install/tutorial_interfaces/local/lib/python3.10/dist-packages/tutorial_interfaces-0.0.0-py3.10.egg-info/PKG-INFO
[4.747s] -- Installing: /home/abdelhak/Robotic_ws/install/tutorial_interfaces/local/lib/python3.10/dist-packages/tutorial_interfaces
[4.747s] -- Installing: /home/abdelhak/Robotic_ws/install/tutorial_interfaces/local/lib/python3.10/dist-packages/tutorial_interfaces/libtutorial_interfaces__rosidl_generator_py.so
[4.747s] -- Installing: /home/abdelhak/Robotic_ws/install/tutorial_interfaces/local/lib/python3.10/dist-packages/tutorial_interfaces/_tutorial_interfaces_s.ep.rosidl_typesupport_fastrtps_c.c
[4.747s] -- Installing: /home/abdelhak/Robotic_ws/install/tutorial_interfaces/local/lib/python3.10/dist-packages/tutorial_interfaces/_tutorial_interfaces_s.ep.rosidl_typesupport_c.c
[4.748s] -- Installing: /home/abdelhak/Robotic_ws/install/tutorial_interfaces/local/lib/python3.10/dist-packages/tutorial_interfaces/_tutorial_interfaces_s.ep.rosidl_typesupport_introspection_c.c
[4.748s] -- Installing: /home/abdelhak/Robotic_ws/install/tutorial_interfaces/local/lib/python3.10/dist-packages/tutorial_interfaces/tutorial_interfaces_s__rosidl_typesupport_introspection_c.cpython-310-x86_64-linux-gnu.so
[4.748s] -- Installing: /home/abdelhak/Robotic_ws/install/tutorial_interfaces/local/lib/python3.10/dist-packages/tutorial_interfaces/srv
[4.748s] -- Installing: /home/abdelhak/Robotic_ws/install/tutorial_interfaces/local/lib/python3.10/dist-packages/tutorial_interfaces/srv/__init__.py
[4.748s] -- Installing: /home/abdelhak/Robotic_ws/install/tutorial_interfaces/local/lib/python3.10/dist-packages/tutorial_interfaces/srv/_add_three_ints.py
[4.748s] -- Installing: /home/abdelhak/Robotic_ws/install/tutorial_interfaces/local/lib/python3.10/dist-packages/tutorial_interfaces/srv/_add_three_ints_s.c
[4.748s] -- Installing: /home/abdelhak/Robotic_ws/install/tutorial_interfaces/local/lib/python3.10/dist-packages/tutorial_interfaces/tutorial_interfaces_s__rosidl_typesupport_fastrtps_c.cpython-310-x86_64-linux-gnu.so
[4.748s] -- Installing: /home/abdelhak/Robotic_ws/install/tutorial_interfaces/local/lib/python3.10/dist-packages/tutorial_interfaces/msg
[4.748s] -- Installing: /home/abdelhak/Robotic_ws/install/tutorial_interfaces/local/lib/python3.10/dist-packages/tutorial_interfaces/msg/_sphere_s.c
[4.749s] -- Installing: /home/abdelhak/Robotic_ws/install/tutorial_interfaces/local/lib/python3.10/dist-packages/tutorial_interfaces/msg/_sphere.py
[4.749s] -- Installing: /home/abdelhak/Robotic_ws/install/tutorial_interfaces/local/lib/python3.10/dist-packages/tutorial_interfaces/msg/_num.py
[4.749s] -- Installing: /home/abdelhak/Robotic_ws/install/tutorial_interfaces/local/lib/python3.10/dist-packages/tutorial_interfaces/msg/_num_s.c
[4.749s] -- Installing: /home/abdelhak/Robotic_ws/install/tutorial_interfaces/local/lib/python3.10/dist-packages/tutorial_interfaces/msg/__init__.py
[4.749s] -- Installing: /home/abdelhak/Robotic_ws/install/tutorial_interfaces/local/lib/python3.10/dist-packages/tutorial_interfaces/__init__.py
[4.749s] -- Installing: /home/abdelhak/Robotic_ws/install/tutorial_interfaces/local/lib/python3.10/dist-packages/tutorial_interfaces/tutorial_interfaces_s__rosidl_typesupport_c.cpython-310-x86_64-linux-gnu.so
[4.781s] Listing '/home/abdelhak/Robotic_ws/install/tutorial_interfaces/local/lib/python3.10/dist-packages/tutorial_interfaces'...
[4.781s] Compiling '/home/abdelhak/Robotic_ws/install/tutorial_interfaces/local/lib/python3.10/dist-packages/tutorial_interfaces/__init__.py'...
[4.781s] Listing '/home/abdelhak/Robotic_ws/install/tutorial_interfaces/local/lib/python3.10/dist-packages/tutorial_interfaces/msg'...
[4.781s] Compiling '/home/abdelhak/Robotic_ws/install/tutorial_interfaces/local/lib/python3.10/dist-packages/tutorial_interfaces/msg/__init__.py'...
[4.781s] Compiling '/home/abdelhak/Robotic_ws/install/tutorial_interfaces/local/lib/python3.10/dist-packages/tutorial_interfaces/msg/_num.py'...
[4.781s] Compiling '/home/abdelhak/Robotic_ws/install/tutorial_interfaces/local/lib/python3.10/dist-packages/tutorial_interfaces/msg/_sphere.py'...
[4.781s] Listing '/home/abdelhak/Robotic_ws/install/tutorial_interfaces/local/lib/python3.10/dist-packages/tutorial_interfaces/srv'...
[4.782s] Compiling '/home/abdelhak/Robotic_ws/install/tutorial_interfaces/local/lib/python3.10/dist-packages/tutorial_interfaces/srv/__init__.py'...
[4.782s] Compiling '/home/abdelhak/Robotic_ws/install/tutorial_interfaces/local/lib/python3.10/dist-packages/tutorial_interfaces/srv/_add_three_ints.py'...
[4.785s] -- Installing: /home/abdelhak/Robotic_ws/install/tutorial_interfaces/local/lib/python3.10/dist-packages/tutorial_interfaces/tutorial_interfaces_s__rosidl_typesupport_fastrtps_c.cpython-310-x86_64-linux-gnu.so
[4.785s] -- Set runtime path of "/home/abdelhak/Robotic_ws/install/tutorial_interfaces/local/lib/python3.10/dist-packages/tutorial_interfaces/tutorial_interfaces_s__rosidl_typesupport_fastrtps_c.cpython-310-x86_64-linux-gnu.so" to ""
[4.785s] -- Installing: /home/abdelhak/Robotic_ws/install/tutorial_interfaces/local/lib/python3.10/dist-packages/tutorial_interfaces/tutorial_interfaces_s__rosidl_typesupport_introspection_c.cpython-310-x86_64-linux-gnu.so
[4.786s] -- Set runtime path of "/home/abdelhak/Robotic_ws/install/tutorial_interfaces/local/lib/python3.10/dist-packages/tutorial_interfaces/tutorial_interfaces_s__rosidl_typesupport_introspection_c.cpython-310-x86_64-linux-gnu.so" to ""
[4.786s] -- Installing: /home/abdelhak/Robotic_ws/install/tutorial_interfaces/local/lib/python3.10/dist-packages/tutorial_interfaces/tutorial_interfaces_s__rosidl_typesupport_c.cpython-310-x86_64-linux-gnu.so
[4.786s] -- Set runtime path of "/home/abdelhak/Robotic_ws/install/tutorial_interfaces/local/lib/python3.10/dist-packages/tutorial_interfaces/tutorial_interfaces_s__rosidl_typesupport_c.cpython-310-x86_64-linux-gnu.so" to ""
[4.786s] -- Installing: /home/abdelhak/Robotic_ws/install/tutorial_interfaces/lib/libtutorial_interfaces__rosidl_generator_py.so
[4.787s] -- Set runtime path of "/home/abdelhak/Robotic_ws/install/tutorial_interfaces/lib/libtutorial_interfaces__rosidl_generator_py.so" to ""
[4.787s] -- Installing: /home/abdelhak/Robotic_ws/install/tutorial_interfaces/share/tutorial_interfaces/msg/Num.idl
[4.787s] -- Installing: /home/abdelhak/Robotic_ws/install/tutorial_interfaces/share/tutorial_interfaces/msg/Sphere.idl
[4.787s] -- Installing: /home/abdelhak/Robotic_ws/install/tutorial_interfaces/share/tutorial_interfaces/srv/AddThreeInts.idl
[4.787s] -- Installing: /home/abdelhak/Robotic_ws/install/tutorial_interfaces/share/tutorial_interfaces/msg/Num.msg
[4.787s] -- Installing: /home/abdelhak/Robotic_ws/install/tutorial_interfaces/share/tutorial_interfaces/msg/Sphere.msg
[4.787s] -- Installing: /home/abdelhak/Robotic_ws/install/tutorial_interfaces/share/tutorial_interfaces/srv/AddThreeInts.srv
[4.787s] -- Installing: /home/abdelhak/Robotic_ws/install/tutorial_interfaces/share/tutorial_interfaces/srv/AddThreeInts_Request.msg
[4.788s] -- Installing: /home/abdelhak/Robotic_ws/install/tutorial_interfaces/share/tutorial_interfaces/srv/AddThreeInts_Response.msg
[4.788s] -- Installing: /home/abdelhak/Robotic_ws/install/tutorial_interfaces/share/ament_index/resource_index/package_run_dependencies/tutorial_interfaces
[4.788s] -- Installing: /home/abdelhak/Robotic_ws/install/tutorial_interfaces/share/ament_index/resource_index/parent_prefix_path/tutorial_interfaces
[4.788s] -- Installing: /home/abdelhak/Robotic_ws/install/tutorial_interfaces/share/tutorial_interfaces/environment/ament_prefix_path.sh
[4.788s] -- Installing: /home/abdelhak/Robotic_ws/install/tutorial_interfaces/share/tutorial_interfaces/environment/ament_prefix_path.dsv
[4.789s] -- Installing: /home/abdelhak/Robotic_ws/install/tutorial_interfaces/share/tutorial_interfaces/environment/path.sh
[4.789s] -- Installing: /home/abdelhak/Robotic_ws/install/tutorial_interfaces/share/tutorial_interfaces/environment/path.dsv
[4.789s] -- Installing: /home/abdelhak/Robotic_ws/install/tutorial_interfaces/share/tutorial_interfaces/local_setup.bash
[4.789s] -- Installing: /home/abdelhak/Robotic_ws/install/tutorial_interfaces/share/tutorial_interfaces/local_setup.sh
[4.789s] -- Installing: /home/abdelhak/Robotic_ws/install/tutorial_interfaces/share/tutorial_interfaces/local_setup.zsh
[4.789s] -- Installing: /home/abdelhak/Robotic_ws/install/tutorial_interfaces/share/tutorial_interfaces/local_setup.dsv
[4.789s] -- Installing: /home/abdelhak/Robotic_ws/install/tutorial_interfaces/share/tutorial_interfaces/package.dsv
[4.789s] -- Installing: /home/abdelhak/Robotic_ws/install/tutorial_interfaces/share/ament_index/resource_index/packages/tutorial_interfaces
[4.790s] -- Installing: /home/abdelhak/Robotic_ws/install/tutorial_interfaces/share/tutorial_interfaces/cmake/export_tutorial_interfaces__rosidl_generator_cExport.cmake
[4.790s] -- Installing: /home/abdelhak/Robotic_ws/install/tutorial_interfaces/share/tutorial_interfaces/cmake/export_tutorial_interfaces__rosidl_generator_cExport-noconfig.cmake
[4.790s] -- Installing: /home/abdelhak/Robotic_ws/install/tutorial_interfaces/share/tutorial_interfaces/cmake/export_tutorial_interfaces__rosidl_typesupport_fastrtps_cExport.cmake
[4.790s] -- Installing: /home/abdelhak/Robotic_ws/install/tutorial_interfaces/share/tutorial_interfaces/cmake/export_tutorial_interfaces__rosidl_typesupport_fastrtps_cExport-noconfig.cmake
[4.790s] -- Installing: /home/abdelhak/Robotic_ws/install/tutorial_interfaces/share/tutorial_interfaces/cmake/export_tutorial_interfaces__rosidl_generator_cppExport.cmake
[4.790s] -- Installing: /home/abdelhak/Robotic_ws/install/tutorial_interfaces/share/tutorial_interfaces/cmake/export_tutorial_interfaces__rosidl_typesupport_fastrtps_cppExport.cmake
[4.790s] -- Installing: /home/abdelhak/Robotic_ws/install/tutorial_interfaces/share/tutorial_interfaces/cmake/export_tutorial_interfaces__rosidl_typesupport_fastrtps_cppExport-noconfig.cmake
[4.791s] -- Installing: /home/abdelhak/Robotic_ws/install/tutorial_interfaces/share/tutorial_interfaces/cmake/tutorial_interfaces__rosidl_typesupport_introspection_cExport.cmake
[4.791s] -- Installing: /home/abdelhak/Robotic_ws/install/tutorial_interfaces/share/tutorial_interfaces/cmake/tutorial_interfaces__rosidl_typesupport_introspection_cExport-noconfig.cmake
[4.791s] -- Installing: /home/abdelhak/Robotic_ws/install/tutorial_interfaces/share/tutorial_interfaces/cmake/tutorial_interfaces__rosidl_typesupport_cExport.cmake
[4.791s] -- Installing: /home/abdelhak/Robotic_ws/install/tutorial_interfaces/share/tutorial_interfaces/cmake/tutorial_interfaces__rosidl_typesupport_cExport-noconfig.cmake
[4.791s] -- Installing: /home/abdelhak/Robotic_ws/install/tutorial_interfaces/share/tutorial_interfaces/cmake/tutorial_interfaces__rosidl_typesupport_introspection_cppExport.cmake
[4.791s] -- Installing: /home/abdelhak/Robotic_ws/install/tutorial_interfaces/share/tutorial_interfaces/cmake/tutorial_interfaces__rosidl_typesupport_introspection_cppExport-noconfig.cmake
[4.792s] -- Installing: /home/abdelhak/Robotic_ws/install/tutorial_interfaces/share/tutorial_interfaces/cmake/tutorial_interfaces__rosidl_typesupport_cppExport.cmake
[4.792s] -- Installing: /home/abdelhak/Robotic_ws/install/tutorial_interfaces/share/tutorial_interfaces/cmake/tutorial_interfaces__rosidl_typesupport_cppExport-noconfig.cmake
[4.792s] -- Installing: /home/abdelhak/Robotic_ws/install/tutorial_interfaces/share/tutorial_interfaces/cmake/export_tutorial_interfaces__rosidl_generator_pyExport.cmake
[4.792s] -- Installing: /home/abdelhak/Robotic_ws/install/tutorial_interfaces/share/tutorial_interfaces/cmake/export_tutorial_interfaces__rosidl_generator_pyExport-noconfig.cmake
[4.792s] -- Installing: /home/abdelhak/Robotic_ws/install/tutorial_interfaces/share/tutorial_interfaces/cmake/rosidl_cmake-extras.cmake
[4.792s] -- Installing: /home/abdelhak/Robotic_ws/install/tutorial_interfaces/share/tutorial_interfaces/cmake/ament_cmake_export_dependencies-extras.cmake
[4.792s] -- Installing: /home/abdelhak/Robotic_ws/install/tutorial_interfaces/share/tutorial_interfaces/cmake/ament_cmake_export_include_directories-extras.cmake
[4.793s] -- Installing: /home/abdelhak/Robotic_ws/install/tutorial_interfaces/share/tutorial_interfaces/cmake/ament_cmake_export_libraries-extras.cmake
[4.793s] -- Installing: /home/abdelhak/Robotic_ws/install/tutorial_interfaces/share/tutorial_interfaces/cmake/ament_cmake_export_targets-extras.cmake
[4.793s] -- Installing: /home/abdelhak/Robotic_ws/install/tutorial_interfaces/share/tutorial_interfaces/cmake/rosidl_cmake_export_typesupport_targets-extras.cmake
[4.793s] -- Installing: /home/abdelhak/Robotic_ws/install/tutorial_interfaces/share/tutorial_interfaces/cmake/rosidl_cmake_export_typesupport_libraries-extras.cmake
[4.793s] -- Installing: /home/abdelhak/Robotic_ws/install/tutorial_interfaces/share/tutorial_interfaces/cmake/tutorial_interfacesConfig.cmake
[4.793s] -- Installing: /home/abdelhak/Robotic_ws/install/tutorial_interfaces/share/tutorial_interfaces/cmake/tutorial_interfacesConfig-version.cmake
[4.793s] -- Installing: /home/abdelhak/Robotic_ws/install/tutorial_interfaces/share/tutorial_interfaces/package.xml
[4.796s] Invoked command in '/home/abdelhak/Robotic_ws/build/tutorial_interfaces' returned '0': CMAKE_PREFIX_PATH=${CMAKE_PREFIX_PATH}:/home/abdelhak/Robotic_ws/install/py_srvcli:/home/abdelhak/Robotic_ws/install/py_pubsub:/home/abdelhak/Robotic_ws/install/my_package:/opt/ros/humble /usr/bin/cmake --install /home/abdelhak/Robotic_ws/build/tutorial_interfaces
