[0.034s] Invoking command in '/home/abdelhak/Robotic_ws/build/tutorial_interfaces': CMAKE_PREFIX_PATH=${CMAKE_PREFIX_PATH}:/home/abdelhak/Robotic_ws/install/py_pubsub:/home/abdelhak/Robotic_ws/install/python_parameters:/home/abdelhak/Robotic_ws/install/py_srvcli:/home/abdelhak/Robotic_ws/install/my_package:/opt/ros/humble /usr/bin/cmake --build /home/abdelhak/Robotic_ws/build/tutorial_interfaces -- -j12 -l12
[0.813s] [ 10%] Built target tutorial_interfaces__rosidl_generator_c
[0.813s] [ 12%] Built target tutorial_interfaces__cpp
[0.813s] [ 12%] Built target ament_cmake_python_symlink_tutorial_interfaces
[0.814s] [ 23%] Built target tutorial_interfaces__rosidl_typesupport_introspection_c
[0.815s] [ 34%] Built target tutorial_interfaces__rosidl_typesupport_c
[0.815s] [ 44%] Built target tutorial_interfaces__rosidl_typesupport_fastrtps_c
[0.816s] [ 55%] Built target tutorial_interfaces__rosidl_typesupport_fastrtps_cpp
[0.816s] [ 65%] Built target tutorial_interfaces__rosidl_typesupport_introspection_cpp
[0.816s] [ 76%] Built target tutorial_interfaces__rosidl_typesupport_cpp
[0.816s] [ 76%] Built target tutorial_interfaces
[0.816s] [ 78%] Built target tutorial_interfaces__py
[0.817s] [ 87%] Built target tutorial_interfaces__rosidl_generator_py
[0.817s] [100%] Built target tutorial_interfaces__rosidl_typesupport_fastrtps_c__pyext
[0.817s] [100%] Built target tutorial_interfaces__rosidl_typesupport_c__pyext
[0.818s] [100%] Built target tutorial_interfaces__rosidl_typesupport_introspection_c__pyext
[0.818s] running egg_info
[0.818s] writing tutorial_interfaces.egg-info/PKG-INFO
[0.819s] writing dependency_links to tutorial_interfaces.egg-info/dependency_links.txt
[0.819s] writing top-level names to tutorial_interfaces.egg-info/top_level.txt
[0.819s] reading manifest file 'tutorial_interfaces.egg-info/SOURCES.txt'
[0.820s] writing manifest file 'tutorial_interfaces.egg-info/SOURCES.txt'
[0.820s] [100%] Built target ament_cmake_python_build_tutorial_interfaces_egg
[0.830s] Invoked command in '/home/abdelhak/Robotic_ws/build/tutorial_interfaces' returned '0': CMAKE_PREFIX_PATH=${CMAKE_PREFIX_PATH}:/home/abdelhak/Robotic_ws/install/py_pubsub:/home/abdelhak/Robotic_ws/install/python_parameters:/home/abdelhak/Robotic_ws/install/py_srvcli:/home/abdelhak/Robotic_ws/install/my_package:/opt/ros/humble /usr/bin/cmake --build /home/abdelhak/Robotic_ws/build/tutorial_interfaces -- -j12 -l12
