[4.109s] Invoking command in '/home/abdelhak/Robotic_ws/src/py_pubsub': PYTHONPATH=/home/abdelhak/Robotic_ws/build/py_pubsub/prefix_override:/usr/lib/python3/dist-packages/colcon_core/task/python/colcon_distutils_commands:/home/abdelhak/Robotic_ws/install/py_pubsub/lib/python3.10/site-packages:${PYTHONPATH} /usr/bin/python3 -W ignore:setup.py install is deprecated setup.py egg_info --egg-base ../../build/py_pubsub build --build-base /home/abdelhak/Robotic_ws/build/py_pubsub/build install --record /home/abdelhak/Robotic_ws/build/py_pubsub/install.log --single-version-externally-managed install_data
[4.385s] running egg_info
[4.387s] writing ../../build/py_pubsub/py_pubsub.egg-info/PKG-INFO
[4.388s] writing dependency_links to ../../build/py_pubsub/py_pubsub.egg-info/dependency_links.txt
[4.388s] writing entry points to ../../build/py_pubsub/py_pubsub.egg-info/entry_points.txt
[4.388s] writing requirements to ../../build/py_pubsub/py_pubsub.egg-info/requires.txt
[4.388s] writing top-level names to ../../build/py_pubsub/py_pubsub.egg-info/top_level.txt
[4.390s] reading manifest file '../../build/py_pubsub/py_pubsub.egg-info/SOURCES.txt'
[4.390s] adding license file 'LICENSE'
[4.391s] writing manifest file '../../build/py_pubsub/py_pubsub.egg-info/SOURCES.txt'
[4.391s] running build
[4.391s] running build_py
[4.391s] running install
[4.392s] running install_lib
[4.393s] running install_data
[4.393s] running install_egg_info
[4.395s] removing '/home/abdelhak/Robotic_ws/install/py_pubsub/lib/python3.10/site-packages/py_pubsub-0.0.0-py3.10.egg-info' (and everything under it)
[4.395s] Copying ../../build/py_pubsub/py_pubsub.egg-info to /home/abdelhak/Robotic_ws/install/py_pubsub/lib/python3.10/site-packages/py_pubsub-0.0.0-py3.10.egg-info
[4.396s] running install_scripts
[4.425s] Installing listener script to /home/abdelhak/Robotic_ws/install/py_pubsub/lib/py_pubsub
[4.425s] Installing talker script to /home/abdelhak/Robotic_ws/install/py_pubsub/lib/py_pubsub
[4.425s] writing list of installed files to '/home/abdelhak/Robotic_ws/build/py_pubsub/install.log'
[4.475s] Invoked command in '/home/abdelhak/Robotic_ws/src/py_pubsub' returned '0': PYTHONPATH=/home/abdelhak/Robotic_ws/build/py_pubsub/prefix_override:/usr/lib/python3/dist-packages/colcon_core/task/python/colcon_distutils_commands:/home/abdelhak/Robotic_ws/install/py_pubsub/lib/python3.10/site-packages:${PYTHONPATH} /usr/bin/python3 -W ignore:setup.py install is deprecated setup.py egg_info --egg-base ../../build/py_pubsub build --build-base /home/abdelhak/Robotic_ws/build/py_pubsub/build install --record /home/abdelhak/Robotic_ws/build/py_pubsub/install.log --single-version-externally-managed install_data
